{"numFailedTestSuites":6,"numFailedTests":7,"numPassedTestSuites":2,"numPassedTests":5,"numPendingTestSuites":0,"numPendingTests":0,"numRuntimeErrorTestSuites":0,"numTodoTests":0,"numTotalTestSuites":8,"numTotalTests":12,"openHandles":[],"snapshot":{"added":0,"didUpdate":false,"failure":false,"filesAdded":0,"filesRemoved":0,"filesRemovedList":[],"filesUnmatched":0,"filesUpdated":0,"matched":0,"total":0,"unchecked":0,"uncheckedKeysByFile":[],"unmatched":0,"updated":0},"startTime":1752360505178,"success":false,"testResults":[{"assertionResults":[{"ancestorTitles":["Button"],"duration":179,"failureDetails":[],"failureMessages":[],"fullName":"Button affiche le titre","invocations":1,"location":null,"numPassingAsserts":1,"retryReasons":[],"status":"passed","title":"affiche le titre"},{"ancestorTitles":["Button"],"duration":6,"failureDetails":[],"failureMessages":[],"fullName":"Button appelle onPress lors du clic","invocations":1,"location":null,"numPassingAsserts":1,"retryReasons":[],"status":"passed","title":"appelle onPress lors du clic"},{"ancestorTitles":["Button"],"duration":53,"failureDetails":[],"failureMessages":[],"fullName":"Button affiche le loader si loading est true","invocations":1,"location":null,"numPassingAsserts":1,"retryReasons":[],"status":"passed","title":"affiche le loader si loading est true"}],"endTime":1752360509140,"message":"","name":"C:\\Users\\khi_h\\Desktop\\Projets\\JoudEnglishApp\\_tests\\ui\\Button\\index.test.js","startTime":1752360506853,"status":"passed","summary":""},{"assertionResults":[{"ancestorTitles":["ProgressBar"],"duration":602,"failureDetails":[{}],"failureMessages":["Error: Unable to find an element with testID: progress-bar\n\n\u001b[36m<View>\u001b[39m\n  \u001b[36m<View>\u001b[39m\n    \u001b[36m<View />\u001b[39m\n  \u001b[36m</View>\u001b[39m\n  \u001b[36m<View>\u001b[39m\n    \u001b[36m<View />\u001b[39m\n    \u001b[36m<View />\u001b[39m\n  \u001b[36m</View>\u001b[39m\n\u001b[36m</View>\u001b[39m\n    at Object.getByTestId (C:\\Users\\khi_h\\Desktop\\Projets\\JoudEnglishApp\\_tests\\ui\\ProgressBar\\index.test.js:10:12)\n    at Promise.then.completed (C:\\Users\\khi_h\\Desktop\\Projets\\JoudEnglishApp\\node_modules\\jest-circus\\build\\utils.js:298:28)\n    at new Promise (<anonymous>)\n    at callAsyncCircusFn (C:\\Users\\khi_h\\Desktop\\Projets\\JoudEnglishApp\\node_modules\\jest-circus\\build\\utils.js:231:10)\n    at _callCircusTest (C:\\Users\\khi_h\\Desktop\\Projets\\JoudEnglishApp\\node_modules\\jest-circus\\build\\run.js:316:40)\n    at processTicksAndRejections (node:internal/process/task_queues:105:5)\n    at _runTest (C:\\Users\\khi_h\\Desktop\\Projets\\JoudEnglishApp\\node_modules\\jest-circus\\build\\run.js:252:3)\n    at _runTestsForDescribeBlock (C:\\Users\\khi_h\\Desktop\\Projets\\JoudEnglishApp\\node_modules\\jest-circus\\build\\run.js:126:9)\n    at _runTestsForDescribeBlock (C:\\Users\\khi_h\\Desktop\\Projets\\JoudEnglishApp\\node_modules\\jest-circus\\build\\run.js:121:9)\n    at run (C:\\Users\\khi_h\\Desktop\\Projets\\JoudEnglishApp\\node_modules\\jest-circus\\build\\run.js:71:3)\n    at runAndTransformResultsToJestFormat (C:\\Users\\khi_h\\Desktop\\Projets\\JoudEnglishApp\\node_modules\\jest-circus\\build\\legacy-code-todo-rewrite\\jestAdapterInit.js:122:21)\n    at jestAdapter (C:\\Users\\khi_h\\Desktop\\Projets\\JoudEnglishApp\\node_modules\\jest-circus\\build\\legacy-code-todo-rewrite\\jestAdapter.js:79:19)\n    at runTestInternal (C:\\Users\\khi_h\\Desktop\\Projets\\JoudEnglishApp\\node_modules\\jest-runner\\build\\runTest.js:367:16)\n    at runTest (C:\\Users\\khi_h\\Desktop\\Projets\\JoudEnglishApp\\node_modules\\jest-runner\\build\\runTest.js:444:34)\n    at Object.worker (C:\\Users\\khi_h\\Desktop\\Projets\\JoudEnglishApp\\node_modules\\jest-runner\\build\\testWorker.js:106:12)"],"fullName":"ProgressBar affiche la progression","invocations":1,"location":null,"numPassingAsserts":0,"retryReasons":[],"status":"failed","title":"affiche la progression"}],"endTime":1752360509402,"message":"\u001b[1m\u001b[31m  \u001b[1m● \u001b[22m\u001b[1mProgressBar › affiche la progression\u001b[39m\u001b[22m\n\n    Unable to find an element with testID: progress-bar\n\n    \u001b[36m<View>\u001b[39m\n      \u001b[36m<View>\u001b[39m\n        \u001b[36m<View />\u001b[39m\n      \u001b[36m</View>\u001b[39m\n      \u001b[36m<View>\u001b[39m\n        \u001b[36m<View />\u001b[39m\n        \u001b[36m<View />\u001b[39m\n      \u001b[36m</View>\u001b[39m\n    \u001b[36m</View>\u001b[39m\n\u001b[2m\u001b[22m\n\u001b[2m    \u001b[0m \u001b[90m  8 |\u001b[39m       \u001b[33m<\u001b[39m\u001b[33mProgressBar\u001b[39m progress\u001b[33m=\u001b[39m{\u001b[35m0.5\u001b[39m} testID\u001b[33m=\u001b[39m\u001b[32m\"progress-bar\"\u001b[39m \u001b[33m/\u001b[39m\u001b[33m>\u001b[39m\u001b[22m\n\u001b[2m     \u001b[90m  9 |\u001b[39m     )\u001b[33m;\u001b[39m\u001b[22m\n\u001b[2m    \u001b[31m\u001b[1m>\u001b[22m\u001b[2m\u001b[39m\u001b[90m 10 |\u001b[39m     expect(getByTestId(\u001b[32m'progress-bar'\u001b[39m))\u001b[33m.\u001b[39mtoBeTruthy()\u001b[33m;\u001b[39m\u001b[22m\n\u001b[2m     \u001b[90m    |\u001b[39m            \u001b[31m\u001b[1m^\u001b[22m\u001b[2m\u001b[39m\u001b[22m\n\u001b[2m     \u001b[90m 11 |\u001b[39m   })\u001b[33m;\u001b[39m\u001b[22m\n\u001b[2m     \u001b[90m 12 |\u001b[39m })\u001b[33m;\u001b[39m\u001b[22m\n\u001b[2m     \u001b[90m 13 |\u001b[39m\u001b[0m\u001b[22m\n\u001b[2m\u001b[22m\n\u001b[2m      \u001b[2mat Object.getByTestId (\u001b[22m\u001b[2m\u001b[0m\u001b[36m_tests/ui/ProgressBar/index.test.js\u001b[39m\u001b[0m\u001b[2m:10:12)\u001b[22m\u001b[2m\u001b[22m\n","name":"C:\\Users\\khi_h\\Desktop\\Projets\\JoudEnglishApp\\_tests\\ui\\ProgressBar\\index.test.js","startTime":1752360506853,"status":"failed","summary":""},{"assertionResults":[{"ancestorTitles":["HeroCard"],"duration":477,"failureDetails":[{}],"failureMessages":["Error: Unable to find an element with text: Héros\n\n\u001b[36m<View>\u001b[39m\n  \u001b[36m<ViewManagerAdapter_ExpoLinearGradient>\u001b[39m\n    \u001b[36m<View />\u001b[39m\n    \u001b[36m<View />\u001b[39m\n    \u001b[36m<View>\u001b[39m\n      \u001b[36m<Text />\u001b[39m\n      \u001b[36m<View />\u001b[39m\n    \u001b[36m</View>\u001b[39m\n  \u001b[36m</ViewManagerAdapter_ExpoLinearGradient>\u001b[39m\n\u001b[36m</View>\u001b[39m\n    at Object.getByText (C:\\Users\\khi_h\\Desktop\\Projets\\JoudEnglishApp\\_tests\\ui\\HeroCard\\index.test.js:13:12)\n    at Promise.then.completed (C:\\Users\\khi_h\\Desktop\\Projets\\JoudEnglishApp\\node_modules\\jest-circus\\build\\utils.js:298:28)\n    at new Promise (<anonymous>)\n    at callAsyncCircusFn (C:\\Users\\khi_h\\Desktop\\Projets\\JoudEnglishApp\\node_modules\\jest-circus\\build\\utils.js:231:10)\n    at _callCircusTest (C:\\Users\\khi_h\\Desktop\\Projets\\JoudEnglishApp\\node_modules\\jest-circus\\build\\run.js:316:40)\n    at processTicksAndRejections (node:internal/process/task_queues:105:5)\n    at _runTest (C:\\Users\\khi_h\\Desktop\\Projets\\JoudEnglishApp\\node_modules\\jest-circus\\build\\run.js:252:3)\n    at _runTestsForDescribeBlock (C:\\Users\\khi_h\\Desktop\\Projets\\JoudEnglishApp\\node_modules\\jest-circus\\build\\run.js:126:9)\n    at _runTestsForDescribeBlock (C:\\Users\\khi_h\\Desktop\\Projets\\JoudEnglishApp\\node_modules\\jest-circus\\build\\run.js:121:9)\n    at run (C:\\Users\\khi_h\\Desktop\\Projets\\JoudEnglishApp\\node_modules\\jest-circus\\build\\run.js:71:3)\n    at runAndTransformResultsToJestFormat (C:\\Users\\khi_h\\Desktop\\Projets\\JoudEnglishApp\\node_modules\\jest-circus\\build\\legacy-code-todo-rewrite\\jestAdapterInit.js:122:21)\n    at jestAdapter (C:\\Users\\khi_h\\Desktop\\Projets\\JoudEnglishApp\\node_modules\\jest-circus\\build\\legacy-code-todo-rewrite\\jestAdapter.js:79:19)\n    at runTestInternal (C:\\Users\\khi_h\\Desktop\\Projets\\JoudEnglishApp\\node_modules\\jest-runner\\build\\runTest.js:367:16)\n    at runTest (C:\\Users\\khi_h\\Desktop\\Projets\\JoudEnglishApp\\node_modules\\jest-runner\\build\\runTest.js:444:34)\n    at Object.worker (C:\\Users\\khi_h\\Desktop\\Projets\\JoudEnglishApp\\node_modules\\jest-runner\\build\\testWorker.js:106:12)"],"fullName":"HeroCard rend les enfants","invocations":1,"location":null,"numPassingAsserts":0,"retryReasons":[],"status":"failed","title":"rend les enfants"}],"endTime":1752360509431,"message":"\u001b[1m\u001b[31m  \u001b[1m● \u001b[22m\u001b[1mHeroCard › rend les enfants\u001b[39m\u001b[22m\n\n    Unable to find an element with text: Héros\n\n    \u001b[36m<View>\u001b[39m\n      \u001b[36m<ViewManagerAdapter_ExpoLinearGradient>\u001b[39m\n        \u001b[36m<View />\u001b[39m\n        \u001b[36m<View />\u001b[39m\n        \u001b[36m<View>\u001b[39m\n          \u001b[36m<Text />\u001b[39m\n          \u001b[36m<View />\u001b[39m\n        \u001b[36m</View>\u001b[39m\n      \u001b[36m</ViewManagerAdapter_ExpoLinearGradient>\u001b[39m\n    \u001b[36m</View>\u001b[39m\n\u001b[2m\u001b[22m\n\u001b[2m    \u001b[0m \u001b[90m 11 |\u001b[39m       \u001b[33m<\u001b[39m\u001b[33m/\u001b[39m\u001b[33mHeroCard\u001b[39m\u001b[33m>\u001b[39m\u001b[22m\n\u001b[2m     \u001b[90m 12 |\u001b[39m     )\u001b[33m;\u001b[39m\u001b[22m\n\u001b[2m    \u001b[31m\u001b[1m>\u001b[22m\u001b[2m\u001b[39m\u001b[90m 13 |\u001b[39m     expect(getByText(\u001b[32m'Héros'\u001b[39m))\u001b[33m.\u001b[39mtoBeTruthy()\u001b[33m;\u001b[39m\u001b[22m\n\u001b[2m     \u001b[90m    |\u001b[39m            \u001b[31m\u001b[1m^\u001b[22m\u001b[2m\u001b[39m\u001b[22m\n\u001b[2m     \u001b[90m 14 |\u001b[39m   })\u001b[33m;\u001b[39m\u001b[22m\n\u001b[2m     \u001b[90m 15 |\u001b[39m })\u001b[33m;\u001b[39m\u001b[22m\n\u001b[2m     \u001b[90m 16 |\u001b[39m\u001b[0m\u001b[22m\n\u001b[2m\u001b[22m\n\u001b[2m      \u001b[2mat Object.getByText (\u001b[22m\u001b[2m\u001b[0m\u001b[36m_tests/ui/HeroCard/index.test.js\u001b[39m\u001b[0m\u001b[2m:13:12)\u001b[22m\u001b[2m\u001b[22m\n","name":"C:\\Users\\khi_h\\Desktop\\Projets\\JoudEnglishApp\\_tests\\ui\\HeroCard\\index.test.js","startTime":1752360506836,"status":"failed","summary":""},{"assertionResults":[{"ancestorTitles":["Card"],"duration":132,"failureDetails":[],"failureMessages":[],"fullName":"Card rend les enfants","invocations":1,"location":null,"numPassingAsserts":1,"retryReasons":[],"status":"passed","title":"rend les enfants"},{"ancestorTitles":["Card"],"duration":15,"failureDetails":[],"failureMessages":[],"fullName":"Card applique le style personnalisé","invocations":1,"location":null,"numPassingAsserts":1,"retryReasons":[],"status":"passed","title":"applique le style personnalisé"}],"endTime":1752360509764,"message":"","name":"C:\\Users\\khi_h\\Desktop\\Projets\\JoudEnglishApp\\_tests\\ui\\Card\\index.test.js","startTime":1752360506842,"status":"passed","summary":""},{"assertionResults":[{"ancestorTitles":["ContentSection"],"duration":110,"failureDetails":[{}],"failureMessages":["Error: Unable to find an element with text: Titre test\n    at Object.getByText (C:\\Users\\khi_h\\Desktop\\Projets\\JoudEnglishApp\\_tests\\ui\\ContentSection\\index.test.js:13:12)\n    at Promise.then.completed (C:\\Users\\khi_h\\Desktop\\Projets\\JoudEnglishApp\\node_modules\\jest-circus\\build\\utils.js:298:28)\n    at new Promise (<anonymous>)\n    at callAsyncCircusFn (C:\\Users\\khi_h\\Desktop\\Projets\\JoudEnglishApp\\node_modules\\jest-circus\\build\\utils.js:231:10)\n    at _callCircusTest (C:\\Users\\khi_h\\Desktop\\Projets\\JoudEnglishApp\\node_modules\\jest-circus\\build\\run.js:316:40)\n    at processTicksAndRejections (node:internal/process/task_queues:105:5)\n    at _runTest (C:\\Users\\khi_h\\Desktop\\Projets\\JoudEnglishApp\\node_modules\\jest-circus\\build\\run.js:252:3)\n    at _runTestsForDescribeBlock (C:\\Users\\khi_h\\Desktop\\Projets\\JoudEnglishApp\\node_modules\\jest-circus\\build\\run.js:126:9)\n    at _runTestsForDescribeBlock (C:\\Users\\khi_h\\Desktop\\Projets\\JoudEnglishApp\\node_modules\\jest-circus\\build\\run.js:121:9)\n    at run (C:\\Users\\khi_h\\Desktop\\Projets\\JoudEnglishApp\\node_modules\\jest-circus\\build\\run.js:71:3)\n    at runAndTransformResultsToJestFormat (C:\\Users\\khi_h\\Desktop\\Projets\\JoudEnglishApp\\node_modules\\jest-circus\\build\\legacy-code-todo-rewrite\\jestAdapterInit.js:122:21)\n    at jestAdapter (C:\\Users\\khi_h\\Desktop\\Projets\\JoudEnglishApp\\node_modules\\jest-circus\\build\\legacy-code-todo-rewrite\\jestAdapter.js:79:19)\n    at runTestInternal (C:\\Users\\khi_h\\Desktop\\Projets\\JoudEnglishApp\\node_modules\\jest-runner\\build\\runTest.js:367:16)\n    at runTest (C:\\Users\\khi_h\\Desktop\\Projets\\JoudEnglishApp\\node_modules\\jest-runner\\build\\runTest.js:444:34)\n    at Object.worker (C:\\Users\\khi_h\\Desktop\\Projets\\JoudEnglishApp\\node_modules\\jest-runner\\build\\testWorker.js:106:12)"],"fullName":"ContentSection rend le titre et les enfants","invocations":1,"location":null,"numPassingAsserts":0,"retryReasons":[],"status":"failed","title":"rend le titre et les enfants"}],"endTime":1752360509799,"message":"\u001b[1m\u001b[31m  \u001b[1m● \u001b[22m\u001b[1mContentSection › rend le titre et les enfants\u001b[39m\u001b[22m\n\n    Unable to find an element with text: Titre test\n\u001b[2m\u001b[22m\n\u001b[2m    \u001b[0m \u001b[90m 11 |\u001b[39m       \u001b[33m<\u001b[39m\u001b[33m/\u001b[39m\u001b[33mContentSection\u001b[39m\u001b[33m>\u001b[39m\u001b[22m\n\u001b[2m     \u001b[90m 12 |\u001b[39m     )\u001b[33m;\u001b[39m\u001b[22m\n\u001b[2m    \u001b[31m\u001b[1m>\u001b[22m\u001b[2m\u001b[39m\u001b[90m 13 |\u001b[39m     expect(getByText(\u001b[32m'Titre test'\u001b[39m))\u001b[33m.\u001b[39mtoBeTruthy()\u001b[33m;\u001b[39m\u001b[22m\n\u001b[2m     \u001b[90m    |\u001b[39m            \u001b[31m\u001b[1m^\u001b[22m\u001b[2m\u001b[39m\u001b[22m\n\u001b[2m     \u001b[90m 14 |\u001b[39m     expect(getByText(\u001b[32m'Contenu section'\u001b[39m))\u001b[33m.\u001b[39mtoBeTruthy()\u001b[33m;\u001b[39m\u001b[22m\n\u001b[2m     \u001b[90m 15 |\u001b[39m   })\u001b[33m;\u001b[39m\u001b[22m\n\u001b[2m     \u001b[90m 16 |\u001b[39m })\u001b[33m;\u001b[39m\u001b[0m\u001b[22m\n\u001b[2m\u001b[22m\n\u001b[2m      \u001b[2mat Object.getByText (\u001b[22m\u001b[2m\u001b[0m\u001b[36m_tests/ui/ContentSection/index.test.js\u001b[39m\u001b[0m\u001b[2m:13:12)\u001b[22m\u001b[2m\u001b[22m\n","name":"C:\\Users\\khi_h\\Desktop\\Projets\\JoudEnglishApp\\_tests\\ui\\ContentSection\\index.test.js","startTime":1752360506851,"status":"failed","summary":""},{"assertionResults":[{"ancestorTitles":["ProgressCard"],"duration":454,"failureDetails":[{}],"failureMessages":["Error: Unable to find an element with text: Progression\n\n\u001b[36m<View>\u001b[39m\n  \u001b[36m<ViewManagerAdapter_ExpoLinearGradient>\u001b[39m\n    \u001b[36m<View\u001b[39m\n      \u001b[33maccessible\u001b[39m=\u001b[32m{true}\u001b[39m\n    \u001b[36m>\u001b[39m\n      \u001b[36m<View>\u001b[39m\n        \u001b[36m<Text>\u001b[39m\n          \u001b[0mProgress\u001b[0m\n        \u001b[36m</Text>\u001b[39m\n      \u001b[36m</View>\u001b[39m\n      \u001b[36m<View>\u001b[39m\n        \u001b[36m<View>\u001b[39m\n          \u001b[36m<Text>\u001b[39m\n            \u001b[0m0\u001b[0m\n          \u001b[36m</Text>\u001b[39m\n          \u001b[36m<Text>\u001b[39m\n            \u001b[0m/ \u001b[0m\n            \u001b[0m0\u001b[0m\n          \u001b[36m</Text>\u001b[39m\n        \u001b[36m</View>\u001b[39m\n        \u001b[36m<Text>\u001b[39m\n          \u001b[0m0\u001b[0m\n          \u001b[0m%\u001b[0m\n        \u001b[36m</Text>\u001b[39m\n      \u001b[36m</View>\u001b[39m\n    \u001b[36m</View>\u001b[39m\n    \u001b[36m<View>\u001b[39m\n      \u001b[36m<View>\u001b[39m\n        \u001b[36m<View>\u001b[39m\n          \u001b[36m<View />\u001b[39m\n        \u001b[36m</View>\u001b[39m\n        \u001b[36m<View>\u001b[39m\n          \u001b[36m<View />\u001b[39m\n          \u001b[36m<View />\u001b[39m\n        \u001b[36m</View>\u001b[39m\n      \u001b[36m</View>\u001b[39m\n    \u001b[36m</View>\u001b[39m\n  \u001b[36m</ViewManagerAdapter_ExpoLinearGradient>\u001b[39m\n\u001b[36m</View>\u001b[39m\n    at Object.getByText (C:\\Users\\khi_h\\Desktop\\Projets\\JoudEnglishApp\\_tests\\ui\\ProgressCard\\index.test.js:13:12)\n    at Promise.then.completed (C:\\Users\\khi_h\\Desktop\\Projets\\JoudEnglishApp\\node_modules\\jest-circus\\build\\utils.js:298:28)\n    at new Promise (<anonymous>)\n    at callAsyncCircusFn (C:\\Users\\khi_h\\Desktop\\Projets\\JoudEnglishApp\\node_modules\\jest-circus\\build\\utils.js:231:10)\n    at _callCircusTest (C:\\Users\\khi_h\\Desktop\\Projets\\JoudEnglishApp\\node_modules\\jest-circus\\build\\run.js:316:40)\n    at processTicksAndRejections (node:internal/process/task_queues:105:5)\n    at _runTest (C:\\Users\\khi_h\\Desktop\\Projets\\JoudEnglishApp\\node_modules\\jest-circus\\build\\run.js:252:3)\n    at _runTestsForDescribeBlock (C:\\Users\\khi_h\\Desktop\\Projets\\JoudEnglishApp\\node_modules\\jest-circus\\build\\run.js:126:9)\n    at _runTestsForDescribeBlock (C:\\Users\\khi_h\\Desktop\\Projets\\JoudEnglishApp\\node_modules\\jest-circus\\build\\run.js:121:9)\n    at run (C:\\Users\\khi_h\\Desktop\\Projets\\JoudEnglishApp\\node_modules\\jest-circus\\build\\run.js:71:3)\n    at runAndTransformResultsToJestFormat (C:\\Users\\khi_h\\Desktop\\Projets\\JoudEnglishApp\\node_modules\\jest-circus\\build\\legacy-code-todo-rewrite\\jestAdapterInit.js:122:21)\n    at jestAdapter (C:\\Users\\khi_h\\Desktop\\Projets\\JoudEnglishApp\\node_modules\\jest-circus\\build\\legacy-code-todo-rewrite\\jestAdapter.js:79:19)\n    at runTestInternal (C:\\Users\\khi_h\\Desktop\\Projets\\JoudEnglishApp\\node_modules\\jest-runner\\build\\runTest.js:367:16)\n    at runTest (C:\\Users\\khi_h\\Desktop\\Projets\\JoudEnglishApp\\node_modules\\jest-runner\\build\\runTest.js:444:34)\n    at Object.worker (C:\\Users\\khi_h\\Desktop\\Projets\\JoudEnglishApp\\node_modules\\jest-runner\\build\\testWorker.js:106:12)"],"fullName":"ProgressCard rend les enfants","invocations":1,"location":null,"numPassingAsserts":0,"retryReasons":[],"status":"failed","title":"rend les enfants"}],"endTime":1752360510071,"message":"\u001b[1m\u001b[31m  \u001b[1m● \u001b[22m\u001b[1mProgressCard › rend les enfants\u001b[39m\u001b[22m\n\n    Unable to find an element with text: Progression\n\n    \u001b[36m<View>\u001b[39m\n      \u001b[36m<ViewManagerAdapter_ExpoLinearGradient>\u001b[39m\n        \u001b[36m<View\u001b[39m\n          \u001b[33maccessible\u001b[39m=\u001b[32m{true}\u001b[39m\n        \u001b[36m>\u001b[39m\n          \u001b[36m<View>\u001b[39m\n            \u001b[36m<Text>\u001b[39m\n              \u001b[0mProgress\u001b[0m\n            \u001b[36m</Text>\u001b[39m\n          \u001b[36m</View>\u001b[39m\n          \u001b[36m<View>\u001b[39m\n            \u001b[36m<View>\u001b[39m\n              \u001b[36m<Text>\u001b[39m\n                \u001b[0m0\u001b[0m\n              \u001b[36m</Text>\u001b[39m\n              \u001b[36m<Text>\u001b[39m\n                \u001b[0m/ \u001b[0m\n                \u001b[0m0\u001b[0m\n              \u001b[36m</Text>\u001b[39m\n            \u001b[36m</View>\u001b[39m\n            \u001b[36m<Text>\u001b[39m\n              \u001b[0m0\u001b[0m\n              \u001b[0m%\u001b[0m\n            \u001b[36m</Text>\u001b[39m\n          \u001b[36m</View>\u001b[39m\n        \u001b[36m</View>\u001b[39m\n        \u001b[36m<View>\u001b[39m\n          \u001b[36m<View>\u001b[39m\n            \u001b[36m<View>\u001b[39m\n              \u001b[36m<View />\u001b[39m\n            \u001b[36m</View>\u001b[39m\n            \u001b[36m<View>\u001b[39m\n              \u001b[36m<View />\u001b[39m\n              \u001b[36m<View />\u001b[39m\n            \u001b[36m</View>\u001b[39m\n          \u001b[36m</View>\u001b[39m\n        \u001b[36m</View>\u001b[39m\n      \u001b[36m</ViewManagerAdapter_ExpoLinearGradient>\u001b[39m\n    \u001b[36m</View>\u001b[39m\n\u001b[2m\u001b[22m\n\u001b[2m    \u001b[0m \u001b[90m 11 |\u001b[39m       \u001b[33m<\u001b[39m\u001b[33m/\u001b[39m\u001b[33mProgressCard\u001b[39m\u001b[33m>\u001b[39m\u001b[22m\n\u001b[2m     \u001b[90m 12 |\u001b[39m     )\u001b[33m;\u001b[39m\u001b[22m\n\u001b[2m    \u001b[31m\u001b[1m>\u001b[22m\u001b[2m\u001b[39m\u001b[90m 13 |\u001b[39m     expect(getByText(\u001b[32m'Progression'\u001b[39m))\u001b[33m.\u001b[39mtoBeTruthy()\u001b[33m;\u001b[39m\u001b[22m\n\u001b[2m     \u001b[90m    |\u001b[39m            \u001b[31m\u001b[1m^\u001b[22m\u001b[2m\u001b[39m\u001b[22m\n\u001b[2m     \u001b[90m 14 |\u001b[39m   })\u001b[33m;\u001b[39m\u001b[22m\n\u001b[2m     \u001b[90m 15 |\u001b[39m })\u001b[33m;\u001b[39m\u001b[22m\n\u001b[2m     \u001b[90m 16 |\u001b[39m\u001b[0m\u001b[22m\n\u001b[2m\u001b[22m\n\u001b[2m      \u001b[2mat Object.getByText (\u001b[22m\u001b[2m\u001b[0m\u001b[36m_tests/ui/ProgressCard/index.test.js\u001b[39m\u001b[0m\u001b[2m:13:12)\u001b[22m\u001b[2m\u001b[22m\n","name":"C:\\Users\\khi_h\\Desktop\\Projets\\JoudEnglishApp\\_tests\\ui\\ProgressCard\\index.test.js","startTime":1752360506812,"status":"failed","summary":""},{"assertionResults":[{"ancestorTitles":["RevealButton"],"duration":402,"failureDetails":[{}],"failureMessages":["Error: Unable to find an element with text: Révéler\n\n\u001b[36m<View>\u001b[39m\n  \u001b[36m<View>\u001b[39m\n    \u001b[36m<View>\u001b[39m\n      \u001b[36m<View\u001b[39m\n        \u001b[33maccessible\u001b[39m=\u001b[32m{true}\u001b[39m\n      \u001b[36m>\u001b[39m\n        \u001b[36m<ViewManagerAdapter_ExpoLinearGradient>\u001b[39m\n          \u001b[36m<Text>\u001b[39m\n            \u001b[0mReveal Translation\u001b[0m\n          \u001b[36m</Text>\u001b[39m\n        \u001b[36m</ViewManagerAdapter_ExpoLinearGradient>\u001b[39m\n      \u001b[36m</View>\u001b[39m\n    \u001b[36m</View>\u001b[39m\n  \u001b[36m</View>\u001b[39m\n\u001b[36m</View>\u001b[39m\n    at Object.getByText (C:\\Users\\khi_h\\Desktop\\Projets\\JoudEnglishApp\\_tests\\ui\\RevealButton\\index.test.js:13:12)\n    at Promise.then.completed (C:\\Users\\khi_h\\Desktop\\Projets\\JoudEnglishApp\\node_modules\\jest-circus\\build\\utils.js:298:28)\n    at new Promise (<anonymous>)\n    at callAsyncCircusFn (C:\\Users\\khi_h\\Desktop\\Projets\\JoudEnglishApp\\node_modules\\jest-circus\\build\\utils.js:231:10)\n    at _callCircusTest (C:\\Users\\khi_h\\Desktop\\Projets\\JoudEnglishApp\\node_modules\\jest-circus\\build\\run.js:316:40)\n    at processTicksAndRejections (node:internal/process/task_queues:105:5)\n    at _runTest (C:\\Users\\khi_h\\Desktop\\Projets\\JoudEnglishApp\\node_modules\\jest-circus\\build\\run.js:252:3)\n    at _runTestsForDescribeBlock (C:\\Users\\khi_h\\Desktop\\Projets\\JoudEnglishApp\\node_modules\\jest-circus\\build\\run.js:126:9)\n    at _runTestsForDescribeBlock (C:\\Users\\khi_h\\Desktop\\Projets\\JoudEnglishApp\\node_modules\\jest-circus\\build\\run.js:121:9)\n    at run (C:\\Users\\khi_h\\Desktop\\Projets\\JoudEnglishApp\\node_modules\\jest-circus\\build\\run.js:71:3)\n    at runAndTransformResultsToJestFormat (C:\\Users\\khi_h\\Desktop\\Projets\\JoudEnglishApp\\node_modules\\jest-circus\\build\\legacy-code-todo-rewrite\\jestAdapterInit.js:122:21)\n    at jestAdapter (C:\\Users\\khi_h\\Desktop\\Projets\\JoudEnglishApp\\node_modules\\jest-circus\\build\\legacy-code-todo-rewrite\\jestAdapter.js:79:19)\n    at runTestInternal (C:\\Users\\khi_h\\Desktop\\Projets\\JoudEnglishApp\\node_modules\\jest-runner\\build\\runTest.js:367:16)\n    at runTest (C:\\Users\\khi_h\\Desktop\\Projets\\JoudEnglishApp\\node_modules\\jest-runner\\build\\runTest.js:444:34)\n    at Object.worker (C:\\Users\\khi_h\\Desktop\\Projets\\JoudEnglishApp\\node_modules\\jest-runner\\build\\testWorker.js:106:12)"],"fullName":"RevealButton rend les enfants","invocations":1,"location":null,"numPassingAsserts":0,"retryReasons":[],"status":"failed","title":"rend les enfants"},{"ancestorTitles":["RevealButton"],"duration":8,"failureDetails":[{}],"failureMessages":["Error: Unable to find an element with role: button\n\n\u001b[36m<View>\u001b[39m\n  \u001b[36m<View>\u001b[39m\n    \u001b[36m<View>\u001b[39m\n      \u001b[36m<View\u001b[39m\n        \u001b[33maccessible\u001b[39m=\u001b[32m{true}\u001b[39m\n      \u001b[36m>\u001b[39m\n        \u001b[36m<ViewManagerAdapter_ExpoLinearGradient>\u001b[39m\n          \u001b[36m<Text>\u001b[39m\n            \u001b[0mReveal Translation\u001b[0m\n          \u001b[36m</Text>\u001b[39m\n        \u001b[36m</ViewManagerAdapter_ExpoLinearGradient>\u001b[39m\n      \u001b[36m</View>\u001b[39m\n    \u001b[36m</View>\u001b[39m\n  \u001b[36m</View>\u001b[39m\n\u001b[36m</View>\u001b[39m\n    at Object.getByRole (C:\\Users\\khi_h\\Desktop\\Projets\\JoudEnglishApp\\_tests\\ui\\RevealButton\\index.test.js:21:21)\n    at Promise.then.completed (C:\\Users\\khi_h\\Desktop\\Projets\\JoudEnglishApp\\node_modules\\jest-circus\\build\\utils.js:298:28)\n    at new Promise (<anonymous>)\n    at callAsyncCircusFn (C:\\Users\\khi_h\\Desktop\\Projets\\JoudEnglishApp\\node_modules\\jest-circus\\build\\utils.js:231:10)\n    at _callCircusTest (C:\\Users\\khi_h\\Desktop\\Projets\\JoudEnglishApp\\node_modules\\jest-circus\\build\\run.js:316:40)\n    at _runTest (C:\\Users\\khi_h\\Desktop\\Projets\\JoudEnglishApp\\node_modules\\jest-circus\\build\\run.js:252:3)\n    at _runTestsForDescribeBlock (C:\\Users\\khi_h\\Desktop\\Projets\\JoudEnglishApp\\node_modules\\jest-circus\\build\\run.js:126:9)\n    at _runTestsForDescribeBlock (C:\\Users\\khi_h\\Desktop\\Projets\\JoudEnglishApp\\node_modules\\jest-circus\\build\\run.js:121:9)\n    at run (C:\\Users\\khi_h\\Desktop\\Projets\\JoudEnglishApp\\node_modules\\jest-circus\\build\\run.js:71:3)\n    at runAndTransformResultsToJestFormat (C:\\Users\\khi_h\\Desktop\\Projets\\JoudEnglishApp\\node_modules\\jest-circus\\build\\legacy-code-todo-rewrite\\jestAdapterInit.js:122:21)\n    at jestAdapter (C:\\Users\\khi_h\\Desktop\\Projets\\JoudEnglishApp\\node_modules\\jest-circus\\build\\legacy-code-todo-rewrite\\jestAdapter.js:79:19)\n    at runTestInternal (C:\\Users\\khi_h\\Desktop\\Projets\\JoudEnglishApp\\node_modules\\jest-runner\\build\\runTest.js:367:16)\n    at runTest (C:\\Users\\khi_h\\Desktop\\Projets\\JoudEnglishApp\\node_modules\\jest-runner\\build\\runTest.js:444:34)\n    at Object.worker (C:\\Users\\khi_h\\Desktop\\Projets\\JoudEnglishApp\\node_modules\\jest-runner\\build\\testWorker.js:106:12)"],"fullName":"RevealButton appelle onPress quand on clique","invocations":1,"location":null,"numPassingAsserts":0,"retryReasons":[],"status":"failed","title":"appelle onPress quand on clique"}],"endTime":1752360510098,"message":"\u001b[1m\u001b[31m  \u001b[1m● \u001b[22m\u001b[1mRevealButton › rend les enfants\u001b[39m\u001b[22m\n\n    Unable to find an element with text: Révéler\n\n    \u001b[36m<View>\u001b[39m\n      \u001b[36m<View>\u001b[39m\n        \u001b[36m<View>\u001b[39m\n          \u001b[36m<View\u001b[39m\n            \u001b[33maccessible\u001b[39m=\u001b[32m{true}\u001b[39m\n          \u001b[36m>\u001b[39m\n            \u001b[36m<ViewManagerAdapter_ExpoLinearGradient>\u001b[39m\n              \u001b[36m<Text>\u001b[39m\n                \u001b[0mReveal Translation\u001b[0m\n              \u001b[36m</Text>\u001b[39m\n            \u001b[36m</ViewManagerAdapter_ExpoLinearGradient>\u001b[39m\n          \u001b[36m</View>\u001b[39m\n        \u001b[36m</View>\u001b[39m\n      \u001b[36m</View>\u001b[39m\n    \u001b[36m</View>\u001b[39m\n\u001b[2m\u001b[22m\n\u001b[2m    \u001b[0m \u001b[90m 11 |\u001b[39m       \u001b[33m<\u001b[39m\u001b[33m/\u001b[39m\u001b[33mRevealButton\u001b[39m\u001b[33m>\u001b[39m\u001b[22m\n\u001b[2m     \u001b[90m 12 |\u001b[39m     )\u001b[33m;\u001b[39m\u001b[22m\n\u001b[2m    \u001b[31m\u001b[1m>\u001b[22m\u001b[2m\u001b[39m\u001b[90m 13 |\u001b[39m     expect(getByText(\u001b[32m'Révéler'\u001b[39m))\u001b[33m.\u001b[39mtoBeTruthy()\u001b[33m;\u001b[39m\u001b[22m\n\u001b[2m     \u001b[90m    |\u001b[39m            \u001b[31m\u001b[1m^\u001b[22m\u001b[2m\u001b[39m\u001b[22m\n\u001b[2m     \u001b[90m 14 |\u001b[39m   })\u001b[33m;\u001b[39m\u001b[22m\n\u001b[2m     \u001b[90m 15 |\u001b[39m\u001b[22m\n\u001b[2m     \u001b[90m 16 |\u001b[39m   it(\u001b[32m'appelle onPress quand on clique'\u001b[39m\u001b[33m,\u001b[39m () \u001b[33m=>\u001b[39m {\u001b[0m\u001b[22m\n\u001b[2m\u001b[22m\n\u001b[2m      \u001b[2mat Object.getByText (\u001b[22m\u001b[2m\u001b[0m\u001b[36m_tests/ui/RevealButton/index.test.js\u001b[39m\u001b[0m\u001b[2m:13:12)\u001b[22m\u001b[2m\u001b[22m\n\n\u001b[1m\u001b[31m  \u001b[1m● \u001b[22m\u001b[1mRevealButton › appelle onPress quand on clique\u001b[39m\u001b[22m\n\n    Unable to find an element with role: button\n\n    \u001b[36m<View>\u001b[39m\n      \u001b[36m<View>\u001b[39m\n        \u001b[36m<View>\u001b[39m\n          \u001b[36m<View\u001b[39m\n            \u001b[33maccessible\u001b[39m=\u001b[32m{true}\u001b[39m\n          \u001b[36m>\u001b[39m\n            \u001b[36m<ViewManagerAdapter_ExpoLinearGradient>\u001b[39m\n              \u001b[36m<Text>\u001b[39m\n                \u001b[0mReveal Translation\u001b[0m\n              \u001b[36m</Text>\u001b[39m\n            \u001b[36m</ViewManagerAdapter_ExpoLinearGradient>\u001b[39m\n          \u001b[36m</View>\u001b[39m\n        \u001b[36m</View>\u001b[39m\n      \u001b[36m</View>\u001b[39m\n    \u001b[36m</View>\u001b[39m\n\u001b[2m\u001b[22m\n\u001b[2m    \u001b[0m \u001b[90m 19 |\u001b[39m       \u001b[33m<\u001b[39m\u001b[33mRevealButton\u001b[39m onPress\u001b[33m=\u001b[39m{onPress} \u001b[33m/\u001b[39m\u001b[33m>\u001b[39m\u001b[22m\n\u001b[2m     \u001b[90m 20 |\u001b[39m     )\u001b[33m;\u001b[39m\u001b[22m\n\u001b[2m    \u001b[31m\u001b[1m>\u001b[22m\u001b[2m\u001b[39m\u001b[90m 21 |\u001b[39m     fireEvent\u001b[33m.\u001b[39mpress(getByRole(\u001b[32m'button'\u001b[39m))\u001b[33m;\u001b[39m\u001b[22m\n\u001b[2m     \u001b[90m    |\u001b[39m                     \u001b[31m\u001b[1m^\u001b[22m\u001b[2m\u001b[39m\u001b[22m\n\u001b[2m     \u001b[90m 22 |\u001b[39m     expect(onPress)\u001b[33m.\u001b[39mtoHaveBeenCalled()\u001b[33m;\u001b[39m\u001b[22m\n\u001b[2m     \u001b[90m 23 |\u001b[39m   })\u001b[33m;\u001b[39m\u001b[22m\n\u001b[2m     \u001b[90m 24 |\u001b[39m })\u001b[33m;\u001b[39m\u001b[0m\u001b[22m\n\u001b[2m\u001b[22m\n\u001b[2m      \u001b[2mat Object.getByRole (\u001b[22m\u001b[2m\u001b[0m\u001b[36m_tests/ui/RevealButton/index.test.js\u001b[39m\u001b[0m\u001b[2m:21:21)\u001b[22m\u001b[2m\u001b[22m\n","name":"C:\\Users\\khi_h\\Desktop\\Projets\\JoudEnglishApp\\_tests\\ui\\RevealButton\\index.test.js","startTime":1752360506857,"status":"failed","summary":""},{"assertionResults":[{"ancestorTitles":["Modal"],"duration":635,"failureDetails":[{}],"failureMessages":["TypeError: loadedNativeFonts.forEach is not a function\n    at forEach (C:\\Users\\khi_h\\Desktop\\Projets\\JoudEnglishApp\\node_modules\\expo-font\\src\\memory.ts:21:23)\n    at Object.isLoaded (C:\\Users\\khi_h\\Desktop\\Projets\\JoudEnglishApp\\node_modules\\expo-font\\src\\Font.ts:27:24)\n    at new isLoaded (C:\\Users\\khi_h\\Desktop\\Projets\\JoudEnglishApp\\node_modules\\@expo\\vector-icons\\src\\createIconSet.tsx:125:26)\n    at constructClassInstance (C:\\Users\\khi_h\\Desktop\\Projets\\JoudEnglishApp\\node_modules\\react-test-renderer\\cjs\\react-test-renderer.development.js:8215:18)\n    at updateClassComponent (C:\\Users\\khi_h\\Desktop\\Projets\\JoudEnglishApp\\node_modules\\react-test-renderer\\cjs\\react-test-renderer.development.js:9592:5)\n    at beginWork (C:\\Users\\khi_h\\Desktop\\Projets\\JoudEnglishApp\\node_modules\\react-test-renderer\\cjs\\react-test-renderer.development.js:11375:16)\n    at performUnitOfWork (C:\\Users\\khi_h\\Desktop\\Projets\\JoudEnglishApp\\node_modules\\react-test-renderer\\cjs\\react-test-renderer.development.js:15847:12)\n    at workLoopSync (C:\\Users\\khi_h\\Desktop\\Projets\\JoudEnglishApp\\node_modules\\react-test-renderer\\cjs\\react-test-renderer.development.js:15784:5)\n    at renderRootSync (C:\\Users\\khi_h\\Desktop\\Projets\\JoudEnglishApp\\node_modules\\react-test-renderer\\cjs\\react-test-renderer.development.js:15756:7)\n    at recoverFromConcurrentError (C:\\Users\\khi_h\\Desktop\\Projets\\JoudEnglishApp\\node_modules\\react-test-renderer\\cjs\\react-test-renderer.development.js:15226:20)\n    at performConcurrentWorkOnRoot (C:\\Users\\khi_h\\Desktop\\Projets\\JoudEnglishApp\\node_modules\\react-test-renderer\\cjs\\react-test-renderer.development.js:15126:22)\n    at flushActQueue (C:\\Users\\khi_h\\Desktop\\Projets\\JoudEnglishApp\\node_modules\\react\\cjs\\react.development.js:2667:24)\n    at act (C:\\Users\\khi_h\\Desktop\\Projets\\JoudEnglishApp\\node_modules\\react\\cjs\\react.development.js:2582:11)\n    at actImplementation (C:\\Users\\khi_h\\Desktop\\Projets\\JoudEnglishApp\\node_modules\\@testing-library\\react-native\\src\\act.ts:31:25)\n    at renderWithAct (C:\\Users\\khi_h\\Desktop\\Projets\\JoudEnglishApp\\node_modules\\@testing-library\\react-native\\src\\render-act.ts:13:11)\n    at renderInternal (C:\\Users\\khi_h\\Desktop\\Projets\\JoudEnglishApp\\node_modules\\@testing-library\\react-native\\src\\render.tsx:69:33)\n    at renderInternal (C:\\Users\\khi_h\\Desktop\\Projets\\JoudEnglishApp\\node_modules\\@testing-library\\react-native\\src\\render.tsx:44:10)\n    at Object.<anonymous> (C:\\Users\\khi_h\\Desktop\\Projets\\JoudEnglishApp\\_tests\\ui\\Modal\\index.test.js:8:33)\n    at Promise.then.completed (C:\\Users\\khi_h\\Desktop\\Projets\\JoudEnglishApp\\node_modules\\jest-circus\\build\\utils.js:298:28)\n    at new Promise (<anonymous>)\n    at callAsyncCircusFn (C:\\Users\\khi_h\\Desktop\\Projets\\JoudEnglishApp\\node_modules\\jest-circus\\build\\utils.js:231:10)\n    at _callCircusTest (C:\\Users\\khi_h\\Desktop\\Projets\\JoudEnglishApp\\node_modules\\jest-circus\\build\\run.js:316:40)\n    at processTicksAndRejections (node:internal/process/task_queues:105:5)\n    at _runTest (C:\\Users\\khi_h\\Desktop\\Projets\\JoudEnglishApp\\node_modules\\jest-circus\\build\\run.js:252:3)\n    at _runTestsForDescribeBlock (C:\\Users\\khi_h\\Desktop\\Projets\\JoudEnglishApp\\node_modules\\jest-circus\\build\\run.js:126:9)\n    at _runTestsForDescribeBlock (C:\\Users\\khi_h\\Desktop\\Projets\\JoudEnglishApp\\node_modules\\jest-circus\\build\\run.js:121:9)\n    at run (C:\\Users\\khi_h\\Desktop\\Projets\\JoudEnglishApp\\node_modules\\jest-circus\\build\\run.js:71:3)\n    at runAndTransformResultsToJestFormat (C:\\Users\\khi_h\\Desktop\\Projets\\JoudEnglishApp\\node_modules\\jest-circus\\build\\legacy-code-todo-rewrite\\jestAdapterInit.js:122:21)\n    at jestAdapter (C:\\Users\\khi_h\\Desktop\\Projets\\JoudEnglishApp\\node_modules\\jest-circus\\build\\legacy-code-todo-rewrite\\jestAdapter.js:79:19)\n    at runTestInternal (C:\\Users\\khi_h\\Desktop\\Projets\\JoudEnglishApp\\node_modules\\jest-runner\\build\\runTest.js:367:16)\n    at runTest (C:\\Users\\khi_h\\Desktop\\Projets\\JoudEnglishApp\\node_modules\\jest-runner\\build\\runTest.js:444:34)\n    at Object.worker (C:\\Users\\khi_h\\Desktop\\Projets\\JoudEnglishApp\\node_modules\\jest-runner\\build\\testWorker.js:106:12)"],"fullName":"Modal rend les enfants quand visible","invocations":1,"location":null,"numPassingAsserts":0,"retryReasons":[],"status":"failed","title":"rend les enfants quand visible"}],"endTime":1752360510225,"message":"\u001b[1m\u001b[31m  \u001b[1m● \u001b[22m\u001b[1mModal › rend les enfants quand visible\u001b[39m\u001b[22m\n\n    TypeError: loadedNativeFonts.forEach is not a function\n\u001b[2m\u001b[22m\n\u001b[2m    \u001b[0m \u001b[90m  6 |\u001b[39m describe(\u001b[32m'Modal'\u001b[39m\u001b[33m,\u001b[39m () \u001b[33m=>\u001b[39m {\u001b[22m\n\u001b[2m     \u001b[90m  7 |\u001b[39m   it(\u001b[32m'rend les enfants quand visible'\u001b[39m\u001b[33m,\u001b[39m () \u001b[33m=>\u001b[39m {\u001b[22m\n\u001b[2m    \u001b[31m\u001b[1m>\u001b[22m\u001b[2m\u001b[39m\u001b[90m  8 |\u001b[39m     \u001b[36mconst\u001b[39m { getByText } \u001b[33m=\u001b[39m render(\u001b[22m\n\u001b[2m     \u001b[90m    |\u001b[39m                                 \u001b[31m\u001b[1m^\u001b[22m\u001b[2m\u001b[39m\u001b[22m\n\u001b[2m     \u001b[90m  9 |\u001b[39m       \u001b[33m<\u001b[39m\u001b[33mModal\u001b[39m visible\u001b[33m=\u001b[39m{\u001b[36mtrue\u001b[39m}\u001b[33m>\u001b[39m\u001b[22m\n\u001b[2m     \u001b[90m 10 |\u001b[39m         \u001b[33m<\u001b[39m\u001b[33mText\u001b[39m\u001b[33m>\u001b[39m\u001b[33mContenu\u001b[39m modal\u001b[33m<\u001b[39m\u001b[33m/\u001b[39m\u001b[33mText\u001b[39m\u001b[33m>\u001b[39m\u001b[22m\n\u001b[2m     \u001b[90m 11 |\u001b[39m       \u001b[33m<\u001b[39m\u001b[33m/\u001b[39m\u001b[33mModal\u001b[39m\u001b[33m>\u001b[39m\u001b[0m\u001b[22m\n\u001b[2m\u001b[22m\n\u001b[2m      \u001b[2mat forEach (\u001b[22m\u001b[2mnode_modules/expo-font/src/memory.ts\u001b[2m:21:23)\u001b[22m\u001b[2m\u001b[22m\n\u001b[2m      \u001b[2mat Object.isLoaded (\u001b[22m\u001b[2mnode_modules/expo-font/src/Font.ts\u001b[2m:27:24)\u001b[22m\u001b[2m\u001b[22m\n\u001b[2m      \u001b[2mat new isLoaded (\u001b[22m\u001b[2mnode_modules/@expo/vector-icons/src/createIconSet.tsx\u001b[2m:125:26)\u001b[22m\u001b[2m\u001b[22m\n\u001b[2m      \u001b[2mat constructClassInstance (\u001b[22m\u001b[2mnode_modules/react-test-renderer/cjs/react-test-renderer.development.js\u001b[2m:8215:18)\u001b[22m\u001b[2m\u001b[22m\n\u001b[2m      \u001b[2mat updateClassComponent (\u001b[22m\u001b[2mnode_modules/react-test-renderer/cjs/react-test-renderer.development.js\u001b[2m:9592:5)\u001b[22m\u001b[2m\u001b[22m\n\u001b[2m      \u001b[2mat beginWork (\u001b[22m\u001b[2mnode_modules/react-test-renderer/cjs/react-test-renderer.development.js\u001b[2m:11375:16)\u001b[22m\u001b[2m\u001b[22m\n\u001b[2m      \u001b[2mat performUnitOfWork (\u001b[22m\u001b[2mnode_modules/react-test-renderer/cjs/react-test-renderer.development.js\u001b[2m:15847:12)\u001b[22m\u001b[2m\u001b[22m\n\u001b[2m      \u001b[2mat workLoopSync (\u001b[22m\u001b[2mnode_modules/react-test-renderer/cjs/react-test-renderer.development.js\u001b[2m:15784:5)\u001b[22m\u001b[2m\u001b[22m\n\u001b[2m      \u001b[2mat renderRootSync (\u001b[22m\u001b[2mnode_modules/react-test-renderer/cjs/react-test-renderer.development.js\u001b[2m:15756:7)\u001b[22m\u001b[2m\u001b[22m\n\u001b[2m      \u001b[2mat recoverFromConcurrentError (\u001b[22m\u001b[2mnode_modules/react-test-renderer/cjs/react-test-renderer.development.js\u001b[2m:15226:20)\u001b[22m\u001b[2m\u001b[22m\n\u001b[2m      \u001b[2mat performConcurrentWorkOnRoot (\u001b[22m\u001b[2mnode_modules/react-test-renderer/cjs/react-test-renderer.development.js\u001b[2m:15126:22)\u001b[22m\u001b[2m\u001b[22m\n\u001b[2m      \u001b[2mat flushActQueue (\u001b[22m\u001b[2mnode_modules/react/cjs/react.development.js\u001b[2m:2667:24)\u001b[22m\u001b[2m\u001b[22m\n\u001b[2m      \u001b[2mat act (\u001b[22m\u001b[2mnode_modules/react/cjs/react.development.js\u001b[2m:2582:11)\u001b[22m\u001b[2m\u001b[22m\n\u001b[2m      \u001b[2mat actImplementation (\u001b[22m\u001b[2mnode_modules/@testing-library/react-native/src/act.ts\u001b[2m:31:25)\u001b[22m\u001b[2m\u001b[22m\n\u001b[2m      \u001b[2mat renderWithAct (\u001b[22m\u001b[2mnode_modules/@testing-library/react-native/src/render-act.ts\u001b[2m:13:11)\u001b[22m\u001b[2m\u001b[22m\n\u001b[2m      \u001b[2mat renderInternal (\u001b[22m\u001b[2mnode_modules/@testing-library/react-native/src/render.tsx\u001b[2m:69:33)\u001b[22m\u001b[2m\u001b[22m\n\u001b[2m      \u001b[2mat renderInternal (\u001b[22m\u001b[2mnode_modules/@testing-library/react-native/src/render.tsx\u001b[2m:44:10)\u001b[22m\u001b[2m\u001b[22m\n\u001b[2m      \u001b[2mat Object.<anonymous> (\u001b[22m\u001b[2m\u001b[0m\u001b[36m_tests/ui/Modal/index.test.js\u001b[39m\u001b[0m\u001b[2m:8:33)\u001b[22m\u001b[2m\u001b[22m\n","name":"C:\\Users\\khi_h\\Desktop\\Projets\\JoudEnglishApp\\_tests\\ui\\Modal\\index.test.js","startTime":1752360506851,"status":"failed","summary":""}],"wasInterrupted":false}
