<?xml version="1.0" encoding="UTF-8"?>
<coverage generated="1755365048012" clover="3.2.0">
  <project timestamp="1755365048012" name="All files">
    <metrics statements="871" coveredstatements="572" conditionals="851" coveredconditionals="529" methods="238" coveredmethods="158" elements="1960" coveredelements="1259" complexity="0" loc="871" ncloc="871" packages="23" files="57" classes="57"/>
    <package name="components.exercise-common.CategorySelector">
      <metrics statements="26" coveredstatements="24" conditionals="18" coveredconditionals="9" methods="10" coveredmethods="9"/>
      <file name="index.js" path="C:\Users\khi_h\Desktop\Projets\JoudEnglishApp\src\components\exercise-common\CategorySelector\index.js">
        <metrics statements="24" coveredstatements="22" conditionals="17" coveredconditionals="9" methods="9" coveredmethods="8"/>
        <line num="16" count="1" type="stmt"/>
        <line num="22" count="4" type="stmt"/>
        <line num="23" count="4" type="stmt"/>
        <line num="24" count="4" type="stmt"/>
        <line num="25" count="9" type="cond" truecount="2" falsecount="0"/>
        <line num="26" count="9" type="stmt"/>
        <line num="31" count="4" type="stmt"/>
        <line num="33" count="1" type="cond" truecount="2" falsecount="2"/>
        <line num="34" count="0" type="stmt"/>
        <line num="42" count="1" type="cond" truecount="1" falsecount="1"/>
        <line num="43" count="1" type="stmt"/>
        <line num="50" count="1" type="stmt"/>
        <line num="54" count="9" type="stmt"/>
        <line num="57" count="4" type="stmt"/>
        <line num="58" count="9" type="stmt"/>
        <line num="59" count="9" type="cond" truecount="1" falsecount="1"/>
        <line num="62" count="9" type="stmt"/>
        <line num="67" count="9" type="stmt"/>
        <line num="72" count="9" type="stmt"/>
        <line num="77" count="9" type="stmt"/>
        <line num="138" count="4" type="stmt"/>
        <line num="153" count="9" type="stmt"/>
        <line num="161" count="1" type="stmt"/>
        <line num="176" count="0" type="stmt"/>
      </file>
      <file name="style.js" path="C:\Users\khi_h\Desktop\Projets\JoudEnglishApp\src\components\exercise-common\CategorySelector\style.js">
        <metrics statements="2" coveredstatements="2" conditionals="1" coveredconditionals="0" methods="1" coveredmethods="1"/>
        <line num="12" count="1" type="cond" truecount="0" falsecount="1"/>
        <line num="13" count="4" type="stmt"/>
      </file>
    </package>
    <package name="components.exercise-common.ExerciseCard">
      <metrics statements="13" coveredstatements="13" conditionals="10" coveredconditionals="7" methods="2" coveredmethods="2"/>
      <file name="index.js" path="C:\Users\khi_h\Desktop\Projets\JoudEnglishApp\src\components\exercise-common\ExerciseCard\index.js">
        <metrics statements="12" coveredstatements="12" conditionals="10" coveredconditionals="7" methods="2" coveredmethods="2"/>
        <line num="18" count="1" type="stmt"/>
        <line num="28" count="8" type="stmt"/>
        <line num="29" count="8" type="cond" truecount="2" falsecount="0"/>
        <line num="32" count="8" type="stmt"/>
        <line num="33" count="8" type="cond" truecount="2" falsecount="0"/>
        <line num="34" count="2" type="stmt"/>
        <line num="50" count="6" type="cond" truecount="2" falsecount="0"/>
        <line num="51" count="1" type="stmt"/>
        <line num="60" count="5" type="stmt"/>
        <line num="63" count="8" type="stmt"/>
        <line num="95" count="1" type="stmt"/>
        <line num="106" count="1" type="stmt"/>
      </file>
      <file name="style.js" path="C:\Users\khi_h\Desktop\Projets\JoudEnglishApp\src\components\exercise-common\ExerciseCard\style.js">
        <metrics statements="1" coveredstatements="1" conditionals="0" coveredconditionals="0" methods="0" coveredmethods="0"/>
        <line num="4" count="1" type="stmt"/>
      </file>
    </package>
    <package name="components.exercise-common.ExerciseFeedback">
      <metrics statements="27" coveredstatements="24" conditionals="26" coveredconditionals="15" methods="8" coveredmethods="7"/>
      <file name="index.js" path="C:\Users\khi_h\Desktop\Projets\JoudEnglishApp\src\components\exercise-common\ExerciseFeedback\index.js">
        <metrics statements="26" coveredstatements="23" conditionals="26" coveredconditionals="15" methods="8" coveredmethods="7"/>
        <line num="20" count="1" type="stmt"/>
        <line num="29" count="9" type="stmt"/>
        <line num="31" count="9" type="stmt"/>
        <line num="33" count="9" type="stmt"/>
        <line num="40" count="9" type="cond" truecount="2" falsecount="0"/>
        <line num="41" count="1" type="stmt"/>
        <line num="42" count="1" type="stmt"/>
        <line num="47" count="1" type="cond" truecount="3" falsecount="1"/>
        <line num="48" count="1" type="stmt"/>
        <line num="53" count="1" type="stmt"/>
        <line num="58" count="9" type="stmt"/>
        <line num="59" count="9" type="cond" truecount="4" falsecount="0"/>
        <line num="61" count="7" type="stmt"/>
        <line num="67" count="1" type="stmt"/>
        <line num="74" count="1" type="stmt"/>
        <line num="82" count="9" type="stmt"/>
        <line num="85" count="9" type="stmt"/>
        <line num="86" count="1" type="cond" truecount="1" falsecount="1"/>
        <line num="87" count="1" type="cond" truecount="1" falsecount="1"/>
        <line num="88" count="1" type="stmt"/>
        <line num="90" count="0" type="stmt"/>
        <line num="95" count="0" type="cond" truecount="0" falsecount="4"/>
        <line num="96" count="0" type="stmt"/>
        <line num="102" count="9" type="stmt"/>
        <line num="130" count="1" type="stmt"/>
        <line num="141" count="1" type="stmt"/>
      </file>
      <file name="style.js" path="C:\Users\khi_h\Desktop\Projets\JoudEnglishApp\src\components\exercise-common\ExerciseFeedback\style.js">
        <metrics statements="1" coveredstatements="1" conditionals="0" coveredconditionals="0" methods="0" coveredmethods="0"/>
        <line num="5" count="1" type="stmt"/>
      </file>
    </package>
    <package name="components.exercise-common.ExerciseFooter">
      <metrics statements="5" coveredstatements="5" conditionals="20" coveredconditionals="20" methods="1" coveredmethods="1"/>
      <file name="index.js" path="C:\Users\khi_h\Desktop\Projets\JoudEnglishApp\src\components\exercise-common\ExerciseFooter\index.js">
        <metrics statements="4" coveredstatements="4" conditionals="20" coveredconditionals="20" methods="1" coveredmethods="1"/>
        <line num="11" count="1" type="stmt"/>
        <line num="26" count="12" type="cond" truecount="2" falsecount="0"/>
        <line num="28" count="12" type="stmt"/>
        <line num="76" count="1" type="stmt"/>
      </file>
      <file name="style.js" path="C:\Users\khi_h\Desktop\Projets\JoudEnglishApp\src\components\exercise-common\ExerciseFooter\style.js">
        <metrics statements="1" coveredstatements="1" conditionals="0" coveredconditionals="0" methods="0" coveredmethods="0"/>
        <line num="5" count="1" type="stmt"/>
      </file>
    </package>
    <package name="components.exercise-common.InstructionBox">
      <metrics statements="19" coveredstatements="16" conditionals="22" coveredconditionals="14" methods="6" coveredmethods="4"/>
      <file name="index.js" path="C:\Users\khi_h\Desktop\Projets\JoudEnglishApp\src\components\exercise-common\InstructionBox\index.js">
        <metrics statements="19" coveredstatements="16" conditionals="22" coveredconditionals="14" methods="6" coveredmethods="4"/>
        <line num="20" count="1" type="stmt"/>
        <line num="30" count="8" type="stmt"/>
        <line num="33" count="8" type="cond" truecount="2" falsecount="0"/>
        <line num="36" count="8" type="stmt"/>
        <line num="37" count="0" type="cond" truecount="0" falsecount="2"/>
        <line num="39" count="0" type="stmt"/>
        <line num="45" count="0" type="stmt"/>
        <line num="49" count="8" type="stmt"/>
        <line num="50" count="8" type="cond" truecount="4" falsecount="0"/>
        <line num="52" count="1" type="stmt"/>
        <line num="54" count="1" type="stmt"/>
        <line num="57" count="6" type="stmt"/>
        <line num="62" count="8" type="stmt"/>
        <line num="68" count="8" type="stmt"/>
        <line num="73" count="8" type="stmt"/>
        <line num="105" count="12" type="stmt"/>
        <line num="116" count="12" type="stmt"/>
        <line num="135" count="1" type="stmt"/>
        <line num="146" count="1" type="stmt"/>
      </file>
    </package>
    <package name="components.exercise-common.NavigationButtons">
      <metrics statements="22" coveredstatements="22" conditionals="20" coveredconditionals="17" methods="8" coveredmethods="8"/>
      <file name="index.js" path="C:\Users\khi_h\Desktop\Projets\JoudEnglishApp\src\components\exercise-common\NavigationButtons\index.js">
        <metrics statements="20" coveredstatements="20" conditionals="19" coveredconditionals="17" methods="7" coveredmethods="7"/>
        <line num="16" count="1" type="stmt"/>
        <line num="29" count="6" type="stmt"/>
        <line num="32" count="6" type="stmt"/>
        <line num="33" count="6" type="stmt"/>
        <line num="36" count="6" type="stmt"/>
        <line num="37" count="1" type="cond" truecount="1" falsecount="1"/>
        <line num="39" count="1" type="stmt"/>
        <line num="54" count="1" type="stmt"/>
        <line num="58" count="6" type="stmt"/>
        <line num="59" count="1" type="cond" truecount="1" falsecount="1"/>
        <line num="61" count="1" type="stmt"/>
        <line num="76" count="1" type="stmt"/>
        <line num="79" count="6" type="stmt"/>
        <line num="108" count="1" type="stmt"/>
        <line num="109" count="6" type="cond" truecount="2" falsecount="0"/>
        <line num="129" count="1" type="stmt"/>
        <line num="130" count="6" type="stmt"/>
        <line num="166" count="1" type="stmt"/>
        <line num="176" count="1" type="stmt"/>
        <line num="187" count="1" type="stmt"/>
      </file>
      <file name="style.js" path="C:\Users\khi_h\Desktop\Projets\JoudEnglishApp\src\components\exercise-common\NavigationButtons\style.js">
        <metrics statements="2" coveredstatements="2" conditionals="1" coveredconditionals="0" methods="1" coveredmethods="1"/>
        <line num="11" count="1" type="cond" truecount="0" falsecount="1"/>
        <line num="12" count="6" type="stmt"/>
      </file>
    </package>
    <package name="components.exercise-common.OptionsList">
      <metrics statements="32" coveredstatements="29" conditionals="46" coveredconditionals="32" methods="12" coveredmethods="9"/>
      <file name="index.js" path="C:\Users\khi_h\Desktop\Projets\JoudEnglishApp\src\components\exercise-common\OptionsList\index.js">
        <metrics statements="31" coveredstatements="28" conditionals="46" coveredconditionals="32" methods="12" coveredmethods="9"/>
        <line num="10" count="1" type="stmt"/>
        <line num="21" count="6" type="stmt"/>
        <line num="22" count="54" type="cond" truecount="2" falsecount="0"/>
        <line num="26" count="6" type="stmt"/>
        <line num="27" count="50" type="stmt"/>
        <line num="35" count="6" type="stmt"/>
        <line num="36" count="18" type="cond" truecount="2" falsecount="0"/>
        <line num="37" count="2" type="stmt"/>
        <line num="39" count="16" type="cond" truecount="2" falsecount="0"/>
        <line num="40" count="1" type="stmt"/>
        <line num="42" count="15" type="cond" truecount="2" falsecount="0"/>
        <line num="43" count="1" type="stmt"/>
        <line num="48" count="14" type="stmt"/>
        <line num="52" count="6" type="stmt"/>
        <line num="53" count="18" type="cond" truecount="2" falsecount="0"/>
        <line num="54" count="2" type="stmt"/>
        <line num="56" count="16" type="cond" truecount="2" falsecount="0"/>
        <line num="57" count="1" type="stmt"/>
        <line num="59" count="15" type="cond" truecount="2" falsecount="0"/>
        <line num="60" count="1" type="stmt"/>
        <line num="65" count="14" type="stmt"/>
        <line num="69" count="18" type="stmt"/>
        <line num="70" count="1" type="cond" truecount="1" falsecount="1"/>
        <line num="74" count="6" type="stmt"/>
        <line num="75" count="6" type="stmt"/>
        <line num="77" count="18" type="stmt"/>
        <line num="115" count="6" type="stmt"/>
        <line num="116" count="0" type="stmt"/>
        <line num="118" count="0" type="stmt"/>
        <line num="150" count="6" type="cond" truecount="1" falsecount="1"/>
        <line num="154" count="0" type="stmt"/>
      </file>
      <file name="style.js" path="C:\Users\khi_h\Desktop\Projets\JoudEnglishApp\src\components\exercise-common\OptionsList\style.js">
        <metrics statements="1" coveredstatements="1" conditionals="0" coveredconditionals="0" methods="0" coveredmethods="0"/>
        <line num="4" count="1" type="stmt"/>
      </file>
    </package>
    <package name="components.exercise-common.ResultsScreen">
      <metrics statements="57" coveredstatements="56" conditionals="44" coveredconditionals="23" methods="17" coveredmethods="15"/>
      <file name="index.js" path="C:\Users\khi_h\Desktop\Projets\JoudEnglishApp\src\components\exercise-common\ResultsScreen\index.js">
        <metrics statements="56" coveredstatements="55" conditionals="44" coveredconditionals="23" methods="17" coveredmethods="15"/>
        <line num="20" count="1" type="stmt"/>
        <line num="21" count="12" type="stmt"/>
        <line num="30" count="1" type="stmt"/>
        <line num="38" count="1" type="stmt"/>
        <line num="39" count="12" type="stmt"/>
        <line num="53" count="1" type="stmt"/>
        <line num="65" count="1" type="stmt"/>
        <line num="66" count="12" type="cond" truecount="2" falsecount="0"/>
        <line num="75" count="1" type="stmt"/>
        <line num="81" count="1" type="stmt"/>
        <line num="82" count="12" type="stmt"/>
        <line num="102" count="1" type="stmt"/>
        <line num="111" count="1" type="stmt"/>
        <line num="127" count="12" type="stmt"/>
        <line num="128" count="12" type="stmt"/>
        <line num="132" count="12" type="cond" truecount="1" falsecount="1"/>
        <line num="135" count="12" type="stmt"/>
        <line num="136" count="12" type="cond" truecount="2" falsecount="0"/>
        <line num="137" count="9" type="stmt"/>
        <line num="143" count="3" type="cond" truecount="2" falsecount="0"/>
        <line num="144" count="1" type="stmt"/>
        <line num="150" count="2" type="cond" truecount="2" falsecount="0"/>
        <line num="151" count="1" type="stmt"/>
        <line num="158" count="1" type="stmt"/>
        <line num="167" count="12" type="stmt"/>
        <line num="170" count="12" type="stmt"/>
        <line num="171" count="1" type="stmt"/>
        <line num="172" count="1" type="stmt"/>
        <line num="178" count="0" type="stmt"/>
        <line num="184" count="12" type="stmt"/>
        <line num="185" count="12" type="stmt"/>
        <line num="200" count="12" type="stmt"/>
        <line num="220" count="1" type="stmt"/>
        <line num="242" count="1" type="stmt"/>
        <line num="243" count="12" type="stmt"/>
        <line num="287" count="1" type="stmt"/>
        <line num="295" count="1" type="stmt"/>
        <line num="298" count="12" type="stmt"/>
        <line num="299" count="1" type="cond" truecount="1" falsecount="1"/>
        <line num="300" count="1" type="cond" truecount="1" falsecount="1"/>
        <line num="301" count="1" type="stmt"/>
        <line num="304" count="12" type="stmt"/>
        <line num="305" count="1" type="cond" truecount="1" falsecount="1"/>
        <line num="306" count="1" type="cond" truecount="1" falsecount="1"/>
        <line num="307" count="1" type="stmt"/>
        <line num="310" count="12" type="stmt"/>
        <line num="311" count="1" type="cond" truecount="1" falsecount="1"/>
        <line num="312" count="1" type="cond" truecount="1" falsecount="1"/>
        <line num="313" count="1" type="stmt"/>
        <line num="316" count="12" type="stmt"/>
        <line num="317" count="1" type="cond" truecount="1" falsecount="1"/>
        <line num="320" count="12" type="cond" truecount="4" falsecount="0"/>
        <line num="321" count="11" type="stmt"/>
        <line num="324" count="1" type="stmt"/>
        <line num="329" count="1" type="stmt"/>
        <line num="372" count="1" type="stmt"/>
      </file>
      <file name="style.js" path="C:\Users\khi_h\Desktop\Projets\JoudEnglishApp\src\components\exercise-common\ResultsScreen\style.js">
        <metrics statements="1" coveredstatements="1" conditionals="0" coveredconditionals="0" methods="0" coveredmethods="0"/>
        <line num="4" count="1" type="stmt"/>
      </file>
    </package>
    <package name="components.layout.Container">
      <metrics statements="9" coveredstatements="9" conditionals="21" coveredconditionals="18" methods="1" coveredmethods="1"/>
      <file name="index.js" path="C:\Users\khi_h\Desktop\Projets\JoudEnglishApp\src\components\layout\Container\index.js">
        <metrics statements="8" coveredstatements="8" conditionals="21" coveredconditionals="18" methods="1" coveredmethods="1"/>
        <line num="12" count="1" type="stmt"/>
        <line num="26" count="10" type="cond" truecount="1" falsecount="1"/>
        <line num="28" count="10" type="stmt"/>
        <line num="35" count="10" type="cond" truecount="1" falsecount="1"/>
        <line num="41" count="10" type="stmt"/>
        <line num="64" count="10" type="stmt"/>
        <line num="75" count="1" type="stmt"/>
        <line num="101" count="1" type="stmt"/>
      </file>
      <file name="style.js" path="C:\Users\khi_h\Desktop\Projets\JoudEnglishApp\src\components\layout\Container\style.js">
        <metrics statements="1" coveredstatements="1" conditionals="0" coveredconditionals="0" methods="0" coveredmethods="0"/>
        <line num="4" count="1" type="stmt"/>
      </file>
    </package>
    <package name="components.layout.Header">
      <metrics statements="38" coveredstatements="38" conditionals="54" coveredconditionals="46" methods="8" coveredmethods="8"/>
      <file name="index.js" path="C:\Users\khi_h\Desktop\Projets\JoudEnglishApp\src\components\layout\Header\index.js">
        <metrics statements="35" coveredstatements="35" conditionals="46" coveredconditionals="42" methods="8" coveredmethods="8"/>
        <line num="18" count="1" type="stmt"/>
        <line num="48" count="14" type="stmt"/>
        <line num="51" count="14" type="stmt"/>
        <line num="52" count="2" type="cond" truecount="2" falsecount="0"/>
        <line num="53" count="1" type="stmt"/>
        <line num="54" count="1" type="cond" truecount="1" falsecount="1"/>
        <line num="55" count="1" type="stmt"/>
        <line num="62" count="14" type="stmt"/>
        <line num="63" count="13" type="cond" truecount="2" falsecount="0"/>
        <line num="64" count="12" type="cond" truecount="2" falsecount="0"/>
        <line num="65" count="11" type="stmt"/>
        <line num="77" count="1" type="stmt"/>
        <line num="81" count="14" type="stmt"/>
        <line num="82" count="9" type="cond" truecount="2" falsecount="0"/>
        <line num="83" count="8" type="cond" truecount="2" falsecount="0"/>
        <line num="84" count="2" type="stmt"/>
        <line num="94" count="6" type="stmt"/>
        <line num="98" count="14" type="stmt"/>
        <line num="99" count="4" type="cond" truecount="2" falsecount="0"/>
        <line num="100" count="1" type="stmt"/>
        <line num="102" count="3" type="cond" truecount="2" falsecount="0"/>
        <line num="103" count="1" type="stmt"/>
        <line num="112" count="2" type="stmt"/>
        <line num="116" count="14" type="stmt"/>
        <line num="117" count="9" type="stmt"/>
        <line num="140" count="14" type="stmt"/>
        <line num="141" count="4" type="stmt"/>
        <line num="167" count="14" type="stmt"/>
        <line num="168" count="14" type="cond" truecount="2" falsecount="0"/>
        <line num="169" count="1" type="stmt"/>
        <line num="171" count="13" type="cond" truecount="2" falsecount="0"/>
        <line num="172" count="4" type="stmt"/>
        <line num="174" count="9" type="stmt"/>
        <line num="177" count="14" type="stmt"/>
        <line num="201" count="1" type="stmt"/>
      </file>
      <file name="style.js" path="C:\Users\khi_h\Desktop\Projets\JoudEnglishApp\src\components\layout\Header\style.js">
        <metrics statements="3" coveredstatements="3" conditionals="8" coveredconditionals="4" methods="0" coveredmethods="0"/>
        <line num="4" count="1" type="cond" truecount="1" falsecount="1"/>
        <line num="5" count="1" type="cond" truecount="1" falsecount="1"/>
        <line num="7" count="1" type="stmt"/>
      </file>
    </package>
    <package name="components.setting.RevisionSettings">
      <metrics statements="12" coveredstatements="12" conditionals="14" coveredconditionals="14" methods="5" coveredmethods="5"/>
      <file name="index.js" path="C:\Users\khi_h\Desktop\Projets\JoudEnglishApp\src\components\setting\RevisionSettings\index.js">
        <metrics statements="12" coveredstatements="12" conditionals="14" coveredconditionals="14" methods="5" coveredmethods="5"/>
        <line num="7" count="1" type="stmt"/>
        <line num="14" count="7" type="stmt"/>
        <line num="16" count="7" type="stmt"/>
        <line num="17" count="2" type="cond" truecount="2" falsecount="0"/>
        <line num="19" count="1" type="stmt"/>
        <line num="22" count="1" type="stmt"/>
        <line num="26" count="12" type="stmt"/>
        <line num="28" count="7" type="stmt"/>
        <line num="34" count="7" type="cond" truecount="2" falsecount="0"/>
        <line num="35" count="1" type="stmt"/>
        <line num="42" count="6" type="stmt"/>
        <line num="66" count="12" type="stmt"/>
      </file>
      <file name="style.js" path="C:\Users\khi_h\Desktop\Projets\JoudEnglishApp\src\components\setting\RevisionSettings\style.js">
        <metrics statements="0" coveredstatements="0" conditionals="0" coveredconditionals="0" methods="0" coveredmethods="0"/>
      </file>
    </package>
    <package name="components.setting.SecuritySettings">
      <metrics statements="41" coveredstatements="34" conditionals="11" coveredconditionals="8" methods="10" coveredmethods="7"/>
      <file name="index.js" path="C:\Users\khi_h\Desktop\Projets\JoudEnglishApp\src\components\setting\SecuritySettings\index.js">
        <metrics statements="41" coveredstatements="34" conditionals="11" coveredconditionals="8" methods="10" coveredmethods="7"/>
        <line num="7" count="1" type="stmt"/>
        <line num="8" count="10" type="stmt"/>
        <line num="9" count="9" type="stmt"/>
        <line num="10" count="9" type="stmt"/>
        <line num="11" count="9" type="stmt"/>
        <line num="12" count="9" type="stmt"/>
        <line num="13" count="9" type="stmt"/>
        <line num="15" count="9" type="stmt"/>
        <line num="16" count="3" type="stmt"/>
        <line num="17" count="3" type="stmt"/>
        <line num="18" count="3" type="stmt"/>
        <line num="19" count="3" type="stmt"/>
        <line num="20" count="3" type="stmt"/>
        <line num="24" count="9" type="stmt"/>
        <line num="25" count="1" type="stmt"/>
        <line num="26" count="1" type="stmt"/>
        <line num="27" count="1" type="stmt"/>
        <line num="30" count="9" type="stmt"/>
        <line num="32" count="9" type="stmt"/>
        <line num="33" count="0" type="cond" truecount="0" falsecount="2"/>
        <line num="35" count="0" type="stmt"/>
        <line num="36" count="0" type="stmt"/>
        <line num="38" count="0" type="stmt"/>
        <line num="39" count="0" type="stmt"/>
        <line num="43" count="9" type="stmt"/>
        <line num="44" count="1" type="cond" truecount="4" falsecount="1"/>
        <line num="45" count="1" type="stmt"/>
        <line num="46" count="1" type="stmt"/>
        <line num="47" count="1" type="stmt"/>
        <line num="48" count="1" type="stmt"/>
        <line num="51" count="9" type="stmt"/>
        <line num="52" count="1" type="stmt"/>
        <line num="53" count="1" type="stmt"/>
        <line num="56" count="9" type="stmt"/>
        <line num="58" count="1" type="stmt"/>
        <line num="59" count="1" type="stmt"/>
        <line num="60" count="1" type="stmt"/>
        <line num="63" count="9" type="stmt"/>
        <line num="65" count="0" type="stmt"/>
        <line num="66" count="0" type="stmt"/>
        <line num="69" count="9" type="stmt"/>
      </file>
      <file name="style.js" path="C:\Users\khi_h\Desktop\Projets\JoudEnglishApp\src\components\setting\SecuritySettings\style.js">
        <metrics statements="0" coveredstatements="0" conditionals="0" coveredconditionals="0" methods="0" coveredmethods="0"/>
      </file>
    </package>
    <package name="components.ui.Button">
      <metrics statements="53" coveredstatements="51" conditionals="91" coveredconditionals="78" methods="22" coveredmethods="22"/>
      <file name="BasePressable.js" path="C:\Users\khi_h\Desktop\Projets\JoudEnglishApp\src\components\ui\Button\BasePressable.js">
        <metrics statements="2" coveredstatements="2" conditionals="0" coveredconditionals="0" methods="1" coveredmethods="1"/>
        <line num="14" count="5" type="stmt"/>
        <line num="30" count="1" type="stmt"/>
      </file>
      <file name="ButtonIcon.js" path="C:\Users\khi_h\Desktop\Projets\JoudEnglishApp\src\components\ui\Button\ButtonIcon.js">
        <metrics statements="9" coveredstatements="9" conditionals="6" coveredconditionals="6" methods="3" coveredmethods="3"/>
        <line num="8" count="2" type="cond" truecount="2" falsecount="0"/>
        <line num="9" count="1" type="stmt"/>
        <line num="16" count="2" type="stmt"/>
        <line num="23" count="2" type="cond" truecount="2" falsecount="0"/>
        <line num="24" count="1" type="stmt"/>
        <line num="31" count="2" type="stmt"/>
        <line num="38" count="2" type="cond" truecount="2" falsecount="0"/>
        <line num="39" count="1" type="stmt"/>
        <line num="42" count="2" type="stmt"/>
      </file>
      <file name="ButtonLabel.js" path="C:\Users\khi_h\Desktop\Projets\JoudEnglishApp\src\components\ui\Button\ButtonLabel.js">
        <metrics statements="3" coveredstatements="3" conditionals="4" coveredconditionals="3" methods="1" coveredmethods="1"/>
        <line num="13" count="8" type="cond" truecount="1" falsecount="1"/>
        <line num="14" count="8" type="stmt"/>
        <line num="30" count="2" type="stmt"/>
      </file>
      <file name="ButtonSpinner.js" path="C:\Users\khi_h\Desktop\Projets\JoudEnglishApp\src\components\ui\Button\ButtonSpinner.js">
        <metrics statements="2" coveredstatements="2" conditionals="0" coveredconditionals="0" methods="1" coveredmethods="1"/>
        <line num="6" count="2" type="stmt"/>
        <line num="11" count="2" type="stmt"/>
      </file>
      <file name="index.js" path="C:\Users\khi_h\Desktop\Projets\JoudEnglishApp\src\components\ui\Button\index.js">
        <metrics statements="12" coveredstatements="10" conditionals="33" coveredconditionals="23" methods="3" coveredmethods="3"/>
        <line num="16" count="1" type="stmt"/>
        <line num="18" count="5" type="cond" truecount="1" falsecount="1"/>
        <line num="19" count="5" type="stmt"/>
        <line num="23" count="0" type="stmt"/>
        <line num="33" count="0" type="cond" truecount="0" falsecount="2"/>
        <line num="40" count="1" type="stmt"/>
        <line num="61" count="5" type="stmt"/>
        <line num="64" count="5" type="stmt"/>
        <line num="65" count="5" type="stmt"/>
        <line num="68" count="5" type="stmt"/>
        <line num="70" count="5" type="stmt"/>
        <line num="119" count="1" type="stmt"/>
      </file>
      <file name="style.js" path="C:\Users\khi_h\Desktop\Projets\JoudEnglishApp\src\components\ui\Button\style.js">
        <metrics statements="1" coveredstatements="1" conditionals="0" coveredconditionals="0" methods="0" coveredmethods="0"/>
        <line num="4" count="4" type="stmt"/>
      </file>
      <file name="useButtonStyles.js" path="C:\Users\khi_h\Desktop\Projets\JoudEnglishApp\src\components\ui\Button\useButtonStyles.js">
        <metrics statements="24" coveredstatements="24" conditionals="48" coveredconditionals="46" methods="13" coveredmethods="13"/>
        <line num="4" count="2" type="stmt"/>
        <line num="14" count="2" type="stmt"/>
        <line num="21" count="2" type="stmt"/>
        <line num="43" count="4" type="stmt"/>
        <line num="58" count="2" type="stmt"/>
        <line num="73" count="2" type="stmt"/>
        <line num="87" count="5" type="stmt"/>
        <line num="101" count="25" type="stmt"/>
        <line num="115" count="2" type="stmt"/>
        <line num="116" count="38" type="cond" truecount="2" falsecount="0"/>
        <line num="119" count="2" type="stmt"/>
        <line num="120" count="38" type="stmt"/>
        <line num="121" count="4" type="stmt"/>
        <line num="122" count="2" type="stmt"/>
        <line num="123" count="2" type="stmt"/>
        <line num="124" count="5" type="cond" truecount="1" falsecount="1"/>
        <line num="125" count="25" type="stmt"/>
        <line num="128" count="38" type="cond" truecount="1" falsecount="1"/>
        <line num="140" count="38" type="cond" truecount="2" falsecount="0"/>
        <line num="141" count="38" type="stmt"/>
        <line num="142" count="38" type="stmt"/>
        <line num="144" count="38" type="cond" truecount="5" falsecount="0"/>
        <line num="145" count="38" type="cond" truecount="2" falsecount="0"/>
        <line num="147" count="38" type="stmt"/>
      </file>
    </package>
    <package name="components.ui.Card">
      <metrics statements="48" coveredstatements="47" conditionals="102" coveredconditionals="85" methods="10" coveredmethods="10"/>
      <file name="index.js" path="C:\Users\khi_h\Desktop\Projets\JoudEnglishApp\src\components\ui\Card\index.js">
        <metrics statements="47" coveredstatements="46" conditionals="102" coveredconditionals="85" methods="10" coveredmethods="10"/>
        <line num="11" count="3" type="stmt"/>
        <line num="12" count="25" type="cond" truecount="2" falsecount="0"/>
        <line num="13" count="1" type="stmt"/>
        <line num="27" count="3" type="stmt"/>
        <line num="35" count="3" type="stmt"/>
        <line num="48" count="25" type="stmt"/>
        <line num="77" count="3" type="stmt"/>
        <line num="92" count="3" type="stmt"/>
        <line num="93" count="25" type="cond" truecount="2" falsecount="0"/>
        <line num="94" count="1" type="stmt"/>
        <line num="98" count="3" type="stmt"/>
        <line num="104" count="3" type="stmt"/>
        <line num="105" count="25" type="cond" truecount="2" falsecount="0"/>
        <line num="106" count="1" type="stmt"/>
        <line num="110" count="3" type="stmt"/>
        <line num="117" count="3" type="stmt"/>
        <line num="118" count="13" type="cond" truecount="2" falsecount="0"/>
        <line num="120" count="1" type="cond" truecount="1" falsecount="1"/>
        <line num="121" count="1" type="stmt"/>
        <line num="132" count="0" type="stmt"/>
        <line num="143" count="3" type="stmt"/>
        <line num="151" count="3" type="stmt"/>
        <line num="152" count="13" type="cond" truecount="1" falsecount="1"/>
        <line num="154" count="13" type="stmt"/>
        <line num="186" count="3" type="stmt"/>
        <line num="199" count="3" type="stmt"/>
        <line num="200" count="13" type="stmt"/>
        <line num="215" count="3" type="stmt"/>
        <line num="223" count="3" type="stmt"/>
        <line num="224" count="25" type="stmt"/>
        <line num="226" count="25" type="cond" truecount="2" falsecount="0"/>
        <line num="228" count="13" type="stmt"/>
        <line num="281" count="3" type="stmt"/>
        <line num="316" count="1" type="cond" truecount="1" falsecount="0"/>
        <line num="338" count="25" type="stmt"/>
        <line num="339" count="25" type="cond" truecount="2" falsecount="0"/>
        <line num="342" count="25" type="cond" truecount="2" falsecount="0"/>
        <line num="345" count="25" type="cond" truecount="2" falsecount="0"/>
        <line num="348" count="25" type="cond" truecount="2" falsecount="0"/>
        <line num="351" count="25" type="stmt"/>
        <line num="352" count="25" type="cond" truecount="2" falsecount="0"/>
        <line num="353" count="25" type="cond" truecount="2" falsecount="0"/>
        <line num="356" count="25" type="cond" truecount="5" falsecount="0"/>
        <line num="359" count="25" type="stmt"/>
        <line num="362" count="25" type="stmt"/>
        <line num="382" count="25" type="stmt"/>
        <line num="422" count="3" type="stmt"/>
      </file>
      <file name="style.js" path="C:\Users\khi_h\Desktop\Projets\JoudEnglishApp\src\components\ui\Card\style.js">
        <metrics statements="1" coveredstatements="1" conditionals="0" coveredconditionals="0" methods="0" coveredmethods="0"/>
        <line num="4" count="2" type="stmt"/>
      </file>
    </package>
    <package name="components.ui.ContentSection">
      <metrics statements="8" coveredstatements="8" conditionals="19" coveredconditionals="13" methods="2" coveredmethods="2"/>
      <file name="index.js" path="C:\Users\khi_h\Desktop\Projets\JoudEnglishApp\src\components\ui\ContentSection\index.js">
        <metrics statements="6" coveredstatements="6" conditionals="15" coveredconditionals="10" methods="1" coveredmethods="1"/>
        <line num="20" count="1" type="stmt"/>
        <line num="30" count="6" type="stmt"/>
        <line num="33" count="6" type="cond" truecount="4" falsecount="0"/>
        <line num="35" count="5" type="stmt"/>
        <line num="63" count="1" type="stmt"/>
        <line num="75" count="1" type="stmt"/>
      </file>
      <file name="style.js" path="C:\Users\khi_h\Desktop\Projets\JoudEnglishApp\src\components\ui\ContentSection\style.js">
        <metrics statements="2" coveredstatements="2" conditionals="4" coveredconditionals="3" methods="1" coveredmethods="1"/>
        <line num="8" count="1" type="stmt"/>
        <line num="9" count="6" type="stmt"/>
      </file>
    </package>
    <package name="components.ui.HeroCard">
      <metrics statements="8" coveredstatements="8" conditionals="15" coveredconditionals="9" methods="2" coveredmethods="2"/>
      <file name="index.js" path="C:\Users\khi_h\Desktop\Projets\JoudEnglishApp\src\components\ui\HeroCard\index.js">
        <metrics statements="6" coveredstatements="6" conditionals="14" coveredconditionals="9" methods="1" coveredmethods="1"/>
        <line num="23" count="1" type="stmt"/>
        <line num="33" count="9" type="stmt"/>
        <line num="36" count="9" type="cond" truecount="2" falsecount="0"/>
        <line num="38" count="9" type="stmt"/>
        <line num="83" count="1" type="stmt"/>
        <line num="95" count="1" type="stmt"/>
      </file>
      <file name="style.js" path="C:\Users\khi_h\Desktop\Projets\JoudEnglishApp\src\components\ui\HeroCard\style.js">
        <metrics statements="2" coveredstatements="2" conditionals="1" coveredconditionals="0" methods="1" coveredmethods="1"/>
        <line num="11" count="1" type="cond" truecount="0" falsecount="1"/>
        <line num="12" count="9" type="stmt"/>
      </file>
    </package>
    <package name="components.ui.Modal">
      <metrics statements="50" coveredstatements="46" conditionals="62" coveredconditionals="46" methods="14" coveredmethods="13"/>
      <file name="ModalBackdrop.js" path="C:\Users\khi_h\Desktop\Projets\JoudEnglishApp\src\components\ui\Modal\ModalBackdrop.js">
        <metrics statements="2" coveredstatements="2" conditionals="0" coveredconditionals="0" methods="1" coveredmethods="1"/>
        <line num="8" count="9" type="stmt"/>
        <line num="15" count="1" type="stmt"/>
      </file>
      <file name="ModalBody.js" path="C:\Users\khi_h\Desktop\Projets\JoudEnglishApp\src\components\ui\Modal\ModalBody.js">
        <metrics statements="4" coveredstatements="4" conditionals="2" coveredconditionals="2" methods="1" coveredmethods="1"/>
        <line num="8" count="9" type="cond" truecount="2" falsecount="0"/>
        <line num="9" count="1" type="stmt"/>
        <line num="20" count="8" type="stmt"/>
        <line num="23" count="1" type="stmt"/>
      </file>
      <file name="ModalFooter.js" path="C:\Users\khi_h\Desktop\Projets\JoudEnglishApp\src\components\ui\Modal\ModalFooter.js">
        <metrics statements="3" coveredstatements="3" conditionals="2" coveredconditionals="2" methods="1" coveredmethods="1"/>
        <line num="8" count="9" type="cond" truecount="2" falsecount="0"/>
        <line num="9" count="1" type="stmt"/>
        <line num="12" count="1" type="stmt"/>
      </file>
      <file name="ModalHeader.js" path="C:\Users\khi_h\Desktop\Projets\JoudEnglishApp\src\components\ui\Modal\ModalHeader.js">
        <metrics statements="3" coveredstatements="3" conditionals="6" coveredconditionals="5" methods="1" coveredmethods="1"/>
        <line num="9" count="9" type="cond" truecount="3" falsecount="1"/>
        <line num="10" count="9" type="stmt"/>
        <line num="28" count="1" type="stmt"/>
      </file>
      <file name="index.js" path="C:\Users\khi_h\Desktop\Projets\JoudEnglishApp\src\components\ui\Modal\index.js">
        <metrics statements="27" coveredstatements="24" conditionals="38" coveredconditionals="25" methods="7" coveredmethods="6"/>
        <line num="22" count="1" type="stmt"/>
        <line num="46" count="10" type="stmt"/>
        <line num="49" count="10" type="stmt"/>
        <line num="50" count="2" type="cond" truecount="4" falsecount="0"/>
        <line num="51" count="1" type="stmt"/>
        <line num="56" count="10" type="stmt"/>
        <line num="57" count="10" type="cond" truecount="1" falsecount="1"/>
        <line num="58" count="10" type="cond" truecount="1" falsecount="1"/>
        <line num="60" count="10" type="stmt"/>
        <line num="61" count="10" type="cond" truecount="2" falsecount="2"/>
        <line num="64" count="0" type="stmt"/>
        <line num="67" count="10" type="stmt"/>
        <line num="72" count="10" type="stmt"/>
        <line num="73" count="10" type="cond" truecount="1" falsecount="1"/>
        <line num="74" count="10" type="cond" truecount="1" falsecount="1"/>
        <line num="75" count="10" type="stmt"/>
        <line num="79" count="10" type="stmt"/>
        <line num="80" count="10" type="cond" truecount="2" falsecount="2"/>
        <line num="82" count="0" type="stmt"/>
        <line num="84" count="0" type="stmt"/>
        <line num="87" count="10" type="stmt"/>
        <line num="92" count="10" type="stmt"/>
        <line num="95" count="10" type="stmt"/>
        <line num="97" count="10" type="stmt"/>
        <line num="119" count="10" type="cond" truecount="1" falsecount="1"/>
        <line num="131" count="10" type="stmt"/>
        <line num="149" count="1" type="stmt"/>
      </file>
      <file name="useModalAnimation.js" path="C:\Users\khi_h\Desktop\Projets\JoudEnglishApp\src\components\ui\Modal\useModalAnimation.js">
        <metrics statements="11" coveredstatements="10" conditionals="14" coveredconditionals="12" methods="3" coveredmethods="3"/>
        <line num="6" count="15" type="stmt"/>
        <line num="8" count="15" type="stmt"/>
        <line num="9" count="15" type="cond" truecount="4" falsecount="0"/>
        <line num="10" count="5" type="stmt"/>
        <line num="18" count="15" type="stmt"/>
        <line num="19" count="13" type="cond" truecount="4" falsecount="0"/>
        <line num="21" count="3" type="cond" truecount="2" falsecount="2"/>
        <line num="23" count="0" type="stmt"/>
        <line num="31" count="2" type="stmt"/>
        <line num="40" count="1" type="stmt"/>
        <line num="51" count="15" type="stmt"/>
      </file>
    </package>
    <package name="components.ui.ProgressBar">
      <metrics statements="37" coveredstatements="37" conditionals="35" coveredconditionals="27" methods="14" coveredmethods="14"/>
      <file name="ProgressFill.js" path="C:\Users\khi_h\Desktop\Projets\JoudEnglishApp\src\components\ui\ProgressBar\ProgressFill.js">
        <metrics statements="2" coveredstatements="2" conditionals="0" coveredconditionals="0" methods="1" coveredmethods="1"/>
        <line num="6" count="23" type="stmt"/>
        <line num="20" count="4" type="stmt"/>
      </file>
      <file name="ProgressTrack.js" path="C:\Users\khi_h\Desktop\Projets\JoudEnglishApp\src\components\ui\ProgressBar\ProgressTrack.js">
        <metrics statements="2" coveredstatements="2" conditionals="0" coveredconditionals="0" methods="1" coveredmethods="1"/>
        <line num="6" count="23" type="stmt"/>
        <line num="9" count="4" type="stmt"/>
      </file>
      <file name="index.js" path="C:\Users\khi_h\Desktop\Projets\JoudEnglishApp\src\components\ui\ProgressBar\index.js">
        <metrics statements="21" coveredstatements="21" conditionals="28" coveredconditionals="25" methods="7" coveredmethods="7"/>
        <line num="16" count="4" type="stmt"/>
        <line num="30" count="1" type="cond" truecount="1" falsecount="0"/>
        <line num="31" count="23" type="cond" truecount="1" falsecount="0"/>
        <line num="34" count="23" type="stmt"/>
        <line num="36" count="23" type="cond" truecount="2" falsecount="0"/>
        <line num="37" count="23" type="stmt"/>
        <line num="44" count="23" type="stmt"/>
        <line num="45" count="23" type="cond" truecount="2" falsecount="0"/>
        <line num="46" count="1" type="stmt"/>
        <line num="50" count="23" type="stmt"/>
        <line num="51" count="23" type="cond" truecount="2" falsecount="0"/>
        <line num="52" count="2" type="stmt"/>
        <line num="53" count="2" type="stmt"/>
        <line num="59" count="23" type="stmt"/>
        <line num="60" count="23" type="cond" truecount="2" falsecount="0"/>
        <line num="61" count="2" type="stmt"/>
        <line num="69" count="23" type="stmt"/>
        <line num="70" count="23" type="cond" truecount="1" falsecount="1"/>
        <line num="71" count="23" type="stmt"/>
        <line num="82" count="23" type="stmt"/>
        <line num="111" count="4" type="stmt"/>
      </file>
      <file name="style.js" path="C:\Users\khi_h\Desktop\Projets\JoudEnglishApp\src\components\ui\ProgressBar\style.js">
        <metrics statements="2" coveredstatements="2" conditionals="2" coveredconditionals="0" methods="1" coveredmethods="1"/>
        <line num="9" count="4" type="cond" truecount="0" falsecount="2"/>
        <line num="10" count="23" type="stmt"/>
      </file>
      <file name="useProgressAnimation.js" path="C:\Users\khi_h\Desktop\Projets\JoudEnglishApp\src\components\ui\ProgressBar\useProgressAnimation.js">
        <metrics statements="10" coveredstatements="10" conditionals="5" coveredconditionals="2" methods="4" coveredmethods="4"/>
        <line num="11" count="23" type="stmt"/>
        <line num="12" count="23" type="stmt"/>
        <line num="15" count="23" type="stmt"/>
        <line num="17" count="22" type="stmt"/>
        <line num="24" count="1" type="stmt"/>
        <line num="28" count="23" type="stmt"/>
        <line num="30" count="23" type="cond" truecount="2" falsecount="0"/>
        <line num="33" count="23" type="stmt"/>
        <line num="36" count="23" type="stmt"/>
        <line num="41" count="23" type="stmt"/>
      </file>
    </package>
    <package name="components.ui.ProgressCard">
      <metrics statements="27" coveredstatements="26" conditionals="57" coveredconditionals="44" methods="11" coveredmethods="11"/>
      <file name="index.js" path="C:\Users\khi_h\Desktop\Projets\JoudEnglishApp\src\components\ui\ProgressCard\index.js">
        <metrics statements="25" coveredstatements="24" conditionals="56" coveredconditionals="44" methods="10" coveredmethods="10"/>
        <line num="16" count="1" type="stmt"/>
        <line num="29" count="7" type="stmt"/>
        <line num="32" count="7" type="stmt"/>
        <line num="33" count="1" type="cond" truecount="1" falsecount="1"/>
        <line num="34" count="1" type="stmt"/>
        <line num="50" count="0" type="stmt"/>
        <line num="55" count="7" type="stmt"/>
        <line num="56" count="2" type="cond" truecount="2" falsecount="0"/>
        <line num="57" count="1" type="stmt"/>
        <line num="58" count="1" type="stmt"/>
        <line num="61" count="7" type="stmt"/>
        <line num="64" count="7" type="stmt"/>
        <line num="65" count="7" type="stmt"/>
        <line num="90" count="7" type="stmt"/>
        <line num="91" count="7" type="stmt"/>
        <line num="105" count="7" type="stmt"/>
        <line num="106" count="7" type="cond" truecount="4" falsecount="0"/>
        <line num="121" count="7" type="stmt"/>
        <line num="155" count="1" type="stmt"/>
        <line num="156" count="2" type="cond" truecount="3" falsecount="1"/>
        <line num="158" count="2" type="stmt"/>
        <line num="161" count="2" type="cond" truecount="3" falsecount="1"/>
        <line num="163" count="2" type="stmt"/>
        <line num="201" count="1" type="stmt"/>
        <line num="222" count="1" type="stmt"/>
      </file>
      <file name="style.js" path="C:\Users\khi_h\Desktop\Projets\JoudEnglishApp\src\components\ui\ProgressCard\style.js">
        <metrics statements="2" coveredstatements="2" conditionals="1" coveredconditionals="0" methods="1" coveredmethods="1"/>
        <line num="10" count="1" type="cond" truecount="0" falsecount="1"/>
        <line num="11" count="7" type="stmt"/>
      </file>
    </package>
    <package name="components.ui.RevealButton">
      <metrics statements="19" coveredstatements="19" conditionals="11" coveredconditionals="4" methods="7" coveredmethods="7"/>
      <file name="index.js" path="C:\Users\khi_h\Desktop\Projets\JoudEnglishApp\src\components\ui\RevealButton\index.js">
        <metrics statements="17" coveredstatements="17" conditionals="10" coveredconditionals="4" methods="6" coveredmethods="6"/>
        <line num="25" count="1" type="stmt"/>
        <line num="34" count="7" type="stmt"/>
        <line num="37" count="7" type="stmt"/>
        <line num="38" count="7" type="stmt"/>
        <line num="41" count="7" type="stmt"/>
        <line num="42" count="7" type="cond" truecount="2" falsecount="0"/>
        <line num="43" count="4" type="stmt"/>
        <line num="49" count="3" type="stmt"/>
        <line num="54" count="7" type="stmt"/>
        <line num="55" count="1" type="stmt"/>
        <line num="69" count="1" type="stmt"/>
        <line num="73" count="7" type="stmt"/>
        <line num="74" count="1" type="stmt"/>
        <line num="88" count="1" type="stmt"/>
        <line num="91" count="7" type="stmt"/>
        <line num="156" count="1" type="stmt"/>
        <line num="167" count="1" type="stmt"/>
      </file>
      <file name="style.js" path="C:\Users\khi_h\Desktop\Projets\JoudEnglishApp\src\components\ui\RevealButton\style.js">
        <metrics statements="2" coveredstatements="2" conditionals="1" coveredconditionals="0" methods="1" coveredmethods="1"/>
        <line num="11" count="1" type="cond" truecount="0" falsecount="1"/>
        <line num="12" count="7" type="stmt"/>
      </file>
    </package>
    <package name="contexts">
      <metrics statements="48" coveredstatements="3" conditionals="22" coveredconditionals="0" methods="17" coveredmethods="0"/>
      <file name="ThemeContext.js" path="C:\Users\khi_h\Desktop\Projets\JoudEnglishApp\src\contexts\ThemeContext.js">
        <metrics statements="48" coveredstatements="3" conditionals="22" coveredconditionals="0" methods="17" coveredmethods="0"/>
        <line num="9" count="3" type="stmt"/>
        <line num="14" count="3" type="stmt"/>
        <line num="16" count="0" type="stmt"/>
        <line num="17" count="0" type="stmt"/>
        <line num="18" count="0" type="stmt"/>
        <line num="21" count="0" type="stmt"/>
        <line num="22" count="0" type="cond" truecount="0" falsecount="2"/>
        <line num="28" count="0" type="stmt"/>
        <line num="29" count="0" type="stmt"/>
        <line num="31" count="0" type="stmt"/>
        <line num="32" count="0" type="stmt"/>
        <line num="33" count="0" type="stmt"/>
        <line num="34" count="0" type="cond" truecount="0" falsecount="2"/>
        <line num="35" count="0" type="cond" truecount="0" falsecount="2"/>
        <line num="36" count="0" type="stmt"/>
        <line num="38" count="0" type="stmt"/>
        <line num="41" count="0" type="stmt"/>
        <line num="42" count="0" type="cond" truecount="0" falsecount="2"/>
        <line num="43" count="0" type="stmt"/>
        <line num="48" count="0" type="stmt"/>
        <line num="50" count="0" type="stmt"/>
        <line num="51" count="0" type="stmt"/>
        <line num="56" count="0" type="stmt"/>
        <line num="57" count="0" type="stmt"/>
        <line num="59" count="0" type="cond" truecount="0" falsecount="2"/>
        <line num="61" count="0" type="stmt"/>
        <line num="62" count="0" type="stmt"/>
        <line num="66" count="0" type="stmt"/>
        <line num="67" count="0" type="cond" truecount="0" falsecount="2"/>
        <line num="68" count="0" type="stmt"/>
        <line num="74" count="0" type="stmt"/>
        <line num="75" count="0" type="stmt"/>
        <line num="78" count="0" type="stmt"/>
        <line num="79" count="0" type="cond" truecount="0" falsecount="2"/>
        <line num="80" count="0" type="cond" truecount="0" falsecount="2"/>
        <line num="82" count="0" type="cond" truecount="0" falsecount="2"/>
        <line num="86" count="0" type="stmt"/>
        <line num="87" count="0" type="stmt"/>
        <line num="91" count="0" type="stmt"/>
        <line num="92" count="0" type="cond" truecount="0" falsecount="2"/>
        <line num="136" count="0" type="stmt"/>
        <line num="146" count="0" type="stmt"/>
        <line num="171" count="0" type="stmt"/>
        <line num="180" count="0" type="stmt"/>
        <line num="181" count="0" type="cond" truecount="0" falsecount="2"/>
        <line num="231" count="0" type="stmt"/>
        <line num="257" count="0" type="stmt"/>
        <line num="266" count="3" type="stmt"/>
      </file>
    </package>
    <package name="hooks">
      <metrics statements="37" coveredstatements="2" conditionals="13" coveredconditionals="0" methods="9" coveredmethods="0"/>
      <file name="useRevisionSettings.js" path="C:\Users\khi_h\Desktop\Projets\JoudEnglishApp\src\hooks\useRevisionSettings.js">
        <metrics statements="37" coveredstatements="2" conditionals="13" coveredconditionals="0" methods="9" coveredmethods="0"/>
        <line num="6" count="1" type="stmt"/>
        <line num="8" count="1" type="stmt"/>
        <line num="9" count="0" type="stmt"/>
        <line num="15" count="0" type="stmt"/>
        <line num="18" count="0" type="cond" truecount="0" falsecount="1"/>
        <line num="19" count="0" type="stmt"/>
        <line num="20" count="0" type="stmt"/>
        <line num="23" count="0" type="stmt"/>
        <line num="24" count="0" type="stmt"/>
        <line num="25" count="0" type="stmt"/>
        <line num="26" count="0" type="cond" truecount="0" falsecount="2"/>
        <line num="27" count="0" type="stmt"/>
        <line num="28" count="0" type="stmt"/>
        <line num="37" count="0" type="stmt"/>
        <line num="40" count="0" type="stmt"/>
        <line num="45" count="0" type="stmt"/>
        <line num="46" count="0" type="stmt"/>
        <line num="50" count="0" type="stmt"/>
        <line num="51" count="0" type="stmt"/>
        <line num="52" count="0" type="stmt"/>
        <line num="53" count="0" type="stmt"/>
        <line num="54" count="0" type="stmt"/>
        <line num="57" count="0" type="stmt"/>
        <line num="58" count="0" type="stmt"/>
        <line num="61" count="0" type="stmt"/>
        <line num="63" count="0" type="stmt"/>
        <line num="66" count="0" type="stmt"/>
        <line num="71" count="0" type="cond" truecount="0" falsecount="2"/>
        <line num="72" count="0" type="stmt"/>
        <line num="80" count="0" type="stmt"/>
        <line num="81" count="0" type="stmt"/>
        <line num="84" count="0" type="stmt"/>
        <line num="85" count="0" type="stmt"/>
        <line num="91" count="0" type="stmt"/>
        <line num="92" count="0" type="stmt"/>
        <line num="93" count="0" type="stmt"/>
        <line num="96" count="0" type="stmt"/>
      </file>
    </package>
    <package name="utils">
      <metrics statements="235" coveredstatements="43" conditionals="118" coveredconditionals="0" methods="42" coveredmethods="1"/>
      <file name="constants.js" path="C:\Users\khi_h\Desktop\Projets\JoudEnglishApp\src\utils\constants.js">
        <metrics statements="10" coveredstatements="10" conditionals="0" coveredconditionals="0" methods="0" coveredmethods="0"/>
        <line num="4" count="3" type="stmt"/>
        <line num="15" count="3" type="stmt"/>
        <line num="83" count="3" type="stmt"/>
        <line num="84" count="3" type="stmt"/>
        <line num="87" count="3" type="stmt"/>
        <line num="88" count="3" type="stmt"/>
        <line num="91" count="3" type="stmt"/>
        <line num="93" count="3" type="stmt"/>
        <line num="109" count="3" type="stmt"/>
        <line num="117" count="3" type="stmt"/>
      </file>
      <file name="storageUtils.js" path="C:\Users\khi_h\Desktop\Projets\JoudEnglishApp\src\utils\storageUtils.js">
        <metrics statements="153" coveredstatements="14" conditionals="71" coveredconditionals="0" methods="25" coveredmethods="0"/>
        <line num="17" count="3" type="stmt"/>
        <line num="18" count="0" type="stmt"/>
        <line num="19" count="0" type="stmt"/>
        <line num="20" count="0" type="stmt"/>
        <line num="21" count="0" type="stmt"/>
        <line num="22" count="0" type="stmt"/>
        <line num="24" count="0" type="stmt"/>
        <line num="25" count="0" type="stmt"/>
        <line num="35" count="3" type="stmt"/>
        <line num="36" count="0" type="stmt"/>
        <line num="38" count="0" type="cond" truecount="0" falsecount="4"/>
        <line num="39" count="0" type="stmt"/>
        <line num="40" count="0" type="stmt"/>
        <line num="43" count="0" type="stmt"/>
        <line num="44" count="0" type="stmt"/>
        <line num="45" count="0" type="stmt"/>
        <line num="47" count="0" type="stmt"/>
        <line num="48" count="0" type="stmt"/>
        <line num="57" count="3" type="stmt"/>
        <line num="58" count="0" type="stmt"/>
        <line num="59" count="0" type="stmt"/>
        <line num="60" count="0" type="cond" truecount="0" falsecount="2"/>
        <line num="62" count="0" type="stmt"/>
        <line num="63" count="0" type="stmt"/>
        <line num="72" count="3" type="stmt"/>
        <line num="73" count="0" type="stmt"/>
        <line num="74" count="0" type="stmt"/>
        <line num="75" count="0" type="stmt"/>
        <line num="77" count="0" type="stmt"/>
        <line num="78" count="0" type="stmt"/>
        <line num="87" count="3" type="stmt"/>
        <line num="88" count="0" type="stmt"/>
        <line num="89" count="0" type="stmt"/>
        <line num="90" count="0" type="stmt"/>
        <line num="91" count="0" type="cond" truecount="0" falsecount="2"/>
        <line num="92" count="0" type="stmt"/>
        <line num="95" count="0" type="stmt"/>
        <line num="96" count="0" type="stmt"/>
        <line num="104" count="3" type="stmt"/>
        <line num="105" count="0" type="stmt"/>
        <line num="106" count="0" type="stmt"/>
        <line num="107" count="0" type="stmt"/>
        <line num="109" count="0" type="stmt"/>
        <line num="110" count="0" type="stmt"/>
        <line num="119" count="3" type="stmt"/>
        <line num="120" count="0" type="cond" truecount="0" falsecount="4"/>
        <line num="122" count="0" type="stmt"/>
        <line num="123" count="0" type="cond" truecount="0" falsecount="2"/>
        <line num="124" count="0" type="stmt"/>
        <line num="126" count="0" type="cond" truecount="0" falsecount="3"/>
        <line num="132" count="3" type="stmt"/>
        <line num="133" count="0" type="cond" truecount="0" falsecount="2"/>
        <line num="134" count="0" type="stmt"/>
        <line num="137" count="0" type="stmt"/>
        <line num="139" count="0" type="cond" truecount="0" falsecount="4"/>
        <line num="140" count="0" type="cond" truecount="0" falsecount="4"/>
        <line num="141" count="0" type="cond" truecount="0" falsecount="2"/>
        <line num="142" count="0" type="cond" truecount="0" falsecount="2"/>
        <line num="143" count="0" type="stmt"/>
        <line num="146" count="0" type="stmt"/>
        <line num="147" count="0" type="cond" truecount="0" falsecount="4"/>
        <line num="148" count="0" type="stmt"/>
        <line num="153" count="0" type="stmt"/>
        <line num="163" count="3" type="stmt"/>
        <line num="164" count="0" type="stmt"/>
        <line num="170" count="3" type="cond" truecount="0" falsecount="1"/>
        <line num="171" count="0" type="stmt"/>
        <line num="172" count="0" type="cond" truecount="0" falsecount="2"/>
        <line num="173" count="0" type="stmt"/>
        <line num="176" count="0" type="stmt"/>
        <line num="177" count="0" type="stmt"/>
        <line num="178" count="0" type="cond" truecount="0" falsecount="2"/>
        <line num="179" count="0" type="stmt"/>
        <line num="182" count="0" type="stmt"/>
        <line num="183" count="0" type="stmt"/>
        <line num="185" count="0" type="cond" truecount="0" falsecount="2"/>
        <line num="186" count="0" type="stmt"/>
        <line num="189" count="0" type="stmt"/>
        <line num="192" count="0" type="stmt"/>
        <line num="194" count="0" type="cond" truecount="0" falsecount="2"/>
        <line num="195" count="0" type="stmt"/>
        <line num="196" count="0" type="cond" truecount="0" falsecount="2"/>
        <line num="197" count="0" type="stmt"/>
        <line num="198" count="0" type="stmt"/>
        <line num="202" count="0" type="stmt"/>
        <line num="209" count="3" type="cond" truecount="0" falsecount="1"/>
        <line num="210" count="0" type="stmt"/>
        <line num="211" count="0" type="cond" truecount="0" falsecount="2"/>
        <line num="212" count="0" type="stmt"/>
        <line num="215" count="0" type="stmt"/>
        <line num="216" count="0" type="stmt"/>
        <line num="217" count="0" type="stmt"/>
        <line num="219" count="0" type="stmt"/>
        <line num="220" count="0" type="stmt"/>
        <line num="227" count="3" type="stmt"/>
        <line num="228" count="0" type="stmt"/>
        <line num="234" count="3" type="stmt"/>
        <line num="235" count="0" type="stmt"/>
        <line num="236" count="0" type="cond" truecount="0" falsecount="2"/>
        <line num="237" count="0" type="stmt"/>
        <line num="241" count="0" type="stmt"/>
        <line num="242" count="0" type="cond" truecount="0" falsecount="2"/>
        <line num="245" count="0" type="stmt"/>
        <line num="246" count="0" type="stmt"/>
        <line num="247" count="0" type="stmt"/>
        <line num="248" count="0" type="stmt"/>
        <line num="249" count="0" type="stmt"/>
        <line num="251" count="0" type="stmt"/>
        <line num="260" count="0" type="stmt"/>
        <line num="272" count="3" type="stmt"/>
        <line num="285" count="0" type="stmt"/>
        <line num="290" count="0" type="stmt"/>
        <line num="295" count="0" type="stmt"/>
        <line num="300" count="0" type="stmt"/>
        <line num="305" count="0" type="stmt"/>
        <line num="306" count="0" type="cond" truecount="0" falsecount="2"/>
        <line num="308" count="0" type="stmt"/>
        <line num="314" count="0" type="stmt"/>
        <line num="315" count="0" type="stmt"/>
        <line num="317" count="0" type="stmt"/>
        <line num="318" count="0" type="stmt"/>
        <line num="324" count="0" type="stmt"/>
        <line num="325" count="0" type="cond" truecount="0" falsecount="2"/>
        <line num="326" count="0" type="stmt"/>
        <line num="328" count="0" type="stmt"/>
        <line num="329" count="0" type="stmt"/>
        <line num="335" count="0" type="stmt"/>
        <line num="336" count="0" type="cond" truecount="0" falsecount="2"/>
        <line num="342" count="0" type="stmt"/>
        <line num="343" count="0" type="stmt"/>
        <line num="345" count="0" type="cond" truecount="0" falsecount="2"/>
        <line num="346" count="0" type="stmt"/>
        <line num="347" count="0" type="stmt"/>
        <line num="348" count="0" type="stmt"/>
        <line num="350" count="0" type="stmt"/>
        <line num="351" count="0" type="stmt"/>
        <line num="353" count="0" type="cond" truecount="0" falsecount="2"/>
        <line num="354" count="0" type="stmt"/>
        <line num="355" count="0" type="stmt"/>
        <line num="356" count="0" type="stmt"/>
        <line num="357" count="0" type="cond" truecount="0" falsecount="2"/>
        <line num="360" count="0" type="stmt"/>
        <line num="361" count="0" type="stmt"/>
        <line num="365" count="0" type="stmt"/>
        <line num="366" count="0" type="stmt"/>
        <line num="368" count="0" type="stmt"/>
        <line num="369" count="0" type="stmt"/>
        <line num="375" count="0" type="stmt"/>
        <line num="376" count="0" type="cond" truecount="0" falsecount="2"/>
        <line num="381" count="0" type="stmt"/>
        <line num="383" count="0" type="stmt"/>
        <line num="384" count="0" type="stmt"/>
        <line num="394" count="0" type="stmt"/>
      </file>
      <file name="timeConstants.js" path="C:\Users\khi_h\Desktop\Projets\JoudEnglishApp\src\utils\timeConstants.js">
        <metrics statements="8" coveredstatements="8" conditionals="0" coveredconditionals="0" methods="1" coveredmethods="1"/>
        <line num="7" count="3" type="stmt"/>
        <line num="14" count="3" type="stmt"/>
        <line num="21" count="3" type="stmt"/>
        <line num="38" count="3" type="stmt"/>
        <line num="51" count="3" type="stmt"/>
        <line num="52" count="24" type="stmt"/>
        <line num="53" count="24" type="stmt"/>
        <line num="57" count="3" type="stmt"/>
      </file>
      <file name="timeUtils.js" path="C:\Users\khi_h\Desktop\Projets\JoudEnglishApp\src\utils\timeUtils.js">
        <metrics statements="64" coveredstatements="11" conditionals="47" coveredconditionals="0" methods="16" coveredmethods="0"/>
        <line num="13" count="3" type="stmt"/>
        <line num="14" count="0" type="stmt"/>
        <line num="28" count="3" type="stmt"/>
        <line num="29" count="0" type="cond" truecount="0" falsecount="4"/>
        <line num="30" count="0" type="stmt"/>
        <line num="33" count="0" type="stmt"/>
        <line num="36" count="0" type="stmt"/>
        <line num="37" count="0" type="stmt"/>
        <line num="39" count="0" type="cond" truecount="0" falsecount="2"/>
        <line num="40" count="0" type="stmt"/>
        <line num="42" count="0" type="stmt"/>
        <line num="46" count="0" type="stmt"/>
        <line num="54" count="3" type="stmt"/>
        <line num="55" count="0" type="cond" truecount="0" falsecount="4"/>
        <line num="56" count="0" type="stmt"/>
        <line num="59" count="0" type="stmt"/>
        <line num="60" count="0" type="stmt"/>
        <line num="68" count="3" type="stmt"/>
        <line num="69" count="0" type="cond" truecount="0" falsecount="2"/>
        <line num="70" count="0" type="stmt"/>
        <line num="73" count="0" type="stmt"/>
        <line num="81" count="3" type="stmt"/>
        <line num="82" count="0" type="cond" truecount="0" falsecount="5"/>
        <line num="83" count="0" type="stmt"/>
        <line num="86" count="0" type="stmt"/>
        <line num="94" count="3" type="stmt"/>
        <line num="95" count="0" type="cond" truecount="0" falsecount="2"/>
        <line num="96" count="0" type="stmt"/>
        <line num="99" count="0" type="stmt"/>
        <line num="100" count="0" type="stmt"/>
        <line num="102" count="0" type="cond" truecount="0" falsecount="2"/>
        <line num="103" count="0" type="stmt"/>
        <line num="106" count="0" type="cond" truecount="0" falsecount="2"/>
        <line num="107" count="0" type="stmt"/>
        <line num="110" count="0" type="stmt"/>
        <line num="118" count="3" type="stmt"/>
        <line num="119" count="0" type="cond" truecount="0" falsecount="2"/>
        <line num="120" count="0" type="stmt"/>
        <line num="123" count="0" type="stmt"/>
        <line num="124" count="0" type="stmt"/>
        <line num="126" count="0" type="stmt"/>
        <line num="134" count="3" type="stmt"/>
        <line num="135" count="0" type="cond" truecount="0" falsecount="4"/>
        <line num="136" count="0" type="stmt"/>
        <line num="140" count="0" type="stmt"/>
        <line num="141" count="0" type="stmt"/>
        <line num="142" count="0" type="cond" truecount="0" falsecount="2"/>
        <line num="145" count="0" type="stmt"/>
        <line num="153" count="3" type="stmt"/>
        <line num="154" count="0" type="cond" truecount="0" falsecount="2"/>
        <line num="155" count="0" type="stmt"/>
        <line num="158" count="0" type="stmt"/>
        <line num="166" count="3" type="stmt"/>
        <line num="167" count="0" type="cond" truecount="0" falsecount="2"/>
        <line num="168" count="0" type="stmt"/>
        <line num="171" count="0" type="stmt"/>
        <line num="172" count="0" type="stmt"/>
        <line num="173" count="0" type="stmt"/>
        <line num="183" count="3" type="cond" truecount="0" falsecount="1"/>
        <line num="184" count="0" type="cond" truecount="0" falsecount="4"/>
        <line num="185" count="0" type="stmt"/>
        <line num="188" count="0" type="cond" truecount="0" falsecount="2"/>
        <line num="189" count="0" type="stmt"/>
        <line num="191" count="0" type="stmt"/>
      </file>
    </package>
  </project>
</coverage>
