{"C:\\Users\\khi_h\\Desktop\\Projets\\JoudEnglishApp\\src\\components\\exercise-common\\CategorySelector\\index.js": {"path":"C:\\Users\\khi_h\\Desktop\\Projets\\JoudEnglishApp\\src\\components\\exercise-common\\CategorySelector\\index.js","statementMap":{"0":{"start":{"line":16,"column":25},"end":{"line":158,"column":1}},"1":{"start":{"line":22,"column":17},"end":{"line":22,"column":43}},"2":{"start":{"line":23,"column":23},"end":{"line":28,"column":3}},"3":{"start":{"line":24,"column":4},"end":{"line":27,"column":10}},"4":{"start":{"line":25,"column":6},"end":{"line":25,"column":86}},"5":{"start":{"line":26,"column":6},"end":{"line":26,"column":17}},"6":{"start":{"line":31,"column":27},"end":{"line":51,"column":3}},"7":{"start":{"line":33,"column":4},"end":{"line":39,"column":5}},"8":{"start":{"line":34,"column":6},"end":{"line":38,"column":17}},"9":{"start":{"line":42,"column":4},"end":{"line":48,"column":5}},"10":{"start":{"line":43,"column":6},"end":{"line":47,"column":17}},"11":{"start":{"line":50,"column":4},"end":{"line":50,"column":33}},"12":{"start":{"line":54,"column":30},"end":{"line":54,"column":113}},"13":{"start":{"line":54,"column":58},"end":{"line":54,"column":92}},"14":{"start":{"line":54,"column":64},"end":{"line":54,"column":92}},"15":{"start":{"line":57,"column":29},"end":{"line":136,"column":3}},"16":{"start":{"line":58,"column":23},"end":{"line":58,"column":55}},"17":{"start":{"line":59,"column":22},"end":{"line":59,"column":70}},"18":{"start":{"line":62,"column":18},"end":{"line":65,"column":6}},"19":{"start":{"line":67,"column":26},"end":{"line":70,"column":6}},"20":{"start":{"line":72,"column":24},"end":{"line":75,"column":6}},"21":{"start":{"line":77,"column":4},"end":{"line":135,"column":6}},"22":{"start":{"line":138,"column":2},"end":{"line":157,"column":4}},"23":{"start":{"line":153,"column":40},"end":{"line":153,"column":68}},"24":{"start":{"line":161,"column":0},"end":{"line":173,"column":2}},"25":{"start":{"line":176,"column":2},"end":{"line":180,"column":4}}},"fnMap":{"0":{"name":"(anonymous_0)","decl":{"start":{"line":16,"column":25},"end":{"line":16,"column":26}},"loc":{"start":{"line":21,"column":6},"end":{"line":158,"column":1}},"line":21},"1":{"name":"(anonymous_1)","decl":{"start":{"line":23,"column":32},"end":{"line":23,"column":33}},"loc":{"start":{"line":24,"column":4},"end":{"line":27,"column":10}},"line":24},"2":{"name":"(anonymous_2)","decl":{"start":{"line":24,"column":22},"end":{"line":24,"column":23}},"loc":{"start":{"line":24,"column":41},"end":{"line":27,"column":5}},"line":24},"3":{"name":"(anonymous_3)","decl":{"start":{"line":31,"column":27},"end":{"line":31,"column":28}},"loc":{"start":{"line":31,"column":43},"end":{"line":51,"column":3}},"line":31},"4":{"name":"(anonymous_4)","decl":{"start":{"line":54,"column":42},"end":{"line":54,"column":43}},"loc":{"start":{"line":54,"column":58},"end":{"line":54,"column":92}},"line":54},"5":{"name":"(anonymous_5)","decl":{"start":{"line":54,"column":58},"end":{"line":54,"column":59}},"loc":{"start":{"line":54,"column":64},"end":{"line":54,"column":92}},"line":54},"6":{"name":"(anonymous_6)","decl":{"start":{"line":57,"column":29},"end":{"line":57,"column":30}},"loc":{"start":{"line":57,"column":43},"end":{"line":136,"column":3}},"line":57},"7":{"name":"(anonymous_7)","decl":{"start":{"line":153,"column":26},"end":{"line":153,"column":27}},"loc":{"start":{"line":153,"column":40},"end":{"line":153,"column":68}},"line":153},"8":{"name":"areEqual","decl":{"start":{"line":175,"column":9},"end":{"line":175,"column":17}},"loc":{"start":{"line":175,"column":40},"end":{"line":181,"column":1}},"line":175}},"branchMap":{"0":{"loc":{"start":{"line":17,"column":2},"end":{"line":17,"column":17}},"type":"default-arg","locations":[{"start":{"line":17,"column":15},"end":{"line":17,"column":17}}],"line":17},"1":{"loc":{"start":{"line":20,"column":2},"end":{"line":20,"column":26}},"type":"default-arg","locations":[{"start":{"line":20,"column":17},"end":{"line":20,"column":26}}],"line":20},"2":{"loc":{"start":{"line":25,"column":44},"end":{"line":25,"column":84}},"type":"cond-expr","locations":[{"start":{"line":25,"column":79},"end":{"line":25,"column":80}},{"start":{"line":25,"column":83},"end":{"line":25,"column":84}}],"line":25},"3":{"loc":{"start":{"line":33,"column":4},"end":{"line":39,"column":5}},"type":"if","locations":[{"start":{"line":33,"column":4},"end":{"line":39,"column":5}},{"start":{},"end":{}}],"line":33},"4":{"loc":{"start":{"line":33,"column":8},"end":{"line":33,"column":70}},"type":"binary-expr","locations":[{"start":{"line":33,"column":8},"end":{"line":33,"column":38}},{"start":{"line":33,"column":42},"end":{"line":33,"column":70}}],"line":33},"5":{"loc":{"start":{"line":42,"column":4},"end":{"line":48,"column":5}},"type":"if","locations":[{"start":{"line":42,"column":4},"end":{"line":48,"column":5}},{"start":{},"end":{}}],"line":42},"6":{"loc":{"start":{"line":59,"column":22},"end":{"line":59,"column":70}},"type":"binary-expr","locations":[{"start":{"line":59,"column":22},"end":{"line":59,"column":45}},{"start":{"line":59,"column":49},"end":{"line":59,"column":70}}],"line":59},"7":{"loc":{"start":{"line":95,"column":11},"end":{"line":132,"column":11}},"type":"cond-expr","locations":[{"start":{"line":97,"column":12},"end":{"line":113,"column":29}},{"start":{"line":116,"column":12},"end":{"line":131,"column":28}}],"line":95},"8":{"loc":{"start":{"line":177,"column":4},"end":{"line":179,"column":49}},"type":"binary-expr","locations":[{"start":{"line":177,"column":4},"end":{"line":177,"column":61}},{"start":{"line":178,"column":4},"end":{"line":178,"column":53}},{"start":{"line":179,"column":4},"end":{"line":179,"column":49}}],"line":177}},"s":{"0":1,"1":4,"2":4,"3":4,"4":9,"5":9,"6":4,"7":1,"8":0,"9":1,"10":1,"11":1,"12":4,"13":9,"14":1,"15":4,"16":9,"17":9,"18":9,"19":9,"20":9,"21":9,"22":4,"23":9,"24":1,"25":0},"f":{"0":4,"1":4,"2":9,"3":1,"4":9,"5":1,"6":9,"7":9,"8":0},"b":{"0":[0],"1":[4],"2":[1,8],"3":[0,1],"4":[1,0],"5":[1,0],"6":[9,0],"7":[1,8],"8":[0,0,0]},"_coverageSchema":"1a1c01bbd47fc00a2c39e90264f33305004495a9","hash":"867e77eb32bfe5b319c6fbd47b307aae8ca6dfad"}
,"C:\\Users\\khi_h\\Desktop\\Projets\\JoudEnglishApp\\src\\components\\exercise-common\\CategorySelector\\style.js": {"path":"C:\\Users\\khi_h\\Desktop\\Projets\\JoudEnglishApp\\src\\components\\exercise-common\\CategorySelector\\style.js","statementMap":{"0":{"start":{"line":12,"column":21},"end":{"line":142,"column":4}},"1":{"start":{"line":13,"column":2},"end":{"line":142,"column":4}}},"fnMap":{"0":{"name":"(anonymous_0)","decl":{"start":{"line":12,"column":21},"end":{"line":12,"column":22}},"loc":{"start":{"line":13,"column":2},"end":{"line":142,"column":4}},"line":13}},"branchMap":{"0":{"loc":{"start":{"line":12,"column":22},"end":{"line":12,"column":46}},"type":"default-arg","locations":[{"start":{"line":12,"column":37},"end":{"line":12,"column":46}}],"line":12}},"s":{"0":1,"1":4},"f":{"0":4},"b":{"0":[0]},"_coverageSchema":"1a1c01bbd47fc00a2c39e90264f33305004495a9","hash":"ffa05ca4fbf6eae61961cb3ff5968f6e5390967d"}
,"C:\\Users\\khi_h\\Desktop\\Projets\\JoudEnglishApp\\src\\components\\exercise-common\\ExerciseCard\\index.js": {"path":"C:\\Users\\khi_h\\Desktop\\Projets\\JoudEnglishApp\\src\\components\\exercise-common\\ExerciseCard\\index.js","statementMap":{"0":{"start":{"line":18,"column":21},"end":{"line":92,"column":1}},"1":{"start":{"line":28,"column":29},"end":{"line":28,"column":41}},"2":{"start":{"line":29,"column":29},"end":{"line":29,"column":57}},"3":{"start":{"line":32,"column":30},"end":{"line":61,"column":3}},"4":{"start":{"line":33,"column":4},"end":{"line":48,"column":5}},"5":{"start":{"line":34,"column":6},"end":{"line":47,"column":8}},"6":{"start":{"line":50,"column":4},"end":{"line":58,"column":5}},"7":{"start":{"line":51,"column":6},"end":{"line":57,"column":8}},"8":{"start":{"line":60,"column":4},"end":{"line":60,"column":16}},"9":{"start":{"line":63,"column":2},"end":{"line":91,"column":4}},"10":{"start":{"line":95,"column":0},"end":{"line":103,"column":2}},"11":{"start":{"line":106,"column":0},"end":{"line":109,"column":2}}},"fnMap":{"0":{"name":"(anonymous_0)","decl":{"start":{"line":18,"column":21},"end":{"line":18,"column":22}},"loc":{"start":{"line":26,"column":6},"end":{"line":92,"column":1}},"line":26},"1":{"name":"(anonymous_1)","decl":{"start":{"line":32,"column":30},"end":{"line":32,"column":31}},"loc":{"start":{"line":32,"column":36},"end":{"line":61,"column":3}},"line":32}},"branchMap":{"0":{"loc":{"start":{"line":23,"column":2},"end":{"line":23,"column":19}},"type":"default-arg","locations":[{"start":{"line":23,"column":10},"end":{"line":23,"column":19}}],"line":23},"1":{"loc":{"start":{"line":25,"column":2},"end":{"line":25,"column":15}},"type":"default-arg","locations":[{"start":{"line":25,"column":10},"end":{"line":25,"column":15}}],"line":25},"2":{"loc":{"start":{"line":29,"column":29},"end":{"line":29,"column":57}},"type":"binary-expr","locations":[{"start":{"line":29,"column":29},"end":{"line":29,"column":48}},{"start":{"line":29,"column":52},"end":{"line":29,"column":57}}],"line":29},"3":{"loc":{"start":{"line":33,"column":4},"end":{"line":48,"column":5}},"type":"if","locations":[{"start":{"line":33,"column":4},"end":{"line":48,"column":5}},{"start":{},"end":{}}],"line":33},"4":{"loc":{"start":{"line":40,"column":68},"end":{"line":40,"column":89}},"type":"binary-expr","locations":[{"start":{"line":40,"column":68},"end":{"line":40,"column":84}},{"start":{"line":40,"column":88},"end":{"line":40,"column":89}}],"line":40},"5":{"loc":{"start":{"line":50,"column":4},"end":{"line":58,"column":5}},"type":"if","locations":[{"start":{"line":50,"column":4},"end":{"line":58,"column":5}},{"start":{},"end":{}}],"line":50}},"s":{"0":1,"1":8,"2":8,"3":8,"4":8,"5":2,"6":6,"7":1,"8":5,"9":8,"10":1,"11":1},"f":{"0":8,"1":8},"b":{"0":[0],"1":[0],"2":[8,6],"3":[2,6],"4":[2,0],"5":[1,5]},"_coverageSchema":"1a1c01bbd47fc00a2c39e90264f33305004495a9","hash":"821c6a81c5d9e46f4efc4381e6c235c609469f9a"}
,"C:\\Users\\khi_h\\Desktop\\Projets\\JoudEnglishApp\\src\\components\\exercise-common\\ExerciseCard\\style.js": {"path":"C:\\Users\\khi_h\\Desktop\\Projets\\JoudEnglishApp\\src\\components\\exercise-common\\ExerciseCard\\style.js","statementMap":{"0":{"start":{"line":4,"column":15},"end":{"line":108,"column":2}}},"fnMap":{},"branchMap":{},"s":{"0":1},"f":{},"b":{},"_coverageSchema":"1a1c01bbd47fc00a2c39e90264f33305004495a9","hash":"59295da6378d6874e9111be619af0bf9ecb15fbf"}
,"C:\\Users\\khi_h\\Desktop\\Projets\\JoudEnglishApp\\src\\components\\exercise-common\\ExerciseFeedback\\index.js": {"path":"C:\\Users\\khi_h\\Desktop\\Projets\\JoudEnglishApp\\src\\components\\exercise-common\\ExerciseFeedback\\index.js","statementMap":{"0":{"start":{"line":20,"column":25},"end":{"line":127,"column":1}},"1":{"start":{"line":29,"column":19},"end":{"line":29,"column":62}},"2":{"start":{"line":31,"column":2},"end":{"line":55,"column":9}},"3":{"start":{"line":33,"column":4},"end":{"line":37,"column":15}},"4":{"start":{"line":40,"column":4},"end":{"line":54,"column":5}},"5":{"start":{"line":41,"column":20},"end":{"line":51,"column":26}},"6":{"start":{"line":42,"column":8},"end":{"line":50,"column":11}},"7":{"start":{"line":47,"column":10},"end":{"line":49,"column":11}},"8":{"start":{"line":48,"column":12},"end":{"line":48,"column":24}},"9":{"start":{"line":53,"column":6},"end":{"line":53,"column":39}},"10":{"start":{"line":53,"column":19},"end":{"line":53,"column":38}},"11":{"start":{"line":58,"column":24},"end":{"line":80,"column":3}},"12":{"start":{"line":59,"column":4},"end":{"line":79,"column":5}},"13":{"start":{"line":61,"column":8},"end":{"line":65,"column":10}},"14":{"start":{"line":67,"column":8},"end":{"line":71,"column":10}},"15":{"start":{"line":74,"column":8},"end":{"line":78,"column":10}},"16":{"start":{"line":82,"column":46},"end":{"line":82,"column":61}},"17":{"start":{"line":85,"column":24},"end":{"line":99,"column":27}},"18":{"start":{"line":86,"column":4},"end":{"line":89,"column":5}},"19":{"start":{"line":87,"column":6},"end":{"line":87,"column":33}},"20":{"start":{"line":87,"column":21},"end":{"line":87,"column":33}},"21":{"start":{"line":88,"column":6},"end":{"line":88,"column":13}},"22":{"start":{"line":90,"column":4},"end":{"line":98,"column":7}},"23":{"start":{"line":95,"column":6},"end":{"line":97,"column":7}},"24":{"start":{"line":96,"column":8},"end":{"line":96,"column":20}},"25":{"start":{"line":102,"column":2},"end":{"line":126,"column":4}},"26":{"start":{"line":130,"column":0},"end":{"line":138,"column":2}},"27":{"start":{"line":141,"column":0},"end":{"line":148,"column":2}}},"fnMap":{"0":{"name":"(anonymous_0)","decl":{"start":{"line":20,"column":25},"end":{"line":20,"column":26}},"loc":{"start":{"line":28,"column":6},"end":{"line":127,"column":1}},"line":28},"1":{"name":"(anonymous_1)","decl":{"start":{"line":31,"column":18},"end":{"line":31,"column":19}},"loc":{"start":{"line":31,"column":24},"end":{"line":55,"column":3}},"line":31},"2":{"name":"(anonymous_2)","decl":{"start":{"line":41,"column":31},"end":{"line":41,"column":32}},"loc":{"start":{"line":41,"column":37},"end":{"line":51,"column":7}},"line":41},"3":{"name":"(anonymous_3)","decl":{"start":{"line":46,"column":17},"end":{"line":46,"column":18}},"loc":{"start":{"line":46,"column":35},"end":{"line":50,"column":9}},"line":46},"4":{"name":"(anonymous_4)","decl":{"start":{"line":53,"column":13},"end":{"line":53,"column":14}},"loc":{"start":{"line":53,"column":19},"end":{"line":53,"column":38}},"line":53},"5":{"name":"(anonymous_5)","decl":{"start":{"line":58,"column":24},"end":{"line":58,"column":25}},"loc":{"start":{"line":58,"column":30},"end":{"line":80,"column":3}},"line":58},"6":{"name":"(anonymous_6)","decl":{"start":{"line":85,"column":36},"end":{"line":85,"column":37}},"loc":{"start":{"line":85,"column":42},"end":{"line":99,"column":3}},"line":85},"7":{"name":"(anonymous_7)","decl":{"start":{"line":94,"column":13},"end":{"line":94,"column":14}},"loc":{"start":{"line":94,"column":31},"end":{"line":98,"column":5}},"line":94}},"branchMap":{"0":{"loc":{"start":{"line":21,"column":2},"end":{"line":21,"column":18}},"type":"default-arg","locations":[{"start":{"line":21,"column":9},"end":{"line":21,"column":18}}],"line":21},"1":{"loc":{"start":{"line":25,"column":2},"end":{"line":25,"column":18}},"type":"default-arg","locations":[{"start":{"line":25,"column":13},"end":{"line":25,"column":18}}],"line":25},"2":{"loc":{"start":{"line":26,"column":2},"end":{"line":26,"column":25}},"type":"default-arg","locations":[{"start":{"line":26,"column":21},"end":{"line":26,"column":25}}],"line":26},"3":{"loc":{"start":{"line":27,"column":2},"end":{"line":27,"column":26}},"type":"default-arg","locations":[{"start":{"line":27,"column":22},"end":{"line":27,"column":26}}],"line":27},"4":{"loc":{"start":{"line":40,"column":4},"end":{"line":54,"column":5}},"type":"if","locations":[{"start":{"line":40,"column":4},"end":{"line":54,"column":5}},{"start":{},"end":{}}],"line":40},"5":{"loc":{"start":{"line":47,"column":10},"end":{"line":49,"column":11}},"type":"if","locations":[{"start":{"line":47,"column":10},"end":{"line":49,"column":11}},{"start":{},"end":{}}],"line":47},"6":{"loc":{"start":{"line":47,"column":14},"end":{"line":47,"column":35}},"type":"binary-expr","locations":[{"start":{"line":47,"column":14},"end":{"line":47,"column":22}},{"start":{"line":47,"column":26},"end":{"line":47,"column":35}}],"line":47},"7":{"loc":{"start":{"line":59,"column":4},"end":{"line":79,"column":5}},"type":"switch","locations":[{"start":{"line":60,"column":6},"end":{"line":65,"column":10}},{"start":{"line":66,"column":6},"end":{"line":71,"column":10}},{"start":{"line":72,"column":6},"end":{"line":72,"column":18}},{"start":{"line":73,"column":6},"end":{"line":78,"column":10}}],"line":59},"8":{"loc":{"start":{"line":86,"column":4},"end":{"line":89,"column":5}},"type":"if","locations":[{"start":{"line":86,"column":4},"end":{"line":89,"column":5}},{"start":{},"end":{}}],"line":86},"9":{"loc":{"start":{"line":87,"column":6},"end":{"line":87,"column":33}},"type":"if","locations":[{"start":{"line":87,"column":6},"end":{"line":87,"column":33}},{"start":{},"end":{}}],"line":87},"10":{"loc":{"start":{"line":95,"column":6},"end":{"line":97,"column":7}},"type":"if","locations":[{"start":{"line":95,"column":6},"end":{"line":97,"column":7}},{"start":{},"end":{}}],"line":95},"11":{"loc":{"start":{"line":95,"column":10},"end":{"line":95,"column":31}},"type":"binary-expr","locations":[{"start":{"line":95,"column":10},"end":{"line":95,"column":18}},{"start":{"line":95,"column":22},"end":{"line":95,"column":31}}],"line":95},"12":{"loc":{"start":{"line":110,"column":11},"end":{"line":112,"column":18}},"type":"cond-expr","locations":[{"start":{"line":111,"column":12},"end":{"line":111,"column":65}},{"start":{"line":112,"column":14},"end":{"line":112,"column":18}}],"line":110},"13":{"loc":{"start":{"line":114,"column":9},"end":{"line":123,"column":9}},"type":"binary-expr","locations":[{"start":{"line":114,"column":9},"end":{"line":114,"column":26}},{"start":{"line":115,"column":10},"end":{"line":122,"column":29}}],"line":114}},"s":{"0":1,"1":9,"2":9,"3":9,"4":9,"5":1,"6":1,"7":1,"8":1,"9":1,"10":1,"11":9,"12":9,"13":7,"14":1,"15":1,"16":9,"17":9,"18":1,"19":1,"20":1,"21":1,"22":0,"23":0,"24":0,"25":9,"26":1,"27":1},"f":{"0":9,"1":9,"2":1,"3":1,"4":1,"5":9,"6":1,"7":0},"b":{"0":[0],"1":[0],"2":[0],"3":[0],"4":[1,8],"5":[1,0],"6":[1,1],"7":[7,1,1,1],"8":[1,0],"9":[1,0],"10":[0,0],"11":[0,0],"12":[1,8],"13":[9,8]},"_coverageSchema":"1a1c01bbd47fc00a2c39e90264f33305004495a9","hash":"f9bc765fe842cbc1aaf0214f103f082eef2d2fc2"}
,"C:\\Users\\khi_h\\Desktop\\Projets\\JoudEnglishApp\\src\\components\\exercise-common\\ExerciseFeedback\\style.js": {"path":"C:\\Users\\khi_h\\Desktop\\Projets\\JoudEnglishApp\\src\\components\\exercise-common\\ExerciseFeedback\\style.js","statementMap":{"0":{"start":{"line":5,"column":15},"end":{"line":52,"column":2}}},"fnMap":{},"branchMap":{},"s":{"0":1},"f":{},"b":{},"_coverageSchema":"1a1c01bbd47fc00a2c39e90264f33305004495a9","hash":"73f5598038048c1fa07ce954ccce0d60ce9f78bd"}
,"C:\\Users\\khi_h\\Desktop\\Projets\\JoudEnglishApp\\src\\components\\exercise-common\\ExerciseFooter\\index.js": {"path":"C:\\Users\\khi_h\\Desktop\\Projets\\JoudEnglishApp\\src\\components\\exercise-common\\ExerciseFooter\\index.js","statementMap":{"0":{"start":{"line":11,"column":23},"end":{"line":71,"column":1}},"1":{"start":{"line":26,"column":28},"end":{"line":26,"column":70}},"2":{"start":{"line":28,"column":2},"end":{"line":70,"column":4}},"3":{"start":{"line":76,"column":0},"end":{"line":89,"column":2}}},"fnMap":{"0":{"name":"(anonymous_0)","decl":{"start":{"line":11,"column":23},"end":{"line":11,"column":24}},"loc":{"start":{"line":24,"column":6},"end":{"line":71,"column":1}},"line":24}},"branchMap":{"0":{"loc":{"start":{"line":12,"column":2},"end":{"line":12,"column":28}},"type":"default-arg","locations":[{"start":{"line":12,"column":17},"end":{"line":12,"column":28}}],"line":12},"1":{"loc":{"start":{"line":13,"column":2},"end":{"line":13,"column":30}},"type":"default-arg","locations":[{"start":{"line":13,"column":19},"end":{"line":13,"column":30}}],"line":13},"2":{"loc":{"start":{"line":16,"column":2},"end":{"line":16,"column":22}},"type":"default-arg","locations":[{"start":{"line":16,"column":18},"end":{"line":16,"column":22}}],"line":16},"3":{"loc":{"start":{"line":17,"column":2},"end":{"line":17,"column":19}},"type":"default-arg","locations":[{"start":{"line":17,"column":14},"end":{"line":17,"column":19}}],"line":17},"4":{"loc":{"start":{"line":18,"column":2},"end":{"line":18,"column":20}},"type":"default-arg","locations":[{"start":{"line":18,"column":15},"end":{"line":18,"column":20}}],"line":18},"5":{"loc":{"start":{"line":19,"column":2},"end":{"line":19,"column":19}},"type":"default-arg","locations":[{"start":{"line":19,"column":10},"end":{"line":19,"column":19}}],"line":19},"6":{"loc":{"start":{"line":20,"column":2},"end":{"line":20,"column":24}},"type":"default-arg","locations":[{"start":{"line":20,"column":19},"end":{"line":20,"column":24}}],"line":20},"7":{"loc":{"start":{"line":21,"column":2},"end":{"line":21,"column":18}},"type":"default-arg","locations":[{"start":{"line":21,"column":13},"end":{"line":21,"column":18}}],"line":21},"8":{"loc":{"start":{"line":23,"column":2},"end":{"line":23,"column":22}},"type":"default-arg","locations":[{"start":{"line":23,"column":14},"end":{"line":23,"column":22}}],"line":23},"9":{"loc":{"start":{"line":26,"column":28},"end":{"line":26,"column":70}},"type":"cond-expr","locations":[{"start":{"line":26,"column":45},"end":{"line":26,"column":55}},{"start":{"line":26,"column":58},"end":{"line":26,"column":70}}],"line":26},"10":{"loc":{"start":{"line":31,"column":9},"end":{"line":41,"column":9}},"type":"cond-expr","locations":[{"start":{"line":32,"column":10},"end":{"line":38,"column":29}},{"start":{"line":40,"column":10},"end":{"line":40,"column":38}}],"line":31},"11":{"loc":{"start":{"line":43,"column":9},"end":{"line":50,"column":9}},"type":"binary-expr","locations":[{"start":{"line":43,"column":9},"end":{"line":43,"column":18}},{"start":{"line":43,"column":22},"end":{"line":43,"column":28}},{"start":{"line":44,"column":10},"end":{"line":49,"column":29}}],"line":43},"12":{"loc":{"start":{"line":56,"column":12},"end":{"line":56,"column":47}},"type":"binary-expr","locations":[{"start":{"line":56,"column":12},"end":{"line":56,"column":22}},{"start":{"line":56,"column":26},"end":{"line":56,"column":47}}],"line":56},"13":{"loc":{"start":{"line":62,"column":11},"end":{"line":66,"column":11}},"type":"cond-expr","locations":[{"start":{"line":63,"column":12},"end":{"line":63,"column":65}},{"start":{"line":65,"column":12},"end":{"line":65,"column":71}}],"line":62}},"s":{"0":1,"1":12,"2":12,"3":1},"f":{"0":12},"b":{"0":[12],"1":[12],"2":[11],"3":[11],"4":[11],"5":[12],"6":[11],"7":[11],"8":[12],"9":[1,11],"10":[11,1],"11":[12,11,2],"12":[12,1],"13":[1,11]},"_coverageSchema":"1a1c01bbd47fc00a2c39e90264f33305004495a9","hash":"f93e987a8ab893d265f8929d7c52a859bb4b33bb"}
,"C:\\Users\\khi_h\\Desktop\\Projets\\JoudEnglishApp\\src\\components\\exercise-common\\ExerciseFooter\\style.js": {"path":"C:\\Users\\khi_h\\Desktop\\Projets\\JoudEnglishApp\\src\\components\\exercise-common\\ExerciseFooter\\style.js","statementMap":{"0":{"start":{"line":5,"column":15},"end":{"line":65,"column":2}}},"fnMap":{},"branchMap":{},"s":{"0":1},"f":{},"b":{},"_coverageSchema":"1a1c01bbd47fc00a2c39e90264f33305004495a9","hash":"933e86c7a32b3a33d984d4e0db079457cb251377"}
,"C:\\Users\\khi_h\\Desktop\\Projets\\JoudEnglishApp\\src\\components\\exercise-common\\InstructionBox\\index.js": {"path":"C:\\Users\\khi_h\\Desktop\\Projets\\JoudEnglishApp\\src\\components\\exercise-common\\InstructionBox\\index.js","statementMap":{"0":{"start":{"line":20,"column":23},"end":{"line":132,"column":1}},"1":{"start":{"line":30,"column":34},"end":{"line":30,"column":61}},"2":{"start":{"line":33,"column":22},"end":{"line":33,"column":77}},"3":{"start":{"line":36,"column":25},"end":{"line":46,"column":27}},"4":{"start":{"line":37,"column":20},"end":{"line":37,"column":36}},"5":{"start":{"line":39,"column":4},"end":{"line":43,"column":15}},"6":{"start":{"line":45,"column":4},"end":{"line":45,"column":33}},"7":{"start":{"line":45,"column":26},"end":{"line":45,"column":31}},"8":{"start":{"line":49,"column":26},"end":{"line":59,"column":3}},"9":{"start":{"line":50,"column":4},"end":{"line":58,"column":5}},"10":{"start":{"line":52,"column":8},"end":{"line":52,"column":41}},"11":{"start":{"line":54,"column":8},"end":{"line":54,"column":76}},"12":{"start":{"line":57,"column":8},"end":{"line":57,"column":42}},"13":{"start":{"line":62,"column":20},"end":{"line":65,"column":4}},"14":{"start":{"line":68,"column":21},"end":{"line":71,"column":4}},"15":{"start":{"line":73,"column":2},"end":{"line":131,"column":4}},"16":{"start":{"line":105,"column":16},"end":{"line":107,"column":23}},"17":{"start":{"line":116,"column":16},"end":{"line":124,"column":23}},"18":{"start":{"line":135,"column":0},"end":{"line":143,"column":2}},"19":{"start":{"line":146,"column":0},"end":{"line":154,"column":2}}},"fnMap":{"0":{"name":"(anonymous_0)","decl":{"start":{"line":20,"column":23},"end":{"line":20,"column":24}},"loc":{"start":{"line":28,"column":6},"end":{"line":132,"column":1}},"line":28},"1":{"name":"(anonymous_1)","decl":{"start":{"line":36,"column":37},"end":{"line":36,"column":38}},"loc":{"start":{"line":36,"column":43},"end":{"line":46,"column":3}},"line":36},"2":{"name":"(anonymous_2)","decl":{"start":{"line":45,"column":16},"end":{"line":45,"column":17}},"loc":{"start":{"line":45,"column":26},"end":{"line":45,"column":31}},"line":45},"3":{"name":"(anonymous_3)","decl":{"start":{"line":49,"column":26},"end":{"line":49,"column":27}},"loc":{"start":{"line":49,"column":32},"end":{"line":59,"column":3}},"line":49},"4":{"name":"(anonymous_4)","decl":{"start":{"line":104,"column":28},"end":{"line":104,"column":29}},"loc":{"start":{"line":105,"column":16},"end":{"line":107,"column":23}},"line":105},"5":{"name":"(anonymous_5)","decl":{"start":{"line":115,"column":24},"end":{"line":115,"column":25}},"loc":{"start":{"line":116,"column":16},"end":{"line":124,"column":23}},"line":116}},"branchMap":{"0":{"loc":{"start":{"line":21,"column":2},"end":{"line":21,"column":24}},"type":"default-arg","locations":[{"start":{"line":21,"column":10},"end":{"line":21,"column":24}}],"line":21},"1":{"loc":{"start":{"line":23,"column":2},"end":{"line":23,"column":15}},"type":"default-arg","locations":[{"start":{"line":23,"column":13},"end":{"line":23,"column":15}}],"line":23},"2":{"loc":{"start":{"line":24,"column":2},"end":{"line":24,"column":11}},"type":"default-arg","locations":[{"start":{"line":24,"column":9},"end":{"line":24,"column":11}}],"line":24},"3":{"loc":{"start":{"line":25,"column":2},"end":{"line":25,"column":26}},"type":"default-arg","locations":[{"start":{"line":25,"column":22},"end":{"line":25,"column":26}}],"line":25},"4":{"loc":{"start":{"line":26,"column":2},"end":{"line":26,"column":22}},"type":"default-arg","locations":[{"start":{"line":26,"column":12},"end":{"line":26,"column":22}}],"line":26},"5":{"loc":{"start":{"line":27,"column":2},"end":{"line":27,"column":26}},"type":"default-arg","locations":[{"start":{"line":27,"column":17},"end":{"line":27,"column":26}}],"line":27},"6":{"loc":{"start":{"line":33,"column":50},"end":{"line":33,"column":75}},"type":"cond-expr","locations":[{"start":{"line":33,"column":70},"end":{"line":33,"column":71}},{"start":{"line":33,"column":74},"end":{"line":33,"column":75}}],"line":33},"7":{"loc":{"start":{"line":37,"column":20},"end":{"line":37,"column":36}},"type":"cond-expr","locations":[{"start":{"line":37,"column":31},"end":{"line":37,"column":32}},{"start":{"line":37,"column":35},"end":{"line":37,"column":36}}],"line":37},"8":{"loc":{"start":{"line":50,"column":4},"end":{"line":58,"column":5}},"type":"switch","locations":[{"start":{"line":51,"column":6},"end":{"line":52,"column":41}},{"start":{"line":53,"column":6},"end":{"line":54,"column":76}},{"start":{"line":55,"column":6},"end":{"line":55,"column":22}},{"start":{"line":56,"column":6},"end":{"line":57,"column":42}}],"line":50},"9":{"loc":{"start":{"line":95,"column":7},"end":{"line":129,"column":7}},"type":"binary-expr","locations":[{"start":{"line":95,"column":7},"end":{"line":95,"column":15}},{"start":{"line":96,"column":8},"end":{"line":128,"column":15}}],"line":95},"10":{"loc":{"start":{"line":97,"column":11},"end":{"line":99,"column":11}},"type":"binary-expr","locations":[{"start":{"line":97,"column":11},"end":{"line":97,"column":23}},{"start":{"line":98,"column":12},"end":{"line":98,"column":67}}],"line":97},"11":{"loc":{"start":{"line":101,"column":11},"end":{"line":110,"column":11}},"type":"binary-expr","locations":[{"start":{"line":101,"column":11},"end":{"line":101,"column":30}},{"start":{"line":102,"column":12},"end":{"line":109,"column":19}}],"line":101},"12":{"loc":{"start":{"line":112,"column":11},"end":{"line":127,"column":11}},"type":"binary-expr","locations":[{"start":{"line":112,"column":11},"end":{"line":112,"column":26}},{"start":{"line":113,"column":12},"end":{"line":126,"column":19}}],"line":112}},"s":{"0":1,"1":8,"2":8,"3":8,"4":0,"5":0,"6":0,"7":0,"8":8,"9":8,"10":1,"11":1,"12":6,"13":8,"14":8,"15":8,"16":12,"17":12,"18":1,"19":1},"f":{"0":8,"1":0,"2":0,"3":8,"4":12,"5":12},"b":{"0":[0],"1":[0],"2":[0],"3":[0],"4":[0],"5":[0],"6":[7,1],"7":[0,0],"8":[1,1,6,6],"9":[8,7],"10":[7,6],"11":[7,6],"12":[7,6]},"_coverageSchema":"1a1c01bbd47fc00a2c39e90264f33305004495a9","hash":"fa7297a43025867bea99109cdc9a7da61df6516e"}
,"C:\\Users\\khi_h\\Desktop\\Projets\\JoudEnglishApp\\src\\components\\exercise-common\\NavigationButtons\\index.js": {"path":"C:\\Users\\khi_h\\Desktop\\Projets\\JoudEnglishApp\\src\\components\\exercise-common\\NavigationButtons\\index.js","statementMap":{"0":{"start":{"line":16,"column":26},"end":{"line":106,"column":1}},"1":{"start":{"line":29,"column":17},"end":{"line":29,"column":43}},"2":{"start":{"line":32,"column":20},"end":{"line":32,"column":57}},"3":{"start":{"line":33,"column":20},"end":{"line":33,"column":57}},"4":{"start":{"line":36,"column":26},"end":{"line":55,"column":46}},"5":{"start":{"line":37,"column":4},"end":{"line":37,"column":32}},"6":{"start":{"line":37,"column":25},"end":{"line":37,"column":32}},"7":{"start":{"line":39,"column":4},"end":{"line":52,"column":15}},"8":{"start":{"line":54,"column":4},"end":{"line":54,"column":39}},"9":{"start":{"line":54,"column":21},"end":{"line":54,"column":33}},"10":{"start":{"line":58,"column":26},"end":{"line":77,"column":38}},"11":{"start":{"line":59,"column":4},"end":{"line":59,"column":28}},"12":{"start":{"line":59,"column":21},"end":{"line":59,"column":28}},"13":{"start":{"line":61,"column":4},"end":{"line":74,"column":15}},"14":{"start":{"line":76,"column":4},"end":{"line":76,"column":35}},"15":{"start":{"line":76,"column":21},"end":{"line":76,"column":29}},"16":{"start":{"line":79,"column":2},"end":{"line":105,"column":4}},"17":{"start":{"line":108,"column":23},"end":{"line":127,"column":1}},"18":{"start":{"line":109,"column":2},"end":{"line":126,"column":3}},"19":{"start":{"line":129,"column":19},"end":{"line":163,"column":1}},"20":{"start":{"line":130,"column":2},"end":{"line":162,"column":18}},"21":{"start":{"line":166,"column":0},"end":{"line":173,"column":2}},"22":{"start":{"line":176,"column":0},"end":{"line":184,"column":2}},"23":{"start":{"line":187,"column":0},"end":{"line":199,"column":2}}},"fnMap":{"0":{"name":"(anonymous_0)","decl":{"start":{"line":16,"column":26},"end":{"line":16,"column":27}},"loc":{"start":{"line":28,"column":6},"end":{"line":106,"column":1}},"line":28},"1":{"name":"(anonymous_1)","decl":{"start":{"line":36,"column":38},"end":{"line":36,"column":39}},"loc":{"start":{"line":36,"column":44},"end":{"line":55,"column":3}},"line":36},"2":{"name":"(anonymous_2)","decl":{"start":{"line":54,"column":15},"end":{"line":54,"column":16}},"loc":{"start":{"line":54,"column":21},"end":{"line":54,"column":33}},"line":54},"3":{"name":"(anonymous_3)","decl":{"start":{"line":58,"column":38},"end":{"line":58,"column":39}},"loc":{"start":{"line":58,"column":44},"end":{"line":77,"column":3}},"line":58},"4":{"name":"(anonymous_4)","decl":{"start":{"line":76,"column":15},"end":{"line":76,"column":16}},"loc":{"start":{"line":76,"column":21},"end":{"line":76,"column":29}},"line":76},"5":{"name":"(anonymous_5)","decl":{"start":{"line":108,"column":23},"end":{"line":108,"column":24}},"loc":{"start":{"line":109,"column":2},"end":{"line":126,"column":3}},"line":109},"6":{"name":"(anonymous_6)","decl":{"start":{"line":129,"column":19},"end":{"line":129,"column":20}},"loc":{"start":{"line":130,"column":2},"end":{"line":162,"column":18}},"line":130}},"branchMap":{"0":{"loc":{"start":{"line":19,"column":2},"end":{"line":19,"column":25}},"type":"default-arg","locations":[{"start":{"line":19,"column":20},"end":{"line":19,"column":25}}],"line":19},"1":{"loc":{"start":{"line":20,"column":2},"end":{"line":20,"column":21}},"type":"default-arg","locations":[{"start":{"line":20,"column":16},"end":{"line":20,"column":21}}],"line":20},"2":{"loc":{"start":{"line":21,"column":2},"end":{"line":21,"column":26}},"type":"default-arg","locations":[{"start":{"line":21,"column":17},"end":{"line":21,"column":26}}],"line":21},"3":{"loc":{"start":{"line":22,"column":2},"end":{"line":26,"column":3}},"type":"default-arg","locations":[{"start":{"line":22,"column":17},"end":{"line":26,"column":3}}],"line":22},"4":{"loc":{"start":{"line":27,"column":2},"end":{"line":27,"column":16}},"type":"default-arg","locations":[{"start":{"line":27,"column":11},"end":{"line":27,"column":16}}],"line":27},"5":{"loc":{"start":{"line":37,"column":4},"end":{"line":37,"column":32}},"type":"if","locations":[{"start":{"line":37,"column":4},"end":{"line":37,"column":32}},{"start":{},"end":{}}],"line":37},"6":{"loc":{"start":{"line":59,"column":4},"end":{"line":59,"column":28}},"type":"if","locations":[{"start":{"line":59,"column":4},"end":{"line":59,"column":28}},{"start":{},"end":{}}],"line":59},"7":{"loc":{"start":{"line":109,"column":2},"end":{"line":126,"column":3}},"type":"binary-expr","locations":[{"start":{"line":109,"column":2},"end":{"line":109,"column":18}},{"start":{"line":110,"column":4},"end":{"line":125,"column":20}}],"line":109},"8":{"loc":{"start":{"line":138,"column":28},"end":{"line":138,"column":76}},"type":"cond-expr","locations":[{"start":{"line":138,"column":37},"end":{"line":138,"column":56}},{"start":{"line":138,"column":59},"end":{"line":138,"column":76}}],"line":138},"9":{"loc":{"start":{"line":143,"column":10},"end":{"line":145,"column":49}},"type":"cond-expr","locations":[{"start":{"line":144,"column":14},"end":{"line":144,"column":36}},{"start":{"line":145,"column":14},"end":{"line":145,"column":49}}],"line":143},"10":{"loc":{"start":{"line":152,"column":11},"end":{"line":152,"column":59}},"type":"cond-expr","locations":[{"start":{"line":152,"column":20},"end":{"line":152,"column":39}},{"start":{"line":152,"column":42},"end":{"line":152,"column":59}}],"line":152},"11":{"loc":{"start":{"line":155,"column":16},"end":{"line":155,"column":56}},"type":"cond-expr","locations":[{"start":{"line":155,"column":25},"end":{"line":155,"column":36}},{"start":{"line":155,"column":39},"end":{"line":155,"column":56}}],"line":155}},"s":{"0":1,"1":6,"2":6,"3":6,"4":6,"5":1,"6":0,"7":1,"8":1,"9":1,"10":6,"11":1,"12":0,"13":1,"14":1,"15":1,"16":6,"17":1,"18":6,"19":1,"20":6,"21":1,"22":1,"23":1},"f":{"0":6,"1":1,"2":1,"3":1,"4":1,"5":6,"6":6},"b":{"0":[5],"1":[5],"2":[6],"3":[6],"4":[5],"5":[0,1],"6":[0,1],"7":[6,5],"8":[1,5],"9":[1,5],"10":[1,5],"11":[1,5]},"_coverageSchema":"1a1c01bbd47fc00a2c39e90264f33305004495a9","hash":"490fa348088951ee85e80011f5c4457e1d4103a2"}
,"C:\\Users\\khi_h\\Desktop\\Projets\\JoudEnglishApp\\src\\components\\exercise-common\\NavigationButtons\\style.js": {"path":"C:\\Users\\khi_h\\Desktop\\Projets\\JoudEnglishApp\\src\\components\\exercise-common\\NavigationButtons\\style.js","statementMap":{"0":{"start":{"line":11,"column":21},"end":{"line":103,"column":4}},"1":{"start":{"line":12,"column":2},"end":{"line":103,"column":4}}},"fnMap":{"0":{"name":"(anonymous_0)","decl":{"start":{"line":11,"column":21},"end":{"line":11,"column":22}},"loc":{"start":{"line":12,"column":2},"end":{"line":103,"column":4}},"line":12}},"branchMap":{"0":{"loc":{"start":{"line":11,"column":22},"end":{"line":11,"column":46}},"type":"default-arg","locations":[{"start":{"line":11,"column":37},"end":{"line":11,"column":46}}],"line":11}},"s":{"0":1,"1":6},"f":{"0":6},"b":{"0":[0]},"_coverageSchema":"1a1c01bbd47fc00a2c39e90264f33305004495a9","hash":"da87ca71a326b0842628543cbdf897752f6ca6ff"}
,"C:\\Users\\khi_h\\Desktop\\Projets\\JoudEnglishApp\\src\\components\\exercise-common\\OptionsList\\index.js": {"path":"C:\\Users\\khi_h\\Desktop\\Projets\\JoudEnglishApp\\src\\components\\exercise-common\\OptionsList\\index.js","statementMap":{"0":{"start":{"line":10,"column":20},"end":{"line":151,"column":1}},"1":{"start":{"line":21,"column":26},"end":{"line":23,"column":3}},"2":{"start":{"line":22,"column":4},"end":{"line":22,"column":61}},"3":{"start":{"line":26,"column":31},"end":{"line":32,"column":3}},"4":{"start":{"line":27,"column":4},"end":{"line":31,"column":6}},"5":{"start":{"line":35,"column":25},"end":{"line":49,"column":3}},"6":{"start":{"line":36,"column":4},"end":{"line":38,"column":5}},"7":{"start":{"line":37,"column":6},"end":{"line":37,"column":34}},"8":{"start":{"line":39,"column":4},"end":{"line":41,"column":5}},"9":{"start":{"line":40,"column":6},"end":{"line":40,"column":36}},"10":{"start":{"line":42,"column":4},"end":{"line":47,"column":5}},"11":{"start":{"line":43,"column":6},"end":{"line":46,"column":8}},"12":{"start":{"line":48,"column":4},"end":{"line":48,"column":25}},"13":{"start":{"line":52,"column":29},"end":{"line":66,"column":3}},"14":{"start":{"line":53,"column":4},"end":{"line":55,"column":5}},"15":{"start":{"line":54,"column":6},"end":{"line":54,"column":38}},"16":{"start":{"line":56,"column":4},"end":{"line":58,"column":5}},"17":{"start":{"line":57,"column":6},"end":{"line":57,"column":40}},"18":{"start":{"line":59,"column":4},"end":{"line":64,"column":5}},"19":{"start":{"line":60,"column":6},"end":{"line":63,"column":8}},"20":{"start":{"line":65,"column":4},"end":{"line":65,"column":29}},"21":{"start":{"line":69,"column":28},"end":{"line":71,"column":32}},"22":{"start":{"line":69,"column":54},"end":{"line":71,"column":3}},"23":{"start":{"line":70,"column":4},"end":{"line":70,"column":44}},"24":{"start":{"line":70,"column":19},"end":{"line":70,"column":44}},"25":{"start":{"line":74,"column":32},"end":{"line":112,"column":3}},"26":{"start":{"line":75,"column":4},"end":{"line":111,"column":11}},"27":{"start":{"line":77,"column":8},"end":{"line":109,"column":27}},"28":{"start":{"line":115,"column":28},"end":{"line":148,"column":3}},"29":{"start":{"line":116,"column":4},"end":{"line":147,"column":11}},"30":{"start":{"line":118,"column":8},"end":{"line":145,"column":27}},"31":{"start":{"line":150,"column":2},"end":{"line":150,"column":79}},"32":{"start":{"line":154,"column":2},"end":{"line":162,"column":4}}},"fnMap":{"0":{"name":"(anonymous_0)","decl":{"start":{"line":10,"column":20},"end":{"line":10,"column":21}},"loc":{"start":{"line":19,"column":6},"end":{"line":151,"column":1}},"line":19},"1":{"name":"(anonymous_1)","decl":{"start":{"line":21,"column":26},"end":{"line":21,"column":27}},"loc":{"start":{"line":21,"column":40},"end":{"line":23,"column":3}},"line":21},"2":{"name":"(anonymous_2)","decl":{"start":{"line":26,"column":31},"end":{"line":26,"column":32}},"loc":{"start":{"line":26,"column":45},"end":{"line":32,"column":3}},"line":26},"3":{"name":"(anonymous_3)","decl":{"start":{"line":35,"column":25},"end":{"line":35,"column":26}},"loc":{"start":{"line":35,"column":39},"end":{"line":49,"column":3}},"line":35},"4":{"name":"(anonymous_4)","decl":{"start":{"line":52,"column":29},"end":{"line":52,"column":30}},"loc":{"start":{"line":52,"column":43},"end":{"line":66,"column":3}},"line":52},"5":{"name":"(anonymous_5)","decl":{"start":{"line":69,"column":40},"end":{"line":69,"column":41}},"loc":{"start":{"line":69,"column":54},"end":{"line":71,"column":3}},"line":69},"6":{"name":"(anonymous_6)","decl":{"start":{"line":69,"column":54},"end":{"line":69,"column":55}},"loc":{"start":{"line":69,"column":60},"end":{"line":71,"column":3}},"line":69},"7":{"name":"(anonymous_7)","decl":{"start":{"line":74,"column":32},"end":{"line":74,"column":33}},"loc":{"start":{"line":75,"column":4},"end":{"line":111,"column":11}},"line":75},"8":{"name":"(anonymous_8)","decl":{"start":{"line":76,"column":19},"end":{"line":76,"column":20}},"loc":{"start":{"line":77,"column":8},"end":{"line":109,"column":27}},"line":77},"9":{"name":"(anonymous_9)","decl":{"start":{"line":115,"column":28},"end":{"line":115,"column":29}},"loc":{"start":{"line":116,"column":4},"end":{"line":147,"column":11}},"line":116},"10":{"name":"(anonymous_10)","decl":{"start":{"line":117,"column":19},"end":{"line":117,"column":20}},"loc":{"start":{"line":118,"column":8},"end":{"line":145,"column":27}},"line":118},"11":{"name":"areEqual","decl":{"start":{"line":153,"column":9},"end":{"line":153,"column":17}},"loc":{"start":{"line":153,"column":40},"end":{"line":163,"column":1}},"line":153}},"branchMap":{"0":{"loc":{"start":{"line":11,"column":2},"end":{"line":11,"column":14}},"type":"default-arg","locations":[{"start":{"line":11,"column":12},"end":{"line":11,"column":14}}],"line":11},"1":{"loc":{"start":{"line":12,"column":2},"end":{"line":12,"column":25}},"type":"default-arg","locations":[{"start":{"line":12,"column":21},"end":{"line":12,"column":25}}],"line":12},"2":{"loc":{"start":{"line":14,"column":2},"end":{"line":14,"column":24}},"type":"default-arg","locations":[{"start":{"line":14,"column":20},"end":{"line":14,"column":24}}],"line":14},"3":{"loc":{"start":{"line":15,"column":2},"end":{"line":15,"column":27}},"type":"default-arg","locations":[{"start":{"line":15,"column":22},"end":{"line":15,"column":27}}],"line":15},"4":{"loc":{"start":{"line":16,"column":2},"end":{"line":16,"column":18}},"type":"default-arg","locations":[{"start":{"line":16,"column":13},"end":{"line":16,"column":18}}],"line":16},"5":{"loc":{"start":{"line":17,"column":2},"end":{"line":17,"column":26}},"type":"default-arg","locations":[{"start":{"line":17,"column":17},"end":{"line":17,"column":26}}],"line":17},"6":{"loc":{"start":{"line":18,"column":2},"end":{"line":18,"column":21}},"type":"default-arg","locations":[{"start":{"line":18,"column":11},"end":{"line":18,"column":21}}],"line":18},"7":{"loc":{"start":{"line":22,"column":11},"end":{"line":22,"column":60}},"type":"binary-expr","locations":[{"start":{"line":22,"column":11},"end":{"line":22,"column":28}},{"start":{"line":22,"column":32},"end":{"line":22,"column":60}}],"line":22},"8":{"loc":{"start":{"line":28,"column":6},"end":{"line":30,"column":34}},"type":"binary-expr","locations":[{"start":{"line":28,"column":6},"end":{"line":28,"column":23}},{"start":{"line":29,"column":6},"end":{"line":29,"column":35}},{"start":{"line":30,"column":6},"end":{"line":30,"column":34}}],"line":28},"9":{"loc":{"start":{"line":36,"column":4},"end":{"line":38,"column":5}},"type":"if","locations":[{"start":{"line":36,"column":4},"end":{"line":38,"column":5}},{"start":{},"end":{}}],"line":36},"10":{"loc":{"start":{"line":39,"column":4},"end":{"line":41,"column":5}},"type":"if","locations":[{"start":{"line":39,"column":4},"end":{"line":41,"column":5}},{"start":{},"end":{}}],"line":39},"11":{"loc":{"start":{"line":42,"column":4},"end":{"line":47,"column":5}},"type":"if","locations":[{"start":{"line":42,"column":4},"end":{"line":47,"column":5}},{"start":{},"end":{}}],"line":42},"12":{"loc":{"start":{"line":53,"column":4},"end":{"line":55,"column":5}},"type":"if","locations":[{"start":{"line":53,"column":4},"end":{"line":55,"column":5}},{"start":{},"end":{}}],"line":53},"13":{"loc":{"start":{"line":56,"column":4},"end":{"line":58,"column":5}},"type":"if","locations":[{"start":{"line":56,"column":4},"end":{"line":58,"column":5}},{"start":{},"end":{}}],"line":56},"14":{"loc":{"start":{"line":59,"column":4},"end":{"line":64,"column":5}},"type":"if","locations":[{"start":{"line":59,"column":4},"end":{"line":64,"column":5}},{"start":{},"end":{}}],"line":59},"15":{"loc":{"start":{"line":70,"column":4},"end":{"line":70,"column":44}},"type":"if","locations":[{"start":{"line":70,"column":4},"end":{"line":70,"column":44}},{"start":{},"end":{}}],"line":70},"16":{"loc":{"start":{"line":93,"column":11},"end":{"line":95,"column":11}},"type":"binary-expr","locations":[{"start":{"line":93,"column":11},"end":{"line":93,"column":37}},{"start":{"line":94,"column":12},"end":{"line":94,"column":74}}],"line":93},"17":{"loc":{"start":{"line":97,"column":11},"end":{"line":99,"column":11}},"type":"binary-expr","locations":[{"start":{"line":97,"column":11},"end":{"line":97,"column":42}},{"start":{"line":98,"column":12},"end":{"line":98,"column":70}}],"line":97},"18":{"loc":{"start":{"line":101,"column":11},"end":{"line":108,"column":11}},"type":"binary-expr","locations":[{"start":{"line":101,"column":11},"end":{"line":101,"column":41}},{"start":{"line":101,"column":45},"end":{"line":101,"column":63}},{"start":{"line":102,"column":12},"end":{"line":107,"column":14}}],"line":101},"19":{"loc":{"start":{"line":138,"column":11},"end":{"line":140,"column":11}},"type":"binary-expr","locations":[{"start":{"line":138,"column":11},"end":{"line":138,"column":37}},{"start":{"line":139,"column":12},"end":{"line":139,"column":74}}],"line":138},"20":{"loc":{"start":{"line":142,"column":11},"end":{"line":144,"column":11}},"type":"binary-expr","locations":[{"start":{"line":142,"column":11},"end":{"line":142,"column":42}},{"start":{"line":143,"column":12},"end":{"line":143,"column":70}}],"line":142},"21":{"loc":{"start":{"line":150,"column":9},"end":{"line":150,"column":78}},"type":"cond-expr","locations":[{"start":{"line":150,"column":33},"end":{"line":150,"column":56}},{"start":{"line":150,"column":59},"end":{"line":150,"column":78}}],"line":150},"22":{"loc":{"start":{"line":155,"column":4},"end":{"line":161,"column":43}},"type":"binary-expr","locations":[{"start":{"line":155,"column":4},"end":{"line":155,"column":61}},{"start":{"line":156,"column":4},"end":{"line":156,"column":59}},{"start":{"line":157,"column":4},"end":{"line":157,"column":63}},{"start":{"line":158,"column":4},"end":{"line":158,"column":45}},{"start":{"line":159,"column":4},"end":{"line":159,"column":53}},{"start":{"line":160,"column":4},"end":{"line":160,"column":41}},{"start":{"line":161,"column":4},"end":{"line":161,"column":43}}],"line":155}},"s":{"0":1,"1":6,"2":54,"3":6,"4":50,"5":6,"6":18,"7":2,"8":16,"9":1,"10":15,"11":1,"12":14,"13":6,"14":18,"15":2,"16":16,"17":1,"18":15,"19":1,"20":14,"21":6,"22":18,"23":1,"24":1,"25":6,"26":6,"27":18,"28":6,"29":0,"30":0,"31":6,"32":0},"f":{"0":6,"1":54,"2":50,"3":18,"4":18,"5":18,"6":1,"7":6,"8":18,"9":0,"10":0,"11":0},"b":{"0":[0],"1":[3],"2":[4],"3":[4],"4":[5],"5":[6],"6":[6],"7":[54,18],"8":[50,14,4],"9":[2,16],"10":[1,15],"11":[1,14],"12":[2,16],"13":[1,15],"14":[1,14],"15":[1,0],"16":[18,2],"17":[18,1],"18":[18,3,1],"19":[0,0],"20":[0,0],"21":[6,0],"22":[0,0,0,0,0,0,0]},"_coverageSchema":"1a1c01bbd47fc00a2c39e90264f33305004495a9","hash":"f82c3dbad93cf21c7577a3c77d44935d27507338"}
,"C:\\Users\\khi_h\\Desktop\\Projets\\JoudEnglishApp\\src\\components\\exercise-common\\OptionsList\\style.js": {"path":"C:\\Users\\khi_h\\Desktop\\Projets\\JoudEnglishApp\\src\\components\\exercise-common\\OptionsList\\style.js","statementMap":{"0":{"start":{"line":4,"column":15},"end":{"line":90,"column":2}}},"fnMap":{},"branchMap":{},"s":{"0":1},"f":{},"b":{},"_coverageSchema":"1a1c01bbd47fc00a2c39e90264f33305004495a9","hash":"9bff84872ea0662ad1445d96074e9ee8814cd0ed"}
,"C:\\Users\\khi_h\\Desktop\\Projets\\JoudEnglishApp\\src\\components\\exercise-common\\ResultsScreen\\index.js": {"path":"C:\\Users\\khi_h\\Desktop\\Projets\\JoudEnglishApp\\src\\components\\exercise-common\\ResultsScreen\\index.js","statementMap":{"0":{"start":{"line":20,"column":22},"end":{"line":27,"column":1}},"1":{"start":{"line":21,"column":2},"end":{"line":26,"column":9}},"2":{"start":{"line":30,"column":0},"end":{"line":35,"column":2}},"3":{"start":{"line":38,"column":21},"end":{"line":50,"column":1}},"4":{"start":{"line":39,"column":2},"end":{"line":49,"column":9}},"5":{"start":{"line":53,"column":0},"end":{"line":62,"column":2}},"6":{"start":{"line":65,"column":24},"end":{"line":72,"column":1}},"7":{"start":{"line":66,"column":2},"end":{"line":71,"column":10}},"8":{"start":{"line":75,"column":0},"end":{"line":78,"column":2}},"9":{"start":{"line":81,"column":23},"end":{"line":99,"column":1}},"10":{"start":{"line":82,"column":2},"end":{"line":98,"column":5}},"11":{"start":{"line":102,"column":0},"end":{"line":108,"column":2}},"12":{"start":{"line":111,"column":22},"end":{"line":217,"column":1}},"13":{"start":{"line":127,"column":19},"end":{"line":127,"column":56}},"14":{"start":{"line":128,"column":20},"end":{"line":128,"column":59}},"15":{"start":{"line":132,"column":4},"end":{"line":132,"column":60}},"16":{"start":{"line":135,"column":29},"end":{"line":165,"column":3}},"17":{"start":{"line":136,"column":4},"end":{"line":164,"column":5}},"18":{"start":{"line":137,"column":6},"end":{"line":142,"column":8}},"19":{"start":{"line":143,"column":11},"end":{"line":164,"column":5}},"20":{"start":{"line":144,"column":6},"end":{"line":149,"column":8}},"21":{"start":{"line":150,"column":11},"end":{"line":164,"column":5}},"22":{"start":{"line":151,"column":6},"end":{"line":156,"column":8}},"23":{"start":{"line":158,"column":6},"end":{"line":163,"column":8}},"24":{"start":{"line":167,"column":42},"end":{"line":167,"column":62}},"25":{"start":{"line":170,"column":23},"end":{"line":181,"column":78}},"26":{"start":{"line":171,"column":4},"end":{"line":180,"column":5}},"27":{"start":{"line":172,"column":6},"end":{"line":175,"column":9}},"28":{"start":{"line":178,"column":6},"end":{"line":178,"column":52}},"29":{"start":{"line":184,"column":2},"end":{"line":198,"column":9}},"30":{"start":{"line":185,"column":4},"end":{"line":197,"column":15}},"31":{"start":{"line":200,"column":2},"end":{"line":216,"column":4}},"32":{"start":{"line":220,"column":0},"end":{"line":240,"column":2}},"33":{"start":{"line":242,"column":21},"end":{"line":284,"column":1}},"34":{"start":{"line":243,"column":2},"end":{"line":283,"column":9}},"35":{"start":{"line":287,"column":0},"end":{"line":293,"column":2}},"36":{"start":{"line":295,"column":31},"end":{"line":369,"column":1}},"37":{"start":{"line":298,"column":22},"end":{"line":302,"column":3}},"38":{"start":{"line":299,"column":4},"end":{"line":299,"column":52}},"39":{"start":{"line":299,"column":26},"end":{"line":299,"column":52}},"40":{"start":{"line":300,"column":4},"end":{"line":300,"column":53}},"41":{"start":{"line":300,"column":26},"end":{"line":300,"column":53}},"42":{"start":{"line":301,"column":4},"end":{"line":301,"column":26}},"43":{"start":{"line":304,"column":23},"end":{"line":308,"column":3}},"44":{"start":{"line":305,"column":4},"end":{"line":305,"column":43}},"45":{"start":{"line":305,"column":26},"end":{"line":305,"column":43}},"46":{"start":{"line":306,"column":4},"end":{"line":306,"column":43}},"47":{"start":{"line":306,"column":26},"end":{"line":306,"column":43}},"48":{"start":{"line":307,"column":4},"end":{"line":307,"column":21}},"49":{"start":{"line":310,"column":25},"end":{"line":314,"column":3}},"50":{"start":{"line":311,"column":4},"end":{"line":311,"column":59}},"51":{"start":{"line":311,"column":26},"end":{"line":311,"column":59}},"52":{"start":{"line":312,"column":4},"end":{"line":312,"column":59}},"53":{"start":{"line":312,"column":26},"end":{"line":312,"column":59}},"54":{"start":{"line":313,"column":4},"end":{"line":313,"column":39}},"55":{"start":{"line":316,"column":24},"end":{"line":318,"column":3}},"56":{"start":{"line":317,"column":4},"end":{"line":317,"column":59}},"57":{"start":{"line":320,"column":2},"end":{"line":322,"column":3}},"58":{"start":{"line":321,"column":4},"end":{"line":321,"column":16}},"59":{"start":{"line":324,"column":2},"end":{"line":368,"column":4}},"60":{"start":{"line":329,"column":8},"end":{"line":365,"column":15}},"61":{"start":{"line":372,"column":0},"end":{"line":376,"column":2}}},"fnMap":{"0":{"name":"(anonymous_0)","decl":{"start":{"line":20,"column":22},"end":{"line":20,"column":23}},"loc":{"start":{"line":21,"column":2},"end":{"line":26,"column":9}},"line":21},"1":{"name":"(anonymous_1)","decl":{"start":{"line":38,"column":21},"end":{"line":38,"column":22}},"loc":{"start":{"line":39,"column":2},"end":{"line":49,"column":9}},"line":39},"2":{"name":"(anonymous_2)","decl":{"start":{"line":65,"column":24},"end":{"line":65,"column":25}},"loc":{"start":{"line":66,"column":2},"end":{"line":71,"column":10}},"line":66},"3":{"name":"(anonymous_3)","decl":{"start":{"line":81,"column":23},"end":{"line":81,"column":24}},"loc":{"start":{"line":82,"column":2},"end":{"line":98,"column":5}},"line":82},"4":{"name":"(anonymous_4)","decl":{"start":{"line":111,"column":22},"end":{"line":111,"column":23}},"loc":{"start":{"line":125,"column":6},"end":{"line":217,"column":1}},"line":125},"5":{"name":"(anonymous_5)","decl":{"start":{"line":121,"column":12},"end":{"line":121,"column":13}},"loc":{"start":{"line":121,"column":18},"end":{"line":121,"column":94}},"line":121},"6":{"name":"(anonymous_6)","decl":{"start":{"line":122,"column":15},"end":{"line":122,"column":16}},"loc":{"start":{"line":122,"column":21},"end":{"line":122,"column":97}},"line":122},"7":{"name":"(anonymous_7)","decl":{"start":{"line":135,"column":29},"end":{"line":135,"column":30}},"loc":{"start":{"line":135,"column":35},"end":{"line":165,"column":3}},"line":135},"8":{"name":"(anonymous_8)","decl":{"start":{"line":170,"column":35},"end":{"line":170,"column":36}},"loc":{"start":{"line":170,"column":47},"end":{"line":181,"column":3}},"line":170},"9":{"name":"(anonymous_9)","decl":{"start":{"line":184,"column":12},"end":{"line":184,"column":13}},"loc":{"start":{"line":184,"column":18},"end":{"line":198,"column":3}},"line":184},"10":{"name":"(anonymous_10)","decl":{"start":{"line":242,"column":21},"end":{"line":242,"column":22}},"loc":{"start":{"line":243,"column":2},"end":{"line":283,"column":9}},"line":243},"11":{"name":"(anonymous_11)","decl":{"start":{"line":295,"column":31},"end":{"line":295,"column":32}},"loc":{"start":{"line":295,"column":90},"end":{"line":369,"column":1}},"line":295},"12":{"name":"(anonymous_12)","decl":{"start":{"line":298,"column":22},"end":{"line":298,"column":23}},"loc":{"start":{"line":298,"column":34},"end":{"line":302,"column":3}},"line":298},"13":{"name":"(anonymous_13)","decl":{"start":{"line":304,"column":23},"end":{"line":304,"column":24}},"loc":{"start":{"line":304,"column":35},"end":{"line":308,"column":3}},"line":304},"14":{"name":"(anonymous_14)","decl":{"start":{"line":310,"column":25},"end":{"line":310,"column":26}},"loc":{"start":{"line":310,"column":37},"end":{"line":314,"column":3}},"line":310},"15":{"name":"(anonymous_15)","decl":{"start":{"line":316,"column":24},"end":{"line":316,"column":25}},"loc":{"start":{"line":316,"column":36},"end":{"line":318,"column":3}},"line":316},"16":{"name":"(anonymous_16)","decl":{"start":{"line":328,"column":27},"end":{"line":328,"column":28}},"loc":{"start":{"line":329,"column":8},"end":{"line":365,"column":15}},"line":329}},"branchMap":{"0":{"loc":{"start":{"line":66,"column":2},"end":{"line":71,"column":10}},"type":"cond-expr","locations":[{"start":{"line":67,"column":4},"end":{"line":70,"column":11}},{"start":{"line":71,"column":6},"end":{"line":71,"column":10}}],"line":66},"1":{"loc":{"start":{"line":112,"column":2},"end":{"line":112,"column":20}},"type":"default-arg","locations":[{"start":{"line":112,"column":19},"end":{"line":112,"column":20}}],"line":112},"2":{"loc":{"start":{"line":113,"column":2},"end":{"line":113,"column":20}},"type":"default-arg","locations":[{"start":{"line":113,"column":19},"end":{"line":113,"column":20}}],"line":113},"3":{"loc":{"start":{"line":114,"column":2},"end":{"line":114,"column":22}},"type":"default-arg","locations":[{"start":{"line":114,"column":21},"end":{"line":114,"column":22}}],"line":114},"4":{"loc":{"start":{"line":115,"column":2},"end":{"line":115,"column":20}},"type":"default-arg","locations":[{"start":{"line":115,"column":19},"end":{"line":115,"column":20}}],"line":115},"5":{"loc":{"start":{"line":116,"column":2},"end":{"line":116,"column":21}},"type":"default-arg","locations":[{"start":{"line":116,"column":14},"end":{"line":116,"column":21}}],"line":116},"6":{"loc":{"start":{"line":117,"column":2},"end":{"line":117,"column":27}},"type":"default-arg","locations":[{"start":{"line":117,"column":17},"end":{"line":117,"column":27}}],"line":117},"7":{"loc":{"start":{"line":118,"column":2},"end":{"line":118,"column":14}},"type":"default-arg","locations":[{"start":{"line":118,"column":10},"end":{"line":118,"column":14}}],"line":118},"8":{"loc":{"start":{"line":119,"column":2},"end":{"line":119,"column":24}},"type":"default-arg","locations":[{"start":{"line":119,"column":15},"end":{"line":119,"column":24}}],"line":119},"9":{"loc":{"start":{"line":120,"column":2},"end":{"line":120,"column":15}},"type":"default-arg","locations":[{"start":{"line":120,"column":13},"end":{"line":120,"column":15}}],"line":120},"10":{"loc":{"start":{"line":121,"column":2},"end":{"line":121,"column":94}},"type":"default-arg","locations":[{"start":{"line":121,"column":12},"end":{"line":121,"column":94}}],"line":121},"11":{"loc":{"start":{"line":122,"column":2},"end":{"line":122,"column":97}},"type":"default-arg","locations":[{"start":{"line":122,"column":15},"end":{"line":122,"column":97}}],"line":122},"12":{"loc":{"start":{"line":123,"column":2},"end":{"line":123,"column":29}},"type":"default-arg","locations":[{"start":{"line":123,"column":24},"end":{"line":123,"column":29}}],"line":123},"13":{"loc":{"start":{"line":124,"column":2},"end":{"line":124,"column":22}},"type":"default-arg","locations":[{"start":{"line":124,"column":20},"end":{"line":124,"column":22}}],"line":124},"14":{"loc":{"start":{"line":132,"column":4},"end":{"line":132,"column":60}},"type":"binary-expr","locations":[{"start":{"line":132,"column":4},"end":{"line":132,"column":55}},{"start":{"line":132,"column":59},"end":{"line":132,"column":60}}],"line":132},"15":{"loc":{"start":{"line":136,"column":4},"end":{"line":164,"column":5}},"type":"if","locations":[{"start":{"line":136,"column":4},"end":{"line":164,"column":5}},{"start":{"line":143,"column":11},"end":{"line":164,"column":5}}],"line":136},"16":{"loc":{"start":{"line":143,"column":11},"end":{"line":164,"column":5}},"type":"if","locations":[{"start":{"line":143,"column":11},"end":{"line":164,"column":5}},{"start":{"line":150,"column":11},"end":{"line":164,"column":5}}],"line":143},"17":{"loc":{"start":{"line":150,"column":11},"end":{"line":164,"column":5}},"type":"if","locations":[{"start":{"line":150,"column":11},"end":{"line":164,"column":5}},{"start":{"line":157,"column":11},"end":{"line":164,"column":5}}],"line":150},"18":{"loc":{"start":{"line":299,"column":4},"end":{"line":299,"column":52}},"type":"if","locations":[{"start":{"line":299,"column":4},"end":{"line":299,"column":52}},{"start":{},"end":{}}],"line":299},"19":{"loc":{"start":{"line":300,"column":4},"end":{"line":300,"column":53}},"type":"if","locations":[{"start":{"line":300,"column":4},"end":{"line":300,"column":53}},{"start":{},"end":{}}],"line":300},"20":{"loc":{"start":{"line":305,"column":4},"end":{"line":305,"column":43}},"type":"if","locations":[{"start":{"line":305,"column":4},"end":{"line":305,"column":43}},{"start":{},"end":{}}],"line":305},"21":{"loc":{"start":{"line":306,"column":4},"end":{"line":306,"column":43}},"type":"if","locations":[{"start":{"line":306,"column":4},"end":{"line":306,"column":43}},{"start":{},"end":{}}],"line":306},"22":{"loc":{"start":{"line":311,"column":4},"end":{"line":311,"column":59}},"type":"if","locations":[{"start":{"line":311,"column":4},"end":{"line":311,"column":59}},{"start":{},"end":{}}],"line":311},"23":{"loc":{"start":{"line":312,"column":4},"end":{"line":312,"column":59}},"type":"if","locations":[{"start":{"line":312,"column":4},"end":{"line":312,"column":59}},{"start":{},"end":{}}],"line":312},"24":{"loc":{"start":{"line":317,"column":11},"end":{"line":317,"column":58}},"type":"cond-expr","locations":[{"start":{"line":317,"column":30},"end":{"line":317,"column":38}},{"start":{"line":317,"column":41},"end":{"line":317,"column":58}}],"line":317},"25":{"loc":{"start":{"line":320,"column":2},"end":{"line":322,"column":3}},"type":"if","locations":[{"start":{"line":320,"column":2},"end":{"line":322,"column":3}},{"start":{},"end":{}}],"line":320},"26":{"loc":{"start":{"line":320,"column":6},"end":{"line":320,"column":58}},"type":"binary-expr","locations":[{"start":{"line":320,"column":6},"end":{"line":320,"column":26}},{"start":{"line":320,"column":30},"end":{"line":320,"column":58}}],"line":320},"27":{"loc":{"start":{"line":356,"column":13},"end":{"line":363,"column":13}},"type":"binary-expr","locations":[{"start":{"line":356,"column":13},"end":{"line":356,"column":30}},{"start":{"line":356,"column":34},"end":{"line":356,"column":51}},{"start":{"line":357,"column":14},"end":{"line":362,"column":21}}],"line":356}},"s":{"0":1,"1":12,"2":1,"3":1,"4":12,"5":1,"6":1,"7":12,"8":1,"9":1,"10":12,"11":1,"12":1,"13":12,"14":12,"15":12,"16":12,"17":12,"18":9,"19":3,"20":1,"21":2,"22":1,"23":1,"24":12,"25":12,"26":1,"27":1,"28":0,"29":12,"30":12,"31":12,"32":1,"33":1,"34":12,"35":1,"36":1,"37":12,"38":1,"39":0,"40":1,"41":0,"42":1,"43":12,"44":1,"45":0,"46":1,"47":0,"48":1,"49":12,"50":1,"51":0,"52":1,"53":0,"54":1,"55":12,"56":1,"57":12,"58":11,"59":1,"60":1,"61":1},"f":{"0":12,"1":12,"2":12,"3":12,"4":12,"5":0,"6":0,"7":12,"8":1,"9":12,"10":12,"11":12,"12":1,"13":1,"14":1,"15":1,"16":1},"b":{"0":[1,11],"1":[0],"2":[0],"3":[0],"4":[0],"5":[0],"6":[0],"7":[0],"8":[0],"9":[0],"10":[0],"11":[0],"12":[0],"13":[0],"14":[12,0],"15":[9,3],"16":[1,2],"17":[1,1],"18":[0,1],"19":[0,1],"20":[0,1],"21":[0,1],"22":[0,1],"23":[0,1],"24":[0,1],"25":[11,1],"26":[12,1],"27":[1,1,1]},"_coverageSchema":"1a1c01bbd47fc00a2c39e90264f33305004495a9","hash":"80cbe8a8a1b9cabbb77646efa2163bf7d75fc235"}
,"C:\\Users\\khi_h\\Desktop\\Projets\\JoudEnglishApp\\src\\components\\exercise-common\\ResultsScreen\\style.js": {"path":"C:\\Users\\khi_h\\Desktop\\Projets\\JoudEnglishApp\\src\\components\\exercise-common\\ResultsScreen\\style.js","statementMap":{"0":{"start":{"line":4,"column":15},"end":{"line":248,"column":2}}},"fnMap":{},"branchMap":{},"s":{"0":1},"f":{},"b":{},"_coverageSchema":"1a1c01bbd47fc00a2c39e90264f33305004495a9","hash":"9872686f4777357f7cdb2dc1a0098e2f5d52706a"}
,"C:\\Users\\khi_h\\Desktop\\Projets\\JoudEnglishApp\\src\\components\\layout\\Container\\index.js": {"path":"C:\\Users\\khi_h\\Desktop\\Projets\\JoudEnglishApp\\src\\components\\layout\\Container\\index.js","statementMap":{"0":{"start":{"line":12,"column":18},"end":{"line":72,"column":1}},"1":{"start":{"line":26,"column":27},"end":{"line":26,"column":57}},"2":{"start":{"line":28,"column":25},"end":{"line":33,"column":3}},"3":{"start":{"line":35,"column":24},"end":{"line":38,"column":8}},"4":{"start":{"line":41,"column":4},"end":{"line":61,"column":7}},"5":{"start":{"line":64,"column":2},"end":{"line":71,"column":4}},"6":{"start":{"line":75,"column":0},"end":{"line":98,"column":2}},"7":{"start":{"line":101,"column":36},"end":{"line":107,"column":1}}},"fnMap":{"0":{"name":"(anonymous_0)","decl":{"start":{"line":12,"column":18},"end":{"line":12,"column":19}},"loc":{"start":{"line":25,"column":6},"end":{"line":72,"column":1}},"line":25}},"branchMap":{"0":{"loc":{"start":{"line":15,"column":2},"end":{"line":15,"column":24}},"type":"default-arg","locations":[{"start":{"line":15,"column":19},"end":{"line":15,"column":24}}],"line":15},"1":{"loc":{"start":{"line":16,"column":2},"end":{"line":16,"column":17}},"type":"default-arg","locations":[{"start":{"line":16,"column":13},"end":{"line":16,"column":17}}],"line":16},"2":{"loc":{"start":{"line":17,"column":2},"end":{"line":17,"column":28}},"type":"default-arg","locations":[{"start":{"line":17,"column":19},"end":{"line":17,"column":28}}],"line":17},"3":{"loc":{"start":{"line":18,"column":2},"end":{"line":18,"column":33}},"type":"default-arg","locations":[{"start":{"line":18,"column":19},"end":{"line":18,"column":33}}],"line":18},"4":{"loc":{"start":{"line":19,"column":2},"end":{"line":19,"column":22}},"type":"default-arg","locations":[{"start":{"line":19,"column":18},"end":{"line":19,"column":22}}],"line":19},"5":{"loc":{"start":{"line":20,"column":2},"end":{"line":20,"column":20}},"type":"default-arg","locations":[{"start":{"line":20,"column":16},"end":{"line":20,"column":20}}],"line":20},"6":{"loc":{"start":{"line":21,"column":2},"end":{"line":21,"column":29}},"type":"default-arg","locations":[{"start":{"line":21,"column":20},"end":{"line":21,"column":29}}],"line":21},"7":{"loc":{"start":{"line":22,"column":2},"end":{"line":22,"column":22}},"type":"default-arg","locations":[{"start":{"line":22,"column":20},"end":{"line":22,"column":22}}],"line":22},"8":{"loc":{"start":{"line":23,"column":2},"end":{"line":23,"column":42}},"type":"default-arg","locations":[{"start":{"line":23,"column":18},"end":{"line":23,"column":42}}],"line":23},"9":{"loc":{"start":{"line":26,"column":27},"end":{"line":26,"column":57}},"type":"cond-expr","locations":[{"start":{"line":26,"column":38},"end":{"line":26,"column":50}},{"start":{"line":26,"column":53},"end":{"line":26,"column":57}}],"line":26},"10":{"loc":{"start":{"line":31,"column":4},"end":{"line":31,"column":37}},"type":"binary-expr","locations":[{"start":{"line":31,"column":4},"end":{"line":31,"column":15}},{"start":{"line":31,"column":19},"end":{"line":31,"column":37}}],"line":31},"11":{"loc":{"start":{"line":35,"column":24},"end":{"line":38,"column":8}},"type":"cond-expr","locations":[{"start":{"line":35,"column":35},"end":{"line":38,"column":3}},{"start":{"line":38,"column":6},"end":{"line":38,"column":8}}],"line":35},"12":{"loc":{"start":{"line":42,"column":7},"end":{"line":44,"column":7}},"type":"binary-expr","locations":[{"start":{"line":42,"column":7},"end":{"line":42,"column":20}},{"start":{"line":43,"column":8},"end":{"line":43,"column":80}}],"line":42},"13":{"loc":{"start":{"line":46,"column":7},"end":{"line":60,"column":7}},"type":"cond-expr","locations":[{"start":{"line":47,"column":8},"end":{"line":57,"column":21}},{"start":{"line":59,"column":8},"end":{"line":59,"column":16}}],"line":46},"14":{"loc":{"start":{"line":51,"column":29},"end":{"line":51,"column":46}},"type":"cond-expr","locations":[{"start":{"line":51,"column":40},"end":{"line":51,"column":42}},{"start":{"line":51,"column":45},"end":{"line":51,"column":46}}],"line":51}},"s":{"0":1,"1":10,"2":10,"3":10,"4":10,"5":10,"6":1,"7":1},"f":{"0":10},"b":{"0":[8],"1":[10],"2":[9],"3":[9],"4":[9],"5":[9],"6":[9],"7":[10],"8":[10],"9":[10,0],"10":[10,9],"11":[10,0],"12":[10,9],"13":[1,9],"14":[1,0]},"_coverageSchema":"1a1c01bbd47fc00a2c39e90264f33305004495a9","hash":"f8d65fc92120558b0e2c1569451c7497ab18aeb9"}
,"C:\\Users\\khi_h\\Desktop\\Projets\\JoudEnglishApp\\src\\components\\layout\\Container\\style.js": {"path":"C:\\Users\\khi_h\\Desktop\\Projets\\JoudEnglishApp\\src\\components\\layout\\Container\\style.js","statementMap":{"0":{"start":{"line":4,"column":15},"end":{"line":18,"column":2}}},"fnMap":{},"branchMap":{},"s":{"0":1},"f":{},"b":{},"_coverageSchema":"1a1c01bbd47fc00a2c39e90264f33305004495a9","hash":"d8635e795cec75be34aec417f03b2ab1eefbc410"}
,"C:\\Users\\khi_h\\Desktop\\Projets\\JoudEnglishApp\\src\\components\\layout\\Header\\index.js": {"path":"C:\\Users\\khi_h\\Desktop\\Projets\\JoudEnglishApp\\src\\components\\layout\\Header\\index.js","statementMap":{"0":{"start":{"line":18,"column":15},"end":{"line":198,"column":1}},"1":{"start":{"line":48,"column":21},"end":{"line":48,"column":36}},"2":{"start":{"line":51,"column":26},"end":{"line":57,"column":31}},"3":{"start":{"line":52,"column":4},"end":{"line":56,"column":5}},"4":{"start":{"line":53,"column":6},"end":{"line":53,"column":20}},"5":{"start":{"line":54,"column":11},"end":{"line":56,"column":5}},"6":{"start":{"line":55,"column":6},"end":{"line":55,"column":26}},"7":{"start":{"line":62,"column":30},"end":{"line":78,"column":3}},"8":{"start":{"line":63,"column":4},"end":{"line":63,"column":44}},"9":{"start":{"line":63,"column":23},"end":{"line":63,"column":44}},"10":{"start":{"line":64,"column":4},"end":{"line":76,"column":5}},"11":{"start":{"line":65,"column":6},"end":{"line":75,"column":8}},"12":{"start":{"line":77,"column":4},"end":{"line":77,"column":53}},"13":{"start":{"line":81,"column":31},"end":{"line":95,"column":3}},"14":{"start":{"line":82,"column":4},"end":{"line":82,"column":46}},"15":{"start":{"line":82,"column":24},"end":{"line":82,"column":46}},"16":{"start":{"line":83,"column":4},"end":{"line":93,"column":5}},"17":{"start":{"line":84,"column":6},"end":{"line":92,"column":8}},"18":{"start":{"line":94,"column":4},"end":{"line":94,"column":53}},"19":{"start":{"line":98,"column":41},"end":{"line":113,"column":3}},"20":{"start":{"line":99,"column":4},"end":{"line":101,"column":5}},"21":{"start":{"line":100,"column":6},"end":{"line":100,"column":82}},"22":{"start":{"line":102,"column":4},"end":{"line":111,"column":5}},"23":{"start":{"line":103,"column":6},"end":{"line":110,"column":8}},"24":{"start":{"line":112,"column":4},"end":{"line":112,"column":16}},"25":{"start":{"line":116,"column":32},"end":{"line":137,"column":3}},"26":{"start":{"line":117,"column":4},"end":{"line":136,"column":11}},"27":{"start":{"line":140,"column":34},"end":{"line":164,"column":3}},"28":{"start":{"line":141,"column":4},"end":{"line":163,"column":11}},"29":{"start":{"line":167,"column":28},"end":{"line":175,"column":3}},"30":{"start":{"line":168,"column":4},"end":{"line":170,"column":5}},"31":{"start":{"line":169,"column":6},"end":{"line":169,"column":70}},"32":{"start":{"line":171,"column":4},"end":{"line":173,"column":5}},"33":{"start":{"line":172,"column":6},"end":{"line":172,"column":39}},"34":{"start":{"line":174,"column":4},"end":{"line":174,"column":35}},"35":{"start":{"line":177,"column":2},"end":{"line":197,"column":4}},"36":{"start":{"line":201,"column":0},"end":{"line":230,"column":2}}},"fnMap":{"0":{"name":"(anonymous_0)","decl":{"start":{"line":18,"column":15},"end":{"line":18,"column":16}},"loc":{"start":{"line":47,"column":6},"end":{"line":198,"column":1}},"line":47},"1":{"name":"(anonymous_1)","decl":{"start":{"line":51,"column":38},"end":{"line":51,"column":39}},"loc":{"start":{"line":51,"column":44},"end":{"line":57,"column":3}},"line":51},"2":{"name":"(anonymous_2)","decl":{"start":{"line":62,"column":30},"end":{"line":62,"column":31}},"loc":{"start":{"line":62,"column":36},"end":{"line":78,"column":3}},"line":62},"3":{"name":"(anonymous_3)","decl":{"start":{"line":81,"column":31},"end":{"line":81,"column":32}},"loc":{"start":{"line":81,"column":37},"end":{"line":95,"column":3}},"line":81},"4":{"name":"(anonymous_4)","decl":{"start":{"line":98,"column":41},"end":{"line":98,"column":42}},"loc":{"start":{"line":98,"column":47},"end":{"line":113,"column":3}},"line":98},"5":{"name":"(anonymous_5)","decl":{"start":{"line":116,"column":32},"end":{"line":116,"column":33}},"loc":{"start":{"line":117,"column":4},"end":{"line":136,"column":11}},"line":117},"6":{"name":"(anonymous_6)","decl":{"start":{"line":140,"column":34},"end":{"line":140,"column":35}},"loc":{"start":{"line":141,"column":4},"end":{"line":163,"column":11}},"line":141},"7":{"name":"(anonymous_7)","decl":{"start":{"line":167,"column":28},"end":{"line":167,"column":29}},"loc":{"start":{"line":167,"column":34},"end":{"line":175,"column":3}},"line":167}},"branchMap":{"0":{"loc":{"start":{"line":21,"column":2},"end":{"line":21,"column":23}},"type":"default-arg","locations":[{"start":{"line":21,"column":19},"end":{"line":21,"column":23}}],"line":21},"1":{"loc":{"start":{"line":28,"column":2},"end":{"line":28,"column":29}},"type":"default-arg","locations":[{"start":{"line":28,"column":20},"end":{"line":28,"column":29}}],"line":28},"2":{"loc":{"start":{"line":29,"column":2},"end":{"line":29,"column":23}},"type":"default-arg","locations":[{"start":{"line":29,"column":14},"end":{"line":29,"column":23}}],"line":29},"3":{"loc":{"start":{"line":30,"column":2},"end":{"line":30,"column":19}},"type":"default-arg","locations":[{"start":{"line":30,"column":15},"end":{"line":30,"column":19}}],"line":30},"4":{"loc":{"start":{"line":31,"column":2},"end":{"line":31,"column":26}},"type":"default-arg","locations":[{"start":{"line":31,"column":21},"end":{"line":31,"column":26}}],"line":31},"5":{"loc":{"start":{"line":32,"column":2},"end":{"line":32,"column":22}},"type":"default-arg","locations":[{"start":{"line":32,"column":18},"end":{"line":32,"column":22}}],"line":32},"6":{"loc":{"start":{"line":33,"column":2},"end":{"line":33,"column":28}},"type":"default-arg","locations":[{"start":{"line":33,"column":19},"end":{"line":33,"column":28}}],"line":33},"7":{"loc":{"start":{"line":34,"column":2},"end":{"line":34,"column":33}},"type":"default-arg","locations":[{"start":{"line":34,"column":19},"end":{"line":34,"column":33}}],"line":34},"8":{"loc":{"start":{"line":35,"column":2},"end":{"line":35,"column":19}},"type":"default-arg","locations":[{"start":{"line":35,"column":14},"end":{"line":35,"column":19}}],"line":35},"9":{"loc":{"start":{"line":38,"column":2},"end":{"line":38,"column":24}},"type":"default-arg","locations":[{"start":{"line":38,"column":19},"end":{"line":38,"column":24}}],"line":38},"10":{"loc":{"start":{"line":52,"column":4},"end":{"line":56,"column":5}},"type":"if","locations":[{"start":{"line":52,"column":4},"end":{"line":56,"column":5}},{"start":{"line":54,"column":11},"end":{"line":56,"column":5}}],"line":52},"11":{"loc":{"start":{"line":54,"column":11},"end":{"line":56,"column":5}},"type":"if","locations":[{"start":{"line":54,"column":11},"end":{"line":56,"column":5}},{"start":{},"end":{}}],"line":54},"12":{"loc":{"start":{"line":63,"column":4},"end":{"line":63,"column":44}},"type":"if","locations":[{"start":{"line":63,"column":4},"end":{"line":63,"column":44}},{"start":{},"end":{}}],"line":63},"13":{"loc":{"start":{"line":64,"column":4},"end":{"line":76,"column":5}},"type":"if","locations":[{"start":{"line":64,"column":4},"end":{"line":76,"column":5}},{"start":{},"end":{}}],"line":64},"14":{"loc":{"start":{"line":82,"column":4},"end":{"line":82,"column":46}},"type":"if","locations":[{"start":{"line":82,"column":4},"end":{"line":82,"column":46}},{"start":{},"end":{}}],"line":82},"15":{"loc":{"start":{"line":83,"column":4},"end":{"line":93,"column":5}},"type":"if","locations":[{"start":{"line":83,"column":4},"end":{"line":93,"column":5}},{"start":{},"end":{}}],"line":83},"16":{"loc":{"start":{"line":99,"column":4},"end":{"line":101,"column":5}},"type":"if","locations":[{"start":{"line":99,"column":4},"end":{"line":101,"column":5}},{"start":{},"end":{}}],"line":99},"17":{"loc":{"start":{"line":102,"column":4},"end":{"line":111,"column":5}},"type":"if","locations":[{"start":{"line":102,"column":4},"end":{"line":111,"column":5}},{"start":{},"end":{}}],"line":102},"18":{"loc":{"start":{"line":126,"column":10},"end":{"line":126,"column":44}},"type":"binary-expr","locations":[{"start":{"line":126,"column":10},"end":{"line":126,"column":19}},{"start":{"line":126,"column":23},"end":{"line":126,"column":44}}],"line":126},"19":{"loc":{"start":{"line":156,"column":9},"end":{"line":156,"column":78}},"type":"binary-expr","locations":[{"start":{"line":156,"column":9},"end":{"line":156,"column":17}},{"start":{"line":156,"column":21},"end":{"line":156,"column":78}}],"line":156},"20":{"loc":{"start":{"line":160,"column":7},"end":{"line":162,"column":7}},"type":"binary-expr","locations":[{"start":{"line":160,"column":7},"end":{"line":160,"column":22}},{"start":{"line":161,"column":8},"end":{"line":161,"column":78}}],"line":160},"21":{"loc":{"start":{"line":168,"column":4},"end":{"line":170,"column":5}},"type":"if","locations":[{"start":{"line":168,"column":4},"end":{"line":170,"column":5}},{"start":{},"end":{}}],"line":168},"22":{"loc":{"start":{"line":171,"column":4},"end":{"line":173,"column":5}},"type":"if","locations":[{"start":{"line":171,"column":4},"end":{"line":173,"column":5}},{"start":{},"end":{}}],"line":171},"23":{"loc":{"start":{"line":182,"column":8},"end":{"line":182,"column":39}},"type":"binary-expr","locations":[{"start":{"line":182,"column":8},"end":{"line":182,"column":18}},{"start":{"line":182,"column":22},"end":{"line":182,"column":39}}],"line":182},"24":{"loc":{"start":{"line":183,"column":8},"end":{"line":183,"column":45}},"type":"binary-expr","locations":[{"start":{"line":183,"column":8},"end":{"line":183,"column":24}},{"start":{"line":183,"column":28},"end":{"line":183,"column":45}}],"line":183},"25":{"loc":{"start":{"line":184,"column":8},"end":{"line":184,"column":37}},"type":"binary-expr","locations":[{"start":{"line":184,"column":8},"end":{"line":184,"column":17}},{"start":{"line":184,"column":21},"end":{"line":184,"column":37}}],"line":184},"26":{"loc":{"start":{"line":185,"column":8},"end":{"line":185,"column":52}},"type":"binary-expr","locations":[{"start":{"line":185,"column":8},"end":{"line":185,"column":22}},{"start":{"line":185,"column":26},"end":{"line":185,"column":52}}],"line":185},"27":{"loc":{"start":{"line":190,"column":7},"end":{"line":192,"column":7}},"type":"binary-expr","locations":[{"start":{"line":190,"column":7},"end":{"line":190,"column":20}},{"start":{"line":191,"column":8},"end":{"line":191,"column":80}}],"line":190}},"s":{"0":1,"1":14,"2":14,"3":2,"4":1,"5":1,"6":1,"7":14,"8":13,"9":1,"10":12,"11":11,"12":1,"13":14,"14":9,"15":1,"16":8,"17":2,"18":6,"19":14,"20":4,"21":1,"22":3,"23":1,"24":2,"25":14,"26":9,"27":14,"28":4,"29":14,"30":14,"31":1,"32":13,"33":4,"34":9,"35":14,"36":1},"f":{"0":14,"1":2,"2":13,"3":9,"4":4,"5":9,"6":4,"7":14},"b":{"0":[8],"1":[14],"2":[14],"3":[14],"4":[14],"5":[14],"6":[14],"7":[14],"8":[14],"9":[10],"10":[1,1],"11":[1,0],"12":[1,12],"13":[11,1],"14":[1,8],"15":[2,6],"16":[1,3],"17":[1,2],"18":[9,0],"19":[4,1],"20":[4,1],"21":[1,13],"22":[4,9],"23":[14,14],"24":[14,0],"25":[14,0],"26":[14,4],"27":[14,14]},"_coverageSchema":"1a1c01bbd47fc00a2c39e90264f33305004495a9","hash":"3fce3c692d32397a21f64d739f54a744f6849987"}
,"C:\\Users\\khi_h\\Desktop\\Projets\\JoudEnglishApp\\src\\components\\layout\\Header\\style.js": {"path":"C:\\Users\\khi_h\\Desktop\\Projets\\JoudEnglishApp\\src\\components\\layout\\Header\\style.js","statementMap":{"0":{"start":{"line":4,"column":25},"end":{"line":4,"column":77}},"1":{"start":{"line":5,"column":22},"end":{"line":5,"column":53}},"2":{"start":{"line":7,"column":15},"end":{"line":121,"column":2}}},"fnMap":{},"branchMap":{"0":{"loc":{"start":{"line":4,"column":25},"end":{"line":4,"column":77}},"type":"cond-expr","locations":[{"start":{"line":4,"column":49},"end":{"line":4,"column":51}},{"start":{"line":4,"column":54},"end":{"line":4,"column":77}}],"line":4},"1":{"loc":{"start":{"line":5,"column":22},"end":{"line":5,"column":53}},"type":"cond-expr","locations":[{"start":{"line":5,"column":46},"end":{"line":5,"column":48}},{"start":{"line":5,"column":51},"end":{"line":5,"column":53}}],"line":5},"2":{"loc":{"start":{"line":11,"column":16},"end":{"line":11,"column":60}},"type":"cond-expr","locations":[{"start":{"line":11,"column":40},"end":{"line":11,"column":56}},{"start":{"line":11,"column":59},"end":{"line":11,"column":60}}],"line":11},"3":{"loc":{"start":{"line":38,"column":12},"end":{"line":38,"column":43}},"type":"cond-expr","locations":[{"start":{"line":38,"column":36},"end":{"line":38,"column":38}},{"start":{"line":38,"column":41},"end":{"line":38,"column":43}}],"line":38}},"s":{"0":1,"1":1,"2":1},"f":{},"b":{"0":[1,0],"1":[1,0],"2":[1,0],"3":[1,0]},"_coverageSchema":"1a1c01bbd47fc00a2c39e90264f33305004495a9","hash":"5b6e31d1b66d7b6f4969967cf118fa562cd5753c"}
[...]
":194,"column":4},"end":{"line":200,"column":5}},"type":"if","locations":[{"start":{"line":194,"column":4},"end":{"line":200,"column":5}},{"start":{},"end":{}}],"line":194},"22":{"loc":{"start":{"line":196,"column":6},"end":{"line":199,"column":7}},"type":"if","locations":[{"start":{"line":196,"column":6},"end":{"line":199,"column":7}},{"start":{},"end":{}}],"line":196},"23":{"loc":{"start":{"line":209,"column":40},"end":{"line":209,"column":64}},"type":"default-arg","locations":[{"start":{"line":209,"column":46},"end":{"line":209,"column":64}}],"line":209},"24":{"loc":{"start":{"line":211,"column":2},"end":{"line":213,"column":3}},"type":"if","locations":[{"start":{"line":211,"column":2},"end":{"line":213,"column":3}},{"start":{},"end":{}}],"line":211},"25":{"loc":{"start":{"line":236,"column":2},"end":{"line":238,"column":3}},"type":"if","locations":[{"start":{"line":236,"column":2},"end":{"line":238,"column":3}},{"start":{},"end":{}}],"line":236},"26":{"loc":{"start":{"line":242,"column":11},"end":{"line":242,"column":66}},"type":"cond-expr","locations":[{"start":{"line":242,"column":32},"end":{"line":242,"column":59}},{"start":{"line":242,"column":62},"end":{"line":242,"column":66}}],"line":242},"27":{"loc":{"start":{"line":255,"column":15},"end":{"line":255,"column":41}},"type":"binary-expr","locations":[{"start":{"line":255,"column":15},"end":{"line":255,"column":28}},{"start":{"line":255,"column":32},"end":{"line":255,"column":41}}],"line":255},"28":{"loc":{"start":{"line":257,"column":16},"end":{"line":257,"column":37}},"type":"binary-expr","locations":[{"start":{"line":257,"column":16},"end":{"line":257,"column":32}},{"start":{"line":257,"column":36},"end":{"line":257,"column":37}}],"line":257},"29":{"loc":{"start":{"line":306,"column":33},"end":{"line":306,"column":93}},"type":"binary-expr","locations":[{"start":{"line":306,"column":33},"end":{"line":306,"column":87}},{"start":{"line":306,"column":91},"end":{"line":306,"column":93}}],"line":306},"30":{"loc":{"start":{"line":325,"column":33},"end":{"line":325,"column":93}},"type":"binary-expr","locations":[{"start":{"line":325,"column":33},"end":{"line":325,"column":87}},{"start":{"line":325,"column":91},"end":{"line":325,"column":93}}],"line":325},"31":{"loc":{"start":{"line":336,"column":25},"end":{"line":340,"column":7}},"type":"binary-expr","locations":[{"start":{"line":336,"column":25},"end":{"line":336,"column":71}},{"start":{"line":336,"column":75},"end":{"line":340,"column":7}}],"line":336},"32":{"loc":{"start":{"line":345,"column":6},"end":{"line":363,"column":7}},"type":"if","locations":[{"start":{"line":345,"column":6},"end":{"line":363,"column":7}},{"start":{"line":349,"column":13},"end":{"line":363,"column":7}}],"line":345},"33":{"loc":{"start":{"line":353,"column":8},"end":{"line":362,"column":9}},"type":"if","locations":[{"start":{"line":353,"column":8},"end":{"line":362,"column":9}},{"start":{"line":357,"column":15},"end":{"line":362,"column":9}}],"line":353},"34":{"loc":{"start":{"line":357,"column":15},"end":{"line":362,"column":9}},"type":"if","locations":[{"start":{"line":357,"column":15},"end":{"line":362,"column":9}},{"start":{"line":359,"column":15},"end":{"line":362,"column":9}}],"line":357},"35":{"loc":{"start":{"line":376,"column":25},"end":{"line":380,"column":7}},"type":"binary-expr","locations":[{"start":{"line":376,"column":25},"end":{"line":376,"column":71}},{"start":{"line":376,"column":75},"end":{"line":380,"column":7}}],"line":376}},"s":{"0":3,"1":0,"2":0,"3":0,"4":0,"5":0,"6":0,"7":0,"8":3,"9":0,"10":0,"11":0,"12":0,"13":0,"14":0,"15":0,"16":0,"17":0,"18":3,"19":0,"20":0,"21":0,"22":0,"23":0,"24":3,"25":0,"26":0,"27":0,"28":0,"29":0,"30":3,"31":0,"32":0,"33":0,"34":0,"35":0,"36":0,"37":0,"38":3,"39":0,"40":0,"41":0,"42":0,"43":0,"44":3,"45":0,"46":0,"47":0,"48":0,"49":0,"50":0,"51":3,"52":0,"53":0,"54":0,"55":0,"56":0,"57":0,"58":0,"59":0,"60":0,"61":0,"62":0,"63":0,"64":3,"65":0,"66":3,"67":0,"68":0,"69":0,"70":0,"71":0,"72":0,"73":0,"74":0,"75":0,"76":0,"77":0,"78":0,"79":0,"80":0,"81":0,"82":0,"83":0,"84":0,"85":0,"86":3,"87":0,"88":0,"89":0,"90":0,"91":0,"92":0,"93":0,"94":0,"95":3,"96":0,"97":3,"98":0,"99":0,"100":0,"101":0,"102":0,"103":0,"104":0,"105":0,"106":0,"107":0,"108":0,"109":0,"110":3,"111":0,"112":0,"113":0,"114":0,"115":0,"116":0,"117":0,"118":0,"119":0,"120":0,"121":0,"122":0,"123":0,"124":0,"125":0,"126":0,"127":0,"128":0,"129":0,"130":0,"131":0,"132":0,"133":0,"134":0,"135":0,"136":0,"137":0,"138":0,"139":0,"140":0,"141":0,"142":0,"143":0,"144":0,"145":0,"146":0,"147":0,"148":0,"149":0,"150":0,"151":0,"152":0,"153":0},"f":{"0":0,"1":0,"2":0,"3":0,"4":0,"5":0,"6":0,"7":0,"8":0,"9":0,"10":0,"11":0,"12":0,"13":0,"14":0,"15":0,"16":0,"17":0,"18":0,"19":0,"20":0,"21":0,"22":0,"23":0,"24":0},"b":{"0":[0,0],"1":[0,0],"2":[0,0],"3":[0,0],"4":[0,0],"5":[0,0],"6":[0,0],"7":[0,0,0],"8":[0,0],"9":[0,0],"10":[0,0],"11":[0,0],"12":[0,0],"13":[0,0],"14":[0,0],"15":[0,0],"16":[0,0],"17":[0],"18":[0,0],"19":[0,0],"20":[0,0],"21":[0,0],"22":[0,0],"23":[0],"24":[0,0],"25":[0,0],"26":[0,0],"27":[0,0],"28":[0,0],"29":[0,0],"30":[0,0],"31":[0,0],"32":[0,0],"33":[0,0],"34":[0,0],"35":[0,0]},"_coverageSchema":"1a1c01bbd47fc00a2c39e90264f33305004495a9","hash":"f1a0c92dd3edec9d2df6394afc38d12f9ca521d5"}
,"C:\\Users\\khi_h\\Desktop\\Projets\\JoudEnglishApp\\src\\utils\\timeConstants.js": {"path":"C:\\Users\\khi_h\\Desktop\\Projets\\JoudEnglishApp\\src\\utils\\timeConstants.js","statementMap":{"0":{"start":{"line":7,"column":28},"end":{"line":11,"column":1}},"1":{"start":{"line":14,"column":30},"end":{"line":18,"column":1}},"2":{"start":{"line":21,"column":37},"end":{"line":35,"column":1}},"3":{"start":{"line":38,"column":30},"end":{"line":48,"column":1}},"4":{"start":{"line":51,"column":29},"end":{"line":54,"column":6}},"5":{"start":{"line":52,"column":2},"end":{"line":52,"column":16}},"6":{"start":{"line":53,"column":2},"end":{"line":53,"column":13}},"7":{"start":{"line":57,"column":39},"end":{"line":107,"column":1}}},"fnMap":{"0":{"name":"(anonymous_0)","decl":{"start":{"line":51,"column":66},"end":{"line":51,"column":67}},"loc":{"start":{"line":51,"column":81},"end":{"line":54,"column":1}},"line":51}},"branchMap":{},"s":{"0":3,"1":3,"2":3,"3":3,"4":3,"5":24,"6":24,"7":3},"f":{"0":24},"b":{},"_coverageSchema":"1a1c01bbd47fc00a2c39e90264f33305004495a9","hash":"79c41b87391aedda4b1fb0179b7eb2692ba20bc2"}
,"C:\\Users\\khi_h\\Desktop\\Projets\\JoudEnglishApp\\src\\utils\\timeUtils.js": {"path":"C:\\Users\\khi_h\\Desktop\\Projets\\JoudEnglishApp\\src\\utils\\timeUtils.js","statementMap":{"0":{"start":{"line":13,"column":36},"end":{"line":21,"column":1}},"1":{"start":{"line":14,"column":2},"end":{"line":20,"column":4}},"2":{"start":{"line":28,"column":33},"end":{"line":47,"column":1}},"3":{"start":{"line":29,"column":2},"end":{"line":31,"column":3}},"4":{"start":{"line":30,"column":4},"end":{"line":30,"column":32}},"5":{"start":{"line":33,"column":20},"end":{"line":33,"column":40}},"6":{"start":{"line":36,"column":2},"end":{"line":44,"column":5}},"7":{"start":{"line":37,"column":22},"end":{"line":37,"column":41}},"8":{"start":{"line":39,"column":4},"end":{"line":43,"column":5}},"9":{"start":{"line":40,"column":6},"end":{"line":40,"column":54}},"10":{"start":{"line":42,"column":6},"end":{"line":42,"column":34}},"11":{"start":{"line":46,"column":2},"end":{"line":46,"column":19}},"12":{"start":{"line":54,"column":33},"end":{"line":61,"column":1}},"13":{"start":{"line":55,"column":2},"end":{"line":57,"column":3}},"14":{"start":{"line":56,"column":4},"end":{"line":56,"column":13}},"15":{"start":{"line":59,"column":18},"end":{"line":59,"column":61}},"16":{"start":{"line":60,"column":2},"end":{"line":60,"column":30}},"17":{"start":{"line":68,"column":32},"end":{"line":74,"column":1}},"18":{"start":{"line":69,"column":2},"end":{"line":71,"column":3}},"19":{"start":{"line":70,"column":4},"end":{"line":70,"column":13}},"20":{"start":{"line":73,"column":2},"end":{"line":73,"column":34}},"21":{"start":{"line":81,"column":32},"end":{"line":87,"column":1}},"22":{"start":{"line":82,"column":2},"end":{"line":84,"column":3}},"23":{"start":{"line":83,"column":4},"end":{"line":83,"column":13}},"24":{"start":{"line":86,"column":2},"end":{"line":86,"column":22}},"25":{"start":{"line":94,"column":26},"end":{"line":111,"column":1}},"26":{"start":{"line":95,"column":2},"end":{"line":97,"column":3}},"27":{"start":{"line":96,"column":4},"end":{"line":96,"column":16}},"28":{"start":{"line":99,"column":18},"end":{"line":99,"column":42}},"29":{"start":{"line":100,"column":27},"end":{"line":100,"column":39}},"30":{"start":{"line":102,"column":2},"end":{"line":104,"column":3}},"31":{"start":{"line":103,"column":4},"end":{"line":103,"column":34}},"32":{"start":{"line":106,"column":2},"end":{"line":108,"column":3}},"33":{"start":{"line":107,"column":4},"end":{"line":107,"column":25}},"34":{"start":{"line":110,"column":2},"end":{"line":110,"column":44}},"35":{"start":{"line":118,"column":33},"end":{"line":127,"column":1}},"36":{"start":{"line":119,"column":2},"end":{"line":121,"column":3}},"37":{"start":{"line":120,"column":4},"end":{"line":120,"column":18}},"38":{"start":{"line":123,"column":18},"end":{"line":123,"column":42}},"39":{"start":{"line":124,"column":27},"end":{"line":124,"column":39}},"40":{"start":{"line":126,"column":2},"end":{"line":126,"column":70}},"41":{"start":{"line":134,"column":37},"end":{"line":146,"column":1}},"42":{"start":{"line":135,"column":2},"end":{"line":137,"column":3}},"43":{"start":{"line":136,"column":4},"end":{"line":136,"column":17}},"44":{"start":{"line":140,"column":24},"end":{"line":140,"column":53}},"45":{"start":{"line":141,"column":22},"end":{"line":143,"column":3}},"46":{"start":{"line":142,"column":4},"end":{"line":142,"column":67}},"47":{"start":{"line":145,"column":2},"end":{"line":145,"column":21}},"48":{"start":{"line":153,"column":37},"end":{"line":159,"column":1}},"49":{"start":{"line":154,"column":2},"end":{"line":156,"column":3}},"50":{"start":{"line":155,"column":4},"end":{"line":155,"column":13}},"51":{"start":{"line":158,"column":2},"end":{"line":158,"column":71}},"52":{"start":{"line":158,"column":54},"end":{"line":158,"column":66}},"53":{"start":{"line":166,"column":36},"end":{"line":174,"column":1}},"54":{"start":{"line":167,"column":2},"end":{"line":169,"column":3}},"55":{"start":{"line":168,"column":4},"end":{"line":168,"column":14}},"56":{"start":{"line":171,"column":2},"end":{"line":173,"column":37}},"57":{"start":{"line":172,"column":36},"end":{"line":172,"column":58}},"58":{"start":{"line":173,"column":20},"end":{"line":173,"column":35}},"59":{"start":{"line":183,"column":30},"end":{"line":192,"column":1}},"60":{"start":{"line":184,"column":2},"end":{"line":186,"column":3}},"61":{"start":{"line":185,"column":4},"end":{"line":185,"column":17}},"62":{"start":{"line":188,"column":24},"end":{"line":188,"column":48}},"63":{"start":{"line":189,"column":25},"end":{"line":189,"column":57}},"64":{"start":{"line":191,"column":2},"end":{"line":191,"column":41}}},"fnMap":{"0":{"name":"(anonymous_0)","decl":{"start":{"line":13,"column":36},"end":{"line":13,"column":37}},"loc":{"start":{"line":13,"column":55},"end":{"line":21,"column":1}},"line":13},"1":{"name":"(anonymous_1)","decl":{"start":{"line":28,"column":33},"end":{"line":28,"column":34}},"loc":{"start":{"line":28,"column":44},"end":{"line":47,"column":1}},"line":28},"2":{"name":"(anonymous_2)","decl":{"start":{"line":36,"column":40},"end":{"line":36,"column":41}},"loc":{"start":{"line":36,"column":56},"end":{"line":44,"column":3}},"line":36},"3":{"name":"(anonymous_3)","decl":{"start":{"line":54,"column":33},"end":{"line":54,"column":34}},"loc":{"start":{"line":54,"column":48},"end":{"line":61,"column":1}},"line":54},"4":{"name":"(anonymous_4)","decl":{"start":{"line":68,"column":32},"end":{"line":68,"column":33}},"loc":{"start":{"line":68,"column":45},"end":{"line":74,"column":1}},"line":68},"5":{"name":"(anonymous_5)","decl":{"start":{"line":81,"column":32},"end":{"line":81,"column":33}},"loc":{"start":{"line":81,"column":45},"end":{"line":87,"column":1}},"line":81},"6":{"name":"(anonymous_6)","decl":{"start":{"line":94,"column":26},"end":{"line":94,"column":27}},"loc":{"start":{"line":94,"column":39},"end":{"line":111,"column":1}},"line":94},"7":{"name":"(anonymous_7)","decl":{"start":{"line":118,"column":33},"end":{"line":118,"column":34}},"loc":{"start":{"line":118,"column":46},"end":{"line":127,"column":1}},"line":118},"8":{"name":"(anonymous_8)","decl":{"start":{"line":134,"column":37},"end":{"line":134,"column":38}},"loc":{"start":{"line":134,"column":48},"end":{"line":146,"column":1}},"line":134},"9":{"name":"(anonymous_9)","decl":{"start":{"line":141,"column":42},"end":{"line":141,"column":43}},"loc":{"start":{"line":142,"column":4},"end":{"line":142,"column":67}},"line":142},"10":{"name":"(anonymous_10)","decl":{"start":{"line":153,"column":37},"end":{"line":153,"column":38}},"loc":{"start":{"line":153,"column":48},"end":{"line":159,"column":1}},"line":153},"11":{"name":"(anonymous_11)","decl":{"start":{"line":158,"column":37},"end":{"line":158,"column":38}},"loc":{"start":{"line":158,"column":54},"end":{"line":158,"column":66}},"line":158},"12":{"name":"(anonymous_12)","decl":{"start":{"line":166,"column":36},"end":{"line":166,"column":37}},"loc":{"start":{"line":166,"column":47},"end":{"line":174,"column":1}},"line":166},"13":{"name":"(anonymous_13)","decl":{"start":{"line":172,"column":9},"end":{"line":172,"column":10}},"loc":{"start":{"line":172,"column":36},"end":{"line":172,"column":58}},"line":172},"14":{"name":"(anonymous_14)","decl":{"start":{"line":173,"column":10},"end":{"line":173,"column":11}},"loc":{"start":{"line":173,"column":20},"end":{"line":173,"column":35}},"line":173},"15":{"name":"(anonymous_15)","decl":{"start":{"line":183,"column":30},"end":{"line":183,"column":31}},"loc":{"start":{"line":183,"column":75},"end":{"line":192,"column":1}},"line":183}},"branchMap":{"0":{"loc":{"start":{"line":15,"column":4},"end":{"line":19,"column":26}},"type":"binary-expr","locations":[{"start":{"line":15,"column":4},"end":{"line":15,"column":37}},{"start":{"line":16,"column":4},"end":{"line":16,"column":25}},{"start":{"line":17,"column":4},"end":{"line":17,"column":27}},{"start":{"line":18,"column":4},"end":{"line":18,"column":22}},{"start":{"line":19,"column":4},"end":{"line":19,"column":26}}],"line":15},"1":{"loc":{"start":{"line":29,"column":2},"end":{"line":31,"column":3}},"type":"if","locations":[{"start":{"line":29,"column":2},"end":{"line":31,"column":3}},{"start":{},"end":{}}],"line":29},"2":{"loc":{"start":{"line":29,"column":6},"end":{"line":29,"column":41}},"type":"binary-expr","locations":[{"start":{"line":29,"column":6},"end":{"line":29,"column":12}},{"start":{"line":29,"column":16},"end":{"line":29,"column":41}}],"line":29},"3":{"loc":{"start":{"line":39,"column":4},"end":{"line":43,"column":5}},"type":"if","locations":[{"start":{"line":39,"column":4},"end":{"line":43,"column":5}},{"start":{"line":41,"column":11},"end":{"line":43,"column":5}}],"line":39},"4":{"loc":{"start":{"line":55,"column":2},"end":{"line":57,"column":3}},"type":"if","locations":[{"start":{"line":55,"column":2},"end":{"line":57,"column":3}},{"start":{},"end":{}}],"line":55},"5":{"loc":{"start":{"line":55,"column":6},"end":{"line":55,"column":49}},"type":"binary-expr","locations":[{"start":{"line":55,"column":6},"end":{"line":55,"column":16}},{"start":{"line":55,"column":20},"end":{"line":55,"column":49}}],"line":55},"6":{"loc":{"start":{"line":69,"column":2},"end":{"line":71,"column":3}},"type":"if","locations":[{"start":{"line":69,"column":2},"end":{"line":71,"column":3}},{"start":{},"end":{}}],"line":69},"7":{"loc":{"start":{"line":82,"column":2},"end":{"line":84,"column":3}},"type":"if","locations":[{"start":{"line":82,"column":2},"end":{"line":84,"column":3}},{"start":{},"end":{}}],"line":82},"8":{"loc":{"start":{"line":82,"column":6},"end":{"line":82,"column":66}},"type":"binary-expr","locations":[{"start":{"line":82,"column":6},"end":{"line":82,"column":33}},{"start":{"line":82,"column":37},"end":{"line":82,"column":51}},{"start":{"line":82,"column":55},"end":{"line":82,"column":66}}],"line":82},"9":{"loc":{"start":{"line":95,"column":2},"end":{"line":97,"column":3}},"type":"if","locations":[{"start":{"line":95,"column":2},"end":{"line":97,"column":3}},{"start":{},"end":{}}],"line":95},"10":{"loc":{"start":{"line":102,"column":2},"end":{"line":104,"column":3}},"type":"if","locations":[{"start":{"line":102,"column":2},"end":{"line":104,"column":3}},{"start":{},"end":{}}],"line":102},"11":{"loc":{"start":{"line":106,"column":2},"end":{"line":108,"column":3}},"type":"if","locations":[{"start":{"line":106,"column":2},"end":{"line":108,"column":3}},{"start":{},"end":{}}],"line":106},"12":{"loc":{"start":{"line":119,"column":2},"end":{"line":121,"column":3}},"type":"if","locations":[{"start":{"line":119,"column":2},"end":{"line":121,"column":3}},{"start":{},"end":{}}],"line":119},"13":{"loc":{"start":{"line":135,"column":2},"end":{"line":137,"column":3}},"type":"if","locations":[{"start":{"line":135,"column":2},"end":{"line":137,"column":3}},{"start":{},"end":{}}],"line":135},"14":{"loc":{"start":{"line":135,"column":6},"end":{"line":135,"column":41}},"type":"binary-expr","locations":[{"start":{"line":135,"column":6},"end":{"line":135,"column":12}},{"start":{"line":135,"column":16},"end":{"line":135,"column":41}}],"line":135},"15":{"loc":{"start":{"line":142,"column":4},"end":{"line":142,"column":67}},"type":"binary-expr","locations":[{"start":{"line":142,"column":4},"end":{"line":142,"column":30}},{"start":{"line":142,"column":34},"end":{"line":142,"column":67}}],"line":142},"16":{"loc":{"start":{"line":154,"column":2},"end":{"line":156,"column":3}},"type":"if","locations":[{"start":{"line":154,"column":2},"end":{"line":156,"column":3}},{"start":{},"end":{}}],"line":154},"17":{"loc":{"start":{"line":167,"column":2},"end":{"line":169,"column":3}},"type":"if","locations":[{"start":{"line":167,"column":2},"end":{"line":169,"column":3}},{"start":{},"end":{}}],"line":167},"18":{"loc":{"start":{"line":183,"column":52},"end":{"line":183,"column":70}},"type":"default-arg","locations":[{"start":{"line":183,"column":69},"end":{"line":183,"column":70}}],"line":183},"19":{"loc":{"start":{"line":184,"column":2},"end":{"line":186,"column":3}},"type":"if","locations":[{"start":{"line":184,"column":2},"end":{"line":186,"column":3}},{"start":{},"end":{}}],"line":184},"20":{"loc":{"start":{"line":184,"column":6},"end":{"line":184,"column":92}},"type":"binary-expr","locations":[{"start":{"line":184,"column":6},"end":{"line":184,"column":35}},{"start":{"line":184,"column":39},"end":{"line":184,"column":92}}],"line":184},"21":{"loc":{"start":{"line":188,"column":24},"end":{"line":188,"column":48}},"type":"binary-expr","locations":[{"start":{"line":188,"column":24},"end":{"line":188,"column":43}},{"start":{"line":188,"column":47},"end":{"line":188,"column":48}}],"line":188}},"s":{"0":3,"1":0,"2":3,"3":0,"4":0,"5":0,"6":0,"7":0,"8":0,"9":0,"10":0,"11":0,"12":3,"13":0,"14":0,"15":0,"16":0,"17":3,"18":0,"19":0,"20":0,"21":3,"22":0,"23":0,"24":0,"25":3,"26":0,"27":0,"28":0,"29":0,"30":0,"31":0,"32":0,"33":0,"34":0,"35":3,"36":0,"37":0,"38":0,"39":0,"40":0,"41":3,"42":0,"43":0,"44":0,"45":0,"46":0,"47":0,"48":3,"49":0,"50":0,"51":0,"52":0,"53":3,"54":0,"55":0,"56":0,"57":0,"58":0,"59":3,"60":0,"61":0,"62":0,"63":0,"64":0},"f":{"0":0,"1":0,"2":0,"3":0,"4":0,"5":0,"6":0,"7":0,"8":0,"9":0,"10":0,"11":0,"12":0,"13":0,"14":0,"15":0},"b":{"0":[0,0,0,0,0],"1":[0,0],"2":[0,0],"3":[0,0],"4":[0,0],"5":[0,0],"6":[0,0],"7":[0,0],"8":[0,0,0],"9":[0,0],"10":[0,0],"11":[0,0],"12":[0,0],"13":[0,0],"14":[0,0],"15":[0,0],"16":[0,0],"17":[0,0],"18":[0],"19":[0,0],"20":[0,0],"21":[0,0]},"_coverageSchema":"1a1c01bbd47fc00a2c39e90264f33305004495a9","hash":"29550a0de9ef4c85eb27c4ca68a7f96574b504f6"}
}
