TN:
SF:src\components\exercise-common\CategorySelector\index.js
FN:16,(anonymous_0)
FN:23,(anonymous_1)
FN:24,(anonymous_2)
FN:31,(anonymous_3)
FN:54,(anonymous_4)
FN:54,(anonymous_5)
FN:57,(anonymous_6)
FN:153,(anonymous_7)
FN:175,areEqual
FNF:9
FNH:8
FNDA:4,(anonymous_0)
FNDA:4,(anonymous_1)
FNDA:9,(anonymous_2)
FNDA:1,(anonymous_3)
FNDA:9,(anonymous_4)
FNDA:1,(anonymous_5)
FNDA:9,(anonymous_6)
FNDA:9,(anonymous_7)
FNDA:0,areEqual
DA:16,1
DA:22,4
DA:23,4
DA:24,4
DA:25,9
DA:26,9
DA:31,4
DA:33,1
DA:34,0
DA:42,1
DA:43,1
DA:50,1
DA:54,9
DA:57,4
DA:58,9
DA:59,9
DA:62,9
DA:67,9
DA:72,9
DA:77,9
DA:138,4
DA:153,9
DA:161,1
DA:176,0
LF:24
LH:22
BRDA:17,0,0,0
BRDA:20,1,0,4
BRDA:25,2,0,1
BRDA:25,2,1,8
BRDA:33,3,0,0
BRDA:33,3,1,1
BRDA:33,4,0,1
BRDA:33,4,1,0
BRDA:42,5,0,1
BRDA:42,5,1,0
BRDA:59,6,0,9
BRDA:59,6,1,0
BRDA:95,7,0,1
BRDA:95,7,1,8
BRDA:177,8,0,0
BRDA:177,8,1,0
BRDA:177,8,2,0
BRF:17
BRH:9
end_of_record
TN:
SF:src\components\exercise-common\CategorySelector\style.js
FN:12,(anonymous_0)
FNF:1
FNH:1
FNDA:4,(anonymous_0)
DA:12,1
DA:13,4
LF:2
LH:2
BRDA:12,0,0,0
BRF:1
BRH:0
end_of_record
TN:
SF:src\components\exercise-common\ExerciseCard\index.js
FN:18,(anonymous_0)
FN:32,(anonymous_1)
FNF:2
FNH:2
FNDA:8,(anonymous_0)
FNDA:8,(anonymous_1)
DA:18,1
DA:28,8
DA:29,8
DA:32,8
DA:33,8
DA:34,2
DA:50,6
DA:51,1
DA:60,5
DA:63,8
DA:95,1
DA:106,1
LF:12
LH:12
BRDA:23,0,0,0
BRDA:25,1,0,0
BRDA:29,2,0,8
BRDA:29,2,1,6
BRDA:33,3,0,2
BRDA:33,3,1,6
BRDA:40,4,0,2
BRDA:40,4,1,0
BRDA:50,5,0,1
BRDA:50,5,1,5
BRF:10
BRH:7
end_of_record
TN:
SF:src\components\exercise-common\ExerciseCard\style.js
FNF:0
FNH:0
DA:4,1
LF:1
LH:1
BRF:0
BRH:0
end_of_record
TN:
SF:src\components\exercise-common\ExerciseFeedback\index.js
FN:20,(anonymous_0)
FN:31,(anonymous_1)
FN:41,(anonymous_2)
FN:46,(anonymous_3)
FN:53,(anonymous_4)
FN:58,(anonymous_5)
FN:85,(anonymous_6)
FN:94,(anonymous_7)
FNF:8
FNH:7
FNDA:9,(anonymous_0)
FNDA:9,(anonymous_1)
FNDA:1,(anonymous_2)
FNDA:1,(anonymous_3)
FNDA:1,(anonymous_4)
FNDA:9,(anonymous_5)
FNDA:1,(anonymous_6)
FNDA:0,(anonymous_7)
DA:20,1
DA:29,9
DA:31,9
DA:33,9
DA:40,9
DA:41,1
DA:42,1
DA:47,1
DA:48,1
DA:53,1
DA:58,9
DA:59,9
DA:61,7
DA:67,1
DA:74,1
DA:82,9
DA:85,9
DA:86,1
DA:87,1
DA:88,1
DA:90,0
DA:95,0
DA:96,0
DA:102,9
DA:130,1
DA:141,1
LF:26
LH:23
BRDA:21,0,0,0
BRDA:25,1,0,0
BRDA:26,2,0,0
BRDA:27,3,0,0
BRDA:40,4,0,1
BRDA:40,4,1,8
BRDA:47,5,0,1
BRDA:47,5,1,0
BRDA:47,6,0,1
BRDA:47,6,1,1
BRDA:59,7,0,7
BRDA:59,7,1,1
BRDA:59,7,2,1
BRDA:59,7,3,1
BRDA:86,8,0,1
BRDA:86,8,1,0
BRDA:87,9,0,1
BRDA:87,9,1,0
BRDA:95,10,0,0
BRDA:95,10,1,0
BRDA:95,11,0,0
BRDA:95,11,1,0
BRDA:110,12,0,1
BRDA:110,12,1,8
BRDA:114,13,0,9
BRDA:114,13,1,8
BRF:26
BRH:15
end_of_record
TN:
SF:src\components\exercise-common\ExerciseFeedback\style.js
FNF:0
FNH:0
DA:5,1
LF:1
LH:1
BRF:0
BRH:0
end_of_record
TN:
SF:src\components\exercise-common\ExerciseFooter\index.js
FN:11,(anonymous_0)
FNF:1
FNH:1
FNDA:12,(anonymous_0)
DA:11,1
DA:26,12
DA:28,12
DA:76,1
LF:4
LH:4
BRDA:12,0,0,12
BRDA:13,1,0,12
BRDA:16,2,0,11
BRDA:17,3,0,11
BRDA:18,4,0,11
BRDA:19,5,0,12
BRDA:20,6,0,11
BRDA:21,7,0,11
BRDA:23,8,0,12
BRDA:26,9,0,1
BRDA:26,9,1,11
BRDA:31,10,0,11
BRDA:31,10,1,1
BRDA:43,11,0,12
BRDA:43,11,1,11
BRDA:43,11,2,2
BRDA:56,12,0,12
BRDA:56,12,1,1
BRDA:62,13,0,1
BRDA:62,13,1,11
BRF:20
BRH:20
end_of_record
TN:
SF:src\components\exercise-common\ExerciseFooter\style.js
FNF:0
FNH:0
DA:5,1
LF:1
LH:1
BRF:0
BRH:0
end_of_record
TN:
SF:src\components\exercise-common\InstructionBox\index.js
FN:20,(anonymous_0)
FN:36,(anonymous_1)
FN:45,(anonymous_2)
FN:49,(anonymous_3)
FN:104,(anonymous_4)
FN:115,(anonymous_5)
FNF:6
FNH:4
FNDA:8,(anonymous_0)
FNDA:0,(anonymous_1)
FNDA:0,(anonymous_2)
FNDA:8,(anonymous_3)
FNDA:12,(anonymous_4)
FNDA:12,(anonymous_5)
DA:20,1
DA:30,8
DA:33,8
DA:36,8
DA:37,0
DA:39,0
DA:45,0
DA:49,8
DA:50,8
DA:52,1
DA:54,1
DA:57,6
DA:62,8
DA:68,8
DA:73,8
DA:105,12
DA:116,12
DA:135,1
DA:146,1
LF:19
LH:16
BRDA:21,0,0,0
BRDA:23,1,0,0
BRDA:24,2,0,0
BRDA:25,3,0,0
BRDA:26,4,0,0
BRDA:27,5,0,0
BRDA:33,6,0,7
BRDA:33,6,1,1
BRDA:37,7,0,0
BRDA:37,7,1,0
BRDA:50,8,0,1
BRDA:50,8,1,1
BRDA:50,8,2,6
BRDA:50,8,3,6
BRDA:95,9,0,8
BRDA:95,9,1,7
BRDA:97,10,0,7
BRDA:97,10,1,6
BRDA:101,11,0,7
BRDA:101,11,1,6
BRDA:112,12,0,7
BRDA:112,12,1,6
BRF:22
BRH:14
end_of_record
TN:
SF:src\components\exercise-common\NavigationButtons\index.js
FN:16,(anonymous_0)
FN:36,(anonymous_1)
FN:54,(anonymous_2)
FN:58,(anonymous_3)
FN:76,(anonymous_4)
FN:108,(anonymous_5)
FN:129,(anonymous_6)
FNF:7
FNH:7
FNDA:6,(anonymous_0)
FNDA:1,(anonymous_1)
FNDA:1,(anonymous_2)
FNDA:1,(anonymous_3)
FNDA:1,(anonymous_4)
FNDA:6,(anonymous_5)
FNDA:6,(anonymous_6)
DA:16,1
DA:29,6
DA:32,6
DA:33,6
DA:36,6
DA:37,1
DA:39,1
DA:54,1
DA:58,6
DA:59,1
DA:61,1
DA:76,1
DA:79,6
DA:108,1
DA:109,6
DA:129,1
DA:130,6
DA:166,1
DA:176,1
DA:187,1
LF:20
LH:20
BRDA:19,0,0,5
BRDA:20,1,0,5
BRDA:21,2,0,6
BRDA:22,3,0,6
BRDA:27,4,0,5
BRDA:37,5,0,0
BRDA:37,5,1,1
BRDA:59,6,0,0
BRDA:59,6,1,1
BRDA:109,7,0,6
BRDA:109,7,1,5
BRDA:138,8,0,1
BRDA:138,8,1,5
BRDA:143,9,0,1
BRDA:143,9,1,5
BRDA:152,10,0,1
BRDA:152,10,1,5
BRDA:155,11,0,1
BRDA:155,11,1,5
BRF:19
BRH:17
end_of_record
TN:
SF:src\components\exercise-common\NavigationButtons\style.js
FN:11,(anonymous_0)
FNF:1
FNH:1
FNDA:6,(anonymous_0)
DA:11,1
DA:12,6
LF:2
LH:2
BRDA:11,0,0,0
BRF:1
BRH:0
end_of_record
TN:
SF:src\components\exercise-common\OptionsList\index.js
FN:10,(anonymous_0)
FN:21,(anonymous_1)
FN:26,(anonymous_2)
FN:35,(anonymous_3)
FN:52,(anonymous_4)
FN:69,(anonymous_5)
FN:69,(anonymous_6)
FN:74,(anonymous_7)
FN:76,(anonymous_8)
FN:115,(anonymous_9)
FN:117,(anonymous_10)
FN:153,areEqual
FNF:12
FNH:9
FNDA:6,(anonymous_0)
FNDA:54,(anonymous_1)
FNDA:50,(anonymous_2)
FNDA:18,(anonymous_3)
FNDA:18,(anonymous_4)
FNDA:18,(anonymous_5)
FNDA:1,(anonymous_6)
FNDA:6,(anonymous_7)
FNDA:18,(anonymous_8)
FNDA:0,(anonymous_9)
FNDA:0,(anonymous_10)
FNDA:0,areEqual
DA:10,1
DA:21,6
DA:22,54
DA:26,6
DA:27,50
DA:35,6
DA:36,18
DA:37,2
DA:39,16
DA:40,1
DA:42,15
DA:43,1
DA:48,14
DA:52,6
DA:53,18
DA:54,2
DA:56,16
DA:57,1
DA:59,15
DA:60,1
DA:65,14
DA:69,18
DA:70,1
DA:74,6
DA:75,6
DA:77,18
DA:115,6
DA:116,0
DA:118,0
DA:150,6
DA:154,0
LF:31
LH:28
BRDA:11,0,0,0
BRDA:12,1,0,3
BRDA:14,2,0,4
BRDA:15,3,0,4
BRDA:16,4,0,5
BRDA:17,5,0,6
BRDA:18,6,0,6
BRDA:22,7,0,54
BRDA:22,7,1,18
BRDA:28,8,0,50
BRDA:28,8,1,14
BRDA:28,8,2,4
BRDA:36,9,0,2
BRDA:36,9,1,16
BRDA:39,10,0,1
BRDA:39,10,1,15
BRDA:42,11,0,1
BRDA:42,11,1,14
BRDA:53,12,0,2
BRDA:53,12,1,16
BRDA:56,13,0,1
BRDA:56,13,1,15
BRDA:59,14,0,1
BRDA:59,14,1,14
BRDA:70,15,0,1
BRDA:70,15,1,0
BRDA:93,16,0,18
BRDA:93,16,1,2
BRDA:97,17,0,18
BRDA:97,17,1,1
BRDA:101,18,0,18
BRDA:101,18,1,3
BRDA:101,18,2,1
BRDA:138,19,0,0
BRDA:138,19,1,0
BRDA:142,20,0,0
BRDA:142,20,1,0
BRDA:150,21,0,6
BRDA:150,21,1,0
BRDA:155,22,0,0
BRDA:155,22,1,0
BRDA:155,22,2,0
BRDA:155,22,3,0
BRDA:155,22,4,0
BRDA:155,22,5,0
BRDA:155,22,6,0
BRF:46
BRH:32
end_of_record
TN:
SF:src\components\exercise-common\OptionsList\style.js
FNF:0
FNH:0
DA:4,1
LF:1
LH:1
BRF:0
BRH:0
end_of_record
TN:
SF:src\components\exercise-common\ResultsScreen\index.js
FN:20,(anonymous_0)
FN:38,(anonymous_1)
FN:65,(anonymous_2)
FN:81,(anonymous_3)
FN:111,(anonymous_4)
FN:121,(anonymous_5)
FN:122,(anonymous_6)
FN:135,(anonymous_7)
FN:170,(anonymous_8)
FN:184,(anonymous_9)
FN:242,(anonymous_10)
FN:295,(anonymous_11)
FN:298,(anonymous_12)
FN:304,(anonymous_13)
FN:310,(anonymous_14)
FN:316,(anonymous_15)
FN:328,(anonymous_16)
FNF:17
FNH:15
FNDA:12,(anonymous_0)
FNDA:12,(anonymous_1)
FNDA:12,(anonymous_2)
FNDA:12,(anonymous_3)
FNDA:12,(anonymous_4)
FNDA:0,(anonymous_5)
FNDA:0,(anonymous_6)
FNDA:12,(anonymous_7)
FNDA:1,(anonymous_8)
FNDA:12,(anonymous_9)
FNDA:12,(anonymous_10)
FNDA:12,(anonymous_11)
FNDA:1,(anonymous_12)
FNDA:1,(anonymous_13)
FNDA:1,(anonymous_14)
FNDA:1,(anonymous_15)
FNDA:1,(anonymous_16)
DA:20,1
DA:21,12
DA:30,1
DA:38,1
DA:39,12
DA:53,1
DA:65,1
DA:66,12
DA:75,1
DA:81,1
DA:82,12
DA:102,1
DA:111,1
DA:127,12
DA:128,12
DA:132,12
DA:135,12
DA:136,12
DA:137,9
DA:143,3
DA:144,1
DA:150,2
DA:151,1
DA:158,1
DA:167,12
DA:170,12
DA:171,1
DA:172,1
DA:178,0
DA:184,12
DA:185,12
DA:200,12
DA:220,1
DA:242,1
DA:243,12
DA:287,1
DA:295,1
DA:298,12
DA:299,1
DA:300,1
DA:301,1
DA:304,12
DA:305,1
DA:306,1
DA:307,1
DA:310,12
DA:311,1
DA:312,1
DA:313,1
DA:316,12
DA:317,1
DA:320,12
DA:321,11
DA:324,1
DA:329,1
DA:372,1
LF:56
LH:55
BRDA:66,0,0,1
BRDA:66,0,1,11
BRDA:112,1,0,0
BRDA:113,2,0,0
BRDA:114,3,0,0
BRDA:115,4,0,0
BRDA:116,5,0,0
BRDA:117,6,0,0
BRDA:118,7,0,0
BRDA:119,8,0,0
BRDA:120,9,0,0
BRDA:121,10,0,0
BRDA:122,11,0,0
BRDA:123,12,0,0
BRDA:124,13,0,0
BRDA:132,14,0,12
BRDA:132,14,1,0
BRDA:136,15,0,9
BRDA:136,15,1,3
BRDA:143,16,0,1
BRDA:143,16,1,2
BRDA:150,17,0,1
BRDA:150,17,1,1
BRDA:299,18,0,0
BRDA:299,18,1,1
BRDA:300,19,0,0
BRDA:300,19,1,1
BRDA:305,20,0,0
BRDA:305,20,1,1
BRDA:306,21,0,0
BRDA:306,21,1,1
BRDA:311,22,0,0
BRDA:311,22,1,1
BRDA:312,23,0,0
BRDA:312,23,1,1
BRDA:317,24,0,0
BRDA:317,24,1,1
BRDA:320,25,0,11
BRDA:320,25,1,1
BRDA:320,26,0,12
BRDA:320,26,1,1
BRDA:356,27,0,1
BRDA:356,27,1,1
BRDA:356,27,2,1
BRF:44
BRH:23
end_of_record
TN:
SF:src\components\exercise-common\ResultsScreen\style.js
FNF:0
FNH:0
DA:4,1
LF:1
LH:1
BRF:0
BRH:0
end_of_record
TN:
SF:src\components\layout\Container\index.js
FN:12,(anonymous_0)
FNF:1
FNH:1
FNDA:10,(anonymous_0)
DA:12,1
DA:26,10
DA:28,10
DA:35,10
DA:41,10
DA:64,10
DA:75,1
DA:101,1
LF:8
LH:8
BRDA:15,0,0,8
BRDA:16,1,0,10
BRDA:17,2,0,9
BRDA:18,3,0,9
BRDA:19,4,0,9
BRDA:20,5,0,9
BRDA:21,6,0,9
BRDA:22,7,0,10
BRDA:23,8,0,10
BRDA:26,9,0,10
BRDA:26,9,1,0
BRDA:31,10,0,10
BRDA:31,10,1,9
BRDA:35,11,0,10
BRDA:35,11,1,0
BRDA:42,12,0,10
BRDA:42,12,1,9
BRDA:46,13,0,1
BRDA:46,13,1,9
BRDA:51,14,0,1
BRDA:51,14,1,0
BRF:21
BRH:18
end_of_record
TN:
SF:src\components\layout\Container\style.js
FNF:0
FNH:0
DA:4,1
LF:1
LH:1
BRF:0
BRH:0
end_of_record
TN:
SF:src\components\layout\Header\index.js
FN:18,(anonymous_0)
FN:51,(anonymous_1)
FN:62,(anonymous_2)
FN:81,(anonymous_3)
FN:98,(anonymous_4)
FN:116,(anonymous_5)
FN:140,(anonymous_6)
FN:167,(anonymous_7)
FNF:8
FNH:8
FNDA:14,(anonymous_0)
FNDA:2,(anonymous_1)
FNDA:13,(anonymous_2)
FNDA:9,(anonymous_3)
FNDA:4,(anonymous_4)
FNDA:9,(anonymous_5)
FNDA:4,(anonymous_6)
FNDA:14,(anonymous_7)
DA:18,1
DA:48,14
DA:51,14
DA:52,2
DA:53,1
DA:54,1
DA:55,1
DA:62,14
DA:63,13
DA:64,12
DA:65,11
DA:77,1
DA:81,14
DA:82,9
DA:83,8
DA:84,2
DA:94,6
DA:98,14
DA:99,4
DA:100,1
DA:102,3
DA:103,1
DA:112,2
DA:116,14
DA:117,9
DA:140,14
DA:141,4
DA:167,14
DA:168,14
DA:169,1
DA:171,13
DA:172,4
DA:174,9
DA:177,14
DA:201,1
LF:35
LH:35
BRDA:21,0,0,8
BRDA:28,1,0,14
BRDA:29,2,0,14
BRDA:30,3,0,14
BRDA:31,4,0,14
BRDA:32,5,0,14
BRDA:33,6,0,14
BRDA:34,7,0,14
BRDA:35,8,0,14
BRDA:38,9,0,10
BRDA:52,10,0,1
BRDA:52,10,1,1
BRDA:54,11,0,1
BRDA:54,11,1,0
BRDA:63,12,0,1
BRDA:63,12,1,12
BRDA:64,13,0,11
BRDA:64,13,1,1
BRDA:82,14,0,1
BRDA:82,14,1,8
BRDA:83,15,0,2
BRDA:83,15,1,6
BRDA:99,16,0,1
BRDA:99,16,1,3
BRDA:102,17,0,1
BRDA:102,17,1,2
BRDA:126,18,0,9
BRDA:126,18,1,0
BRDA:156,19,0,4
BRDA:156,19,1,1
BRDA:160,20,0,4
BRDA:160,20,1,1
BRDA:168,21,0,1
BRDA:168,21,1,13
BRDA:171,22,0,4
BRDA:171,22,1,9
BRDA:182,23,0,14
BRDA:182,23,1,14
BRDA:183,24,0,14
BRDA:183,24,1,0
BRDA:184,25,0,14
BRDA:184,25,1,0
BRDA:185,26,0,14
BRDA:185,26,1,4
BRDA:190,27,0,14
BRDA:190,27,1,14
BRF:46
BRH:42
end_of_record
TN:
SF:src\components\layout\Header\style.js
FNF:0
FNH:0
DA:4,1
DA:5,1
DA:7,1
LF:3
LH:3
BRDA:4,0,0,1
BRDA:4,0,1,0
BRDA:5,1,0,1
BRDA:5,1,1,0
BRDA:11,2,0,1
BRDA:11,2,1,0
BRDA:38,3,0,1
BRDA:38,3,1,0
BRF:8
BRH:4
end_of_record
TN:
SF:src\components\setting\RevisionSettings\index.js
FN:7,(anonymous_0)
FN:16,(anonymous_1)
FN:26,(anonymous_2)
FN:26,(anonymous_3)
FN:65,(anonymous_4)
FNF:5
FNH:5
FNDA:7,(anonymous_0)
FNDA:2,(anonymous_1)
FNDA:12,(anonymous_2)
FNDA:2,(anonymous_3)
FNDA:12,(anonymous_4)
DA:7,1
DA:14,7
DA:16,7
DA:17,2
DA:19,1
DA:22,1
DA:26,12
DA:28,7
DA:34,7
DA:35,1
DA:42,6
DA:66,12
LF:12
LH:12
BRDA:17,0,0,1
BRDA:17,0,1,1
BRDA:34,1,0,1
BRDA:34,1,1,6
BRDA:59,2,0,6
BRDA:59,2,1,4
BRDA:71,3,0,4
BRDA:71,3,1,8
BRDA:79,4,0,4
BRDA:79,4,1,8
BRDA:85,5,0,12
BRDA:85,5,1,4
BRDA:98,6,0,6
BRDA:98,6,1,2
BRF:14
BRH:14
end_of_record
TN:
SF:src\components\setting\RevisionSettings\style.js
FNF:0
FNH:0
LF:0
LH:0
BRF:0
BRH:0
end_of_record
TN:
SF:src\components\setting\SecuritySettings\index.js
FN:7,(anonymous_0)
FN:15,(anonymous_1)
FN:16,(anonymous_2)
FN:24,(anonymous_3)
FN:30,(anonymous_4)
FN:32,(anonymous_5)
FN:43,(anonymous_6)
FN:51,(anonymous_7)
FN:56,(anonymous_8)
FN:63,(anonymous_9)
FNF:10
FNH:7
FNDA:10,(anonymous_0)
FNDA:3,(anonymous_1)
FNDA:3,(anonymous_2)
FNDA:1,(anonymous_3)
FNDA:0,(anonymous_4)
FNDA:0,(anonymous_5)
FNDA:1,(anonymous_6)
FNDA:1,(anonymous_7)
FNDA:1,(anonymous_8)
FNDA:0,(anonymous_9)
DA:7,1
DA:8,10
DA:9,9
DA:10,9
DA:11,9
DA:12,9
DA:13,9
DA:15,9
DA:16,3
DA:17,3
DA:18,3
DA:19,3
DA:20,3
DA:24,9
DA:25,1
DA:26,1
DA:27,1
DA:30,9
DA:32,9
DA:33,0
DA:35,0
DA:36,0
DA:38,0
DA:39,0
DA:43,9
DA:44,1
DA:45,1
DA:46,1
DA:47,1
DA:48,1
DA:51,9
DA:52,1
DA:53,1
DA:56,9
DA:58,1
DA:59,1
DA:60,1
DA:63,9
DA:65,0
DA:66,0
DA:69,9
LF:41
LH:34
BRDA:33,0,0,0
BRDA:33,0,1,0
BRDA:44,1,0,0
BRDA:44,1,1,1
BRDA:44,2,0,1
BRDA:44,2,1,1
BRDA:44,2,2,1
BRDA:83,3,0,1
BRDA:83,3,1,8
BRDA:98,4,0,1
BRDA:98,4,1,8
BRF:11
BRH:8
end_of_record
TN:
SF:src\components\setting\SecuritySettings\style.js
FNF:0
FNH:0
LF:0
LH:0
BRF:0
BRH:0
end_of_record
TN:
SF:src\components\ui\Button\BasePressable.js
FN:5,BasePressable
FNF:1
FNH:1
FNDA:5,BasePressable
DA:14,5
DA:30,1
LF:2
LH:2
BRF:0
BRH:0
end_of_record
TN:
SF:src\components\ui\Button\ButtonIcon.js
FN:7,LeftIcon
FN:22,RightIcon
FN:37,IconOnly
FNF:3
FNH:3
FNDA:2,LeftIcon
FNDA:2,RightIcon
FNDA:2,IconOnly
DA:8,2
DA:9,1
DA:16,2
DA:23,2
DA:24,1
DA:31,2
DA:38,2
DA:39,1
DA:42,2
LF:9
LH:9
BRDA:8,0,0,1
BRDA:8,0,1,1
BRDA:23,1,0,1
BRDA:23,1,1,1
BRDA:38,2,0,1
BRDA:38,2,1,1
BRF:6
BRH:6
end_of_record
TN:
SF:src\components\ui\Button\ButtonLabel.js
FN:6,ButtonLabel
FNF:1
FNH:1
FNDA:8,ButtonLabel
DA:13,8
DA:14,8
DA:30,2
LF:3
LH:3
BRDA:13,0,0,0
BRDA:13,0,1,8
BRDA:20,1,0,8
BRDA:20,1,1,1
BRF:4
BRH:3
end_of_record
TN:
SF:src\components\ui\Button\ButtonSpinner.js
FN:5,ButtonSpinner
FNF:1
FNH:1
FNDA:2,ButtonSpinner
DA:6,2
DA:11,2
LF:2
LH:2
BRF:0
BRH:0
end_of_record
TN:
SF:src\components\ui\Button\index.js
FN:16,(anonymous_0)
FN:40,(anonymous_1)
FN:70,(anonymous_2)
FNF:3
FNH:3
FNDA:5,(anonymous_0)
FNDA:5,(anonymous_1)
FNDA:5,(anonymous_2)
DA:16,1
DA:18,5
DA:19,5
DA:23,0
DA:33,0
DA:40,1
DA:61,5
DA:64,5
DA:65,5
DA:68,5
DA:70,5
DA:119,1
LF:12
LH:10
BRDA:18,0,0,5
BRDA:18,0,1,0
BRDA:33,1,0,0
BRDA:33,1,1,0
BRDA:43,2,0,5
BRDA:44,3,0,5
BRDA:45,4,0,5
BRDA:46,5,0,5
BRDA:47,6,0,4
BRDA:48,7,0,3
BRDA:55,8,0,5
BRDA:56,9,0,5
BRDA:57,10,0,5
BRDA:75,11,0,5
BRDA:75,11,1,0
BRDA:82,12,0,5
BRDA:82,12,1,4
BRDA:84,13,0,5
BRDA:84,13,1,0
BRDA:84,14,0,5
BRDA:84,14,1,5
BRDA:90,15,0,1
BRDA:90,15,1,4
BRDA:94,16,0,4
BRDA:94,16,1,0
BRDA:94,16,2,0
BRDA:97,17,0,4
BRDA:97,17,1,0
BRDA:100,18,0,4
BRDA:100,18,1,4
BRDA:109,19,0,4
BRDA:109,19,1,0
BRDA:109,19,2,0
BRF:33
BRH:23
end_of_record
TN:
SF:src\components\ui\Button\style.js
FNF:0
FNH:0
DA:4,4
LF:1
LH:1
BRF:0
BRH:0
end_of_record
TN:
SF:src\components\ui\Button\useButtonStyles.js
FN:43,(anonymous_0)
FN:58,(anonymous_1)
FN:73,(anonymous_2)
FN:87,(anonymous_3)
FN:101,(anonymous_4)
FN:115,(anonymous_5)
FN:119,(anonymous_6)
FN:121,(anonymous_7)
FN:122,(anonymous_8)
FN:123,(anonymous_9)
FN:124,(anonymous_10)
FN:125,(anonymous_11)
FN:131,useButtonStyles
FNF:13
FNH:13
FNDA:4,(anonymous_0)
FNDA:2,(anonymous_1)
FNDA:2,(anonymous_2)
FNDA:5,(anonymous_3)
FNDA:25,(anonymous_4)
FNDA:38,(anonymous_5)
FNDA:38,(anonymous_6)
FNDA:4,(anonymous_7)
FNDA:2,(anonymous_8)
FNDA:2,(anonymous_9)
FNDA:5,(anonymous_10)
FNDA:25,(anonymous_11)
FNDA:38,useButtonStyles
DA:4,2
DA:14,2
DA:21,2
DA:43,4
DA:58,2
DA:73,2
DA:87,5
DA:101,25
DA:115,2
DA:116,38
DA:119,2
DA:120,38
DA:121,4
DA:122,2
DA:123,2
DA:124,5
DA:125,25
DA:128,38
DA:140,38
DA:141,38
DA:142,38
DA:144,38
DA:145,38
DA:147,38
LF:24
LH:24
BRDA:47,0,0,1
BRDA:47,0,1,3
BRDA:50,1,0,1
BRDA:50,1,1,3
BRDA:52,2,0,1
BRDA:52,2,1,3
BRDA:65,3,0,1
BRDA:65,3,1,1
BRDA:67,4,0,1
BRDA:67,4,1,1
BRDA:75,5,0,1
BRDA:75,5,1,1
BRDA:79,6,0,1
BRDA:79,6,1,1
BRDA:81,7,0,1
BRDA:81,7,1,1
BRDA:89,8,0,1
BRDA:89,8,1,4
BRDA:97,9,0,1
BRDA:97,9,1,4
BRDA:103,10,0,3
BRDA:103,10,1,22
BRDA:111,11,0,3
BRDA:111,11,1,22
BRDA:116,12,0,38
BRDA:116,12,1,1
BRDA:124,13,0,5
BRDA:124,13,1,0
BRDA:128,14,0,38
BRDA:128,14,1,0
BRDA:132,15,0,8
BRDA:133,16,0,25
BRDA:134,17,0,15
BRDA:135,18,0,26
BRDA:136,19,0,28
BRDA:137,20,0,30
BRDA:138,21,0,30
BRDA:140,22,0,38
BRDA:140,22,1,1
BRDA:144,23,0,21
BRDA:144,23,1,17
BRDA:144,24,0,38
BRDA:144,24,1,37
BRDA:144,24,2,24
BRDA:145,25,0,2
BRDA:145,25,1,36
BRDA:153,26,0,2
BRDA:153,26,1,36
BRF:48
BRH:46
end_of_record
TN:
SF:src\components\ui\Card\index.js
FN:11,(anonymous_0)
FN:35,(anonymous_1)
FN:92,(anonymous_2)
FN:104,(anonymous_3)
FN:117,(anonymous_4)
FN:151,(anonymous_5)
FN:199,(anonymous_6)
FN:223,(anonymous_7)
FN:281,(anonymous_8)
FN:316,(anonymous_9)
FNF:10
FNH:10
FNDA:25,(anonymous_0)
FNDA:25,(anonymous_1)
FNDA:25,(anonymous_2)
FNDA:25,(anonymous_3)
FNDA:13,(anonymous_4)
FNDA:13,(anonymous_5)
FNDA:13,(anonymous_6)
FNDA:25,(anonymous_7)
FNDA:25,(anonymous_8)
FNDA:1,(anonymous_9)
DA:11,3
DA:12,25
DA:13,1
DA:27,3
DA:35,3
DA:48,25
DA:77,3
DA:92,3
DA:93,25
DA:94,1
DA:98,3
DA:104,3
DA:105,25
DA:106,1
DA:110,3
DA:117,3
DA:118,13
DA:120,1
DA:121,1
DA:132,0
DA:143,3
DA:151,3
DA:152,13
DA:154,13
DA:186,3
DA:199,3
DA:200,13
DA:215,3
DA:223,3
DA:224,25
DA:226,25
DA:228,13
DA:281,3
DA:316,1
DA:338,25
DA:339,25
DA:342,25
DA:345,25
DA:348,25
DA:351,25
DA:352,25
DA:353,25
DA:356,25
DA:359,25
DA:362,25
DA:382,25
DA:422,3
LF:47
LH:46
BRDA:12,0,0,24
BRDA:12,0,1,1
BRDA:50,1,0,25
BRDA:50,1,1,25
BRDA:51,2,0,25
BRDA:51,2,1,1
BRDA:55,3,0,25
BRDA:55,3,1,2
BRDA:66,4,0,0
BRDA:66,4,1,2
BRDA:67,5,0,0
BRDA:67,5,1,2
BRDA:93,6,0,24
BRDA:93,6,1,1
BRDA:105,7,0,24
BRDA:105,7,1,1
BRDA:118,8,0,12
BRDA:118,8,1,1
BRDA:120,9,0,1
BRDA:120,9,1,0
BRDA:125,10,0,1
BRDA:125,10,1,0
BRDA:127,11,0,0
BRDA:127,11,1,1
BRDA:135,12,0,0
BRDA:135,12,1,0
BRDA:152,13,0,0
BRDA:152,13,1,13
BRDA:158,14,0,13
BRDA:158,14,1,13
BRDA:159,15,0,13
BRDA:159,15,1,1
BRDA:165,16,0,13
BRDA:165,16,1,1
BRDA:169,17,0,1
BRDA:169,17,1,0
BRDA:174,18,0,1
BRDA:174,18,1,0
BRDA:201,19,0,13
BRDA:201,19,1,1
BRDA:204,20,0,1
BRDA:204,20,1,0
BRDA:226,21,0,12
BRDA:226,21,1,13
BRDA:231,22,0,13
BRDA:231,22,1,0
BRDA:232,23,0,13
BRDA:232,23,1,1
BRDA:236,24,0,13
BRDA:236,24,1,0
BRDA:256,25,0,13
BRDA:256,25,1,1
BRDA:259,26,0,1
BRDA:259,26,1,0
BRDA:288,27,0,25
BRDA:296,28,0,13
BRDA:297,29,0,25
BRDA:298,30,0,25
BRDA:299,31,0,25
BRDA:300,32,0,25
BRDA:301,33,0,25
BRDA:305,34,0,25
BRDA:306,35,0,25
BRDA:307,36,0,13
BRDA:311,37,0,23
BRDA:313,38,0,25
BRDA:315,39,0,24
BRDA:316,40,0,25
BRDA:323,41,0,25
BRDA:330,42,0,24
BRDA:333,43,0,24
BRDA:339,44,0,25
BRDA:339,44,1,13
BRDA:342,45,0,25
BRDA:342,45,1,25
BRDA:345,46,0,25
BRDA:345,46,1,25
BRDA:348,47,0,25
BRDA:348,47,1,25
BRDA:352,48,0,1
BRDA:352,48,1,24
BRDA:353,49,0,1
BRDA:353,49,1,24
BRDA:356,50,0,25
BRDA:356,50,1,12
BRDA:356,50,2,12
BRDA:356,50,3,12
BRDA:356,50,4,12
BRDA:386,51,0,25
BRDA:386,51,1,25
BRDA:387,52,0,25
BRDA:387,52,1,0
BRDA:388,53,0,25
BRDA:388,53,1,0
BRDA:389,54,0,25
BRDA:389,54,1,25
BRDA:390,55,0,25
BRDA:390,55,1,25
BRDA:391,56,0,25
BRDA:391,56,1,0
BRDA:392,57,0,25
BRDA:392,57,1,1
BRF:102
BRH:85
end_of_record
TN:
SF:src\components\ui\Card\style.js
FNF:0
FNH:0
DA:4,2
LF:1
LH:1
BRF:0
BRH:0
end_of_record
TN:
SF:src\components\ui\ContentSection\index.js
FN:20,(anonymous_0)
FNF:1
FNH:1
FNDA:6,(anonymous_0)
DA:20,1
DA:30,6
DA:33,6
DA:35,5
DA:63,1
DA:75,1
LF:6
LH:6
BRDA:21,0,0,0
BRDA:23,1,0,0
BRDA:25,2,0,0
BRDA:26,3,0,0
BRDA:27,4,0,0
BRDA:33,5,0,1
BRDA:33,5,1,5
BRDA:33,6,0,6
BRDA:33,6,1,2
BRDA:44,7,0,5
BRDA:44,7,1,4
BRDA:52,8,0,4
BRDA:52,8,1,1
BRDA:53,9,0,4
BRDA:53,9,1,1
BRF:15
BRH:10
end_of_record
TN:
SF:src\components\ui\ContentSection\style.js
FN:8,(anonymous_0)
FNF:1
FNH:1
FNDA:6,(anonymous_0)
DA:8,1
DA:9,6
LF:2
LH:2
BRDA:12,0,0,6
BRDA:12,0,1,6
BRDA:42,1,0,6
BRDA:42,1,1,0
BRF:4
BRH:3
end_of_record
TN:
SF:src\components\ui\HeroCard\index.js
FN:23,(anonymous_0)
FNF:1
FNH:1
FNDA:9,(anonymous_0)
DA:23,1
DA:33,9
DA:36,9
DA:38,9
DA:83,1
DA:95,1
LF:6
LH:6
BRDA:25,0,0,0
BRDA:26,1,0,0
BRDA:28,2,0,0
BRDA:29,3,0,0
BRDA:30,4,0,0
BRDA:36,5,0,9
BRDA:36,5,1,9
BRDA:56,6,0,5
BRDA:56,6,1,4
BRDA:56,7,0,9
BRDA:56,7,1,5
BRDA:56,7,2,5
BRDA:73,8,0,9
BRDA:73,8,1,8
BRF:14
BRH:9
end_of_record
TN:
SF:src\components\ui\HeroCard\style.js
FN:11,(anonymous_0)
FNF:1
FNH:1
FNDA:9,(anonymous_0)
DA:11,1
DA:12,9
LF:2
LH:2
BRDA:11,0,0,0
BRF:1
BRH:0
end_of_record
TN:
SF:src\components\ui\Modal\ModalBackdrop.js
FN:7,ModalBackdrop
FNF:1
FNH:1
FNDA:9,ModalBackdrop
DA:8,9
DA:15,1
LF:2
LH:2
BRF:0
BRH:0
end_of_record
TN:
SF:src\components\ui\Modal\ModalBody.js
FN:7,ModalBody
FNF:1
FNH:1
FNDA:9,ModalBody
DA:8,9
DA:9,1
DA:20,8
DA:23,1
LF:4
LH:4
BRDA:8,0,0,1
BRDA:8,0,1,8
BRF:2
BRH:2
end_of_record
TN:
SF:src\components\ui\Modal\ModalFooter.js
FN:7,ModalFooter
FNF:1
FNH:1
FNDA:9,ModalFooter
DA:8,9
DA:9,1
DA:12,1
LF:3
LH:3
BRDA:8,0,0,8
BRDA:8,0,1,1
BRF:2
BRH:2
end_of_record
TN:
SF:src\components\ui\Modal\ModalHeader.js
FN:8,ModalHeader
FNF:1
FNH:1
FNDA:9,ModalHeader
DA:9,9
DA:10,9
DA:28,1
LF:3
LH:3
BRDA:9,0,0,0
BRDA:9,0,1,9
BRDA:9,1,0,9
BRDA:9,1,1,5
BRDA:13,2,0,9
BRDA:13,2,1,8
BRF:6
BRH:5
end_of_record
TN:
SF:src\components\ui\Modal\index.js
FN:22,(anonymous_0)
FN:49,(anonymous_1)
FN:56,(anonymous_2)
FN:72,(anonymous_3)
FN:79,(anonymous_4)
FN:92,(anonymous_5)
FN:95,(anonymous_6)
FNF:7
FNH:6
FNDA:10,(anonymous_0)
FNDA:2,(anonymous_1)
FNDA:10,(anonymous_2)
FNDA:10,(anonymous_3)
FNDA:10,(anonymous_4)
FNDA:0,(anonymous_5)
FNDA:10,(anonymous_6)
DA:22,1
DA:46,10
DA:49,10
DA:50,2
DA:51,1
DA:56,10
DA:57,10
DA:58,10
DA:60,10
DA:61,10
DA:64,0
DA:67,10
DA:72,10
DA:73,10
DA:74,10
DA:75,10
DA:79,10
DA:80,10
DA:82,0
DA:84,0
DA:87,10
DA:92,10
DA:95,10
DA:97,10
DA:119,10
DA:131,10
DA:149,1
LF:27
LH:24
BRDA:23,0,0,0
BRDA:28,1,0,10
BRDA:29,2,0,10
BRDA:30,3,0,8
BRDA:31,4,0,9
BRDA:35,5,0,10
BRDA:36,6,0,10
BRDA:37,7,0,10
BRDA:42,8,0,10
BRDA:43,9,0,9
BRDA:50,10,0,1
BRDA:50,10,1,1
BRDA:50,11,0,2
BRDA:50,11,1,1
BRDA:57,12,0,0
BRDA:57,12,1,10
BRDA:58,13,0,0
BRDA:58,13,1,10
BRDA:61,14,0,0
BRDA:61,14,1,0
BRDA:61,14,2,10
BRDA:61,14,3,10
BRDA:73,15,0,0
BRDA:73,15,1,10
BRDA:74,16,0,0
BRDA:74,16,1,10
BRDA:80,17,0,0
BRDA:80,17,1,0
BRDA:80,17,2,10
BRDA:80,17,3,10
BRDA:106,18,0,10
BRDA:106,18,1,0
BRDA:119,19,0,10
BRDA:119,19,1,0
BRDA:121,20,0,10
BRDA:121,20,1,0
BRDA:136,21,0,0
BRDA:136,21,1,10
BRF:38
BRH:25
end_of_record
TN:
SF:src\components\ui\Modal\useModalAnimation.js
FN:5,useModalAnimation
FN:8,(anonymous_1)
FN:18,(anonymous_2)
FNF:3
FNH:3
FNDA:15,useModalAnimation
FNDA:15,(anonymous_1)
FNDA:13,(anonymous_2)
DA:6,15
DA:8,15
DA:9,15
DA:10,5
DA:18,15
DA:19,13
DA:21,3
DA:23,0
DA:31,2
DA:40,1
DA:51,15
LF:11
LH:10
BRDA:9,0,0,5
BRDA:9,0,1,10
BRDA:9,1,0,15
BRDA:9,1,1,5
BRDA:11,2,0,3
BRDA:11,2,1,2
BRDA:19,3,0,10
BRDA:19,3,1,3
BRDA:19,4,0,13
BRDA:19,4,1,3
BRDA:21,5,0,0
BRDA:21,5,1,2
BRDA:21,5,2,0
BRDA:21,5,3,1
BRF:14
BRH:12
end_of_record
TN:
SF:src\components\ui\ProgressBar\ProgressFill.js
FN:5,ProgressFill
FNF:1
FNH:1
FNDA:23,ProgressFill
DA:6,23
DA:20,4
LF:2
LH:2
BRF:0
BRH:0
end_of_record
TN:
SF:src\components\ui\ProgressBar\ProgressTrack.js
FN:5,ProgressTrack
FNF:1
FNH:1
FNDA:23,ProgressTrack
DA:6,23
DA:9,4
LF:2
LH:2
BRF:0
BRH:0
end_of_record
TN:
SF:src\components\ui\ProgressBar\index.js
FN:16,(anonymous_0)
FN:30,(anonymous_1)
FN:31,(anonymous_2)
FN:44,(anonymous_3)
FN:50,(anonymous_4)
FN:59,(anonymous_5)
FN:69,(anonymous_6)
FNF:7
FNH:7
FNDA:23,(anonymous_0)
FNDA:1,(anonymous_1)
FNDA:23,(anonymous_2)
FNDA:23,(anonymous_3)
FNDA:23,(anonymous_4)
FNDA:23,(anonymous_5)
FNDA:23,(anonymous_6)
DA:16,4
DA:30,1
DA:31,23
DA:34,23
DA:36,23
DA:37,23
DA:44,23
DA:45,23
DA:46,1
DA:50,23
DA:51,23
DA:52,2
DA:53,2
DA:59,23
DA:60,23
DA:61,2
DA:69,23
DA:70,23
DA:71,23
DA:82,23
DA:111,4
LF:21
LH:21
BRDA:17,0,0,5
BRDA:18,1,0,11
BRDA:19,2,0,20
BRDA:20,3,0,20
BRDA:21,4,0,13
BRDA:22,5,0,13
BRDA:23,6,0,13
BRDA:24,7,0,13
BRDA:25,8,0,13
BRDA:26,9,0,23
BRDA:28,10,0,23
BRDA:30,11,0,22
BRDA:31,12,0,22
BRDA:36,13,0,23
BRDA:36,13,1,11
BRDA:45,14,0,22
BRDA:45,14,1,1
BRDA:51,15,0,21
BRDA:51,15,1,2
BRDA:60,16,0,21
BRDA:60,16,1,2
BRDA:70,17,0,0
BRDA:70,17,1,23
BRDA:89,18,0,23
BRDA:89,18,1,22
BRDA:101,19,0,23
BRDA:101,19,1,0
BRDA:101,19,2,0
BRF:28
BRH:25
end_of_record
TN:
SF:src\components\ui\ProgressBar\style.js
FN:9,(anonymous_0)
FNF:1
FNH:1
FNDA:23,(anonymous_0)
DA:9,4
DA:10,23
LF:2
LH:2
BRDA:9,0,0,0
BRDA:9,1,0,0
BRF:2
BRH:0
end_of_record
TN:
SF:src\components\ui\ProgressBar\useProgressAnimation.js
FN:6,useProgressAnimation
FN:16,(anonymous_1)
FN:23,(anonymous_2)
FN:28,(anonymous_3)
FNF:4
FNH:4
FNDA:23,useProgressAnimation
FNDA:22,(anonymous_1)
FNDA:1,(anonymous_2)
FNDA:23,(anonymous_3)
DA:11,23
DA:12,23
DA:15,23
DA:17,22
DA:24,1
DA:28,23
DA:30,23
DA:33,23
DA:36,23
DA:41,23
LF:10
LH:10
BRDA:7,0,0,0
BRDA:8,1,0,0
BRDA:9,2,0,0
BRDA:30,3,0,22
BRDA:30,3,1,1
BRF:5
BRH:2
end_of_record
TN:
SF:src\components\ui\ProgressCard\index.js
FN:16,(anonymous_0)
FN:32,(anonymous_1)
FN:55,(anonymous_2)
FN:61,(anonymous_3)
FN:61,(anonymous_4)
FN:64,(anonymous_5)
FN:90,(anonymous_6)
FN:105,(anonymous_7)
FN:155,(anonymous_8)
FN:160,(anonymous_9)
FNF:10
FNH:10
FNDA:7,(anonymous_0)
FNDA:1,(anonymous_1)
FNDA:2,(anonymous_2)
FNDA:2,(anonymous_3)
FNDA:1,(anonymous_4)
FNDA:7,(anonymous_5)
FNDA:7,(anonymous_6)
FNDA:7,(anonymous_7)
FNDA:2,(anonymous_8)
FNDA:2,(anonymous_9)
DA:16,1
DA:29,7
DA:32,7
DA:33,1
DA:34,1
DA:50,0
DA:55,7
DA:56,2
DA:57,1
DA:58,1
DA:61,7
DA:64,7
DA:65,7
DA:90,7
DA:91,7
DA:105,7
DA:106,7
DA:121,7
DA:155,1
DA:156,2
DA:158,2
DA:161,2
DA:163,2
DA:201,1
DA:222,1
LF:25
LH:24
BRDA:17,0,0,6
BRDA:18,1,0,6
BRDA:19,2,0,6
BRDA:20,3,0,6
BRDA:21,4,0,6
BRDA:22,5,0,7
BRDA:23,6,0,3
BRDA:24,7,0,4
BRDA:26,8,0,3
BRDA:33,9,0,1
BRDA:33,9,1,0
BRDA:56,10,0,1
BRDA:56,10,1,1
BRDA:68,11,0,3
BRDA:68,11,1,4
BRDA:71,12,0,7
BRDA:71,12,1,0
BRDA:72,13,0,7
BRDA:72,13,1,1
BRDA:76,14,0,7
BRDA:76,14,1,6
BRDA:77,15,0,7
BRDA:77,15,1,6
BRDA:79,16,0,7
BRDA:79,16,1,6
BRDA:80,17,0,7
BRDA:80,17,1,3
BRDA:81,18,0,3
BRDA:81,18,1,2
BRDA:106,19,0,7
BRDA:106,19,1,3
BRDA:106,19,2,2
BRDA:106,19,3,2
BRDA:112,20,0,0
BRDA:112,20,1,2
BRDA:156,21,0,0
BRDA:156,21,1,2
BRDA:156,22,0,2
BRDA:156,22,1,2
BRDA:161,23,0,0
BRDA:161,23,1,2
BRDA:161,24,0,2
BRDA:161,24,1,2
BRDA:165,25,0,2
BRDA:165,25,1,0
BRDA:165,25,2,0
BRDA:167,26,0,2
BRDA:167,26,1,0
BRDA:174,27,0,2
BRDA:174,27,1,0
BRDA:178,28,0,2
BRDA:178,28,1,0
BRDA:178,29,0,2
BRDA:178,29,1,0
BRDA:184,30,0,2
BRDA:184,30,1,0
BRF:56
BRH:44
end_of_record
TN:
SF:src\components\ui\ProgressCard\style.js
FN:10,(anonymous_0)
FNF:1
FNH:1
FNDA:7,(anonymous_0)
DA:10,1
DA:11,7
LF:2
LH:2
BRDA:10,0,0,0
BRF:1
BRH:0
end_of_record
TN:
SF:src\components\ui\RevealButton\index.js
FN:25,(anonymous_0)
FN:41,(anonymous_1)
FN:54,(anonymous_2)
FN:69,(anonymous_3)
FN:73,(anonymous_4)
FN:88,(anonymous_5)
FNF:6
FNH:6
FNDA:7,(anonymous_0)
FNDA:7,(anonymous_1)
FNDA:1,(anonymous_2)
FNDA:1,(anonymous_3)
FNDA:1,(anonymous_4)
FNDA:1,(anonymous_5)
DA:25,1
DA:34,7
DA:37,7
DA:38,7
DA:41,7
DA:42,7
DA:43,4
DA:49,3
DA:54,7
DA:55,1
DA:69,1
DA:73,7
DA:74,1
DA:88,1
DA:91,7
DA:156,1
DA:167,1
LF:17
LH:17
BRDA:26,0,0,0
BRDA:28,1,0,0
BRDA:29,2,0,0
BRDA:30,3,0,0
BRDA:31,4,0,0
BRDA:32,5,0,0
BRDA:42,6,0,4
BRDA:42,6,1,3
BRDA:98,7,0,4
BRDA:98,7,1,3
BRF:10
BRH:4
end_of_record
TN:
SF:src\components\ui\RevealButton\style.js
FN:11,(anonymous_0)
FNF:1
FNH:1
FNDA:7,(anonymous_0)
DA:11,1
DA:12,7
LF:2
LH:2
BRDA:11,0,0,0
BRF:1
BRH:0
end_of_record
TN:
SF:src\contexts\ThemeContext.js
FN:14,(anonymous_0)
FN:21,(anonymous_1)
FN:28,(anonymous_2)
FN:31,(anonymous_3)
FN:50,(anonymous_4)
FN:56,(anonymous_5)
FN:61,(anonymous_6)
FN:66,(anonymous_7)
FN:74,(anonymous_8)
FN:78,(anonymous_9)
FN:86,(anonymous_10)
FN:91,(anonymous_11)
FN:136,(anonymous_12)
FN:146,(anonymous_13)
FN:171,(anonymous_14)
FN:180,(anonymous_15)
FN:231,(anonymous_16)
FNF:17
FNH:0
FNDA:0,(anonymous_0)
FNDA:0,(anonymous_1)
FNDA:0,(anonymous_2)
FNDA:0,(anonymous_3)
FNDA:0,(anonymous_4)
FNDA:0,(anonymous_5)
FNDA:0,(anonymous_6)
FNDA:0,(anonymous_7)
FNDA:0,(anonymous_8)
FNDA:0,(anonymous_9)
FNDA:0,(anonymous_10)
FNDA:0,(anonymous_11)
FNDA:0,(anonymous_12)
FNDA:0,(anonymous_13)
FNDA:0,(anonymous_14)
FNDA:0,(anonymous_15)
FNDA:0,(anonymous_16)
DA:9,3
DA:14,3
DA:16,0
DA:17,0
DA:18,0
DA:21,0
DA:22,0
DA:28,0
DA:29,0
DA:31,0
DA:32,0
DA:33,0
DA:34,0
DA:35,0
DA:36,0
DA:38,0
DA:41,0
DA:42,0
DA:43,0
DA:48,0
DA:50,0
DA:51,0
DA:56,0
DA:57,0
DA:59,0
DA:61,0
DA:62,0
DA:66,0
DA:67,0
DA:68,0
DA:74,0
DA:75,0
DA:78,0
DA:79,0
DA:80,0
DA:82,0
DA:86,0
DA:87,0
DA:91,0
DA:92,0
DA:136,0
DA:146,0
DA:171,0
DA:180,0
DA:181,0
DA:231,0
DA:257,0
DA:266,3
LF:48
LH:3
BRDA:22,0,0,0
BRDA:22,0,1,0
BRDA:34,1,0,0
BRDA:34,1,1,0
BRDA:35,2,0,0
BRDA:35,2,1,0
BRDA:42,3,0,0
BRDA:42,3,1,0
BRDA:59,4,0,0
BRDA:59,4,1,0
BRDA:67,5,0,0
BRDA:67,5,1,0
BRDA:79,6,0,0
BRDA:79,6,1,0
BRDA:80,7,0,0
BRDA:80,7,1,0
BRDA:82,8,0,0
BRDA:82,8,1,0
BRDA:92,9,0,0
BRDA:92,9,1,0
BRDA:181,10,0,0
BRDA:181,10,1,0
BRF:22
BRH:0
end_of_record
TN:
SF:src\hooks\useRevisionSettings.js
FN:8,(anonymous_0)
FN:18,(anonymous_1)
FN:23,(anonymous_2)
FN:45,(anonymous_3)
FN:50,(anonymous_4)
FN:71,(anonymous_5)
FN:80,(anonymous_6)
FN:84,(anonymous_7)
FN:91,(anonymous_8)
FNF:9
FNH:0
FNDA:0,(anonymous_0)
FNDA:0,(anonymous_1)
FNDA:0,(anonymous_2)
FNDA:0,(anonymous_3)
FNDA:0,(anonymous_4)
FNDA:0,(anonymous_5)
FNDA:0,(anonymous_6)
FNDA:0,(anonymous_7)
FNDA:0,(anonymous_8)
DA:6,1
DA:8,1
DA:9,0
DA:15,0
DA:18,0
DA:19,0
DA:20,0
DA:23,0
DA:24,0
DA:25,0
DA:26,0
DA:27,0
DA:28,0
DA:37,0
DA:40,0
DA:45,0
DA:46,0
DA:50,0
DA:51,0
DA:52,0
DA:53,0
DA:54,0
DA:57,0
DA:58,0
DA:61,0
DA:63,0
DA:66,0
DA:71,0
DA:72,0
DA:80,0
DA:81,0
DA:84,0
DA:85,0
DA:91,0
DA:92,0
DA:93,0
DA:96,0
LF:37
LH:2
BRDA:18,0,0,0
BRDA:26,1,0,0
BRDA:26,1,1,0
BRDA:29,2,0,0
BRDA:29,2,1,0
BRDA:30,3,0,0
BRDA:30,3,1,0
BRDA:31,4,0,0
BRDA:31,4,1,0
BRDA:32,5,0,0
BRDA:32,5,1,0
BRDA:71,6,0,0
BRDA:71,7,0,0
BRF:13
BRH:0
end_of_record
TN:
SF:src\utils\constants.js
FNF:0
FNH:0
DA:4,3
DA:15,3
DA:83,3
DA:84,3
DA:87,3
DA:88,3
DA:91,3
DA:93,3
DA:109,3
DA:117,3
LF:10
LH:10
BRF:0
BRH:0
end_of_record
TN:
SF:src\utils\storageUtils.js
FN:17,(anonymous_0)
FN:35,(anonymous_1)
FN:57,(anonymous_2)
FN:72,(anonymous_3)
FN:87,(anonymous_4)
FN:90,(anonymous_5)
FN:104,(anonymous_6)
FN:119,(anonymous_7)
FN:132,(anonymous_8)
FN:146,(anonymous_9)
FN:163,(anonymous_10)
FN:170,(anonymous_11)
FN:209,(anonymous_12)
FN:227,(anonymous_13)
FN:234,(anonymous_14)
FN:241,(anonymous_15)
FN:284,(anonymous_16)
FN:289,(anonymous_17)
FN:294,(anonymous_18)
FN:299,(anonymous_19)
FN:304,(anonymous_20)
FN:323,(anonymous_21)
FN:334,(anonymous_22)
FN:374,(anonymous_23)
FN:393,(anonymous_24)
FNF:25
FNH:0
FNDA:0,(anonymous_0)
FNDA:0,(anonymous_1)
FNDA:0,(anonymous_2)
FNDA:0,(anonymous_3)
FNDA:0,(anonymous_4)
FNDA:0,(anonymous_5)
FNDA:0,(anonymous_6)
FNDA:0,(anonymous_7)
FNDA:0,(anonymous_8)
FNDA:0,(anonymous_9)
FNDA:0,(anonymous_10)
FNDA:0,(anonymous_11)
FNDA:0,(anonymous_12)
FNDA:0,(anonymous_13)
FNDA:0,(anonymous_14)
FNDA:0,(anonymous_15)
FNDA:0,(anonymous_16)
FNDA:0,(anonymous_17)
FNDA:0,(anonymous_18)
FNDA:0,(anonymous_19)
FNDA:0,(anonymous_20)
FNDA:0,(anonymous_21)
FNDA:0,(anonymous_22)
FNDA:0,(anonymous_23)
FNDA:0,(anonymous_24)
DA:17,3
DA:18,0
DA:19,0
DA:20,0
DA:21,0
DA:22,0
DA:24,0
DA:25,0
DA:35,3
DA:36,0
DA:38,0
DA:39,0
DA:40,0
DA:43,0
DA:44,0
DA:45,0
DA:47,0
DA:48,0
DA:57,3
DA:58,0
DA:59,0
DA:60,0
DA:62,0
DA:63,0
DA:72,3
DA:73,0
DA:74,0
DA:75,0
DA:77,0
DA:78,0
DA:87,3
DA:88,0
DA:89,0
DA:90,0
DA:91,0
DA:92,0
DA:95,0
DA:96,0
DA:104,3
DA:105,0
DA:106,0
DA:107,0
DA:109,0
DA:110,0
DA:119,3
DA:120,0
DA:122,0
DA:123,0
DA:124,0
DA:126,0
DA:132,3
DA:133,0
DA:134,0
DA:137,0
DA:139,0
DA:140,0
DA:141,0
DA:142,0
DA:143,0
DA:146,0
DA:147,0
DA:148,0
DA:153,0
DA:163,3
DA:164,0
DA:170,3
DA:171,0
DA:172,0
DA:173,0
DA:176,0
DA:177,0
DA:178,0
DA:179,0
DA:182,0
DA:183,0
DA:185,0
DA:186,0
DA:189,0
DA:192,0
DA:194,0
DA:195,0
DA:196,0
DA:197,0
DA:198,0
DA:202,0
DA:209,3
DA:210,0
DA:211,0
DA:212,0
DA:215,0
DA:216,0
DA:217,0
DA:219,0
DA:220,0
DA:227,3
DA:228,0
DA:234,3
DA:235,0
DA:236,0
DA:237,0
DA:241,0
DA:242,0
DA:245,0
DA:246,0
DA:247,0
DA:248,0
DA:249,0
DA:251,0
DA:260,0
DA:272,3
DA:285,0
DA:290,0
DA:295,0
DA:300,0
DA:305,0
DA:306,0
DA:308,0
DA:314,0
DA:315,0
DA:317,0
DA:318,0
DA:324,0
DA:325,0
DA:326,0
DA:328,0
DA:329,0
DA:335,0
DA:336,0
DA:342,0
DA:343,0
DA:345,0
DA:346,0
DA:347,0
DA:348,0
DA:350,0
DA:351,0
DA:353,0
DA:354,0
DA:355,0
DA:356,0
DA:357,0
DA:360,0
DA:361,0
DA:365,0
DA:366,0
DA:368,0
DA:369,0
DA:375,0
DA:376,0
DA:381,0
DA:383,0
DA:384,0
DA:394,0
LF:153
LH:14
BRDA:38,0,0,0
BRDA:38,0,1,0
BRDA:38,1,0,0
BRDA:38,1,1,0
BRDA:60,2,0,0
BRDA:60,2,1,0
BRDA:91,3,0,0
BRDA:91,3,1,0
BRDA:120,4,0,0
BRDA:120,4,1,0
BRDA:120,5,0,0
BRDA:120,5,1,0
BRDA:123,6,0,0
BRDA:123,6,1,0
BRDA:126,7,0,0
BRDA:126,7,1,0
BRDA:126,7,2,0
BRDA:133,8,0,0
BRDA:133,8,1,0
BRDA:139,9,0,0
BRDA:139,9,1,0
BRDA:139,10,0,0
BRDA:139,10,1,0
BRDA:140,11,0,0
BRDA:140,11,1,0
BRDA:140,12,0,0
BRDA:140,12,1,0
BRDA:141,13,0,0
BRDA:141,13,1,0
BRDA:142,14,0,0
BRDA:142,14,1,0
BRDA:147,15,0,0
BRDA:147,15,1,0
BRDA:147,16,0,0
BRDA:147,16,1,0
BRDA:170,17,0,0
BRDA:172,18,0,0
BRDA:172,18,1,0
BRDA:178,19,0,0
BRDA:178,19,1,0
BRDA:185,20,0,0
BRDA:185,20,1,0
BRDA:194,21,0,0
BRDA:194,21,1,0
BRDA:196,22,0,0
BRDA:196,22,1,0
BRDA:209,23,0,0
BRDA:211,24,0,0
BRDA:211,24,1,0
BRDA:236,25,0,0
BRDA:236,25,1,0
BRDA:242,26,0,0
BRDA:242,26,1,0
BRDA:255,27,0,0
BRDA:255,27,1,0
BRDA:257,28,0,0
BRDA:257,28,1,0
BRDA:306,29,0,0
BRDA:306,29,1,0
BRDA:325,30,0,0
BRDA:325,30,1,0
BRDA:336,31,0,0
BRDA:336,31,1,0
BRDA:345,32,0,0
BRDA:345,32,1,0
BRDA:353,33,0,0
BRDA:353,33,1,0
BRDA:357,34,0,0
BRDA:357,34,1,0
BRDA:376,35,0,0
BRDA:376,35,1,0
BRF:71
BRH:0
end_of_record
TN:
SF:src\utils\timeConstants.js
FN:51,(anonymous_0)
FNF:1
FNH:1
FNDA:24,(anonymous_0)
DA:7,3
DA:14,3
DA:21,3
DA:38,3
DA:51,3
DA:52,24
DA:53,24
DA:57,3
LF:8
LH:8
BRF:0
BRH:0
end_of_record
TN:
SF:src\utils\timeUtils.js
FN:13,(anonymous_0)
FN:28,(anonymous_1)
FN:36,(anonymous_2)
FN:54,(anonymous_3)
FN:68,(anonymous_4)
FN:81,(anonymous_5)
FN:94,(anonymous_6)
FN:118,(anonymous_7)
FN:134,(anonymous_8)
FN:141,(anonymous_9)
FN:153,(anonymous_10)
FN:158,(anonymous_11)
FN:166,(anonymous_12)
FN:172,(anonymous_13)
FN:173,(anonymous_14)
FN:183,(anonymous_15)
FNF:16
FNH:0
FNDA:0,(anonymous_0)
FNDA:0,(anonymous_1)
FNDA:0,(anonymous_2)
FNDA:0,(anonymous_3)
FNDA:0,(anonymous_4)
FNDA:0,(anonymous_5)
FNDA:0,(anonymous_6)
FNDA:0,(anonymous_7)
FNDA:0,(anonymous_8)
FNDA:0,(anonymous_9)
FNDA:0,(anonymous_10)
FNDA:0,(anonymous_11)
FNDA:0,(anonymous_12)
FNDA:0,(anonymous_13)
FNDA:0,(anonymous_14)
FNDA:0,(anonymous_15)
DA:13,3
DA:14,0
DA:28,3
DA:29,0
DA:30,0
DA:33,0
DA:36,0
DA:37,0
DA:39,0
DA:40,0
DA:42,0
DA:46,0
DA:54,3
DA:55,0
DA:56,0
DA:59,0
DA:60,0
DA:68,3
DA:69,0
DA:70,0
DA:73,0
DA:81,3
DA:82,0
DA:83,0
DA:86,0
DA:94,3
DA:95,0
DA:96,0
DA:99,0
DA:100,0
DA:102,0
DA:103,0
DA:106,0
DA:107,0
DA:110,0
DA:118,3
DA:119,0
DA:120,0
DA:123,0
DA:124,0
DA:126,0
DA:134,3
DA:135,0
DA:136,0
DA:140,0
DA:141,0
DA:142,0
DA:145,0
DA:153,3
DA:154,0
DA:155,0
DA:158,0
DA:166,3
DA:167,0
DA:168,0
DA:171,0
DA:172,0
DA:173,0
DA:183,3
DA:184,0
DA:185,0
DA:188,0
DA:189,0
DA:191,0
LF:64
LH:11
BRDA:15,0,0,0
BRDA:15,0,1,0
BRDA:15,0,2,0
BRDA:15,0,3,0
BRDA:15,0,4,0
BRDA:29,1,0,0
BRDA:29,1,1,0
BRDA:29,2,0,0
BRDA:29,2,1,0
BRDA:39,3,0,0
BRDA:39,3,1,0
BRDA:55,4,0,0
BRDA:55,4,1,0
BRDA:55,5,0,0
BRDA:55,5,1,0
BRDA:69,6,0,0
BRDA:69,6,1,0
BRDA:82,7,0,0
BRDA:82,7,1,0
BRDA:82,8,0,0
BRDA:82,8,1,0
BRDA:82,8,2,0
BRDA:95,9,0,0
BRDA:95,9,1,0
BRDA:102,10,0,0
BRDA:102,10,1,0
BRDA:106,11,0,0
BRDA:106,11,1,0
BRDA:119,12,0,0
BRDA:119,12,1,0
BRDA:135,13,0,0
BRDA:135,13,1,0
BRDA:135,14,0,0
BRDA:135,14,1,0
BRDA:142,15,0,0
BRDA:142,15,1,0
BRDA:154,16,0,0
BRDA:154,16,1,0
BRDA:167,17,0,0
BRDA:167,17,1,0
BRDA:183,18,0,0
BRDA:184,19,0,0
BRDA:184,19,1,0
BRDA:184,20,0,0
BRDA:184,20,1,0
BRDA:188,21,0,0
BRDA:188,21,1,0
BRF:47
BRH:0
end_of_record
