<?xml version="1.0" encoding="UTF-8"?>
<coverage generated="1755219052850" clover="3.2.0">
  <project timestamp="1755219052850" name="All files">
    <metrics statements="6133" coveredstatements="3008" conditionals="4136" coveredconditionals="1580" methods="1692" coveredmethods="734" elements="11961" coveredelements="5322" complexity="0" loc="6133" ncloc="6133" packages="234" files="693" classes="693"/>
    <package name="components.exercise-common.CategorySelector">
      <metrics statements="25" coveredstatements="25" conditionals="18" coveredconditionals="14" methods="10" coveredmethods="10"/>
      <file name="index.js" path="C:\Users\khi_h\Desktop\Projets\JoudEnglishApp\src\components\exercise-common\CategorySelector\index.js">
        <metrics statements="23" coveredstatements="23" conditionals="17" coveredconditionals="14" methods="9" coveredmethods="9"/>
        <line num="16" count="10" type="stmt"/>
        <line num="22" count="27" type="stmt"/>
        <line num="23" count="27" type="stmt"/>
        <line num="24" count="19" type="stmt"/>
        <line num="25" count="81" type="cond" truecount="2" falsecount="0"/>
        <line num="26" count="81" type="stmt"/>
        <line num="31" count="27" type="stmt"/>
        <line num="33" count="2" type="cond" truecount="4" falsecount="0"/>
        <line num="34" count="1" type="stmt"/>
        <line num="42" count="2" type="cond" truecount="1" falsecount="1"/>
        <line num="43" count="2" type="stmt"/>
        <line num="50" count="2" type="stmt"/>
        <line num="54" count="89" type="stmt"/>
        <line num="57" count="27" type="stmt"/>
        <line num="58" count="89" type="stmt"/>
        <line num="59" count="89" type="cond" truecount="1" falsecount="1"/>
        <line num="62" count="89" type="stmt"/>
        <line num="67" count="89" type="stmt"/>
        <line num="72" count="89" type="stmt"/>
        <line num="77" count="89" type="stmt"/>
        <line num="138" count="27" type="stmt"/>
        <line num="153" count="89" type="stmt"/>
        <line num="161" count="8" type="stmt"/>
      </file>
      <file name="style.js" path="C:\Users\khi_h\Desktop\Projets\JoudEnglishApp\src\components\exercise-common\CategorySelector\style.js">
        <metrics statements="2" coveredstatements="2" conditionals="1" coveredconditionals="0" methods="1" coveredmethods="1"/>
        <line num="12" count="10" type="cond" truecount="0" falsecount="1"/>
        <line num="13" count="27" type="stmt"/>
      </file>
    </package>
    <package name="components.exercise-common.ExerciseCard">
      <metrics statements="3" coveredstatements="3" conditionals="8" coveredconditionals="7" methods="1" coveredmethods="1"/>
      <file name="index.js" path="C:\Users\khi_h\Desktop\Projets\JoudEnglishApp\src\components\exercise-common\ExerciseCard\index.js">
        <metrics statements="2" coveredstatements="2" conditionals="8" coveredconditionals="7" methods="1" coveredmethods="1"/>
        <line num="9" count="1" type="stmt"/>
        <line num="18" count="8" type="stmt"/>
      </file>
      <file name="style.js" path="C:\Users\khi_h\Desktop\Projets\JoudEnglishApp\src\components\exercise-common\ExerciseCard\style.js">
        <metrics statements="1" coveredstatements="1" conditionals="0" coveredconditionals="0" methods="0" coveredmethods="0"/>
        <line num="4" count="1" type="stmt"/>
      </file>
    </package>
    <package name="components.exercise-common.ExerciseFeedback">
      <metrics statements="25" coveredstatements="22" conditionals="26" coveredconditionals="19" methods="8" coveredmethods="7"/>
      <file name="index.js" path="C:\Users\khi_h\Desktop\Projets\JoudEnglishApp\src\components\exercise-common\ExerciseFeedback\index.js">
        <metrics statements="24" coveredstatements="21" conditionals="26" coveredconditionals="19" methods="8" coveredmethods="7"/>
        <line num="11" count="2" type="stmt"/>
        <line num="20" count="9" type="stmt"/>
        <line num="22" count="9" type="stmt"/>
        <line num="24" count="9" type="stmt"/>
        <line num="31" count="9" type="cond" truecount="2" falsecount="0"/>
        <line num="32" count="1" type="stmt"/>
        <line num="33" count="1" type="stmt"/>
        <line num="38" count="1" type="cond" truecount="3" falsecount="1"/>
        <line num="39" count="1" type="stmt"/>
        <line num="44" count="1" type="stmt"/>
        <line num="49" count="9" type="stmt"/>
        <line num="50" count="9" type="cond" truecount="4" falsecount="0"/>
        <line num="52" count="7" type="stmt"/>
        <line num="58" count="1" type="stmt"/>
        <line num="65" count="1" type="stmt"/>
        <line num="73" count="9" type="stmt"/>
        <line num="76" count="9" type="stmt"/>
        <line num="77" count="1" type="cond" truecount="1" falsecount="1"/>
        <line num="78" count="1" type="cond" truecount="1" falsecount="1"/>
        <line num="79" count="1" type="stmt"/>
        <line num="81" count="0" type="stmt"/>
        <line num="86" count="0" type="cond" truecount="0" falsecount="4"/>
        <line num="87" count="0" type="stmt"/>
        <line num="93" count="9" type="stmt"/>
      </file>
      <file name="style.js" path="C:\Users\khi_h\Desktop\Projets\JoudEnglishApp\src\components\exercise-common\ExerciseFeedback\style.js">
        <metrics statements="1" coveredstatements="1" conditionals="0" coveredconditionals="0" methods="0" coveredmethods="0"/>
        <line num="5" count="2" type="stmt"/>
      </file>
    </package>
    <package name="components.exercise-common.ExerciseFooter">
      <metrics statements="5" coveredstatements="5" conditionals="20" coveredconditionals="20" methods="1" coveredmethods="1"/>
      <file name="index.js" path="C:\Users\khi_h\Desktop\Projets\JoudEnglishApp\src\components\exercise-common\ExerciseFooter\index.js">
        <metrics statements="4" coveredstatements="4" conditionals="20" coveredconditionals="20" methods="1" coveredmethods="1"/>
        <line num="11" count="1" type="stmt"/>
        <line num="26" count="12" type="cond" truecount="2" falsecount="0"/>
        <line num="28" count="12" type="stmt"/>
        <line num="76" count="1" type="stmt"/>
      </file>
      <file name="style.js" path="C:\Users\khi_h\Desktop\Projets\JoudEnglishApp\src\components\exercise-common\ExerciseFooter\style.js">
        <metrics statements="1" coveredstatements="1" conditionals="0" coveredconditionals="0" methods="0" coveredmethods="0"/>
        <line num="5" count="1" type="stmt"/>
      </file>
    </package>
    <package name="components.exercise-common.ExerciseHeader">
      <metrics statements="21" coveredstatements="18" conditionals="12" coveredconditionals="5" methods="4" coveredmethods="3"/>
      <file name="index.js" path="C:\Users\khi_h\Desktop\Projets\JoudEnglishApp\src\components\exercise-common\ExerciseHeader\index.js">
        <metrics statements="20" coveredstatements="17" conditionals="10" coveredconditionals="4" methods="4" coveredmethods="3"/>
        <line num="18" count="8" type="stmt"/>
        <line num="25" count="22" type="stmt"/>
        <line num="28" count="22" type="cond" truecount="1" falsecount="1"/>
        <line num="29" count="22" type="stmt"/>
        <line num="30" count="22" type="stmt"/>
        <line num="33" count="22" type="cond" truecount="2" falsecount="0"/>
        <line num="34" count="22" type="stmt"/>
        <line num="37" count="22" type="cond" truecount="1" falsecount="1"/>
        <line num="39" count="22" type="stmt"/>
        <line num="40" count="0" type="cond" truecount="0" falsecount="2"/>
        <line num="41" count="0" type="stmt"/>
        <line num="43" count="0" type="stmt"/>
        <line num="47" count="22" type="stmt"/>
        <line num="71" count="8" type="stmt"/>
        <line num="72" count="22" type="stmt"/>
        <line num="91" count="8" type="stmt"/>
        <line num="100" count="8" type="stmt"/>
        <line num="101" count="22" type="stmt"/>
        <line num="107" count="8" type="stmt"/>
        <line num="114" count="8" type="stmt"/>
      </file>
      <file name="style.js" path="C:\Users\khi_h\Desktop\Projets\JoudEnglishApp\src\components\exercise-common\ExerciseHeader\style.js">
        <metrics statements="1" coveredstatements="1" conditionals="2" coveredconditionals="1" methods="0" coveredmethods="0"/>
        <line num="12" count="8" type="stmt"/>
      </file>
    </package>
    <package name="components.exercise-common.InstructionBox">
      <metrics statements="18" coveredstatements="11" conditionals="22" coveredconditionals="5" methods="6" coveredmethods="2"/>
      <file name="index.js" path="C:\Users\khi_h\Desktop\Projets\JoudEnglishApp\src\components\exercise-common\InstructionBox\index.js">
        <metrics statements="17" coveredstatements="10" conditionals="22" coveredconditionals="5" methods="6" coveredmethods="2"/>
        <line num="11" count="1" type="stmt"/>
        <line num="21" count="3" type="stmt"/>
        <line num="24" count="3" type="cond" truecount="1" falsecount="1"/>
        <line num="27" count="3" type="stmt"/>
        <line num="28" count="0" type="cond" truecount="0" falsecount="2"/>
        <line num="30" count="0" type="stmt"/>
        <line num="36" count="0" type="stmt"/>
        <line num="40" count="3" type="stmt"/>
        <line num="41" count="3" type="cond" truecount="1" falsecount="3"/>
        <line num="43" count="3" type="stmt"/>
        <line num="45" count="0" type="stmt"/>
        <line num="48" count="0" type="stmt"/>
        <line num="53" count="3" type="stmt"/>
        <line num="59" count="3" type="stmt"/>
        <line num="64" count="3" type="stmt"/>
        <line num="96" count="0" type="stmt"/>
        <line num="107" count="0" type="stmt"/>
      </file>
      <file name="style.js" path="C:\Users\khi_h\Desktop\Projets\JoudEnglishApp\src\components\exercise-common\InstructionBox\style.js">
        <metrics statements="1" coveredstatements="1" conditionals="0" coveredconditionals="0" methods="0" coveredmethods="0"/>
        <line num="4" count="1" type="stmt"/>
      </file>
    </package>
    <package name="components.exercise-common.NavigationButtons">
      <metrics statements="22" coveredstatements="22" conditionals="20" coveredconditionals="17" methods="8" coveredmethods="8"/>
      <file name="index.js" path="C:\Users\khi_h\Desktop\Projets\JoudEnglishApp\src\components\exercise-common\NavigationButtons\index.js">
        <metrics statements="20" coveredstatements="20" conditionals="19" coveredconditionals="17" methods="7" coveredmethods="7"/>
        <line num="16" count="9" type="stmt"/>
        <line num="29" count="26" type="stmt"/>
        <line num="32" count="26" type="stmt"/>
        <line num="33" count="26" type="stmt"/>
        <line num="36" count="26" type="stmt"/>
        <line num="37" count="1" type="cond" truecount="1" falsecount="1"/>
        <line num="39" count="1" type="stmt"/>
        <line num="54" count="1" type="stmt"/>
        <line num="58" count="26" type="stmt"/>
        <line num="59" count="2" type="cond" truecount="1" falsecount="1"/>
        <line num="61" count="2" type="stmt"/>
        <line num="76" count="2" type="stmt"/>
        <line num="79" count="26" type="stmt"/>
        <line num="108" count="9" type="stmt"/>
        <line num="109" count="26" type="cond" truecount="2" falsecount="0"/>
        <line num="129" count="9" type="stmt"/>
        <line num="130" count="26" type="stmt"/>
        <line num="166" count="9" type="stmt"/>
        <line num="176" count="9" type="stmt"/>
        <line num="187" count="9" type="stmt"/>
      </file>
      <file name="style.js" path="C:\Users\khi_h\Desktop\Projets\JoudEnglishApp\src\components\exercise-common\NavigationButtons\style.js">
        <metrics statements="2" coveredstatements="2" conditionals="1" coveredconditionals="0" methods="1" coveredmethods="1"/>
        <line num="11" count="9" type="cond" truecount="0" falsecount="1"/>
        <line num="12" count="26" type="stmt"/>
      </file>
    </package>
    <package name="components.exercise-common.OptionsList">
      <metrics statements="32" coveredstatements="29" conditionals="46" coveredconditionals="32" methods="12" coveredmethods="9"/>
      <file name="index.js" path="C:\Users\khi_h\Desktop\Projets\JoudEnglishApp\src\components\exercise-common\OptionsList\index.js">
        <metrics statements="31" coveredstatements="28" conditionals="46" coveredconditionals="32" methods="12" coveredmethods="9"/>
        <line num="10" count="2" type="stmt"/>
        <line num="21" count="7" type="stmt"/>
        <line num="22" count="60" type="cond" truecount="2" falsecount="0"/>
        <line num="26" count="7" type="stmt"/>
        <line num="27" count="56" type="stmt"/>
        <line num="35" count="7" type="stmt"/>
        <line num="36" count="20" type="cond" truecount="2" falsecount="0"/>
        <line num="37" count="2" type="stmt"/>
        <line num="39" count="18" type="cond" truecount="2" falsecount="0"/>
        <line num="40" count="1" type="stmt"/>
        <line num="42" count="17" type="cond" truecount="2" falsecount="0"/>
        <line num="43" count="2" type="stmt"/>
        <line num="48" count="15" type="stmt"/>
        <line num="52" count="7" type="stmt"/>
        <line num="53" count="20" type="cond" truecount="2" falsecount="0"/>
        <line num="54" count="2" type="stmt"/>
        <line num="56" count="18" type="cond" truecount="2" falsecount="0"/>
        <line num="57" count="1" type="stmt"/>
        <line num="59" count="17" type="cond" truecount="2" falsecount="0"/>
        <line num="60" count="2" type="stmt"/>
        <line num="65" count="15" type="stmt"/>
        <line num="69" count="20" type="stmt"/>
        <line num="70" count="1" type="cond" truecount="1" falsecount="1"/>
        <line num="74" count="7" type="stmt"/>
        <line num="75" count="7" type="stmt"/>
        <line num="77" count="20" type="stmt"/>
        <line num="115" count="7" type="stmt"/>
        <line num="116" count="0" type="stmt"/>
        <line num="118" count="0" type="stmt"/>
        <line num="150" count="7" type="cond" truecount="1" falsecount="1"/>
        <line num="154" count="0" type="stmt"/>
      </file>
      <file name="style.js" path="C:\Users\khi_h\Desktop\Projets\JoudEnglishApp\src\components\exercise-common\OptionsList\style.js">
        <metrics statements="1" coveredstatements="1" conditionals="0" coveredconditionals="0" methods="0" coveredmethods="0"/>
        <line num="4" count="2" type="stmt"/>
      </file>
    </package>
    <package name="components.exercise-common.ResultsScreen">
      <metrics statements="40" coveredstatements="40" conditionals="43" coveredconditionals="22" methods="13" coveredmethods="11"/>
      <file name="index.js" path="C:\Users\khi_h\Desktop\Projets\JoudEnglishApp\src\components\exercise-common\ResultsScreen\index.js">
        <metrics statements="39" coveredstatements="39" conditionals="43" coveredconditionals="22" methods="13" coveredmethods="11"/>
        <line num="20" count="1" type="stmt"/>
        <line num="21" count="12" type="stmt"/>
        <line num="30" count="1" type="stmt"/>
        <line num="38" count="1" type="stmt"/>
        <line num="39" count="12" type="stmt"/>
        <line num="53" count="1" type="stmt"/>
        <line num="65" count="1" type="stmt"/>
        <line num="66" count="12" type="cond" truecount="2" falsecount="0"/>
        <line num="75" count="1" type="stmt"/>
        <line num="81" count="1" type="stmt"/>
        <line num="82" count="12" type="stmt"/>
        <line num="102" count="1" type="stmt"/>
        <line num="111" count="1" type="stmt"/>
        <line num="127" count="12" type="stmt"/>
        <line num="128" count="12" type="stmt"/>
        <line num="132" count="12" type="cond" truecount="1" falsecount="1"/>
        <line num="135" count="12" type="stmt"/>
        <line num="136" count="12" type="cond" truecount="2" falsecount="0"/>
        <line num="137" count="9" type="stmt"/>
        <line num="143" count="3" type="cond" truecount="2" falsecount="0"/>
        <line num="144" count="1" type="stmt"/>
        <line num="150" count="2" type="cond" truecount="2" falsecount="0"/>
        <line num="151" count="1" type="stmt"/>
        <line num="158" count="1" type="stmt"/>
        <line num="167" count="12" type="stmt"/>
        <line num="170" count="12" type="stmt"/>
        <line num="171" count="1" type="stmt"/>
        <line num="172" count="1" type="stmt"/>
        <line num="182" count="12" type="stmt"/>
        <line num="183" count="12" type="stmt"/>
        <line num="198" count="12" type="stmt"/>
        <line num="218" count="1" type="stmt"/>
        <line num="240" count="1" type="stmt"/>
        <line num="241" count="12" type="stmt"/>
        <line num="285" count="1" type="stmt"/>
        <line num="293" count="1" type="stmt"/>
        <line num="294" count="12" type="cond" truecount="3" falsecount="0"/>
        <line num="299" count="1" type="stmt"/>
        <line num="358" count="1" type="stmt"/>
      </file>
      <file name="style.js" path="C:\Users\khi_h\Desktop\Projets\JoudEnglishApp\src\components\exercise-common\ResultsScreen\style.js">
        <metrics statements="1" coveredstatements="1" conditionals="0" coveredconditionals="0" methods="0" coveredmethods="0"/>
        <line num="4" count="1" type="stmt"/>
      </file>
    </package>
    <package name="components.layout.Container">
      <metrics statements="9" coveredstatements="9" conditionals="21" coveredconditionals="18" methods="1" coveredmethods="1"/>
      <file name="index.js" path="C:\Users\khi_h\Desktop\Projets\JoudEnglishApp\src\components\layout\Container\index.js">
        <metrics statements="8" coveredstatements="8" conditionals="21" coveredconditionals="18" methods="1" coveredmethods="1"/>
        <line num="12" count="18" type="stmt"/>
        <line num="26" count="93" type="cond" truecount="1" falsecount="1"/>
        <line num="28" count="93" type="stmt"/>
        <line num="35" count="93" type="cond" truecount="1" falsecount="1"/>
        <line num="41" count="93" type="stmt"/>
        <line num="64" count="93" type="stmt"/>
        <line num="75" count="18" type="stmt"/>
        <line num="101" count="18" type="stmt"/>
      </file>
      <file name="style.js" path="C:\Users\khi_h\Desktop\Projets\JoudEnglishApp\src\components\layout\Container\style.js">
        <metrics statements="1" coveredstatements="1" conditionals="0" coveredconditionals="0" methods="0" coveredmethods="0"/>
        <line num="4" count="18" type="stmt"/>
      </file>
    </package>
    <package name="components.layout.Header">
      <metrics statements="16" coveredstatements="13" conditionals="58" coveredconditionals="30" methods="4" coveredmethods="3"/>
      <file name="index.js" path="C:\Users\khi_h\Desktop\Projets\JoudEnglishApp\src\components\layout\Header\index.js">
        <metrics statements="13" coveredstatements="10" conditionals="50" coveredconditionals="26" methods="4" coveredmethods="3"/>
        <line num="18" count="7" type="stmt"/>
        <line num="48" count="19" type="stmt"/>
        <line num="51" count="19" type="stmt"/>
        <line num="52" count="1" type="cond" truecount="1" falsecount="1"/>
        <line num="53" count="1" type="stmt"/>
        <line num="54" count="0" type="cond" truecount="0" falsecount="2"/>
        <line num="55" count="0" type="stmt"/>
        <line num="60" count="19" type="stmt"/>
        <line num="61" count="19" type="stmt"/>
        <line num="110" count="19" type="stmt"/>
        <line num="111" count="0" type="stmt"/>
        <line num="157" count="19" type="stmt"/>
        <line num="187" count="7" type="stmt"/>
      </file>
      <file name="style.js" path="C:\Users\khi_h\Desktop\Projets\JoudEnglishApp\src\components\layout\Header\style.js">
        <metrics statements="3" coveredstatements="3" conditionals="8" coveredconditionals="4" methods="0" coveredmethods="0"/>
        <line num="4" count="7" type="cond" truecount="1" falsecount="1"/>
        <line num="5" count="7" type="cond" truecount="1" falsecount="1"/>
        <line num="7" count="7" type="stmt"/>
      </file>
    </package>
    <package name="components.setting.RevisionSettings">
      <metrics statements="12" coveredstatements="12" conditionals="14" coveredconditionals="14" methods="5" coveredmethods="5"/>
      <file name="index.js" path="C:\Users\khi_h\Desktop\Projets\JoudEnglishApp\src\components\setting\RevisionSettings\index.js">
        <metrics statements="12" coveredstatements="12" conditionals="14" coveredconditionals="14" methods="5" coveredmethods="5"/>
        <line num="7" count="1" type="stmt"/>
        <line num="14" count="7" type="stmt"/>
        <line num="16" count="7" type="stmt"/>
        <line num="17" count="2" type="cond" truecount="2" falsecount="0"/>
        <line num="19" count="1" type="stmt"/>
        <line num="22" count="1" type="stmt"/>
        <line num="26" count="12" type="stmt"/>
        <line num="28" count="7" type="stmt"/>
        <line num="34" count="7" type="cond" truecount="2" falsecount="0"/>
        <line num="35" count="1" type="stmt"/>
        <line num="42" count="6" type="stmt"/>
        <line num="66" count="12" type="stmt"/>
      </file>
      <file name="style.js" path="C:\Users\khi_h\Desktop\Projets\JoudEnglishApp\src\components\setting\RevisionSettings\style.js">
        <metrics statements="0" coveredstatements="0" conditionals="0" coveredconditionals="0" methods="0" coveredmethods="0"/>
      </file>
    </package>
    <package name="components.setting.SecuritySettings">
      <metrics statements="41" coveredstatements="34" conditionals="11" coveredconditionals="8" methods="10" coveredmethods="7"/>
      <file name="index.js" path="C:\Users\khi_h\Desktop\Projets\JoudEnglishApp\src\components\setting\SecuritySettings\index.js">
        <metrics statements="41" coveredstatements="34" conditionals="11" coveredconditionals="8" methods="10" coveredmethods="7"/>
        <line num="7" count="2" type="stmt"/>
        <line num="8" count="11" type="stmt"/>
        <line num="9" count="10" type="stmt"/>
        <line num="10" count="10" type="stmt"/>
        <line num="11" count="10" type="stmt"/>
        <line num="12" count="10" type="stmt"/>
        <line num="13" count="10" type="stmt"/>
        <line num="15" count="10" type="stmt"/>
        <line num="16" count="4" type="stmt"/>
        <line num="17" count="4" type="stmt"/>
        <line num="18" count="4" type="stmt"/>
        <line num="19" count="4" type="stmt"/>
        <line num="20" count="4" type="stmt"/>
        <line num="24" count="10" type="stmt"/>
        <line num="25" count="1" type="stmt"/>
        <line num="26" count="1" type="stmt"/>
        <line num="27" count="1" type="stmt"/>
        <line num="30" count="10" type="stmt"/>
        <line num="32" count="10" type="stmt"/>
        <line num="33" count="0" type="cond" truecount="0" falsecount="2"/>
        <line num="35" count="0" type="stmt"/>
        <line num="36" count="0" type="stmt"/>
        <line num="38" count="0" type="stmt"/>
        <line num="39" count="0" type="stmt"/>
        <line num="43" count="10" type="stmt"/>
        <line num="44" count="1" type="cond" truecount="4" falsecount="1"/>
        <line num="45" count="1" type="stmt"/>
        <line num="46" count="1" type="stmt"/>
        <line num="47" count="1" type="stmt"/>
        <line num="48" count="1" type="stmt"/>
        <line num="51" count="10" type="stmt"/>
        <line num="52" count="1" type="stmt"/>
        <line num="53" count="1" type="stmt"/>
        <line num="56" count="10" type="stmt"/>
        <line num="58" count="1" type="stmt"/>
        <line num="59" count="1" type="stmt"/>
        <line num="60" count="1" type="stmt"/>
        <line num="63" count="10" type="stmt"/>
        <line num="65" count="0" type="stmt"/>
        <line num="66" count="0" type="stmt"/>
        <line num="69" count="10" type="stmt"/>
      </file>
      <file name="style.js" path="C:\Users\khi_h\Desktop\Projets\JoudEnglishApp\src\components\setting\SecuritySettings\style.js">
        <metrics statements="0" coveredstatements="0" conditionals="0" coveredconditionals="0" methods="0" coveredmethods="0"/>
      </file>
    </package>
    <package name="components.ui.Button">
      <metrics statements="47" coveredstatements="43" conditionals="87" coveredconditionals="73" methods="21" coveredmethods="19"/>
      <file name="BasePressable.js" path="C:\Users\khi_h\Desktop\Projets\JoudEnglishApp\src\components\ui\Button\BasePressable.js">
        <metrics statements="2" coveredstatements="2" conditionals="0" coveredconditionals="0" methods="1" coveredmethods="1"/>
        <line num="14" count="128" type="stmt"/>
        <line num="30" count="7" type="stmt"/>
      </file>
      <file name="ButtonIcon.js" path="C:\Users\khi_h\Desktop\Projets\JoudEnglishApp\src\components\ui\Button\ButtonIcon.js">
        <metrics statements="9" coveredstatements="5" conditionals="6" coveredconditionals="1" methods="3" coveredmethods="1"/>
        <line num="8" count="0" type="cond" truecount="0" falsecount="2"/>
        <line num="9" count="0" type="stmt"/>
        <line num="16" count="7" type="stmt"/>
        <line num="23" count="123" type="cond" truecount="1" falsecount="1"/>
        <line num="24" count="123" type="stmt"/>
        <line num="31" count="7" type="stmt"/>
        <line num="38" count="0" type="cond" truecount="0" falsecount="2"/>
        <line num="39" count="0" type="stmt"/>
        <line num="42" count="7" type="stmt"/>
      </file>
      <file name="ButtonLabel.js" path="C:\Users\khi_h\Desktop\Projets\JoudEnglishApp\src\components\ui\Button\ButtonLabel.js">
        <metrics statements="3" coveredstatements="3" conditionals="4" coveredconditionals="2" methods="1" coveredmethods="1"/>
        <line num="13" count="127" type="cond" truecount="1" falsecount="1"/>
        <line num="14" count="127" type="stmt"/>
        <line num="30" count="7" type="stmt"/>
      </file>
      <file name="ButtonSpinner.js" path="C:\Users\khi_h\Desktop\Projets\JoudEnglishApp\src\components\ui\Button\ButtonSpinner.js">
        <metrics statements="2" coveredstatements="2" conditionals="0" coveredconditionals="0" methods="1" coveredmethods="1"/>
        <line num="6" count="1" type="stmt"/>
        <line num="11" count="7" type="stmt"/>
      </file>
      <file name="index.js" path="C:\Users\khi_h\Desktop\Projets\JoudEnglishApp\src\components\ui\Button\index.js">
        <metrics statements="6" coveredstatements="6" conditionals="29" coveredconditionals="24" methods="2" coveredmethods="2"/>
        <line num="14" count="7" type="stmt"/>
        <line num="35" count="128" type="stmt"/>
        <line num="36" count="128" type="stmt"/>
        <line num="39" count="128" type="stmt"/>
        <line num="41" count="128" type="stmt"/>
        <line num="90" count="7" type="stmt"/>
      </file>
      <file name="style.js" path="C:\Users\khi_h\Desktop\Projets\JoudEnglishApp\src\components\ui\Button\style.js">
        <metrics statements="1" coveredstatements="1" conditionals="0" coveredconditionals="0" methods="0" coveredmethods="0"/>
        <line num="4" count="8" type="stmt"/>
      </file>
      <file name="useButtonStyles.js" path="C:\Users\khi_h\Desktop\Projets\JoudEnglishApp\src\components\ui\Button\useButtonStyles.js">
        <metrics statements="24" coveredstatements="24" conditionals="48" coveredconditionals="46" methods="13" coveredmethods="13"/>
        <line num="4" count="8" type="stmt"/>
        <line num="14" count="8" type="stmt"/>
        <line num="21" count="8" type="stmt"/>
        <line num="43" count="8" type="stmt"/>
        <line num="58" count="8" type="stmt"/>
        <line num="73" count="8" type="stmt"/>
        <line num="87" count="8" type="stmt"/>
        <line num="101" count="148" type="stmt"/>
        <line num="115" count="8" type="stmt"/>
        <line num="116" count="161" type="cond" truecount="2" falsecount="0"/>
        <line num="119" count="8" type="stmt"/>
        <line num="120" count="161" type="stmt"/>
        <line num="121" count="4" type="stmt"/>
        <line num="122" count="2" type="stmt"/>
        <line num="123" count="2" type="stmt"/>
        <line num="124" count="5" type="cond" truecount="1" falsecount="1"/>
        <line num="125" count="148" type="stmt"/>
        <line num="128" count="161" type="cond" truecount="1" falsecount="1"/>
        <line num="140" count="161" type="cond" truecount="2" falsecount="0"/>
        <line num="141" count="161" type="stmt"/>
        <line num="142" count="161" type="stmt"/>
        <line num="144" count="161" type="cond" truecount="5" falsecount="0"/>
        <line num="145" count="161" type="cond" truecount="2" falsecount="0"/>
        <line num="147" count="161" type="stmt"/>
      </file>
    </package>
    <package name="components.ui.Card">
      <metrics statements="48" coveredstatements="47" conditionals="102" coveredconditionals="85" methods="10" coveredmethods="10"/>
      <file name="index.js" path="C:\Users\khi_h\Desktop\Projets\JoudEnglishApp\src\components\ui\Card\index.js">
        <metrics statements="47" coveredstatements="46" conditionals="102" coveredconditionals="85" methods="10" coveredmethods="10"/>
        <line num="11" count="14" type="stmt"/>
        <line num="12" count="84" type="cond" truecount="2" falsecount="0"/>
        <line num="13" count="1" type="stmt"/>
        <line num="27" count="14" type="stmt"/>
        <line num="35" count="14" type="stmt"/>
        <line num="48" count="84" type="stmt"/>
        <line num="74" count="14" type="stmt"/>
        <line num="89" count="14" type="stmt"/>
        <line num="90" count="84" type="cond" truecount="2" falsecount="0"/>
        <line num="91" count="1" type="stmt"/>
        <line num="95" count="14" type="stmt"/>
        <line num="101" count="14" type="stmt"/>
        <line num="102" count="84" type="cond" truecount="2" falsecount="0"/>
        <line num="103" count="1" type="stmt"/>
        <line num="107" count="14" type="stmt"/>
        <line num="114" count="14" type="stmt"/>
        <line num="115" count="13" type="cond" truecount="2" falsecount="0"/>
        <line num="117" count="1" type="cond" truecount="1" falsecount="1"/>
        <line num="118" count="1" type="stmt"/>
        <line num="129" count="0" type="stmt"/>
        <line num="140" count="14" type="stmt"/>
        <line num="148" count="14" type="stmt"/>
        <line num="149" count="13" type="cond" truecount="1" falsecount="1"/>
        <line num="151" count="13" type="stmt"/>
        <line num="183" count="14" type="stmt"/>
        <line num="196" count="14" type="stmt"/>
        <line num="197" count="13" type="stmt"/>
        <line num="212" count="14" type="stmt"/>
        <line num="220" count="14" type="stmt"/>
        <line num="221" count="84" type="stmt"/>
        <line num="223" count="84" type="cond" truecount="2" falsecount="0"/>
        <line num="225" count="13" type="stmt"/>
        <line num="278" count="14" type="stmt"/>
        <line num="313" count="1" type="cond" truecount="1" falsecount="0"/>
        <line num="335" count="84" type="stmt"/>
        <line num="336" count="84" type="cond" truecount="2" falsecount="0"/>
        <line num="339" count="84" type="cond" truecount="2" falsecount="0"/>
        <line num="342" count="84" type="cond" truecount="2" falsecount="0"/>
        <line num="345" count="84" type="cond" truecount="2" falsecount="0"/>
        <line num="348" count="84" type="stmt"/>
        <line num="349" count="84" type="cond" truecount="2" falsecount="0"/>
        <line num="350" count="84" type="cond" truecount="2" falsecount="0"/>
        <line num="353" count="84" type="cond" truecount="5" falsecount="0"/>
        <line num="356" count="84" type="stmt"/>
        <line num="359" count="84" type="stmt"/>
        <line num="379" count="84" type="stmt"/>
        <line num="419" count="14" type="stmt"/>
      </file>
      <file name="style.js" path="C:\Users\khi_h\Desktop\Projets\JoudEnglishApp\src\components\ui\Card\style.js">
        <metrics statements="1" coveredstatements="1" conditionals="0" coveredconditionals="0" methods="0" coveredmethods="0"/>
        <line num="4" count="13" type="stmt"/>
      </file>
    </package>
    <package name="components.ui.ContentSection">
      <metrics statements="6" coveredstatements="6" conditionals="19" coveredconditionals="18" methods="2" coveredmethods="2"/>
      <file name="index.js" path="C:\Users\khi_h\Desktop\Projets\JoudEnglishApp\src\components\ui\ContentSection\index.js">
        <metrics statements="4" coveredstatements="4" conditionals="15" coveredconditionals="15" methods="1" coveredmethods="1"/>
        <line num="18" count="8" type="stmt"/>
        <line num="28" count="22" type="stmt"/>
        <line num="31" count="22" type="cond" truecount="4" falsecount="0"/>
        <line num="33" count="18" type="stmt"/>
      </file>
      <file name="style.js" path="C:\Users\khi_h\Desktop\Projets\JoudEnglishApp\src\components\ui\ContentSection\style.js">
        <metrics statements="2" coveredstatements="2" conditionals="4" coveredconditionals="3" methods="1" coveredmethods="1"/>
        <line num="8" count="8" type="stmt"/>
        <line num="9" count="22" type="stmt"/>
      </file>
    </package>
    <package name="components.ui.HeroCard">
      <metrics statements="6" coveredstatements="6" conditionals="15" coveredconditionals="14" methods="2" coveredmethods="2"/>
      <file name="index.js" path="C:\Users\khi_h\Desktop\Projets\JoudEnglishApp\src\components\ui\HeroCard\index.js">
        <metrics statements="4" coveredstatements="4" conditionals="14" coveredconditionals="14" methods="1" coveredmethods="1"/>
        <line num="21" count="9" type="stmt"/>
        <line num="31" count="34" type="stmt"/>
        <line num="34" count="34" type="cond" truecount="2" falsecount="0"/>
        <line num="36" count="34" type="stmt"/>
      </file>
      <file name="style.js" path="C:\Users\khi_h\Desktop\Projets\JoudEnglishApp\src\components\ui\HeroCard\style.js">
        <metrics statements="2" coveredstatements="2" conditionals="1" coveredconditionals="0" methods="1" coveredmethods="1"/>
        <line num="11" count="9" type="cond" truecount="0" falsecount="1"/>
        <line num="12" count="34" type="stmt"/>
      </file>
    </package>
    <package name="components.ui.Modal">
      <metrics statements="52" coveredstatements="44" conditionals="66" coveredconditionals="40" methods="14" coveredmethods="13"/>
      <file name="ModalBackdrop.js" path="C:\Users\khi_h\Desktop\Projets\JoudEnglishApp\src\components\ui\Modal\ModalBackdrop.js">
        <metrics statements="2" coveredstatements="2" conditionals="0" coveredconditionals="0" methods="1" coveredmethods="1"/>
        <line num="8" count="10" type="stmt"/>
        <line num="15" count="2" type="stmt"/>
      </file>
      <file name="ModalBody.js" path="C:\Users\khi_h\Desktop\Projets\JoudEnglishApp\src\components\ui\Modal\ModalBody.js">
        <metrics statements="4" coveredstatements="4" conditionals="2" coveredconditionals="2" methods="1" coveredmethods="1"/>
        <line num="8" count="10" type="cond" truecount="2" falsecount="0"/>
        <line num="9" count="1" type="stmt"/>
        <line num="20" count="9" type="stmt"/>
        <line num="23" count="2" type="stmt"/>
      </file>
      <file name="ModalFooter.js" path="C:\Users\khi_h\Desktop\Projets\JoudEnglishApp\src\components\ui\Modal\ModalFooter.js">
        <metrics statements="3" coveredstatements="3" conditionals="2" coveredconditionals="2" methods="1" coveredmethods="1"/>
        <line num="8" count="10" type="cond" truecount="2" falsecount="0"/>
        <line num="9" count="1" type="stmt"/>
        <line num="12" count="2" type="stmt"/>
      </file>
      <file name="ModalHeader.js" path="C:\Users\khi_h\Desktop\Projets\JoudEnglishApp\src\components\ui\Modal\ModalHeader.js">
        <metrics statements="3" coveredstatements="3" conditionals="6" coveredconditionals="5" methods="1" coveredmethods="1"/>
        <line num="9" count="10" type="cond" truecount="3" falsecount="1"/>
        <line num="10" count="10" type="stmt"/>
        <line num="28" count="2" type="stmt"/>
      </file>
      <file name="index.js" path="C:\Users\khi_h\Desktop\Projets\JoudEnglishApp\src\components\ui\Modal\index.js">
        <metrics statements="27" coveredstatements="24" conditionals="38" coveredconditionals="25" methods="7" coveredmethods="6"/>
        <line num="26" count="2" type="stmt"/>
        <line num="50" count="11" type="stmt"/>
        <line num="53" count="11" type="stmt"/>
        <line num="54" count="2" type="cond" truecount="4" falsecount="0"/>
        <line num="55" count="1" type="stmt"/>
        <line num="60" count="11" type="stmt"/>
        <line num="61" count="11" type="cond" truecount="1" falsecount="1"/>
        <line num="62" count="11" type="cond" truecount="1" falsecount="1"/>
        <line num="64" count="11" type="stmt"/>
        <line num="65" count="11" type="cond" truecount="2" falsecount="2"/>
        <line num="68" count="0" type="stmt"/>
        <line num="71" count="11" type="stmt"/>
        <line num="76" count="11" type="stmt"/>
        <line num="77" count="11" type="cond" truecount="1" falsecount="1"/>
        <line num="78" count="11" type="cond" truecount="1" falsecount="1"/>
        <line num="79" count="11" type="stmt"/>
        <line num="83" count="11" type="stmt"/>
        <line num="84" count="11" type="cond" truecount="2" falsecount="2"/>
        <line num="86" count="0" type="stmt"/>
        <line num="88" count="0" type="stmt"/>
        <line num="91" count="11" type="stmt"/>
        <line num="96" count="11" type="stmt"/>
        <line num="99" count="11" type="stmt"/>
        <line num="101" count="11" type="stmt"/>
        <line num="123" count="11" type="cond" truecount="1" falsecount="1"/>
        <line num="135" count="11" type="stmt"/>
        <line num="153" count="2" type="stmt"/>
      </file>
      <file name="style.js" path="C:\Users\khi_h\Desktop\Projets\JoudEnglishApp\src\components\ui\Modal\style.js">
        <metrics statements="2" coveredstatements="2" conditionals="4" coveredconditionals="2" methods="0" coveredmethods="0"/>
        <line num="3" count="1" type="stmt"/>
        <line num="5" count="1" type="stmt"/>
      </file>
      <file name="useModalAnimation.js" path="C:\Users\khi_h\Desktop\Projets\JoudEnglishApp\src\components\ui\Modal\useModalAnimation.js">
        <metrics statements="11" coveredstatements="6" conditionals="14" coveredconditionals="4" methods="3" coveredmethods="3"/>
        <line num="6" count="11" type="stmt"/>
        <line num="8" count="11" type="stmt"/>
        <line num="9" count="11" type="cond" truecount="2" falsecount="2"/>
        <line num="10" count="0" type="stmt"/>
        <line num="18" count="11" type="stmt"/>
        <line num="19" count="11" type="cond" truecount="2" falsecount="2"/>
        <line num="21" count="0" type="cond" truecount="0" falsecount="4"/>
        <line num="23" count="0" type="stmt"/>
        <line num="31" count="0" type="stmt"/>
        <line num="40" count="0" type="stmt"/>
        <line num="51" count="11" type="stmt"/>
      </file>
    </package>
    <package name="components.ui.ProgressBar">
      <metrics statements="35" coveredstatements="35" conditionals="35" coveredconditionals="27" methods="12" coveredmethods="12"/>
      <file name="ProgressFill.js" path="C:\Users\khi_h\Desktop\Projets\JoudEnglishApp\src\components\ui\ProgressBar\ProgressFill.js">
        <metrics statements="2" coveredstatements="2" conditionals="0" coveredconditionals="0" methods="1" coveredmethods="1"/>
        <line num="6" count="46" type="stmt"/>
        <line num="20" count="16" type="stmt"/>
      </file>
      <file name="ProgressTrack.js" path="C:\Users\khi_h\Desktop\Projets\JoudEnglishApp\src\components\ui\ProgressBar\ProgressTrack.js">
        <metrics statements="2" coveredstatements="2" conditionals="0" coveredconditionals="0" methods="1" coveredmethods="1"/>
        <line num="6" count="46" type="stmt"/>
        <line num="9" count="16" type="stmt"/>
      </file>
      <file name="index.js" path="C:\Users\khi_h\Desktop\Projets\JoudEnglishApp\src\components\ui\ProgressBar\index.js">
        <metrics statements="21" coveredstatements="21" conditionals="28" coveredconditionals="25" methods="7" coveredmethods="7"/>
        <line num="16" count="16" type="stmt"/>
        <line num="30" count="1" type="cond" truecount="1" falsecount="0"/>
        <line num="31" count="47" type="cond" truecount="1" falsecount="0"/>
        <line num="34" count="46" type="stmt"/>
        <line num="36" count="46" type="cond" truecount="2" falsecount="0"/>
        <line num="37" count="46" type="stmt"/>
        <line num="44" count="46" type="stmt"/>
        <line num="45" count="46" type="cond" truecount="2" falsecount="0"/>
        <line num="46" count="2" type="stmt"/>
        <line num="50" count="46" type="stmt"/>
        <line num="51" count="46" type="cond" truecount="2" falsecount="0"/>
        <line num="52" count="2" type="stmt"/>
        <line num="53" count="2" type="stmt"/>
        <line num="59" count="46" type="stmt"/>
        <line num="60" count="46" type="cond" truecount="2" falsecount="0"/>
        <line num="61" count="3" type="stmt"/>
        <line num="69" count="46" type="stmt"/>
        <line num="70" count="46" type="cond" truecount="1" falsecount="1"/>
        <line num="71" count="46" type="stmt"/>
        <line num="82" count="46" type="stmt"/>
        <line num="111" count="16" type="stmt"/>
      </file>
      <file name="style.js" path="C:\Users\khi_h\Desktop\Projets\JoudEnglishApp\src\components\ui\ProgressBar\style.js">
        <metrics statements="2" coveredstatements="2" conditionals="2" coveredconditionals="0" methods="1" coveredmethods="1"/>
        <line num="9" count="16" type="cond" truecount="0" falsecount="2"/>
        <line num="10" count="46" type="stmt"/>
      </file>
      <file name="useProgressAnimation.js" path="C:\Users\khi_h\Desktop\Projets\JoudEnglishApp\src\components\ui\ProgressBar\useProgressAnimation.js">
        <metrics statements="8" coveredstatements="8" conditionals="5" coveredconditionals="2" methods="2" coveredmethods="2"/>
        <line num="10" count="46" type="stmt"/>
        <line num="11" count="46" type="stmt"/>
        <line num="13" count="46" type="stmt"/>
        <line num="14" count="46" type="cond" truecount="2" falsecount="0"/>
        <line num="15" count="45" type="stmt"/>
        <line num="21" count="1" type="stmt"/>
        <line num="25" count="46" type="stmt"/>
        <line num="30" count="46" type="stmt"/>
      </file>
    </package>
    <package name="components.ui.ProgressCard">
      <metrics statements="27" coveredstatements="26" conditionals="57" coveredconditionals="44" methods="11" coveredmethods="11"/>
      <file name="index.js" path="C:\Users\khi_h\Desktop\Projets\JoudEnglishApp\src\components\ui\ProgressCard\index.js">
        <metrics statements="25" coveredstatements="24" conditionals="56" coveredconditionals="44" methods="10" coveredmethods="10"/>
        <line num="16" count="9" type="stmt"/>
        <line num="29" count="29" type="stmt"/>
        <line num="32" count="29" type="stmt"/>
        <line num="33" count="1" type="cond" truecount="1" falsecount="1"/>
        <line num="34" count="1" type="stmt"/>
        <line num="50" count="0" type="stmt"/>
        <line num="55" count="29" type="stmt"/>
        <line num="56" count="2" type="cond" truecount="2" falsecount="0"/>
        <line num="57" count="1" type="stmt"/>
        <line num="58" count="1" type="stmt"/>
        <line num="61" count="29" type="stmt"/>
        <line num="64" count="29" type="stmt"/>
        <line num="65" count="29" type="stmt"/>
        <line num="90" count="29" type="stmt"/>
        <line num="91" count="29" type="stmt"/>
        <line num="105" count="29" type="stmt"/>
        <line num="106" count="29" type="cond" truecount="4" falsecount="0"/>
        <line num="121" count="29" type="stmt"/>
        <line num="155" count="9" type="stmt"/>
        <line num="156" count="2" type="cond" truecount="3" falsecount="1"/>
        <line num="158" count="2" type="stmt"/>
        <line num="161" count="2" type="cond" truecount="3" falsecount="1"/>
        <line num="163" count="2" type="stmt"/>
        <line num="201" count="9" type="stmt"/>
        <line num="222" count="9" type="stmt"/>
      </file>
      <file name="style.js" path="C:\Users\khi_h\Desktop\Projets\JoudEnglishApp\src\components\ui\ProgressCard\style.js">
        <metrics statements="2" coveredstatements="2" conditionals="1" coveredconditionals="0" methods="1" coveredmethods="1"/>
        <line num="10" count="9" type="cond" truecount="0" falsecount="1"/>
        <line num="11" count="29" type="stmt"/>
      </file>
    </package>
    <package name="components.ui.RevealButton">
      <metrics statements="17" coveredstatements="17" conditionals="11" coveredconditionals="9" methods="7" coveredmethods="7"/>
      <file name="index.js" path="C:\Users\khi_h\Desktop\Projets\JoudEnglishApp\src\components\ui\RevealButton\index.js">
        <metrics statements="15" coveredstatements="15" conditionals="10" coveredconditionals="9" methods="6" coveredmethods="6"/>
        <line num="16" count="7" type="stmt"/>
        <line num="25" count="25" type="stmt"/>
        <line num="28" count="25" type="stmt"/>
        <line num="29" count="25" type="stmt"/>
        <line num="32" count="25" type="stmt"/>
        <line num="33" count="17" type="cond" truecount="2" falsecount="0"/>
        <line num="34" count="4" type="stmt"/>
        <line num="40" count="13" type="stmt"/>
        <line num="45" count="25" type="stmt"/>
        <line num="46" count="2" type="stmt"/>
        <line num="60" count="2" type="stmt"/>
        <line num="64" count="25" type="stmt"/>
        <line num="65" count="1" type="stmt"/>
        <line num="79" count="1" type="stmt"/>
        <line num="82" count="25" type="stmt"/>
      </file>
      <file name="style.js" path="C:\Users\khi_h\Desktop\Projets\JoudEnglishApp\src\components\ui\RevealButton\style.js">
        <metrics statements="2" coveredstatements="2" conditionals="1" coveredconditionals="0" methods="1" coveredmethods="1"/>
        <line num="11" count="7" type="cond" truecount="0" falsecount="1"/>
        <line num="12" count="25" type="stmt"/>
      </file>
    </package>
    <package name="contexts">
      <metrics statements="211" coveredstatements="191" conditionals="67" coveredconditionals="50" methods="64" coveredmethods="61"/>
      <file name="AppProvider.js" path="C:\Users\khi_h\Desktop\Projets\JoudEnglishApp\src\contexts\AppProvider.js">
        <metrics statements="3" coveredstatements="3" conditionals="0" coveredconditionals="0" methods="1" coveredmethods="1"/>
        <line num="12" count="1" type="stmt"/>
        <line num="13" count="1" type="stmt"/>
        <line num="27" count="1" type="stmt"/>
      </file>
      <file name="CurrentLevelContext.js" path="C:\Users\khi_h\Desktop\Projets\JoudEnglishApp\src\contexts\CurrentLevelContext.js">
        <metrics statements="8" coveredstatements="8" conditionals="3" coveredconditionals="3" methods="2" coveredmethods="2"/>
        <line num="5" count="8" type="stmt"/>
        <line num="9" count="24" type="stmt"/>
        <line num="11" count="24" type="stmt"/>
        <line num="18" count="8" type="stmt"/>
        <line num="25" count="21" type="stmt"/>
        <line num="26" count="20" type="cond" truecount="2" falsecount="0"/>
        <line num="27" count="2" type="stmt"/>
        <line num="29" count="18" type="stmt"/>
      </file>
      <file name="LockContext.js" path="C:\Users\khi_h\Desktop\Projets\JoudEnglishApp\src\contexts\LockContext.js">
        <metrics statements="34" coveredstatements="28" conditionals="8" coveredconditionals="2" methods="8" coveredmethods="6"/>
        <line num="6" count="2" type="stmt"/>
        <line num="9" count="7" type="stmt"/>
        <line num="10" count="7" type="stmt"/>
        <line num="11" count="7" type="stmt"/>
        <line num="13" count="7" type="stmt"/>
        <line num="14" count="2" type="stmt"/>
        <line num="15" count="2" type="stmt"/>
        <line num="16" count="2" type="stmt"/>
        <line num="17" count="2" type="stmt"/>
        <line num="18" count="2" type="stmt"/>
        <line num="20" count="2" type="stmt"/>
        <line num="25" count="7" type="stmt"/>
        <line num="26" count="0" type="cond" truecount="0" falsecount="2"/>
        <line num="29" count="7" type="stmt"/>
        <line num="30" count="2" type="stmt"/>
        <line num="31" count="2" type="cond" truecount="1" falsecount="1"/>
        <line num="32" count="2" type="stmt"/>
        <line num="33" count="2" type="stmt"/>
        <line num="35" count="0" type="cond" truecount="0" falsecount="2"/>
        <line num="36" count="0" type="stmt"/>
        <line num="39" count="7" type="stmt"/>
        <line num="40" count="1" type="stmt"/>
        <line num="41" count="1" type="stmt"/>
        <line num="42" count="1" type="stmt"/>
        <line num="45" count="7" type="stmt"/>
        <line num="46" count="0" type="stmt"/>
        <line num="47" count="0" type="stmt"/>
        <line num="48" count="0" type="stmt"/>
        <line num="51" count="7" type="stmt"/>
        <line num="61" count="7" type="stmt"/>
        <line num="66" count="2" type="stmt"/>
        <line num="71" count="8" type="stmt"/>
        <line num="72" count="8" type="cond" truecount="1" falsecount="1"/>
        <line num="73" count="8" type="stmt"/>
      </file>
      <file name="ProgressContext.js" path="C:\Users\khi_h\Desktop\Projets\JoudEnglishApp\src\contexts\ProgressContext.js">
        <metrics statements="84" coveredstatements="73" conditionals="28" coveredconditionals="20" methods="24" coveredmethods="23"/>
        <line num="8" count="8" type="stmt"/>
        <line num="9" count="8" type="stmt"/>
        <line num="10" count="8" type="stmt"/>
        <line num="13" count="84" type="stmt"/>
        <line num="75" count="8" type="stmt"/>
        <line num="76" count="83" type="stmt"/>
        <line num="77" count="83" type="stmt"/>
        <line num="80" count="83" type="stmt"/>
        <line num="81" count="83" type="stmt"/>
        <line num="84" count="83" type="stmt"/>
        <line num="85" count="41" type="stmt"/>
        <line num="86" count="41" type="stmt"/>
        <line num="87" count="41" type="stmt"/>
        <line num="88" count="41" type="cond" truecount="2" falsecount="0"/>
        <line num="89" count="5" type="stmt"/>
        <line num="90" count="5" type="stmt"/>
        <line num="93" count="0" type="stmt"/>
        <line num="95" count="41" type="stmt"/>
        <line num="96" count="41" type="stmt"/>
        <line num="100" count="41" type="stmt"/>
        <line num="104" count="83" type="stmt"/>
        <line num="106" count="81" type="cond" truecount="4" falsecount="0"/>
        <line num="107" count="41" type="stmt"/>
        <line num="111" count="40" type="cond" truecount="2" falsecount="0"/>
        <line num="112" count="5" type="stmt"/>
        <line num="116" count="40" type="stmt"/>
        <line num="117" count="5" type="stmt"/>
        <line num="118" count="5" type="stmt"/>
        <line num="120" count="0" type="stmt"/>
        <line num="125" count="40" type="stmt"/>
        <line num="126" count="40" type="cond" truecount="1" falsecount="1"/>
        <line num="127" count="40" type="stmt"/>
        <line num="136" count="83" type="stmt"/>
        <line num="137" count="2" type="stmt"/>
        <line num="138" count="2" type="stmt"/>
        <line num="141" count="2" type="cond" truecount="1" falsecount="1"/>
        <line num="142" count="0" type="stmt"/>
        <line num="145" count="2" type="cond" truecount="1" falsecount="1"/>
        <line num="146" count="0" type="stmt"/>
        <line num="150" count="2" type="stmt"/>
        <line num="153" count="2" type="stmt"/>
        <line num="154" count="6" type="cond" truecount="2" falsecount="0"/>
        <line num="155" count="6" type="stmt"/>
        <line num="157" count="2" type="cond" truecount="1" falsecount="1"/>
        <line num="158" count="2" type="stmt"/>
        <line num="159" count="2" type="stmt"/>
        <line num="163" count="2" type="stmt"/>
        <line num="169" count="2" type="stmt"/>
        <line num="173" count="83" type="stmt"/>
        <line num="174" count="2" type="stmt"/>
        <line num="180" count="83" type="stmt"/>
        <line num="181" count="9" type="stmt"/>
        <line num="182" count="9" type="cond" truecount="1" falsecount="1"/>
        <line num="184" count="57" type="stmt"/>
        <line num="185" count="9" type="stmt"/>
        <line num="188" count="83" type="stmt"/>
        <line num="189" count="9" type="cond" truecount="2" falsecount="0"/>
        <line num="192" count="83" type="stmt"/>
        <line num="193" count="1" type="stmt"/>
        <line num="194" count="1" type="stmt"/>
        <line num="195" count="1" type="stmt"/>
        <line num="196" count="1" type="stmt"/>
        <line num="198" count="0" type="stmt"/>
        <line num="199" count="0" type="stmt"/>
        <line num="204" count="83" type="stmt"/>
        <line num="223" count="83" type="stmt"/>
        <line num="230" count="83" type="stmt"/>
        <line num="236" count="83" type="stmt"/>
        <line num="248" count="8" type="stmt"/>
        <line num="249" count="16" type="stmt"/>
        <line num="250" count="15" type="cond" truecount="2" falsecount="0"/>
        <line num="251" count="2" type="stmt"/>
        <line num="253" count="13" type="stmt"/>
        <line num="256" count="8" type="stmt"/>
        <line num="257" count="14" type="stmt"/>
        <line num="258" count="14" type="cond" truecount="1" falsecount="1"/>
        <line num="259" count="0" type="stmt"/>
        <line num="261" count="14" type="stmt"/>
        <line num="264" count="8" type="stmt"/>
        <line num="265" count="0" type="stmt"/>
        <line num="266" count="0" type="cond" truecount="0" falsecount="2"/>
        <line num="267" count="0" type="stmt"/>
        <line num="269" count="0" type="stmt"/>
        <line num="273" count="8" type="stmt"/>
      </file>
      <file name="SettingContext.js" path="C:\Users\khi_h\Desktop\Projets\JoudEnglishApp\src\contexts\SettingContext.js">
        <metrics statements="34" coveredstatements="34" conditionals="6" coveredconditionals="6" methods="12" coveredmethods="12"/>
        <line num="8" count="1" type="stmt"/>
        <line num="13" count="1" type="stmt"/>
        <line num="15" count="24" type="stmt"/>
        <line num="16" count="24" type="stmt"/>
        <line num="19" count="24" type="stmt"/>
        <line num="20" count="9" type="stmt"/>
        <line num="21" count="9" type="stmt"/>
        <line num="22" count="9" type="stmt"/>
        <line num="23" count="9" type="stmt"/>
        <line num="25" count="9" type="cond" truecount="2" falsecount="0"/>
        <line num="27" count="2" type="stmt"/>
        <line num="30" count="7" type="stmt"/>
        <line num="35" count="9" type="stmt"/>
        <line num="39" count="9" type="stmt"/>
        <line num="43" count="24" type="stmt"/>
        <line num="44" count="24" type="cond" truecount="2" falsecount="0"/>
        <line num="45" count="15" type="stmt"/>
        <line num="50" count="24" type="stmt"/>
        <line num="51" count="6" type="cond" truecount="2" falsecount="0"/>
        <line num="53" count="1" type="stmt"/>
        <line num="56" count="5" type="stmt"/>
        <line num="63" count="24" type="stmt"/>
        <line num="64" count="1" type="stmt"/>
        <line num="71" count="24" type="stmt"/>
        <line num="72" count="1" type="stmt"/>
        <line num="76" count="24" type="stmt"/>
        <line num="77" count="15" type="stmt"/>
        <line num="81" count="24" type="stmt"/>
        <line num="82" count="15" type="stmt"/>
        <line num="86" count="24" type="stmt"/>
        <line num="87" count="3" type="stmt"/>
        <line num="91" count="24" type="stmt"/>
        <line num="102" count="24" type="stmt"/>
        <line num="110" count="1" type="stmt"/>
      </file>
      <file name="ThemeContext.js" path="C:\Users\khi_h\Desktop\Projets\JoudEnglishApp\src\contexts\ThemeContext.js">
        <metrics statements="48" coveredstatements="45" conditionals="22" coveredconditionals="19" methods="17" coveredmethods="17"/>
        <line num="9" count="28" type="stmt"/>
        <line num="14" count="28" type="stmt"/>
        <line num="16" count="95" type="stmt"/>
        <line num="17" count="95" type="stmt"/>
        <line num="18" count="95" type="stmt"/>
        <line num="21" count="95" type="stmt"/>
        <line num="22" count="59" type="cond" truecount="2" falsecount="0"/>
        <line num="28" count="95" type="stmt"/>
        <line num="29" count="45" type="stmt"/>
        <line num="31" count="45" type="stmt"/>
        <line num="32" count="45" type="stmt"/>
        <line num="33" count="45" type="stmt"/>
        <line num="34" count="45" type="cond" truecount="2" falsecount="0"/>
        <line num="35" count="44" type="cond" truecount="2" falsecount="0"/>
        <line num="36" count="5" type="stmt"/>
        <line num="38" count="44" type="stmt"/>
        <line num="41" count="0" type="stmt"/>
        <line num="42" count="0" type="cond" truecount="0" falsecount="2"/>
        <line num="43" count="0" type="stmt"/>
        <line num="48" count="45" type="stmt"/>
        <line num="50" count="45" type="stmt"/>
        <line num="51" count="45" type="stmt"/>
        <line num="56" count="95" type="stmt"/>
        <line num="57" count="93" type="stmt"/>
        <line num="59" count="93" type="cond" truecount="2" falsecount="0"/>
        <line num="61" count="48" type="stmt"/>
        <line num="62" count="11" type="stmt"/>
        <line num="66" count="93" type="stmt"/>
        <line num="67" count="93" type="cond" truecount="2" falsecount="0"/>
        <line num="68" count="48" type="stmt"/>
        <line num="74" count="95" type="stmt"/>
        <line num="75" count="5" type="stmt"/>
        <line num="78" count="95" type="stmt"/>
        <line num="79" count="3" type="cond" truecount="2" falsecount="0"/>
        <line num="80" count="1" type="cond" truecount="1" falsecount="1"/>
        <line num="82" count="2" type="cond" truecount="2" falsecount="0"/>
        <line num="86" count="95" type="stmt"/>
        <line num="87" count="1" type="stmt"/>
        <line num="91" count="95" type="stmt"/>
        <line num="92" count="53" type="cond" truecount="2" falsecount="0"/>
        <line num="136" count="95" type="stmt"/>
        <line num="146" count="95" type="stmt"/>
        <line num="171" count="95" type="stmt"/>
        <line num="180" count="95" type="stmt"/>
        <line num="181" count="53" type="cond" truecount="2" falsecount="0"/>
        <line num="231" count="95" type="stmt"/>
        <line num="257" count="95" type="stmt"/>
        <line num="265" count="28" type="stmt"/>
      </file>
    </package>
    <package name="data">
      <metrics statements="0" coveredstatements="0" conditionals="0" coveredconditionals="0" methods="0" coveredmethods="0"/>
      <file name="index.js" path="C:\Users\khi_h\Desktop\Projets\JoudEnglishApp\src\data\index.js">
        <metrics statements="0" coveredstatements="0" conditionals="0" coveredconditionals="0" methods="0" coveredmethods="0"/>
      </file>
    </package>
    <package name="data.assessment">
      <metrics statements="0" coveredstatements="0" conditionals="0" coveredconditionals="0" methods="0" coveredmethods="0"/>
      <file name="assessmentsA1.js" path="C:\Users\khi_h\Desktop\Projets\JoudEnglishApp\src\data\assessment\assessmentsA1.js">
        <metrics statements="0" coveredstatements="0" conditionals="0" coveredconditionals="0" methods="0" coveredmethods="0"/>
      </file>
      <file name="assessmentsA2.js" path="C:\Users\khi_h\Desktop\Projets\JoudEnglishApp\src\data\assessment\assessmentsA2.js">
        <metrics statements="0" coveredstatements="0" conditionals="0" coveredconditionals="0" methods="0" coveredmethods="0"/>
      </file>
      <file name="assessmentsB1.js" path="C:\Users\khi_h\Desktop\Projets\JoudEnglishApp\src\data\assessment\assessmentsB1.js">
        <metrics statements="0" coveredstatements="0" conditionals="0" coveredconditionals="0" methods="0" coveredmethods="0"/>
      </file>
      <file name="assessmentsB2.js" path="C:\Users\khi_h\Desktop\Projets\JoudEnglishApp\src\data\assessment\assessmentsB2.js">
        <metrics statements="0" coveredstatements="0" conditionals="0" coveredconditionals="0" methods="0" coveredmethods="0"/>
      </file>
      <file name="assessmentsC1.js" path="C:\Users\khi_h\Desktop\Projets\JoudEnglishApp\src\data\assessment\assessmentsC1.js">
        <metrics statements="0" coveredstatements="0" conditionals="0" coveredconditionals="0" methods="0" coveredmethods="0"/>
      </file>
      <file name="assessmentsC2.js" path="C:\Users\khi_h\Desktop\Projets\JoudEnglishApp\src\data\assessment\assessmentsC2.js">
        <metrics statements="0" coveredstatements="0" conditionals="0" coveredconditionals="0" methods="0" coveredmethods="0"/>
      </file>
    </package>
    <package name="data.conversation.A1">
      <metrics statements="1" coveredstatements="1" conditionals="0" coveredconditionals="0" methods="0" coveredmethods="0"/>
      <file name="index.js" path="C:\Users\khi_h\Desktop\Projets\JoudEnglishApp\src\data\conversation\A1\index.js">
        <metrics statements="1" coveredstatements="1" conditionals="0" coveredconditionals="0" methods="0" coveredmethods="0"/>
        <line num="16" count="1" type="stmt"/>
      </file>
    </package>
    <package name="data.conversation.A1.scenarios">
      <metrics statements="10" coveredstatements="10" conditionals="0" coveredconditionals="0" methods="0" coveredmethods="0"/>
      <file name="askingDirections.js" path="C:\Users\khi_h\Desktop\Projets\JoudEnglishApp\src\data\conversation\A1\scenarios\askingDirections.js">
        <metrics statements="1" coveredstatements="1" conditionals="0" coveredconditionals="0" methods="0" coveredmethods="0"/>
        <line num="3" count="1" type="stmt"/>
      </file>
      <file name="bankBasics.js" path="C:\Users\khi_h\Desktop\Projets\JoudEnglishApp\src\data\conversation\A1\scenarios\bankBasics.js">
        <metrics statements="1" coveredstatements="1" conditionals="0" coveredconditionals="0" methods="0" coveredmethods="0"/>
        <line num="3" count="1" type="stmt"/>
      </file>
      <file name="coffeeShop.js" path="C:\Users\khi_h\Desktop\Projets\JoudEnglishApp\src\data\conversation\A1\scenarios\coffeeShop.js">
        <metrics statements="1" coveredstatements="1" conditionals="0" coveredconditionals="0" methods="0" coveredmethods="0"/>
        <line num="3" count="1" type="stmt"/>
      </file>
      <file name="doctorVisit.js" path="C:\Users\khi_h\Desktop\Projets\JoudEnglishApp\src\data\conversation\A1\scenarios\doctorVisit.js">
        <metrics statements="1" coveredstatements="1" conditionals="0" coveredconditionals="0" methods="0" coveredmethods="0"/>
        <line num="3" count="1" type="stmt"/>
      </file>
      <file name="greetingsBasics.js" path="C:\Users\khi_h\Desktop\Projets\JoudEnglishApp\src\data\conversation\A1\scenarios\greetingsBasics.js">
        <metrics statements="1" coveredstatements="1" conditionals="0" coveredconditionals="0" methods="0" coveredmethods="0"/>
        <line num="3" count="1" type="stmt"/>
      </file>
      <file name="hotelCheckIn.js" path="C:\Users\khi_h\Desktop\Projets\JoudEnglishApp\src\data\conversation\A1\scenarios\hotelCheckIn.js">
        <metrics statements="1" coveredstatements="1" conditionals="0" coveredconditionals="0" methods="0" coveredmethods="0"/>
        <line num="3" count="1" type="stmt"/>
      </file>
      <file name="restaurantReservation.js" path="C:\Users\khi_h\Desktop\Projets\JoudEnglishApp\src\data\conversation\A1\scenarios\restaurantReservation.js">
        <metrics statements="1" coveredstatements="1" conditionals="0" coveredconditionals="0" methods="0" coveredmethods="0"/>
        <line num="3" count="1" type="stmt"/>
      </file>
      <file name="shoppingClothes.js" path="C:\Users\khi_h\Desktop\Projets\JoudEnglishApp\src\data\conversation\A1\scenarios\shoppingClothes.js">
        <metrics statements="1" coveredstatements="1" conditionals="0" coveredconditionals="0" methods="0" coveredmethods="0"/>
        <line num="3" count="1" type="stmt"/>
      </file>
      <file name="supermarketShopping.js" path="C:\Users\khi_h\Desktop\Projets\JoudEnglishApp\src\data\conversation\A1\scenarios\supermarketShopping.js">
        <metrics statements="1" coveredstatements="1" conditionals="0" coveredconditionals="0" methods="0" coveredmethods="0"/>
        <line num="3" count="1" type="stmt"/>
      </file>
      <file name="transportPublic.js" path="C:\Users\khi_h\Desktop\Projets\JoudEnglishApp\src\data\conversation\A1\scenarios\transportPublic.js">
        <metrics statements="1" coveredstatements="1" conditionals="0" coveredconditionals="0" methods="0" coveredmethods="0"/>
        <line num="3" count="1" type="stmt"/>
      </file>
    </package>
    <package name="data.conversation.A2">
      <metrics statements="1" coveredstatements="1" conditionals="0" coveredconditionals="0" methods="0" coveredmethods="0"/>
      <file name="index.js" path="C:\Users\khi_h\Desktop\Projets\JoudEnglishApp\src\data\conversation\A2\index.js">
        <metrics statements="1" coveredstatements="1" conditionals="0" coveredconditionals="0" methods="0" coveredmethods="0"/>
        <line num="18" count="1" type="stmt"/>
      </file>
    </package>
    <package name="data.conversation.A2.scenarios">
      <metrics statements="12" coveredstatements="12" conditionals="0" coveredconditionals="0" methods="0" coveredmethods="0"/>
      <file name="apartmentViewing.js" path="C:\Users\khi_h\Desktop\Projets\JoudEnglishApp\src\data\conversation\A2\scenarios\apartmentViewing.js">
        <metrics statements="1" coveredstatements="1" conditionals="0" coveredconditionals="0" methods="0" coveredmethods="0"/>
        <line num="3" count="1" type="stmt"/>
      </file>
      <file name="atTheDoctorSpecialist.js" path="C:\Users\khi_h\Desktop\Projets\JoudEnglishApp\src\data\conversation\A2\scenarios\atTheDoctorSpecialist.js">
        <metrics statements="1" coveredstatements="1" conditionals="0" coveredconditionals="0" methods="0" coveredmethods="0"/>
        <line num="3" count="1" type="stmt"/>
      </file>
      <file name="atTheRestaurant.js" path="C:\Users\khi_h\Desktop\Projets\JoudEnglishApp\src\data\conversation\A2\scenarios\atTheRestaurant.js">
        <metrics statements="1" coveredstatements="1" conditionals="0" coveredconditionals="0" methods="0" coveredmethods="0"/>
        <line num="3" count="1" type="stmt"/>
      </file>
      <file name="gettingDirectionsDetailed.js" path="C:\Users\khi_h\Desktop\Projets\JoudEnglishApp\src\data\conversation\A2\scenarios\gettingDirectionsDetailed.js">
        <metrics statements="1" coveredstatements="1" conditionals="0" coveredconditionals="0" methods="0" coveredmethods="0"/>
        <line num="3" count="1" type="stmt"/>
      </file>
      <file name="jobInterview.js" path="C:\Users\khi_h\Desktop\Projets\JoudEnglishApp\src\data\conversation\A2\scenarios\jobInterview.js">
        <metrics statements="1" coveredstatements="1" conditionals="0" coveredconditionals="0" methods="0" coveredmethods="0"/>
        <line num="3" count="1" type="stmt"/>
      </file>
      <file name="makingAppointments.js" path="C:\Users\khi_h\Desktop\Projets\JoudEnglishApp\src\data\conversation\A2\scenarios\makingAppointments.js">
        <metrics statements="1" coveredstatements="1" conditionals="0" coveredconditionals="0" methods="0" coveredmethods="0"/>
        <line num="3" count="1" type="stmt"/>
      </file>
      <file name="meetingFriendOfFriend.js" path="C:\Users\khi_h\Desktop\Projets\JoudEnglishApp\src\data\conversation\A2\scenarios\meetingFriendOfFriend.js">
        <metrics statements="1" coveredstatements="1" conditionals="0" coveredconditionals="0" methods="0" coveredmethods="0"/>
        <line num="3" count="2" type="stmt"/>
      </file>
      <file name="phoneProblems.js" path="C:\Users\khi_h\Desktop\Projets\JoudEnglishApp\src\data\conversation\A2\scenarios\phoneProblems.js">
        <metrics statements="1" coveredstatements="1" conditionals="0" coveredconditionals="0" methods="0" coveredmethods="0"/>
        <line num="3" count="1" type="stmt"/>
      </file>
      <file name="shoppingClothes.js" path="C:\Users\khi_h\Desktop\Projets\JoudEnglishApp\src\data\conversation\A2\scenarios\shoppingClothes.js">
        <metrics statements="1" coveredstatements="1" conditionals="0" coveredconditionals="0" methods="0" coveredmethods="0"/>
        <line num="3" count="1" type="stmt"/>
      </file>
      <file name="talkingAboutHobbies.js" path="C:\Users\khi_h\Desktop\Projets\JoudEnglishApp\src\data\conversation\A2\scenarios\talkingAboutHobbies.js">
        <metrics statements="1" coveredstatements="1" conditionals="0" coveredconditionals="0" methods="0" coveredmethods="0"/>
        <line num="3" count="1" type="stmt"/>
      </file>
      <file name="travelPlanning.js" path="C:\Users\khi_h\Desktop\Projets\JoudEnglishApp\src\data\conversation\A2\scenarios\travelPlanning.js">
        <metrics statements="1" coveredstatements="1" conditionals="0" coveredconditionals="0" methods="0" coveredmethods="0"/>
        <line num="3" count="1" type="stmt"/>
      </file>
      <file name="weatherAndSeasons.js" path="C:\Users\khi_h\Desktop\Projets\JoudEnglishApp\src\data\conversation\A2\scenarios\weatherAndSeasons.js">
        <metrics statements="1" coveredstatements="1" conditionals="0" coveredconditionals="0" methods="0" coveredmethods="0"/>
        <line num="3" count="1" type="stmt"/>
      </file>
    </package>
    <package name="data.conversation.B1">
      <metrics statements="1" coveredstatements="1" conditionals="0" coveredconditionals="0" methods="0" coveredmethods="0"/>
      <file name="index.js" path="C:\Users\khi_h\Desktop\Projets\JoudEnglishApp\src\data\conversation\B1\index.js">
        <metrics statements="1" coveredstatements="1" conditionals="0" coveredconditionals="0" methods="0" coveredmethods="0"/>
        <line num="21" count="1" type="stmt"/>
      </file>
    </package>
    <package name="data.conversation.B1.scenarios">
      <metrics statements="14" coveredstatements="14" conditionals="0" coveredconditionals="0" methods="0" coveredmethods="0"/>
      <file name="businessMeeting.js" path="C:\Users\khi_h\Desktop\Projets\JoudEnglishApp\src\data\conversation\B1\scenarios\businessMeeting.js">
        <metrics statements="1" coveredstatements="1" conditionals="0" coveredconditionals="0" methods="0" coveredmethods="0"/>
        <line num="3" count="2" type="stmt"/>
      </file>
      <file name="complainingService.js" path="C:\Users\khi_h\Desktop\Projets\JoudEnglishApp\src\data\conversation\B1\scenarios\complainingService.js">
        <metrics statements="1" coveredstatements="1" conditionals="0" coveredconditionals="0" methods="0" coveredmethods="0"/>
        <line num="3" count="1" type="stmt"/>
      </file>
      <file name="culturalDifferences.js" path="C:\Users\khi_h\Desktop\Projets\JoudEnglishApp\src\data\conversation\B1\scenarios\culturalDifferences.js">
        <metrics statements="1" coveredstatements="1" conditionals="0" coveredconditionals="0" methods="0" coveredmethods="0"/>
        <line num="3" count="1" type="stmt"/>
      </file>
      <file name="describingIllness.js" path="C:\Users\khi_h\Desktop\Projets\JoudEnglishApp\src\data\conversation\B1\scenarios\describingIllness.js">
        <metrics statements="0" coveredstatements="0" conditionals="0" coveredconditionals="0" methods="0" coveredmethods="0"/>
      </file>
      <file name="discussingMovies.js" path="C:\Users\khi_h\Desktop\Projets\JoudEnglishApp\src\data\conversation\B1\scenarios\discussingMovies.js">
        <metrics statements="1" coveredstatements="1" conditionals="0" coveredconditionals="0" methods="0" coveredmethods="0"/>
        <line num="3" count="1" type="stmt"/>
      </file>
      <file name="discussingNews.js" path="C:\Users\khi_h\Desktop\Projets\JoudEnglishApp\src\data\conversation\B1\scenarios\discussingNews.js">
        <metrics statements="1" coveredstatements="1" conditionals="0" coveredconditionals="0" methods="0" coveredmethods="0"/>
        <line num="3" count="1" type="stmt"/>
      </file>
      <file name="educationChoices.js" path="C:\Users\khi_h\Desktop\Projets\JoudEnglishApp\src\data\conversation\B1\scenarios\educationChoices.js">
        <metrics statements="1" coveredstatements="1" conditionals="0" coveredconditionals="0" methods="0" coveredmethods="0"/>
        <line num="3" count="1" type="stmt"/>
      </file>
      <file name="environmentalIssues.js" path="C:\Users\khi_h\Desktop\Projets\JoudEnglishApp\src\data\conversation\B1\scenarios\environmentalIssues.js">
        <metrics statements="1" coveredstatements="1" conditionals="0" coveredconditionals="0" methods="0" coveredmethods="0"/>
        <line num="3" count="1" type="stmt"/>
      </file>
      <file name="explainProblemIT.js" path="C:\Users\khi_h\Desktop\Projets\JoudEnglishApp\src\data\conversation\B1\scenarios\explainProblemIT.js">
        <metrics statements="1" coveredstatements="1" conditionals="0" coveredconditionals="0" methods="0" coveredmethods="0"/>
        <line num="3" count="2" type="stmt"/>
      </file>
      <file name="healthAndFitness.js" path="C:\Users\khi_h\Desktop\Projets\JoudEnglishApp\src\data\conversation\B1\scenarios\healthAndFitness.js">
        <metrics statements="1" coveredstatements="1" conditionals="0" coveredconditionals="0" methods="0" coveredmethods="0"/>
        <line num="3" count="1" type="stmt"/>
      </file>
      <file name="jobApplicationCall.js" path="C:\Users\khi_h\Desktop\Projets\JoudEnglishApp\src\data\conversation\B1\scenarios\jobApplicationCall.js">
        <metrics statements="1" coveredstatements="1" conditionals="0" coveredconditionals="0" methods="0" coveredmethods="0"/>
        <line num="3" count="1" type="stmt"/>
      </file>
      <file name="makingComplaint.js" path="C:\Users\khi_h\Desktop\Projets\JoudEnglishApp\src\data\conversation\B1\scenarios\makingComplaint.js">
        <metrics statements="1" coveredstatements="1" conditionals="0" coveredconditionals="0" methods="0" coveredmethods="0"/>
        <line num="3" count="1" type="stmt"/>
      </file>
      <file name="planningEvent.js" path="C:\Users\khi_h\Desktop\Projets\JoudEnglishApp\src\data\conversation\B1\scenarios\planningEvent.js">
        <metrics statements="1" coveredstatements="1" conditionals="0" coveredconditionals="0" methods="0" coveredmethods="0"/>
        <line num="3" count="1" type="stmt"/>
      </file>
      <file name="rentingCar.js" path="C:\Users\khi_h\Desktop\Projets\JoudEnglishApp\src\data\conversation\B1\scenarios\rentingCar.js">
        <metrics statements="1" coveredstatements="1" conditionals="0" coveredconditionals="0" methods="0" coveredmethods="0"/>
        <line num="3" count="1" type="stmt"/>
      </file>
      <file name="travelExperiences.js" path="C:\Users\khi_h\Desktop\Projets\JoudEnglishApp\src\data\conversation\B1\scenarios\travelExperiences.js">
        <metrics statements="1" coveredstatements="1" conditionals="0" coveredconditionals="0" methods="0" coveredmethods="0"/>
        <line num="3" count="1" type="stmt"/>
      </file>
    </package>
    <package name="data.conversation.B2">
      <metrics statements="1" coveredstatements="1" conditionals="0" coveredconditionals="0" methods="0" coveredmethods="0"/>
      <file name="index.js" path="C:\Users\khi_h\Desktop\Projets\JoudEnglishApp\src\data\conversation\B2\index.js">
        <metrics statements="1" coveredstatements="1" conditionals="0" coveredconditionals="0" methods="0" coveredmethods="0"/>
        <line num="21" count="1" type="stmt"/>
      </file>
    </package>
    <package name="data.conversation.B2.scenarios">
      <metrics statements="15" coveredstatements="15" conditionals="0" coveredconditionals="0" methods="0" coveredmethods="0"/>
      <file name="academicDiscussion.js" path="C:\Users\khi_h\Desktop\Projets\JoudEnglishApp\src\data\conversation\B2\scenarios\academicDiscussion.js">
        <metrics statements="1" coveredstatements="1" conditionals="0" coveredconditionals="0" methods="0" coveredmethods="0"/>
        <line num="3" count="1" type="stmt"/>
      </file>
      <file name="artCriticism.js" path="C:\Users\khi_h\Desktop\Projets\JoudEnglishApp\src\data\conversation\B2\scenarios\artCriticism.js">
        <metrics statements="1" coveredstatements="1" conditionals="0" coveredconditionals="0" methods="0" coveredmethods="0"/>
        <line num="3" count="1" type="stmt"/>
      </file>
      <file name="culturalIntegration.js" path="C:\Users\khi_h\Desktop\Projets\JoudEnglishApp\src\data\conversation\B2\scenarios\culturalIntegration.js">
        <metrics statements="1" coveredstatements="1" conditionals="0" coveredconditionals="0" methods="0" coveredmethods="0"/>
        <line num="3" count="1" type="stmt"/>
      </file>
      <file name="debateCurrentTopic.js" path="C:\Users\khi_h\Desktop\Projets\JoudEnglishApp\src\data\conversation\B2\scenarios\debateCurrentTopic.js">
        <metrics statements="1" coveredstatements="1" conditionals="0" coveredconditionals="0" methods="0" coveredmethods="0"/>
        <line num="3" count="1" type="stmt"/>
      </file>
      <file name="diplomacyDisagreement.js" path="C:\Users\khi_h\Desktop\Projets\JoudEnglishApp\src\data\conversation\B2\scenarios\diplomacyDisagreement.js">
        <metrics statements="1" coveredstatements="1" conditionals="0" coveredconditionals="0" methods="0" coveredmethods="0"/>
        <line num="3" count="1" type="stmt"/>
      </file>
      <file name="economicDiscussion.js" path="C:\Users\khi_h\Desktop\Projets\JoudEnglishApp\src\data\conversation\B2\scenarios\economicDiscussion.js">
        <metrics statements="1" coveredstatements="1" conditionals="0" coveredconditionals="0" methods="0" coveredmethods="0"/>
        <line num="3" count="1" type="stmt"/>
      </file>
      <file name="jobPerformanceReview.js" path="C:\Users\khi_h\Desktop\Projets\JoudEnglishApp\src\data\conversation\B2\scenarios\jobPerformanceReview.js">
        <metrics statements="1" coveredstatements="1" conditionals="0" coveredconditionals="0" methods="0" coveredmethods="0"/>
        <line num="3" count="1" type="stmt"/>
      </file>
      <file name="mediationConflict.js" path="C:\Users\khi_h\Desktop\Projets\JoudEnglishApp\src\data\conversation\B2\scenarios\mediationConflict.js">
        <metrics statements="1" coveredstatements="1" conditionals="0" coveredconditionals="0" methods="0" coveredmethods="0"/>
        <line num="3" count="1" type="stmt"/>
      </file>
      <file name="moralDilemma.js" path="C:\Users\khi_h\Desktop\Projets\JoudEnglishApp\src\data\conversation\B2\scenarios\moralDilemma.js">
        <metrics statements="1" coveredstatements="1" conditionals="0" coveredconditionals="0" methods="0" coveredmethods="0"/>
        <line num="3" count="1" type="stmt"/>
[...]
        <line num="104" count="0" type="cond" truecount="0" falsecount="2"/>
        <line num="112" count="0" type="stmt"/>
        <line num="113" count="0" type="stmt"/>
        <line num="122" count="0" type="cond" truecount="0" falsecount="2"/>
        <line num="130" count="0" type="stmt"/>
        <line num="131" count="0" type="stmt"/>
        <line num="132" count="0" type="stmt"/>
        <line num="133" count="0" type="stmt"/>
        <line num="141" count="0" type="stmt"/>
        <line num="142" count="0" type="stmt"/>
        <line num="149" count="0" type="stmt"/>
        <line num="150" count="0" type="stmt"/>
        <line num="158" count="0" type="stmt"/>
        <line num="159" count="0" type="stmt"/>
        <line num="161" count="0" type="cond" truecount="0" falsecount="4"/>
        <line num="162" count="0" type="stmt"/>
        <line num="170" count="0" type="stmt"/>
        <line num="171" count="0" type="stmt"/>
        <line num="172" count="0" type="cond" truecount="0" falsecount="2"/>
        <line num="175" count="0" type="stmt"/>
        <line num="176" count="0" type="cond" truecount="0" falsecount="2"/>
        <line num="179" count="0" type="stmt"/>
        <line num="194" count="0" type="stmt"/>
        <line num="195" count="0" type="stmt"/>
        <line num="196" count="0" type="cond" truecount="0" falsecount="2"/>
        <line num="198" count="0" type="cond" truecount="0" falsecount="2"/>
        <line num="207" count="0" type="stmt"/>
        <line num="208" count="0" type="stmt"/>
        <line num="209" count="0" type="cond" truecount="0" falsecount="2"/>
        <line num="211" count="0" type="stmt"/>
        <line num="220" count="0" type="stmt"/>
        <line num="221" count="0" type="stmt"/>
        <line num="222" count="0" type="cond" truecount="0" falsecount="2"/>
        <line num="224" count="0" type="stmt"/>
        <line num="225" count="0" type="stmt"/>
        <line num="234" count="0" type="stmt"/>
        <line num="235" count="0" type="stmt"/>
        <line num="236" count="0" type="cond" truecount="0" falsecount="2"/>
        <line num="238" count="0" type="cond" truecount="0" falsecount="2"/>
        <line num="239" count="0" type="stmt"/>
        <line num="247" count="0" type="stmt"/>
        <line num="248" count="0" type="stmt"/>
        <line num="249" count="0" type="cond" truecount="0" falsecount="2"/>
        <line num="265" count="0" type="stmt"/>
        <line num="266" count="0" type="stmt"/>
        <line num="267" count="0" type="cond" truecount="0" falsecount="4"/>
        <line num="269" count="0" type="stmt"/>
        <line num="270" count="0" type="stmt"/>
      </file>
      <file name="readingStats.js" path="C:\Users\khi_h\Desktop\Projets\JoudEnglishApp\src\utils\reading\readingStats.js">
        <metrics statements="16" coveredstatements="15" conditionals="12" coveredconditionals="6" methods="7" coveredmethods="6"/>
        <line num="14" count="1" type="stmt"/>
        <line num="15" count="6" type="stmt"/>
        <line num="16" count="6" type="cond" truecount="1" falsecount="1"/>
        <line num="25" count="1" type="stmt"/>
        <line num="26" count="6" type="stmt"/>
        <line num="27" count="0" type="cond" truecount="0" falsecount="2"/>
        <line num="37" count="1" type="stmt"/>
        <line num="38" count="3" type="stmt"/>
        <line num="39" count="3" type="stmt"/>
        <line num="41" count="3" type="cond" truecount="1" falsecount="1"/>
        <line num="50" count="1" type="stmt"/>
        <line num="51" count="3" type="stmt"/>
        <line num="52" count="3" type="cond" truecount="1" falsecount="1"/>
        <line num="53" count="3" type="cond" truecount="2" falsecount="0"/>
        <line num="54" count="3" type="cond" truecount="1" falsecount="1"/>
        <line num="56" count="3" type="stmt"/>
      </file>
    </package>
    <package name="utils.spelling">
      <metrics statements="74" coveredstatements="0" conditionals="42" coveredconditionals="0" methods="19" coveredmethods="0"/>
      <file name="spellingDataHelper.js" path="C:\Users\khi_h\Desktop\Projets\JoudEnglishApp\src\utils\spelling\spellingDataHelper.js">
        <metrics statements="11" coveredstatements="0" conditionals="6" coveredconditionals="0" methods="3" coveredmethods="0"/>
        <line num="31" count="0" type="stmt"/>
        <line num="32" count="0" type="stmt"/>
        <line num="65" count="0" type="cond" truecount="0" falsecount="2"/>
        <line num="66" count="0" type="stmt"/>
        <line num="70" count="0" type="stmt"/>
        <line num="76" count="0" type="cond" truecount="0" falsecount="2"/>
        <line num="82" count="0" type="stmt"/>
        <line num="83" count="0" type="stmt"/>
        <line num="92" count="0" type="cond" truecount="0" falsecount="2"/>
        <line num="98" count="0" type="stmt"/>
        <line num="99" count="0" type="stmt"/>
      </file>
      <file name="spellingStats.js" path="C:\Users\khi_h\Desktop\Projets\JoudEnglishApp\src\utils\spelling\spellingStats.js">
        <metrics statements="63" coveredstatements="0" conditionals="36" coveredconditionals="0" methods="16" coveredmethods="0"/>
        <line num="13" count="0" type="cond" truecount="0" falsecount="1"/>
        <line num="14" count="0" type="stmt"/>
        <line num="22" count="0" type="cond" truecount="0" falsecount="1"/>
        <line num="23" count="0" type="stmt"/>
        <line num="32" count="0" type="cond" truecount="0" falsecount="2"/>
        <line num="33" count="0" type="stmt"/>
        <line num="34" count="0" type="stmt"/>
        <line num="36" count="0" type="cond" truecount="0" falsecount="2"/>
        <line num="47" count="0" type="cond" truecount="0" falsecount="2"/>
        <line num="48" count="0" type="stmt"/>
        <line num="55" count="0" type="stmt"/>
        <line num="56" count="0" type="cond" truecount="0" falsecount="2"/>
        <line num="57" count="0" type="cond" truecount="0" falsecount="2"/>
        <line num="58" count="0" type="stmt"/>
        <line num="59" count="0" type="cond" truecount="0" falsecount="2"/>
        <line num="60" count="0" type="stmt"/>
        <line num="66" count="0" type="stmt"/>
        <line num="67" count="0" type="stmt"/>
        <line num="68" count="0" type="cond" truecount="0" falsecount="2"/>
        <line num="73" count="0" type="stmt"/>
        <line num="81" count="0" type="cond" truecount="0" falsecount="1"/>
        <line num="82" count="0" type="stmt"/>
        <line num="83" count="0" type="stmt"/>
        <line num="84" count="0" type="stmt"/>
        <line num="85" count="0" type="cond" truecount="0" falsecount="2"/>
        <line num="87" count="0" type="stmt"/>
        <line num="100" count="0" type="cond" truecount="0" falsecount="1"/>
        <line num="101" count="0" type="stmt"/>
        <line num="102" count="0" type="stmt"/>
        <line num="104" count="0" type="stmt"/>
        <line num="105" count="0" type="stmt"/>
        <line num="106" count="0" type="stmt"/>
        <line num="109" count="0" type="stmt"/>
        <line num="119" count="0" type="cond" truecount="0" falsecount="3"/>
        <line num="120" count="0" type="stmt"/>
        <line num="123" count="0" type="stmt"/>
        <line num="124" count="0" type="cond" truecount="0" falsecount="2"/>
        <line num="125" count="0" type="stmt"/>
        <line num="130" count="0" type="stmt"/>
        <line num="131" count="0" type="cond" truecount="0" falsecount="2"/>
        <line num="132" count="0" type="stmt"/>
        <line num="136" count="0" type="stmt"/>
        <line num="145" count="0" type="cond" truecount="0" falsecount="2"/>
        <line num="146" count="0" type="stmt"/>
        <line num="147" count="0" type="stmt"/>
        <line num="149" count="0" type="cond" truecount="0" falsecount="2"/>
        <line num="158" count="0" type="cond" truecount="0" falsecount="2"/>
        <line num="159" count="0" type="stmt"/>
        <line num="160" count="0" type="stmt"/>
        <line num="162" count="0" type="stmt"/>
        <line num="163" count="0" type="stmt"/>
        <line num="164" count="0" type="stmt"/>
        <line num="167" count="0" type="stmt"/>
        <line num="177" count="0" type="cond" truecount="0" falsecount="3"/>
        <line num="178" count="0" type="stmt"/>
        <line num="179" count="0" type="stmt"/>
        <line num="180" count="0" type="stmt"/>
        <line num="181" count="0" type="stmt"/>
        <line num="182" count="0" type="stmt"/>
        <line num="183" count="0" type="stmt"/>
        <line num="184" count="0" type="stmt"/>
        <line num="185" count="0" type="stmt"/>
        <line num="187" count="0" type="stmt"/>
      </file>
    </package>
    <package name="utils.vocabulary">
      <metrics statements="79" coveredstatements="36" conditionals="67" coveredconditionals="13" methods="34" coveredmethods="10"/>
      <file name="vocabularyDataHelper.js" path="C:\Users\khi_h\Desktop\Projets\JoudEnglishApp\src\utils\vocabulary\vocabularyDataHelper.js">
        <metrics statements="63" coveredstatements="20" conditionals="47" coveredconditionals="3" methods="27" coveredmethods="3"/>
        <line num="6" count="4" type="cond" truecount="0" falsecount="1"/>
        <line num="7" count="0" type="stmt"/>
        <line num="37" count="4" type="stmt"/>
        <line num="38" count="0" type="cond" truecount="0" falsecount="4"/>
        <line num="39" count="0" type="stmt"/>
        <line num="42" count="0" type="stmt"/>
        <line num="58" count="4" type="cond" truecount="0" falsecount="1"/>
        <line num="59" count="0" type="cond" truecount="0" falsecount="2"/>
        <line num="60" count="0" type="stmt"/>
        <line num="70" count="0" type="cond" truecount="0" falsecount="2"/>
        <line num="74" count="0" type="stmt"/>
        <line num="84" count="0" type="cond" truecount="0" falsecount="2"/>
        <line num="92" count="4" type="cond" truecount="0" falsecount="1"/>
        <line num="93" count="1" type="stmt"/>
        <line num="94" count="1" type="cond" truecount="1" falsecount="1"/>
        <line num="95" count="0" type="stmt"/>
        <line num="96" count="0" type="stmt"/>
        <line num="97" count="0" type="stmt"/>
        <line num="98" count="0" type="stmt"/>
        <line num="99" count="0" type="stmt"/>
        <line num="100" count="0" type="stmt"/>
        <line num="101" count="0" type="stmt"/>
        <line num="102" count="0" type="stmt"/>
        <line num="104" count="0" type="cond" truecount="0" falsecount="2"/>
        <line num="105" count="0" type="stmt"/>
        <line num="106" count="0" type="cond" truecount="0" falsecount="3"/>
        <line num="107" count="0" type="stmt"/>
        <line num="117" count="1" type="stmt"/>
        <line num="118" count="1" type="stmt"/>
        <line num="119" count="0" type="stmt"/>
        <line num="120" count="0" type="stmt"/>
        <line num="121" count="0" type="stmt"/>
        <line num="122" count="0" type="stmt"/>
        <line num="123" count="0" type="stmt"/>
        <line num="124" count="0" type="stmt"/>
        <line num="127" count="1" type="cond" truecount="1" falsecount="1"/>
        <line num="128" count="1" type="stmt"/>
        <line num="129" count="0" type="cond" truecount="0" falsecount="2"/>
        <line num="132" count="1" type="stmt"/>
        <line num="141" count="4" type="stmt"/>
        <line num="142" count="0" type="stmt"/>
        <line num="150" count="4" type="stmt"/>
        <line num="151" count="2" type="stmt"/>
        <line num="160" count="2" type="cond" truecount="1" falsecount="1"/>
        <line num="168" count="4" type="stmt"/>
        <line num="169" count="0" type="stmt"/>
        <line num="178" count="0" type="cond" truecount="0" falsecount="2"/>
        <line num="186" count="4" type="stmt"/>
        <line num="187" count="0" type="stmt"/>
        <line num="196" count="0" type="cond" truecount="0" falsecount="2"/>
        <line num="204" count="4" type="stmt"/>
        <line num="205" count="0" type="stmt"/>
        <line num="214" count="0" type="cond" truecount="0" falsecount="2"/>
        <line num="222" count="4" type="stmt"/>
        <line num="223" count="0" type="stmt"/>
        <line num="232" count="4" type="cond" truecount="0" falsecount="1"/>
        <line num="233" count="0" type="stmt"/>
        <line num="235" count="0" type="cond" truecount="0" falsecount="4"/>
        <line num="236" count="0" type="stmt"/>
        <line num="239" count="0" type="stmt"/>
        <line num="240" count="0" type="stmt"/>
        <line num="241" count="0" type="cond" truecount="0" falsecount="2"/>
        <line num="244" count="0" type="stmt"/>
      </file>
      <file name="vocabularyStats.js" path="C:\Users\khi_h\Desktop\Projets\JoudEnglishApp\src\utils\vocabulary\vocabularyStats.js">
        <metrics statements="16" coveredstatements="16" conditionals="20" coveredconditionals="10" methods="7" coveredmethods="7"/>
        <line num="3" count="4" type="cond" truecount="0" falsecount="1"/>
        <line num="4" count="24" type="stmt"/>
        <line num="5" count="22" type="cond" truecount="1" falsecount="1"/>
        <line num="9" count="4" type="cond" truecount="0" falsecount="1"/>
        <line num="10" count="24" type="stmt"/>
        <line num="11" count="4" type="cond" truecount="2" falsecount="0"/>
        <line num="15" count="4" type="cond" truecount="0" falsecount="2"/>
        <line num="16" count="12" type="stmt"/>
        <line num="17" count="12" type="stmt"/>
        <line num="18" count="12" type="cond" truecount="2" falsecount="0"/>
        <line num="24" count="4" type="cond" truecount="0" falsecount="2"/>
        <line num="25" count="12" type="stmt"/>
        <line num="26" count="11" type="cond" truecount="1" falsecount="1"/>
        <line num="27" count="11" type="cond" truecount="2" falsecount="0"/>
        <line num="28" count="11" type="cond" truecount="1" falsecount="1"/>
        <line num="32" count="11" type="stmt"/>
      </file>
    </package>
    <package name="utils.wordGames">
      <metrics statements="84" coveredstatements="0" conditionals="81" coveredconditionals="0" methods="25" coveredmethods="0"/>
      <file name="wordGamesDataHelper.js" path="C:\Users\khi_h\Desktop\Projets\JoudEnglishApp\src\utils\wordGames\wordGamesDataHelper.js">
        <metrics statements="6" coveredstatements="0" conditionals="4" coveredconditionals="0" methods="2" coveredmethods="0"/>
        <line num="16" count="0" type="stmt"/>
        <line num="17" count="0" type="stmt"/>
        <line num="25" count="0" type="cond" truecount="0" falsecount="2"/>
        <line num="33" count="0" type="stmt"/>
        <line num="34" count="0" type="stmt"/>
        <line num="42" count="0" type="cond" truecount="0" falsecount="2"/>
      </file>
      <file name="wordGamesStats.js" path="C:\Users\khi_h\Desktop\Projets\JoudEnglishApp\src\utils\wordGames\wordGamesStats.js">
        <metrics statements="78" coveredstatements="0" conditionals="77" coveredconditionals="0" methods="23" coveredmethods="0"/>
        <line num="13" count="0" type="cond" truecount="0" falsecount="1"/>
        <line num="14" count="0" type="cond" truecount="0" falsecount="2"/>
        <line num="15" count="0" type="stmt"/>
        <line num="21" count="0" type="cond" truecount="0" falsecount="1"/>
        <line num="22" count="0" type="stmt"/>
        <line num="27" count="0" type="cond" truecount="0" falsecount="1"/>
        <line num="28" count="0" type="cond" truecount="0" falsecount="2"/>
        <line num="33" count="0" type="cond" truecount="0" falsecount="1"/>
        <line num="34" count="0" type="cond" truecount="0" falsecount="2"/>
        <line num="35" count="0" type="cond" truecount="0" falsecount="2"/>
        <line num="43" count="0" type="cond" truecount="0" falsecount="2"/>
        <line num="44" count="0" type="stmt"/>
        <line num="45" count="0" type="stmt"/>
        <line num="46" count="0" type="cond" truecount="0" falsecount="2"/>
        <line num="52" count="0" type="cond" truecount="0" falsecount="2"/>
        <line num="53" count="0" type="cond" truecount="0" falsecount="2"/>
        <line num="59" count="0" type="cond" truecount="0" falsecount="2"/>
        <line num="60" count="0" type="cond" truecount="0" falsecount="2"/>
        <line num="63" count="0" type="stmt"/>
        <line num="64" count="0" type="cond" truecount="0" falsecount="2"/>
        <line num="65" count="0" type="cond" truecount="0" falsecount="2"/>
        <line num="66" count="0" type="stmt"/>
        <line num="68" count="0" type="stmt"/>
        <line num="69" count="0" type="stmt"/>
        <line num="70" count="0" type="stmt"/>
        <line num="74" count="0" type="stmt"/>
        <line num="75" count="0" type="stmt"/>
        <line num="76" count="0" type="stmt"/>
        <line num="77" count="0" type="stmt"/>
        <line num="79" count="0" type="cond" truecount="0" falsecount="2"/>
        <line num="81" count="0" type="stmt"/>
        <line num="95" count="0" type="cond" truecount="0" falsecount="1"/>
        <line num="96" count="0" type="stmt"/>
        <line num="97" count="0" type="cond" truecount="0" falsecount="2"/>
        <line num="99" count="0" type="stmt"/>
        <line num="109" count="0" type="stmt"/>
        <line num="110" count="0" type="cond" truecount="0" falsecount="2"/>
        <line num="116" count="0" type="cond" truecount="0" falsecount="2"/>
        <line num="122" count="0" type="cond" truecount="0" falsecount="2"/>
        <line num="128" count="0" type="cond" truecount="0" falsecount="2"/>
        <line num="134" count="0" type="cond" truecount="0" falsecount="2"/>
        <line num="140" count="0" type="stmt"/>
        <line num="151" count="0" type="cond" truecount="0" falsecount="2"/>
        <line num="152" count="0" type="cond" truecount="0" falsecount="2"/>
        <line num="155" count="0" type="stmt"/>
        <line num="157" count="0" type="stmt"/>
        <line num="158" count="0" type="cond" truecount="0" falsecount="2"/>
        <line num="159" count="0" type="cond" truecount="0" falsecount="2"/>
        <line num="161" count="0" type="cond" truecount="0" falsecount="2"/>
        <line num="162" count="0" type="stmt"/>
        <line num="171" count="0" type="stmt"/>
        <line num="172" count="0" type="stmt"/>
        <line num="173" count="0" type="stmt"/>
        <line num="174" count="0" type="cond" truecount="0" falsecount="2"/>
        <line num="175" count="0" type="stmt"/>
        <line num="180" count="0" type="stmt"/>
        <line num="190" count="0" type="cond" truecount="0" falsecount="4"/>
        <line num="191" count="0" type="stmt"/>
        <line num="192" count="0" type="stmt"/>
        <line num="193" count="0" type="stmt"/>
        <line num="194" count="0" type="stmt"/>
        <line num="195" count="0" type="stmt"/>
        <line num="196" count="0" type="stmt"/>
        <line num="197" count="0" type="stmt"/>
        <line num="198" count="0" type="stmt"/>
        <line num="200" count="0" type="stmt"/>
        <line num="224" count="0" type="stmt"/>
        <line num="225" count="0" type="stmt"/>
        <line num="228" count="0" type="stmt"/>
        <line num="231" count="0" type="cond" truecount="0" falsecount="2"/>
        <line num="232" count="0" type="stmt"/>
        <line num="233" count="0" type="cond" truecount="0" falsecount="2"/>
        <line num="235" count="0" type="stmt"/>
        <line num="236" count="0" type="cond" truecount="0" falsecount="2"/>
        <line num="239" count="0" type="cond" truecount="0" falsecount="2"/>
        <line num="240" count="0" type="stmt"/>
        <line num="241" count="0" type="stmt"/>
        <line num="245" count="0" type="stmt"/>
      </file>
    </package>
  </project>
</coverage>
