<?xml version="1.0" encoding="UTF-8"?>
<coverage generated="1754512614290" clover="3.2.0">
  <project timestamp="1754512614290" name="All files">
    <metrics statements="3746" coveredstatements="2131" conditionals="2533" coveredconditionals="1214" methods="943" coveredmethods="495" elements="7222" coveredelements="3840" complexity="0" loc="3746" ncloc="3746" packages="122" files="388" classes="388"/>
    <package name="components.exercise-common.CategorySelector">
      <metrics statements="24" coveredstatements="24" conditionals="15" coveredconditionals="11" methods="9" coveredmethods="9"/>
      <file name="index.js" path="C:\Users\khi_h\Desktop\Projets\JoudEnglishApp\src\components\exercise-common\CategorySelector\index.js">
        <metrics statements="22" coveredstatements="22" conditionals="14" coveredconditionals="11" methods="8" coveredmethods="8"/>
        <line num="15" count="2" type="stmt"/>
        <line num="21" count="7" type="stmt"/>
        <line num="22" count="7" type="stmt"/>
        <line num="23" count="7" type="stmt"/>
        <line num="24" count="69" type="cond" truecount="2" falsecount="0"/>
        <line num="25" count="69" type="stmt"/>
        <line num="30" count="7" type="stmt"/>
        <line num="32" count="2" type="cond" truecount="4" falsecount="0"/>
        <line num="33" count="1" type="stmt"/>
        <line num="41" count="2" type="cond" truecount="1" falsecount="1"/>
        <line num="42" count="2" type="stmt"/>
        <line num="49" count="2" type="stmt"/>
        <line num="53" count="69" type="stmt"/>
        <line num="56" count="7" type="stmt"/>
        <line num="57" count="69" type="stmt"/>
        <line num="58" count="69" type="cond" truecount="1" falsecount="1"/>
        <line num="61" count="69" type="stmt"/>
        <line num="66" count="69" type="stmt"/>
        <line num="71" count="69" type="stmt"/>
        <line num="76" count="69" type="stmt"/>
        <line num="134" count="7" type="stmt"/>
        <line num="149" count="69" type="stmt"/>
      </file>
      <file name="style.js" path="C:\Users\khi_h\Desktop\Projets\JoudEnglishApp\src\components\exercise-common\CategorySelector\style.js">
        <metrics statements="2" coveredstatements="2" conditionals="1" coveredconditionals="0" methods="1" coveredmethods="1"/>
        <line num="12" count="2" type="cond" truecount="0" falsecount="1"/>
        <line num="13" count="7" type="stmt"/>
      </file>
    </package>
    <package name="components.exercise-common.ExerciseCard">
      <metrics statements="3" coveredstatements="3" conditionals="6" coveredconditionals="6" methods="1" coveredmethods="1"/>
      <file name="index.js" path="C:\Users\khi_h\Desktop\Projets\JoudEnglishApp\src\components\exercise-common\ExerciseCard\index.js">
        <metrics statements="2" coveredstatements="2" conditionals="6" coveredconditionals="6" methods="1" coveredmethods="1"/>
        <line num="8" count="1" type="stmt"/>
        <line num="17" count="8" type="stmt"/>
      </file>
      <file name="style.js" path="C:\Users\khi_h\Desktop\Projets\JoudEnglishApp\src\components\exercise-common\ExerciseCard\style.js">
        <metrics statements="1" coveredstatements="1" conditionals="0" coveredconditionals="0" methods="0" coveredmethods="0"/>
        <line num="4" count="1" type="stmt"/>
      </file>
    </package>
    <package name="components.exercise-common.ExerciseFeedback">
      <metrics statements="25" coveredstatements="22" conditionals="26" coveredconditionals="19" methods="8" coveredmethods="7"/>
      <file name="index.js" path="C:\Users\khi_h\Desktop\Projets\JoudEnglishApp\src\components\exercise-common\ExerciseFeedback\index.js">
        <metrics statements="24" coveredstatements="21" conditionals="26" coveredconditionals="19" methods="8" coveredmethods="7"/>
        <line num="11" count="1" type="stmt"/>
        <line num="20" count="9" type="stmt"/>
        <line num="22" count="9" type="stmt"/>
        <line num="24" count="9" type="stmt"/>
        <line num="31" count="9" type="cond" truecount="2" falsecount="0"/>
        <line num="32" count="1" type="stmt"/>
        <line num="33" count="1" type="stmt"/>
        <line num="38" count="1" type="cond" truecount="3" falsecount="1"/>
        <line num="39" count="1" type="stmt"/>
        <line num="44" count="1" type="stmt"/>
        <line num="49" count="9" type="stmt"/>
        <line num="50" count="9" type="cond" truecount="4" falsecount="0"/>
        <line num="52" count="7" type="stmt"/>
        <line num="58" count="1" type="stmt"/>
        <line num="65" count="1" type="stmt"/>
        <line num="73" count="9" type="stmt"/>
        <line num="76" count="9" type="stmt"/>
        <line num="77" count="1" type="cond" truecount="1" falsecount="1"/>
        <line num="78" count="1" type="cond" truecount="1" falsecount="1"/>
        <line num="79" count="1" type="stmt"/>
        <line num="81" count="0" type="stmt"/>
        <line num="86" count="0" type="cond" truecount="0" falsecount="4"/>
        <line num="87" count="0" type="stmt"/>
        <line num="93" count="9" type="stmt"/>
      </file>
      <file name="style.js" path="C:\Users\khi_h\Desktop\Projets\JoudEnglishApp\src\components\exercise-common\ExerciseFeedback\style.js">
        <metrics statements="1" coveredstatements="1" conditionals="0" coveredconditionals="0" methods="0" coveredmethods="0"/>
        <line num="5" count="1" type="stmt"/>
      </file>
    </package>
    <package name="components.exercise-common.ExerciseFooter">
      <metrics statements="4" coveredstatements="4" conditionals="20" coveredconditionals="20" methods="1" coveredmethods="1"/>
      <file name="index.js" path="C:\Users\khi_h\Desktop\Projets\JoudEnglishApp\src\components\exercise-common\ExerciseFooter\index.js">
        <metrics statements="3" coveredstatements="3" conditionals="20" coveredconditionals="20" methods="1" coveredmethods="1"/>
        <line num="10" count="1" type="stmt"/>
        <line num="25" count="12" type="cond" truecount="2" falsecount="0"/>
        <line num="27" count="12" type="stmt"/>
      </file>
      <file name="style.js" path="C:\Users\khi_h\Desktop\Projets\JoudEnglishApp\src\components\exercise-common\ExerciseFooter\style.js">
        <metrics statements="1" coveredstatements="1" conditionals="0" coveredconditionals="0" methods="0" coveredmethods="0"/>
        <line num="5" count="1" type="stmt"/>
      </file>
    </package>
    <package name="components.exercise-common.ExerciseHeader">
      <metrics statements="18" coveredstatements="15" conditionals="12" coveredconditionals="5" methods="4" coveredmethods="3"/>
      <file name="index.js" path="C:\Users\khi_h\Desktop\Projets\JoudEnglishApp\src\components\exercise-common\ExerciseHeader\index.js">
        <metrics statements="17" coveredstatements="14" conditionals="10" coveredconditionals="4" methods="4" coveredmethods="3"/>
        <line num="17" count="1" type="stmt"/>
        <line num="24" count="3" type="stmt"/>
        <line num="27" count="3" type="cond" truecount="1" falsecount="1"/>
        <line num="28" count="3" type="stmt"/>
        <line num="29" count="3" type="stmt"/>
        <line num="32" count="3" type="cond" truecount="2" falsecount="0"/>
        <line num="33" count="3" type="stmt"/>
        <line num="36" count="3" type="cond" truecount="1" falsecount="1"/>
        <line num="38" count="3" type="stmt"/>
        <line num="39" count="0" type="cond" truecount="0" falsecount="2"/>
        <line num="40" count="0" type="stmt"/>
        <line num="42" count="0" type="stmt"/>
        <line num="46" count="3" type="stmt"/>
        <line num="70" count="1" type="stmt"/>
        <line num="71" count="3" type="stmt"/>
        <line num="88" count="1" type="stmt"/>
        <line num="89" count="3" type="stmt"/>
      </file>
      <file name="style.js" path="C:\Users\khi_h\Desktop\Projets\JoudEnglishApp\src\components\exercise-common\ExerciseHeader\style.js">
        <metrics statements="1" coveredstatements="1" conditionals="2" coveredconditionals="1" methods="0" coveredmethods="0"/>
        <line num="12" count="1" type="stmt"/>
      </file>
    </package>
    <package name="components.exercise-common.NavigationButtons">
      <metrics statements="19" coveredstatements="19" conditionals="18" coveredconditionals="15" methods="8" coveredmethods="8"/>
      <file name="index.js" path="C:\Users\khi_h\Desktop\Projets\JoudEnglishApp\src\components\exercise-common\NavigationButtons\index.js">
        <metrics statements="17" coveredstatements="17" conditionals="17" coveredconditionals="15" methods="7" coveredmethods="7"/>
        <line num="15" count="1" type="stmt"/>
        <line num="28" count="6" type="stmt"/>
        <line num="31" count="6" type="stmt"/>
        <line num="32" count="6" type="stmt"/>
        <line num="35" count="6" type="stmt"/>
        <line num="36" count="1" type="cond" truecount="1" falsecount="1"/>
        <line num="38" count="1" type="stmt"/>
        <line num="53" count="1" type="stmt"/>
        <line num="57" count="6" type="stmt"/>
        <line num="58" count="1" type="cond" truecount="1" falsecount="1"/>
        <line num="60" count="1" type="stmt"/>
        <line num="75" count="1" type="stmt"/>
        <line num="78" count="6" type="stmt"/>
        <line num="107" count="1" type="stmt"/>
        <line num="108" count="6" type="cond" truecount="2" falsecount="0"/>
        <line num="125" count="1" type="stmt"/>
        <line num="126" count="6" type="stmt"/>
      </file>
      <file name="style.js" path="C:\Users\khi_h\Desktop\Projets\JoudEnglishApp\src\components\exercise-common\NavigationButtons\style.js">
        <metrics statements="2" coveredstatements="2" conditionals="1" coveredconditionals="0" methods="1" coveredmethods="1"/>
        <line num="11" count="1" type="cond" truecount="0" falsecount="1"/>
        <line num="12" count="6" type="stmt"/>
      </file>
    </package>
    <package name="components.exercise-common.OptionsList">
      <metrics statements="31" coveredstatements="29" conditionals="39" coveredconditionals="32" methods="11" coveredmethods="9"/>
      <file name="index.js" path="C:\Users\khi_h\Desktop\Projets\JoudEnglishApp\src\components\exercise-common\OptionsList\index.js">
        <metrics statements="30" coveredstatements="28" conditionals="39" coveredconditionals="32" methods="11" coveredmethods="9"/>
        <line num="10" count="1" type="stmt"/>
        <line num="21" count="6" type="stmt"/>
        <line num="22" count="54" type="cond" truecount="2" falsecount="0"/>
        <line num="26" count="6" type="stmt"/>
        <line num="27" count="50" type="stmt"/>
        <line num="35" count="6" type="stmt"/>
        <line num="36" count="18" type="cond" truecount="2" falsecount="0"/>
        <line num="37" count="2" type="stmt"/>
        <line num="39" count="16" type="cond" truecount="2" falsecount="0"/>
        <line num="40" count="1" type="stmt"/>
        <line num="42" count="15" type="cond" truecount="2" falsecount="0"/>
        <line num="43" count="1" type="stmt"/>
        <line num="48" count="14" type="stmt"/>
        <line num="52" count="6" type="stmt"/>
        <line num="53" count="18" type="cond" truecount="2" falsecount="0"/>
        <line num="54" count="2" type="stmt"/>
        <line num="56" count="16" type="cond" truecount="2" falsecount="0"/>
        <line num="57" count="1" type="stmt"/>
        <line num="59" count="15" type="cond" truecount="2" falsecount="0"/>
        <line num="60" count="1" type="stmt"/>
        <line num="65" count="14" type="stmt"/>
        <line num="69" count="18" type="stmt"/>
        <line num="70" count="1" type="cond" truecount="1" falsecount="1"/>
        <line num="74" count="6" type="stmt"/>
        <line num="75" count="6" type="stmt"/>
        <line num="77" count="18" type="stmt"/>
        <line num="109" count="6" type="stmt"/>
        <line num="110" count="0" type="stmt"/>
        <line num="112" count="0" type="stmt"/>
        <line num="138" count="6" type="cond" truecount="1" falsecount="1"/>
      </file>
      <file name="style.js" path="C:\Users\khi_h\Desktop\Projets\JoudEnglishApp\src\components\exercise-common\OptionsList\style.js">
        <metrics statements="1" coveredstatements="1" conditionals="0" coveredconditionals="0" methods="0" coveredmethods="0"/>
        <line num="4" count="1" type="stmt"/>
      </file>
    </package>
    <package name="components.exercise-common.ResultsScreen">
      <metrics statements="33" coveredstatements="33" conditionals="43" coveredconditionals="22" methods="13" coveredmethods="11"/>
      <file name="index.js" path="C:\Users\khi_h\Desktop\Projets\JoudEnglishApp\src\components\exercise-common\ResultsScreen\index.js">
        <metrics statements="32" coveredstatements="32" conditionals="43" coveredconditionals="22" methods="13" coveredmethods="11"/>
        <line num="19" count="1" type="stmt"/>
        <line num="20" count="12" type="stmt"/>
        <line num="29" count="1" type="stmt"/>
        <line num="30" count="12" type="stmt"/>
        <line num="44" count="1" type="stmt"/>
        <line num="45" count="12" type="cond" truecount="2" falsecount="0"/>
        <line num="54" count="1" type="stmt"/>
        <line num="55" count="12" type="stmt"/>
        <line num="75" count="1" type="stmt"/>
        <line num="91" count="12" type="stmt"/>
        <line num="92" count="12" type="stmt"/>
        <line num="96" count="12" type="cond" truecount="1" falsecount="1"/>
        <line num="99" count="12" type="stmt"/>
        <line num="100" count="12" type="cond" truecount="2" falsecount="0"/>
        <line num="101" count="9" type="stmt"/>
        <line num="107" count="3" type="cond" truecount="2" falsecount="0"/>
        <line num="108" count="1" type="stmt"/>
        <line num="114" count="2" type="cond" truecount="2" falsecount="0"/>
        <line num="115" count="1" type="stmt"/>
        <line num="122" count="1" type="stmt"/>
        <line num="131" count="12" type="stmt"/>
        <line num="134" count="12" type="stmt"/>
        <line num="135" count="1" type="stmt"/>
        <line num="136" count="1" type="stmt"/>
        <line num="146" count="12" type="stmt"/>
        <line num="147" count="12" type="stmt"/>
        <line num="162" count="12" type="stmt"/>
        <line num="181" count="1" type="stmt"/>
        <line num="182" count="12" type="stmt"/>
        <line num="225" count="1" type="stmt"/>
        <line num="226" count="12" type="cond" truecount="3" falsecount="0"/>
        <line num="231" count="1" type="stmt"/>
      </file>
      <file name="style.js" path="C:\Users\khi_h\Desktop\Projets\JoudEnglishApp\src\components\exercise-common\ResultsScreen\style.js">
        <metrics statements="1" coveredstatements="1" conditionals="0" coveredconditionals="0" methods="0" coveredmethods="0"/>
        <line num="4" count="1" type="stmt"/>
      </file>
    </package>
    <package name="components.layout.Container">
      <metrics statements="8" coveredstatements="8" conditionals="21" coveredconditionals="18" methods="1" coveredmethods="1"/>
      <file name="index.js" path="C:\Users\khi_h\Desktop\Projets\JoudEnglishApp\src\components\layout\Container\index.js">
        <metrics statements="7" coveredstatements="7" conditionals="21" coveredconditionals="18" methods="1" coveredmethods="1"/>
        <line num="11" count="7" type="stmt"/>
        <line num="27" count="27" type="cond" truecount="1" falsecount="1"/>
        <line num="30" count="27" type="stmt"/>
        <line num="38" count="27" type="cond" truecount="1" falsecount="1"/>
        <line num="45" count="27" type="stmt"/>
        <line num="70" count="27" type="stmt"/>
        <line num="83" count="7" type="stmt"/>
      </file>
      <file name="style.js" path="C:\Users\khi_h\Desktop\Projets\JoudEnglishApp\src\components\layout\Container\style.js">
        <metrics statements="1" coveredstatements="1" conditionals="0" coveredconditionals="0" methods="0" coveredmethods="0"/>
        <line num="4" count="7" type="stmt"/>
      </file>
    </package>
    <package name="components.layout.Header">
      <metrics statements="15" coveredstatements="12" conditionals="58" coveredconditionals="30" methods="4" coveredmethods="3"/>
      <file name="index.js" path="C:\Users\khi_h\Desktop\Projets\JoudEnglishApp\src\components\layout\Header\index.js">
        <metrics statements="12" coveredstatements="9" conditionals="50" coveredconditionals="26" methods="4" coveredmethods="3"/>
        <line num="17" count="3" type="stmt"/>
        <line num="47" count="6" type="stmt"/>
        <line num="50" count="6" type="stmt"/>
        <line num="51" count="1" type="cond" truecount="1" falsecount="1"/>
        <line num="52" count="1" type="stmt"/>
        <line num="53" count="0" type="cond" truecount="0" falsecount="2"/>
        <line num="54" count="0" type="stmt"/>
        <line num="59" count="6" type="stmt"/>
        <line num="60" count="6" type="stmt"/>
        <line num="109" count="6" type="stmt"/>
        <line num="110" count="0" type="stmt"/>
        <line num="156" count="6" type="stmt"/>
      </file>
      <file name="style.js" path="C:\Users\khi_h\Desktop\Projets\JoudEnglishApp\src\components\layout\Header\style.js">
        <metrics statements="3" coveredstatements="3" conditionals="8" coveredconditionals="4" methods="0" coveredmethods="0"/>
        <line num="4" count="3" type="cond" truecount="1" falsecount="1"/>
        <line num="5" count="3" type="cond" truecount="1" falsecount="1"/>
        <line num="7" count="3" type="stmt"/>
      </file>
    </package>
    <package name="components.setting.RevisionSettings">
      <metrics statements="12" coveredstatements="12" conditionals="14" coveredconditionals="14" methods="5" coveredmethods="5"/>
      <file name="index.js" path="C:\Users\khi_h\Desktop\Projets\JoudEnglishApp\src\components\setting\RevisionSettings\index.js">
        <metrics statements="12" coveredstatements="12" conditionals="14" coveredconditionals="14" methods="5" coveredmethods="5"/>
        <line num="7" count="1" type="stmt"/>
        <line num="14" count="7" type="stmt"/>
        <line num="16" count="7" type="stmt"/>
        <line num="17" count="2" type="cond" truecount="2" falsecount="0"/>
        <line num="19" count="1" type="stmt"/>
        <line num="22" count="1" type="stmt"/>
        <line num="26" count="12" type="stmt"/>
        <line num="28" count="7" type="stmt"/>
        <line num="34" count="7" type="cond" truecount="2" falsecount="0"/>
        <line num="35" count="1" type="stmt"/>
        <line num="42" count="6" type="stmt"/>
        <line num="65" count="12" type="stmt"/>
      </file>
      <file name="style.js" path="C:\Users\khi_h\Desktop\Projets\JoudEnglishApp\src\components\setting\RevisionSettings\style.js">
        <metrics statements="0" coveredstatements="0" conditionals="0" coveredconditionals="0" methods="0" coveredmethods="0"/>
      </file>
    </package>
    <package name="components.ui.Button">
      <metrics statements="24" coveredstatements="17" conditionals="79" coveredconditionals="44" methods="4" coveredmethods="4"/>
      <file name="index.js" path="C:\Users\khi_h\Desktop\Projets\JoudEnglishApp\src\components\ui\Button\index.js">
        <metrics statements="23" coveredstatements="16" conditionals="79" coveredconditionals="44" methods="4" coveredmethods="4"/>
        <line num="9" count="3" type="stmt"/>
        <line num="30" count="22" type="stmt"/>
        <line num="40" count="22" type="cond" truecount="2" falsecount="0"/>
        <line num="43" count="22" type="stmt"/>
        <line num="44" count="22" type="cond" truecount="2" falsecount="2"/>
        <line num="46" count="0" type="stmt"/>
        <line num="53" count="0" type="stmt"/>
        <line num="61" count="22" type="stmt"/>
        <line num="70" count="22" type="stmt"/>
        <line num="73" count="22" type="stmt"/>
        <line num="74" count="22" type="cond" truecount="2" falsecount="4"/>
        <line num="76" count="0" type="stmt"/>
        <line num="91" count="0" type="stmt"/>
        <line num="106" count="0" type="stmt"/>
        <line num="120" count="0" type="cond" truecount="0" falsecount="2"/>
        <line num="121" count="0" type="stmt"/>
        <line num="137" count="22" type="stmt"/>
        <line num="153" count="22" type="stmt"/>
        <line num="154" count="22" type="stmt"/>
        <line num="158" count="22" type="cond" truecount="5" falsecount="0"/>
        <line num="163" count="22" type="cond" truecount="1" falsecount="1"/>
        <line num="166" count="22" type="stmt"/>
        <line num="168" count="22" type="stmt"/>
      </file>
      <file name="style.js" path="C:\Users\khi_h\Desktop\Projets\JoudEnglishApp\src\components\ui\Button\style.js">
        <metrics statements="1" coveredstatements="1" conditionals="0" coveredconditionals="0" methods="0" coveredmethods="0"/>
        <line num="4" count="3" type="stmt"/>
      </file>
    </package>
    <package name="components.ui.Card">
      <metrics statements="28" coveredstatements="28" conditionals="102" coveredconditionals="86" methods="7" coveredmethods="7"/>
      <file name="index.js" path="C:\Users\khi_h\Desktop\Projets\JoudEnglishApp\src\components\ui\Card\index.js">
        <metrics statements="27" coveredstatements="27" conditionals="102" coveredconditionals="86" methods="7" coveredmethods="7"/>
        <line num="12" count="5" type="stmt"/>
        <line num="47" count="1" type="cond" truecount="1" falsecount="0"/>
        <line num="69" count="25" type="stmt"/>
        <line num="70" count="25" type="cond" truecount="2" falsecount="0"/>
        <line num="73" count="25" type="cond" truecount="2" falsecount="0"/>
        <line num="76" count="25" type="cond" truecount="2" falsecount="0"/>
        <line num="79" count="25" type="cond" truecount="2" falsecount="0"/>
        <line num="82" count="25" type="stmt"/>
        <line num="83" count="25" type="cond" truecount="2" falsecount="0"/>
        <line num="84" count="25" type="cond" truecount="2" falsecount="0"/>
        <line num="87" count="25" type="cond" truecount="5" falsecount="0"/>
        <line num="90" count="25" type="stmt"/>
        <line num="93" count="25" type="stmt"/>
        <line num="94" count="25" type="cond" truecount="2" falsecount="0"/>
        <line num="96" count="13" type="stmt"/>
        <line num="194" count="25" type="stmt"/>
        <line num="195" count="25" type="cond" truecount="2" falsecount="0"/>
        <line num="196" count="1" type="stmt"/>
        <line num="210" count="25" type="stmt"/>
        <line num="223" count="25" type="stmt"/>
        <line num="249" count="25" type="stmt"/>
        <line num="250" count="25" type="cond" truecount="2" falsecount="0"/>
        <line num="251" count="1" type="stmt"/>
        <line num="255" count="25" type="stmt"/>
        <line num="256" count="25" type="cond" truecount="2" falsecount="0"/>
        <line num="257" count="1" type="stmt"/>
        <line num="260" count="25" type="stmt"/>
      </file>
      <file name="style.js" path="C:\Users\khi_h\Desktop\Projets\JoudEnglishApp\src\components\ui\Card\style.js">
        <metrics statements="1" coveredstatements="1" conditionals="0" coveredconditionals="0" methods="0" coveredmethods="0"/>
        <line num="4" count="4" type="stmt"/>
      </file>
    </package>
    <package name="components.ui.ContentSection">
      <metrics statements="6" coveredstatements="6" conditionals="19" coveredconditionals="18" methods="2" coveredmethods="2"/>
      <file name="index.js" path="C:\Users\khi_h\Desktop\Projets\JoudEnglishApp\src\components\ui\ContentSection\index.js">
        <metrics statements="4" coveredstatements="4" conditionals="15" coveredconditionals="15" methods="1" coveredmethods="1"/>
        <line num="18" count="2" type="stmt"/>
        <line num="28" count="8" type="stmt"/>
        <line num="31" count="8" type="cond" truecount="4" falsecount="0"/>
        <line num="33" count="5" type="stmt"/>
      </file>
      <file name="style.js" path="C:\Users\khi_h\Desktop\Projets\JoudEnglishApp\src\components\ui\ContentSection\style.js">
        <metrics statements="2" coveredstatements="2" conditionals="4" coveredconditionals="3" methods="1" coveredmethods="1"/>
        <line num="8" count="2" type="stmt"/>
        <line num="9" count="8" type="stmt"/>
      </file>
    </package>
    <package name="components.ui.HeroCard">
      <metrics statements="6" coveredstatements="6" conditionals="15" coveredconditionals="14" methods="2" coveredmethods="2"/>
      <file name="index.js" path="C:\Users\khi_h\Desktop\Projets\JoudEnglishApp\src\components\ui\HeroCard\index.js">
        <metrics statements="4" coveredstatements="4" conditionals="14" coveredconditionals="14" methods="1" coveredmethods="1"/>
        <line num="21" count="2" type="stmt"/>
        <line num="31" count="12" type="stmt"/>
        <line num="34" count="12" type="cond" truecount="2" falsecount="0"/>
        <line num="36" count="12" type="stmt"/>
      </file>
      <file name="style.js" path="C:\Users\khi_h\Desktop\Projets\JoudEnglishApp\src\components\ui\HeroCard\style.js">
        <metrics statements="2" coveredstatements="2" conditionals="1" coveredconditionals="0" methods="1" coveredmethods="1"/>
        <line num="11" count="2" type="cond" truecount="0" falsecount="1"/>
        <line num="12" count="12" type="stmt"/>
      </file>
    </package>
    <package name="components.ui.Modal">
      <metrics statements="34" coveredstatements="25" conditionals="61" coveredconditionals="36" methods="8" coveredmethods="7"/>
      <file name="index.js" path="C:\Users\khi_h\Desktop\Projets\JoudEnglishApp\src\components\ui\Modal\index.js">
        <metrics statements="34" coveredstatements="25" conditionals="61" coveredconditionals="36" methods="8" coveredmethods="7"/>
        <line num="21" count="1" type="stmt"/>
        <line num="46" count="10" type="stmt"/>
        <line num="49" count="10" type="stmt"/>
        <line num="50" count="10" type="cond" truecount="2" falsecount="2"/>
        <line num="51" count="0" type="stmt"/>
        <line num="60" count="10" type="stmt"/>
        <line num="61" count="2" type="cond" truecount="4" falsecount="0"/>
        <line num="62" count="1" type="stmt"/>
        <line num="67" count="10" type="stmt"/>
        <line num="68" count="10" type="cond" truecount="1" falsecount="1"/>
        <line num="69" count="10" type="cond" truecount="1" falsecount="1"/>
        <line num="71" count="10" type="stmt"/>
        <line num="72" count="10" type="cond" truecount="2" falsecount="2"/>
        <line num="75" count="0" type="stmt"/>
        <line num="78" count="10" type="stmt"/>
        <line num="83" count="10" type="stmt"/>
        <line num="84" count="10" type="cond" truecount="1" falsecount="1"/>
        <line num="85" count="10" type="cond" truecount="1" falsecount="1"/>
        <line num="86" count="10" type="stmt"/>
        <line num="90" count="10" type="stmt"/>
        <line num="91" count="10" type="cond" truecount="2" falsecount="2"/>
        <line num="93" count="0" type="stmt"/>
        <line num="95" count="0" type="stmt"/>
        <line num="98" count="10" type="stmt"/>
        <line num="103" count="10" type="stmt"/>
        <line num="104" count="0" type="cond" truecount="0" falsecount="4"/>
        <line num="106" count="0" type="cond" truecount="0" falsecount="4"/>
        <line num="108" count="0" type="stmt"/>
        <line num="119" count="0" type="stmt"/>
        <line num="131" count="0" type="stmt"/>
        <line num="146" count="10" type="stmt"/>
        <line num="148" count="10" type="stmt"/>
        <line num="196" count="10" type="cond" truecount="1" falsecount="1"/>
        <line num="208" count="10" type="stmt"/>
      </file>
    </package>
    <package name="components.ui.ProgressBar">
      <metrics statements="27" coveredstatements="27" conditionals="28" coveredconditionals="23" methods="9" coveredmethods="9"/>
      <file name="index.js" path="C:\Users\khi_h\Desktop\Projets\JoudEnglishApp\src\components\ui\ProgressBar\index.js">
        <metrics statements="25" coveredstatements="25" conditionals="26" coveredconditionals="23" methods="8" coveredmethods="8"/>
        <line num="13" count="6" type="stmt"/>
        <line num="27" count="1" type="cond" truecount="1" falsecount="0"/>
        <line num="28" count="1" type="cond" truecount="1" falsecount="0"/>
        <line num="31" count="26" type="stmt"/>
        <line num="34" count="26" type="stmt"/>
        <line num="37" count="26" type="stmt"/>
        <line num="39" count="26" type="stmt"/>
        <line num="40" count="26" type="cond" truecount="2" falsecount="0"/>
        <line num="41" count="25" type="stmt"/>
        <line num="47" count="1" type="stmt"/>
        <line num="52" count="26" type="stmt"/>
        <line num="58" count="26" type="stmt"/>
        <line num="59" count="26" type="cond" truecount="2" falsecount="0"/>
        <line num="60" count="1" type="stmt"/>
        <line num="64" count="26" type="stmt"/>
        <line num="65" count="26" type="cond" truecount="2" falsecount="0"/>
        <line num="66" count="2" type="stmt"/>
        <line num="67" count="2" type="stmt"/>
        <line num="73" count="26" type="stmt"/>
        <line num="74" count="26" type="cond" truecount="2" falsecount="0"/>
        <line num="75" count="2" type="stmt"/>
        <line num="83" count="26" type="stmt"/>
        <line num="84" count="26" type="cond" truecount="1" falsecount="1"/>
        <line num="85" count="26" type="stmt"/>
        <line num="96" count="26" type="stmt"/>
      </file>
      <file name="style.js" path="C:\Users\khi_h\Desktop\Projets\JoudEnglishApp\src\components\ui\ProgressBar\style.js">
        <metrics statements="2" coveredstatements="2" conditionals="2" coveredconditionals="0" methods="1" coveredmethods="1"/>
        <line num="9" count="6" type="cond" truecount="0" falsecount="2"/>
        <line num="10" count="26" type="stmt"/>
      </file>
    </package>
    <package name="components.ui.ProgressCard">
      <metrics statements="25" coveredstatements="24" conditionals="57" coveredconditionals="44" methods="11" coveredmethods="11"/>
      <file name="index.js" path="C:\Users\khi_h\Desktop\Projets\JoudEnglishApp\src\components\ui\ProgressCard\index.js">
        <metrics statements="23" coveredstatements="22" conditionals="56" coveredconditionals="44" methods="10" coveredmethods="10"/>
        <line num="15" count="2" type="stmt"/>
        <line num="28" count="10" type="stmt"/>
        <line num="31" count="10" type="stmt"/>
        <line num="32" count="1" type="cond" truecount="1" falsecount="1"/>
        <line num="33" count="1" type="stmt"/>
        <line num="49" count="0" type="stmt"/>
        <line num="54" count="10" type="stmt"/>
        <line num="55" count="2" type="cond" truecount="2" falsecount="0"/>
        <line num="56" count="1" type="stmt"/>
        <line num="57" count="1" type="stmt"/>
        <line num="60" count="10" type="stmt"/>
        <line num="63" count="10" type="stmt"/>
        <line num="64" count="10" type="stmt"/>
        <line num="89" count="10" type="stmt"/>
        <line num="90" count="10" type="stmt"/>
        <line num="104" count="10" type="stmt"/>
        <line num="105" count="10" type="cond" truecount="4" falsecount="0"/>
        <line num="120" count="10" type="stmt"/>
        <line num="154" count="2" type="stmt"/>
        <line num="155" count="2" type="cond" truecount="3" falsecount="1"/>
        <line num="157" count="2" type="stmt"/>
        <line num="160" count="2" type="cond" truecount="3" falsecount="1"/>
        <line num="162" count="2" type="stmt"/>
      </file>
      <file name="style.js" path="C:\Users\khi_h\Desktop\Projets\JoudEnglishApp\src\components\ui\ProgressCard\style.js">
        <metrics statements="2" coveredstatements="2" conditionals="1" coveredconditionals="0" methods="1" coveredmethods="1"/>
        <line num="10" count="2" type="cond" truecount="0" falsecount="1"/>
        <line num="11" count="10" type="stmt"/>
      </file>
    </package>
    <package name="components.ui.RevealButton">
      <metrics statements="17" coveredstatements="17" conditionals="11" coveredconditionals="9" methods="7" coveredmethods="7"/>
      <file name="index.js" path="C:\Users\khi_h\Desktop\Projets\JoudEnglishApp\src\components\ui\RevealButton\index.js">
        <metrics statements="15" coveredstatements="15" conditionals="10" coveredconditionals="9" methods="6" coveredmethods="6"/>
        <line num="16" count="1" type="stmt"/>
        <line num="25" count="7" type="stmt"/>
        <line num="28" count="7" type="stmt"/>
        <line num="29" count="7" type="stmt"/>
        <line num="32" count="7" type="stmt"/>
        <line num="33" count="7" type="cond" truecount="2" falsecount="0"/>
        <line num="34" count="4" type="stmt"/>
        <line num="40" count="3" type="stmt"/>
        <line num="45" count="7" type="stmt"/>
        <line num="46" count="1" type="stmt"/>
        <line num="60" count="1" type="stmt"/>
        <line num="64" count="7" type="stmt"/>
        <line num="65" count="1" type="stmt"/>
        <line num="79" count="1" type="stmt"/>
        <line num="82" count="7" type="stmt"/>
      </file>
      <file name="style.js" path="C:\Users\khi_h\Desktop\Projets\JoudEnglishApp\src\components\ui\RevealButton\style.js">
        <metrics statements="2" coveredstatements="2" conditionals="1" coveredconditionals="0" methods="1" coveredmethods="1"/>
        <line num="11" count="1" type="cond" truecount="0" falsecount="1"/>
        <line num="12" count="7" type="stmt"/>
      </file>
    </package>
    <package name="contexts">
      <metrics statements="157" coveredstatements="148" conditionals="55" coveredconditionals="46" methods="52" coveredmethods="52"/>
      <file name="AppProvider.js" path="C:\Users\khi_h\Desktop\Projets\JoudEnglishApp\src\contexts\AppProvider.js">
        <metrics statements="2" coveredstatements="2" conditionals="0" coveredconditionals="0" methods="1" coveredmethods="1"/>
        <line num="11" count="1" type="stmt"/>
        <line num="12" count="1" type="stmt"/>
      </file>
      <file name="CurrentLevelContext.js" path="C:\Users\khi_h\Desktop\Projets\JoudEnglishApp\src\contexts\CurrentLevelContext.js">
        <metrics statements="7" coveredstatements="7" conditionals="3" coveredconditionals="3" methods="2" coveredmethods="2"/>
        <line num="4" count="2" type="stmt"/>
        <line num="8" count="4" type="stmt"/>
        <line num="10" count="4" type="stmt"/>
        <line num="19" count="7" type="stmt"/>
        <line num="20" count="6" type="cond" truecount="2" falsecount="0"/>
        <line num="21" count="2" type="stmt"/>
        <line num="23" count="4" type="stmt"/>
      </file>
      <file name="ProgressContext.js" path="C:\Users\khi_h\Desktop\Projets\JoudEnglishApp\src\contexts\ProgressContext.js">
        <metrics statements="69" coveredstatements="63" conditionals="24" coveredconditionals="19" methods="20" coveredmethods="20"/>
        <line num="7" count="2" type="stmt"/>
        <line num="10" count="14" type="stmt"/>
        <line num="72" count="2" type="stmt"/>
        <line num="73" count="13" type="stmt"/>
        <line num="74" count="13" type="stmt"/>
        <line num="77" count="13" type="stmt"/>
        <line num="78" count="13" type="stmt"/>
        <line num="81" count="13" type="stmt"/>
        <line num="82" count="4" type="stmt"/>
        <line num="83" count="4" type="stmt"/>
        <line num="84" count="4" type="stmt"/>
        <line num="85" count="4" type="cond" truecount="2" falsecount="0"/>
        <line num="86" count="1" type="stmt"/>
        <line num="87" count="1" type="stmt"/>
        <line num="90" count="0" type="stmt"/>
        <line num="92" count="4" type="stmt"/>
        <line num="93" count="4" type="stmt"/>
        <line num="97" count="4" type="stmt"/>
        <line num="101" count="13" type="stmt"/>
        <line num="103" count="13" type="cond" truecount="4" falsecount="0"/>
        <line num="104" count="4" type="stmt"/>
        <line num="108" count="9" type="cond" truecount="2" falsecount="0"/>
        <line num="109" count="5" type="stmt"/>
        <line num="113" count="9" type="stmt"/>
        <line num="114" count="5" type="stmt"/>
        <line num="115" count="5" type="stmt"/>
        <line num="117" count="0" type="stmt"/>
        <line num="122" count="9" type="stmt"/>
        <line num="123" count="9" type="cond" truecount="1" falsecount="1"/>
        <line num="124" count="9" type="stmt"/>
        <line num="133" count="13" type="stmt"/>
        <line num="134" count="2" type="stmt"/>
        <line num="135" count="2" type="stmt"/>
        <line num="138" count="2" type="cond" truecount="1" falsecount="1"/>
        <line num="139" count="0" type="stmt"/>
        <line num="142" count="2" type="cond" truecount="1" falsecount="1"/>
        <line num="143" count="0" type="stmt"/>
        <line num="147" count="2" type="stmt"/>
        <line num="150" count="2" type="stmt"/>
        <line num="151" count="6" type="cond" truecount="2" falsecount="0"/>
        <line num="152" count="6" type="stmt"/>
        <line num="154" count="2" type="cond" truecount="1" falsecount="1"/>
        <line num="155" count="2" type="stmt"/>
        <line num="156" count="2" type="stmt"/>
        <line num="160" count="2" type="stmt"/>
        <line num="166" count="2" type="stmt"/>
        <line num="170" count="13" type="stmt"/>
        <line num="171" count="2" type="stmt"/>
        <line num="177" count="13" type="stmt"/>
        <line num="178" count="9" type="stmt"/>
        <line num="179" count="9" type="cond" truecount="1" falsecount="1"/>
        <line num="181" count="57" type="stmt"/>
        <line num="182" count="9" type="stmt"/>
        <line num="185" count="13" type="stmt"/>
        <line num="186" count="9" type="cond" truecount="2" falsecount="0"/>
        <line num="189" count="13" type="stmt"/>
        <line num="190" count="1" type="stmt"/>
        <line num="191" count="1" type="stmt"/>
        <line num="192" count="1" type="stmt"/>
        <line num="193" count="1" type="stmt"/>
        <line num="195" count="0" type="stmt"/>
        <line num="196" count="0" type="stmt"/>
        <line num="201" count="13" type="stmt"/>
        <line num="219" count="13" type="stmt"/>
        <line num="227" count="2" type="stmt"/>
        <line num="228" count="16" type="stmt"/>
        <line num="229" count="15" type="cond" truecount="2" falsecount="0"/>
        <line num="230" count="2" type="stmt"/>
        <line num="232" count="13" type="stmt"/>
      </file>
      <file name="SettingContext.js" path="C:\Users\khi_h\Desktop\Projets\JoudEnglishApp\src\contexts\SettingContext.js">
        <metrics statements="32" coveredstatements="32" conditionals="6" coveredconditionals="6" methods="12" coveredmethods="12"/>
        <line num="7" count="1" type="stmt"/>
        <line num="12" count="1" type="stmt"/>
        <line num="14" count="26" type="stmt"/>
        <line num="15" count="26" type="stmt"/>
        <line num="18" count="26" type="stmt"/>
        <line num="19" count="9" type="stmt"/>
        <line num="20" count="9" type="stmt"/>
        <line num="21" count="9" type="stmt"/>
        <line num="22" count="9" type="stmt"/>
        <line num="24" count="9" type="cond" truecount="2" falsecount="0"/>
        <line num="26" count="2" type="stmt"/>
        <line num="31" count="9" type="stmt"/>
        <line num="35" count="9" type="stmt"/>
        <line num="39" count="26" type="stmt"/>
        <line num="40" count="26" type="cond" truecount="2" falsecount="0"/>
        <line num="41" count="17" type="stmt"/>
        <line num="46" count="26" type="stmt"/>
        <line num="47" count="7" type="cond" truecount="2" falsecount="0"/>
        <line num="49" count="1" type="stmt"/>
        <line num="52" count="6" type="stmt"/>
        <line num="59" count="26" type="stmt"/>
        <line num="60" count="1" type="stmt"/>
        <line num="67" count="26" type="stmt"/>
        <line num="68" count="1" type="stmt"/>
        <line num="72" count="26" type="stmt"/>
        <line num="73" count="17" type="stmt"/>
        <line num="77" count="26" type="stmt"/>
        <line num="78" count="17" type="stmt"/>
        <line num="82" count="26" type="stmt"/>
        <line num="83" count="3" type="stmt"/>
        <line num="87" count="26" type="stmt"/>
        <line num="98" count="26" type="stmt"/>
      </file>
      <file name="ThemeContext.js" path="C:\Users\khi_h\Desktop\Projets\JoudEnglishApp\src\contexts\ThemeContext.js">
        <metrics statements="47" coveredstatements="44" conditionals="22" coveredconditionals="18" methods="17" coveredmethods="17"/>
        <line num="8" count="15" type="stmt"/>
        <line num="13" count="15" type="stmt"/>
        <line num="15" count="25" type="stmt"/>
        <line num="16" count="25" type="stmt"/>
        <line num="17" count="25" type="stmt"/>
        <line num="20" count="25" type="stmt"/>
        <line num="21" count="18" type="cond" truecount="2" falsecount="0"/>
        <line num="27" count="25" type="stmt"/>
        <line num="28" count="8" type="stmt"/>
        <line num="30" count="8" type="stmt"/>
        <line num="31" count="8" type="stmt"/>
        <line num="32" count="8" type="stmt"/>
        <line num="33" count="8" type="cond" truecount="1" falsecount="1"/>
        <line num="34" count="8" type="cond" truecount="2" falsecount="0"/>
        <line num="35" count="1" type="stmt"/>
        <line num="37" count="8" type="stmt"/>
        <line num="40" count="0" type="stmt"/>
        <line num="41" count="0" type="cond" truecount="0" falsecount="2"/>
        <line num="42" count="0" type="stmt"/>
        <line num="47" count="8" type="stmt"/>
        <line num="49" count="8" type="stmt"/>
        <line num="50" count="8" type="stmt"/>
        <line num="55" count="25" type="stmt"/>
        <line num="56" count="25" type="stmt"/>
        <line num="58" count="25" type="cond" truecount="2" falsecount="0"/>
        <line num="60" count="17" type="stmt"/>
        <line num="61" count="11" type="stmt"/>
        <line num="65" count="25" type="stmt"/>
        <line num="66" count="25" type="cond" truecount="2" falsecount="0"/>
        <line num="67" count="17" type="stmt"/>
        <line num="73" count="25" type="stmt"/>
        <line num="74" count="5" type="stmt"/>
        <line num="77" count="25" type="stmt"/>
        <line num="78" count="3" type="cond" truecount="2" falsecount="0"/>
        <line num="79" count="1" type="cond" truecount="1" falsecount="1"/>
        <line num="81" count="2" type="cond" truecount="2" falsecount="0"/>
        <line num="85" count="25" type="stmt"/>
        <line num="86" count="1" type="stmt"/>
        <line num="90" count="25" type="stmt"/>
        <line num="91" count="16" type="cond" truecount="2" falsecount="0"/>
        <line num="135" count="25" type="stmt"/>
        <line num="145" count="25" type="stmt"/>
        <line num="170" count="25" type="stmt"/>
        <line num="179" count="25" type="stmt"/>
        <line num="180" count="16" type="cond" truecount="2" falsecount="0"/>
        <line num="230" count="25" type="stmt"/>
        <line num="256" count="25" type="stmt"/>
      </file>
    </package>
    <package name="data.assessment">
      <metrics statements="0" coveredstatements="0" conditionals="0" coveredconditionals="0" methods="0" coveredmethods="0"/>
      <file name="assessmentsC1.js" path="C:\Users\khi_h\Desktop\Projets\JoudEnglishApp\src\data\assessment\assessmentsC1.js">
        <metrics statements="0" coveredstatements="0" conditionals="0" coveredconditionals="0" methods="0" coveredmethods="0"/>
      </file>
    </package>
    <package name="data.conversation.A1">
      <metrics statements="1" coveredstatements="1" conditionals="0" coveredconditionals="0" methods="0" coveredmethods="0"/>
      <file name="index.js" path="C:\Users\khi_h\Desktop\Projets\JoudEnglishApp\src\data\conversation\A1\index.js">
        <metrics statements="1" coveredstatements="1" conditionals="0" coveredconditionals="0" methods="0" coveredmethods="0"/>
        <line num="16" count="1" type="stmt"/>
      </file>
    </package>
    <package name="data.conversation.A1.scenarios">
      <metrics statements="10" coveredstatements="10" conditionals="0" coveredconditionals="0" methods="0" coveredmethods="0"/>
      <file name="askingDirections.js" path="C:\Users\khi_h\Desktop\Projets\JoudEnglishApp\src\data\conversation\A1\scenarios\askingDirections.js">
        <metrics statements="1" coveredstatements="1" conditionals="0" coveredconditionals="0" methods="0" coveredmethods="0"/>
        <line num="3" count="1" type="stmt"/>
      </file>
      <file name="bankBasics.js" path="C:\Users\khi_h\Desktop\Projets\JoudEnglishApp\src\data\conversation\A1\scenarios\bankBasics.js">
        <metrics statements="1" coveredstatements="1" conditionals="0" coveredconditionals="0" methods="0" coveredmethods="0"/>
        <line num="3" count="1" type="stmt"/>
      </file>
      <file name="coffeeShop.js" path="C:\Users\khi_h\Desktop\Projets\JoudEnglishApp\src\data\conversation\A1\scenarios\coffeeShop.js">
        <metrics statements="1" coveredstatements="1" conditionals="0" coveredconditionals="0" methods="0" coveredmethods="0"/>
        <line num="3" count="1" type="stmt"/>
      </file>
      <file name="doctorVisit.js" path="C:\Users\khi_h\Desktop\Projets\JoudEnglishApp\src\data\conversation\A1\scenarios\doctorVisit.js">
        <metrics statements="1" coveredstatements="1" conditionals="0" coveredconditionals="0" methods="0" coveredmethods="0"/>
        <line num="3" count="1" type="stmt"/>
      </file>
      <file name="greetingsBasics.js" path="C:\Users\khi_h\Desktop\Projets\JoudEnglishApp\src\data\conversation\A1\scenarios\greetingsBasics.js">
        <metrics statements="1" coveredstatements="1" conditionals="0" coveredconditionals="0" methods="0" coveredmethods="0"/>
        <line num="3" count="1" type="stmt"/>
      </file>
      <file name="hotelCheckIn.js" path="C:\Users\khi_h\Desktop\Projets\JoudEnglishApp\src\data\conversation\A1\scenarios\hotelCheckIn.js">
        <metrics statements="1" coveredstatements="1" conditionals="0" coveredconditionals="0" methods="0" coveredmethods="0"/>
        <line num="3" count="1" type="stmt"/>
      </file>
      <file name="restaurantReservation.js" path="C:\Users\khi_h\Desktop\Projets\JoudEnglishApp\src\data\conversation\A1\scenarios\restaurantReservation.js">
        <metrics statements="1" coveredstatements="1" conditionals="0" coveredconditionals="0" methods="0" coveredmethods="0"/>
        <line num="3" count="1" type="stmt"/>
      </file>
      <file name="shoppingClothes.js" path="C:\Users\khi_h\Desktop\Projets\JoudEnglishApp\src\data\conversation\A1\scenarios\shoppingClothes.js">
        <metrics statements="1" coveredstatements="1" conditionals="0" coveredconditionals="0" methods="0" coveredmethods="0"/>
        <line num="3" count="1" type="stmt"/>
      </file>
      <file name="supermarketShopping.js" path="C:\Users\khi_h\Desktop\Projets\JoudEnglishApp\src\data\conversation\A1\scenarios\supermarketShopping.js">
        <metrics statements="1" coveredstatements="1" conditionals="0" coveredconditionals="0" methods="0" coveredmethods="0"/>
        <line num="3" count="1" type="stmt"/>
      </file>
      <file name="transportPublic.js" path="C:\Users\khi_h\Desktop\Projets\JoudEnglishApp\src\data\conversation\A1\scenarios\transportPublic.js">
        <metrics statements="1" coveredstatements="1" conditionals="0" coveredconditionals="0" methods="0" coveredmethods="0"/>
        <line num="3" count="1" type="stmt"/>
      </file>
    </package>
    <package name="data.conversation.A2">
      <metrics statements="1" coveredstatements="1" conditionals="0" coveredconditionals="0" methods="0" coveredmethods="0"/>
      <file name="index.js" path="C:\Users\khi_h\Desktop\Projets\JoudEnglishApp\src\data\conversation\A2\index.js">
        <metrics statements="1" coveredstatements="1" conditionals="0" coveredconditionals="0" methods="0" coveredmethods="0"/>
        <line num="18" count="1" type="stmt"/>
      </file>
    </package>
    <package name="data.conversation.A2.scenarios">
      <metrics statements="12" coveredstatements="12" conditionals="0" coveredconditionals="0" methods="0" coveredmethods="0"/>
      <file name="apartmentViewing.js" path="C:\Users\khi_h\Desktop\Projets\JoudEnglishApp\src\data\conversation\A2\scenarios\apartmentViewing.js">
        <metrics statements="1" coveredstatements="1" conditionals="0" coveredconditionals="0" methods="0" coveredmethods="0"/>
        <line num="3" count="1" type="stmt"/>
      </file>
      <file name="atTheDoctorSpecialist.js" path="C:\Users\khi_h\Desktop\Projets\JoudEnglishApp\src\data\conversation\A2\scenarios\atTheDoctorSpecialist.js">
        <metrics statements="1" coveredstatements="1" conditionals="0" coveredconditionals="0" methods="0" coveredmethods="0"/>
        <line num="3" count="1" type="stmt"/>
      </file>
      <file name="atTheRestaurant.js" path="C:\Users\khi_h\Desktop\Projets\JoudEnglishApp\src\data\conversation\A2\scenarios\atTheRestaurant.js">
        <metrics statements="1" coveredstatements="1" conditionals="0" coveredconditionals="0" methods="0" coveredmethods="0"/>
        <line num="3" count="1" type="stmt"/>
      </file>
      <file name="gettingDirectionsDetailed.js" path="C:\Users\khi_h\Desktop\Projets\JoudEnglishApp\src\data\conversation\A2\scenarios\gettingDirectionsDetailed.js">
        <metrics statements="1" coveredstatements="1" conditionals="0" coveredconditionals="0" methods="0" coveredmethods="0"/>
        <line num="3" count="1" type="stmt"/>
      </file>
      <file name="jobInterview.js" path="C:\Users\khi_h\Desktop\Projets\JoudEnglishApp\src\data\conversation\A2\scenarios\jobInterview.js">
        <metrics statements="1" coveredstatements="1" conditionals="0" coveredconditionals="0" methods="0" coveredmethods="0"/>
        <line num="3" count="1" type="stmt"/>
      </file>
      <file name="makingAppointments.js" path="C:\Users\khi_h\Desktop\Projets\JoudEnglishApp\src\data\conversation\A2\scenarios\makingAppointments.js">
        <metrics statements="1" coveredstatements="1" conditionals="0" coveredconditionals="0" methods="0" coveredmethods="0"/>
        <line num="3" count="1" type="stmt"/>
      </file>
      <file name="meetingFriendOfFriend.js" path="C:\Users\khi_h\Desktop\Projets\JoudEnglishApp\src\data\conversation\A2\scenarios\meetingFriendOfFriend.js">
        <metrics statements="1" coveredstatements="1" conditionals="0" coveredconditionals="0" methods="0" coveredmethods="0"/>
        <line num="3" count="2" type="stmt"/>
      </file>
      <file name="phoneProblems.js" path="C:\Users\khi_h\Desktop\Projets\JoudEnglishApp\src\data\conversation\A2\scenarios\phoneProblems.js">
        <metrics statements="1" coveredstatements="1" conditionals="0" coveredconditionals="0" methods="0" coveredmethods="0"/>
        <line num="3" count="1" type="stmt"/>
      </file>
      <file name="shoppingClothes.js" path="C:\Users\khi_h\Desktop\Projets\JoudEnglishApp\src\data\conversation\A2\scenarios\shoppingClothes.js">
        <metrics statements="1" coveredstatements="1" conditionals="0" coveredconditionals="0" methods="0" coveredmethods="0"/>
        <line num="3" count="1" type="stmt"/>
      </file>
      <file name="talkingAboutHobbies.js" path="C:\Users\khi_h\Desktop\Projets\JoudEnglishApp\src\data\conversation\A2\scenarios\talkingAboutHobbies.js">
        <metrics statements="1" coveredstatements="1" conditionals="0" coveredconditionals="0" methods="0" coveredmethods="0"/>
        <line num="3" count="1" type="stmt"/>
      </file>
      <file name="travelPlanning.js" path="C:\Users\khi_h\Desktop\Projets\JoudEnglishApp\src\data\conversation\A2\scenarios\travelPlanning.js">
        <metrics statements="1" coveredstatements="1" conditionals="0" coveredconditionals="0" methods="0" coveredmethods="0"/>
        <line num="3" count="1" type="stmt"/>
      </file>
      <file name="weatherAndSeasons.js" path="C:\Users\khi_h\Desktop\Projets\JoudEnglishApp\src\data\conversation\A2\scenarios\weatherAndSeasons.js">
        <metrics statements="1" coveredstatements="1" conditionals="0" coveredconditionals="0" methods="0" coveredmethods="0"/>
        <line num="3" count="1" type="stmt"/>
      </file>
    </package>
    <package name="data.conversation.B1">
      <metrics statements="1" coveredstatements="1" conditionals="0" coveredconditionals="0" methods="0" coveredmethods="0"/>
      <file name="index.js" path="C:\Users\khi_h\Desktop\Projets\JoudEnglishApp\src\data\conversation\B1\index.js">
        <metrics statements="1" coveredstatements="1" conditionals="0" coveredconditionals="0" methods="0" coveredmethods="0"/>
        <line num="21" count="1" type="stmt"/>
      </file>
    </package>
    <package name="data.conversation.B1.scenarios">
      <metrics statements="14" coveredstatements="14" conditionals="0" coveredconditionals="0" methods="0" coveredmethods="0"/>
      <file name="businessMeeting.js" path="C:\Users\khi_h\Desktop\Projets\JoudEnglishApp\src\data\conversation\B1\scenarios\businessMeeting.js">
        <metrics statements="1" coveredstatements="1" conditionals="0" coveredconditionals="0" methods="0" coveredmethods="0"/>
        <line num="3" count="2" type="stmt"/>
      </file>
      <file name="complainingService.js" path="C:\Users\khi_h\Desktop\Projets\JoudEnglishApp\src\data\conversation\B1\scenarios\complainingService.js">
        <metrics statements="1" coveredstatements="1" conditionals="0" coveredconditionals="0" methods="0" coveredmethods="0"/>
        <line num="3" count="1" type="stmt"/>
      </file>
      <file name="culturalDifferences.js" path="C:\Users\khi_h\Desktop\Projets\JoudEnglishApp\src\data\conversation\B1\scenarios\culturalDifferences.js">
        <metrics statements="1" coveredstatements="1" conditionals="0" coveredconditionals="0" methods="0" coveredmethods="0"/>
        <line num="3" count="1" type="stmt"/>
      </file>
      <file name="describingIllness.js" path="C:\Users\khi_h\Desktop\Projets\JoudEnglishApp\src\data\conversation\B1\scenarios\describingIllness.js">
        <metrics statements="0" coveredstatements="0" conditionals="0" coveredconditionals="0" methods="0" coveredmethods="0"/>
      </file>
      <file name="discussingMovies.js" path="C:\Users\khi_h\Desktop\Projets\JoudEnglishApp\src\data\conversation\B1\scenarios\discussingMovies.js">
        <metrics statements="1" coveredstatements="1" conditionals="0" coveredconditionals="0" methods="0" coveredmethods="0"/>
        <line num="3" count="1" type="stmt"/>
      </file>
      <file name="discussingNews.js" path="C:\Users\khi_h\Desktop\Projets\JoudEnglishApp\src\data\conversation\B1\scenarios\discussingNews.js">
        <metrics statements="1" coveredstatements="1" conditionals="0" coveredconditionals="0" methods="0" coveredmethods="0"/>
        <line num="3" count="1" type="stmt"/>
      </file>
      <file name="educationChoices.js" path="C:\Users\khi_h\Desktop\Projets\JoudEnglishApp\src\data\conversation\B1\scenarios\educationChoices.js">
        <metrics statements="1" coveredstatements="1" conditionals="0" coveredconditionals="0" methods="0" coveredmethods="0"/>
        <line num="3" count="1" type="stmt"/>
      </file>
      <file name="environmentalIssues.js" path="C:\Users\khi_h\Desktop\Projets\JoudEnglishApp\src\data\conversation\B1\scenarios\environmentalIssues.js">
        <metrics statements="1" coveredstatements="1" conditionals="0" coveredconditionals="0" methods="0" coveredmethods="0"/>
        <line num="3" count="1" type="stmt"/>
      </file>
      <file name="explainProblemIT.js" path="C:\Users\khi_h\Desktop\Projets\JoudEnglishApp\src\data\conversation\B1\scenarios\explainProblemIT.js">
        <metrics statements="1" coveredstatements="1" conditionals="0" coveredconditionals="0" methods="0" coveredmethods="0"/>
        <line num="3" count="2" type="stmt"/>
      </file>
      <file name="healthAndFitness.js" path="C:\Users\khi_h\Desktop\Projets\JoudEnglishApp\src\data\conversation\B1\scenarios\healthAndFitness.js">
        <metrics statements="1" coveredstatements="1" conditionals="0" coveredconditionals="0" methods="0" coveredmethods="0"/>
        <line num="3" count="1" type="stmt"/>
      </file>
      <file name="jobApplicationCall.js" path="C:\Users\khi_h\Desktop\Projets\JoudEnglishApp\src\data\conversation\B1\scenarios\jobApplicationCall.js">
        <metrics statements="1" coveredstatements="1" conditionals="0" coveredconditionals="0" methods="0" coveredmethods="0"/>
        <line num="3" count="1" type="stmt"/>
      </file>
      <file name="makingComplaint.js" path="C:\Users\khi_h\Desktop\Projets\JoudEnglishApp\src\data\conversation\B1\scenarios\makingComplaint.js">
        <metrics statements="1" coveredstatements="1" conditionals="0" coveredconditionals="0" methods="0" coveredmethods="0"/>
        <line num="3" count="1" type="stmt"/>
      </file>
      <file name="planningEvent.js" path="C:\Users\khi_h\Desktop\Projets\JoudEnglishApp\src\data\conversation\B1\scenarios\planningEvent.js">
        <metrics statements="1" coveredstatements="1" conditionals="0" coveredconditionals="0" methods="0" coveredmethods="0"/>
        <line num="3" count="1" type="stmt"/>
      </file>
      <file name="rentingCar.js" path="C:\Users\khi_h\Desktop\Projets\JoudEnglishApp\src\data\conversation\B1\scenarios\rentingCar.js">
        <metrics statements="1" coveredstatements="1" conditionals="0" coveredconditionals="0" methods="0" coveredmethods="0"/>
        <line num="3" count="1" type="stmt"/>
      </file>
      <file name="travelExperiences.js" path="C:\Users\khi_h\Desktop\Projets\JoudEnglishApp\src\data\conversation\B1\scenarios\travelExperiences.js">
        <metrics statements="1" coveredstatements="1" conditionals="0" coveredconditionals="0" methods="0" coveredmethods="0"/>
        <line num="3" count="1" type="stmt"/>
      </file>
    </package>
    <package name="data.conversation.B2">
      <metrics statements="1" coveredstatements="1" conditionals="0" coveredconditionals="0" methods="0" coveredmethods="0"/>
      <file name="index.js" path="C:\Users\khi_h\Desktop\Projets\JoudEnglishApp\src\data\conversation\B2\index.js">
        <metrics statements="1" coveredstatements="1" conditionals="0" coveredconditionals="0" methods="0" coveredmethods="0"/>
        <line num="21" count="1" type="stmt"/>
      </file>
    </package>
    <package name="data.conversation.B2.scenarios">
      <metrics statements="15" coveredstatements="15" conditionals="0" coveredconditionals="0" methods="0" coveredmethods="0"/>
      <file name="academicDiscussion.js" path="C:\Users\khi_h\Desktop\Projets\JoudEnglishApp\src\data\conversation\B2\scenarios\academicDiscussion.js">
        <metrics statements="1" coveredstatements="1" conditionals="0" coveredconditionals="0" methods="0" coveredmethods="0"/>
        <line num="3" count="1" type="stmt"/>
      </file>
      <file name="artCriticism.js" path="C:\Users\khi_h\Desktop\Projets\JoudEnglishApp\src\data\conversation\B2\scenarios\artCriticism.js">
        <metrics statements="1" coveredstatements="1" conditionals="0" coveredconditionals="0" methods="0" coveredmethods="0"/>
        <line num="3" count="1" type="stmt"/>
      </file>
      <file name="culturalIntegration.js" path="C:\Users\khi_h\Desktop\Projets\JoudEnglishApp\src\data\conversation\B2\scenarios\culturalIntegration.js">
        <metrics statements="1" coveredstatements="1" conditionals="0" coveredconditionals="0" methods="0" coveredmethods="0"/>
        <line num="3" count="1" type="stmt"/>
      </file>
      <file name="debateCurrentTopic.js" path="C:\Users\khi_h\Desktop\Projets\JoudEnglishApp\src\data\conversation\B2\scenarios\debateCurrentTopic.js">
        <metrics statements="1" coveredstatements="1" conditionals="0" coveredconditionals="0" methods="0" coveredmethods="0"/>
        <line num="3" count="1" type="stmt"/>
      </file>
      <file name="diplomacyDisagreement.js" path="C:\Users\khi_h\Desktop\Projets\JoudEnglishApp\src\data\conversation\B2\scenarios\diplomacyDisagreement.js">
        <metrics statements="1" coveredstatements="1" conditionals="0" coveredconditionals="0" methods="0" coveredmethods="0"/>
        <line num="3" count="1" type="stmt"/>
      </file>
      <file name="economicDiscussion.js" path="C:\Users\khi_h\Desktop\Projets\JoudEnglishApp\src\data\conversation\B2\scenarios\economicDiscussion.js">
        <metrics statements="1" coveredstatements="1" conditionals="0" coveredconditionals="0" methods="0" coveredmethods="0"/>
        <line num="3" count="1" type="stmt"/>
      </file>
      <file name="jobPerformanceReview.js" path="C:\Users\khi_h\Desktop\Projets\JoudEnglishApp\src\data\conversation\B2\scenarios\jobPerformanceReview.js">
        <metrics statements="1" coveredstatements="1" conditionals="0" coveredconditionals="0" methods="0" coveredmethods="0"/>
        <line num="3" count="1" type="stmt"/>
      </file>
      <file name="mediationConflict.js" path="C:\Users\khi_h\Desktop\Projets\JoudEnglishApp\src\data\conversation\B2\scenarios\mediationConflict.js">
        <metrics statements="1" coveredstatements="1" conditionals="0" coveredconditionals="0" methods="0" coveredmethods="0"/>
        <line num="3" count="1" type="stmt"/>
      </file>
      <file name="moralDilemma.js" path="C:\Users\khi_h\Desktop\Projets\JoudEnglishApp\src\data\conversation\B2\scenarios\moralDilemma.js">
        <metrics statements="1" coveredstatements="1" conditionals="0" coveredconditionals="0" methods="0" coveredmethods="0"/>
        <line num="3" count="1" type="stmt"/>
      </file>
      <file name="negotiatingContract.js" path="C:\Users\khi_h\Desktop\Projets\JoudEnglishApp\src\data\conversation\B2\scenarios\negotiatingContract.js">
        <metrics statements="1" coveredstatements="1" conditionals="0" coveredconditionals="0" methods="0" coveredmethods="0"/>
        <line num="3" count="1" type="stmt"/>
      </file>
      <file name="persuasiveArgument.js" path="C:\Users\khi_h\Desktop\Projets\JoudEnglishApp\src\data\conversation\B2\scenarios\persuasiveArgument.js">
        <metrics statements="1" coveredstatements="1" conditionals="0" coveredconditionals="0" methods="0" coveredmethods="0"/>
        <line num="3" count="1" type="stmt"/>
      </file>
      <file name="presentingIdeas.js" path="C:\Users\khi_h\Desktop\Projets\JoudEnglishApp\src\data\conversation\B2\scenarios\presentingIdeas.js">
        <metrics statements="1" coveredstatements="1" conditionals="0" coveredconditionals="0" methods="0" coveredmethods="0"/>
        <line num="3" count="1" type="stmt"/>
      </file>
      <file name="psychologicalAnalysis.js" path="C:\Users\khi_h\Desktop\Projets\JoudEnglishApp\src\data\conversation\B2\scenarios\psychologicalAnalysis.js">
        <metrics statements="1" coveredstatements="1" conditionals="0" coveredconditionals="0" methods="0" coveredmethods="0"/>
        <line num="3" count="1" type="stmt"/>
      </file>
      <file name="scientificResearch.js" path="C:\Users\khi_h\Desktop\Projets\JoudEnglishApp\src\data\conversation\B2\scenarios\scientificResearch.js">
        <metrics statements="1" coveredstatements="1" conditionals="0" coveredconditionals="0" methods="0" coveredmethods="0"/>
        <line num="3" count="1" type="stmt"/>
      </file>
      <file name="technicalExplanation.js" path="C:\Users\khi_h\Desktop\Projets\JoudEnglishApp\src\data\conversation\B2\scenarios\technicalExplanation.js">
        <metrics statements="1" coveredstatements="1" conditionals="0" coveredconditionals="0" methods="0" coveredmethods="0"/>
        <line num="3" count="1" type="stmt"/>
      </file>
    </package>
    <package name="data.conversation.C1">
      <metrics statements="1" coveredstatements="1" conditionals="0" coveredconditionals="0" methods="0" coveredmethods="0"/>
      <file name="index.js" path="C:\Users\khi_h\Desktop\Projets\JoudEnglishApp\src\data\conversation\C1\index.js">
        <metrics statements="1" coveredstatements="1" conditionals="0" coveredconditionals="0" methods="0" coveredmethods="0"/>
        <line num="18" count="1" type="stmt"/>
      </file>
    </package>
    <package name="data.conversation.C1.scenarios">
      <metrics statements="11" coveredstatements="11" conditionals="0" coveredconditionals="0" methods="0" coveredmethods="0"/>
      <file name="academicPresentation.js" path="C:\Users\khi_h\Desktop\Projets\JoudEnglishApp\src\data\conversation\C1\scenarios\academicPresentation.js">
        <metrics statements="0" coveredstatements="0" conditionals="0" coveredconditionals="0" methods="0" coveredmethods="0"/>
      </file>
      <file name="corporateStrategy.js" path="C:\Users\khi_h\Desktop\Projets\JoudEnglishApp\src\data\conversation\C1\scenarios\corporateStrategy.js">
        <metrics statements="1" coveredstatements="1" conditionals="0" coveredconditionals="0" methods="0" coveredmethods="0"/>
        <line num="3" count="1" type="stmt"/>
      </file>
      <file name="culturalDiplomacy.js" path="C:\Users\khi_h\Desktop\Projets\JoudEnglishApp\src\data\conversation\C1\scenarios\culturalDiplomacy.js">
        <metrics statements="1" coveredstatements="1" conditionals="0" coveredconditionals="0" methods="0" coveredmethods="0"/>
        <line num="3" count="1" type="stmt"/>
      </file>
      <file name="diplomaticNegotiation.js" path="C:\Users\khi_h\Desktop\Projets\JoudEnglishApp\src\data\conversation\C1\scenarios\diplomaticNegotiation.js">
        <metrics statements="1" coveredstatements="1" conditionals="0" coveredconditionals="0" methods="0" coveredmethods="0"/>
        <line num="3" count="1" type="stmt"/>
      </file>
      <file name="ethicalDilemma.js" path="C:\Users\khi_h\Desktop\Projets\JoudEnglishApp\src\data\conversation\C1\scenarios\ethicalDilemma.js">
        <metrics statements="1" coveredstatements="1" conditionals="0" coveredconditionals="0" methods="0" coveredmethods="0"/>
        <line num="3" count="1" type="stmt"/>
      </file>
      <file name="financialConsulting.js" path="C:\Users\khi_h\Desktop\Projets\JoudEnglishApp\src\data\conversation\C1\scenarios\financialConsulting.js">
        <metrics statements="1" coveredstatements="1" conditionals="0" coveredconditionals="0" methods="0" coveredmethods="0"/>
        <line num="3" count="1" type="stmt"/>
      </file>
      <file name="literaryAnalysis.js" path="C:\Users\khi_h\Desktop\Projets\JoudEnglishApp\src\data\conversation\C1\scenarios\literaryAnalysis.js">
        <metrics statements="1" coveredstatements="1" conditionals="0" coveredconditionals="0" methods="0" coveredmethods="0"/>
        <line num="3" count="1" type="stmt"/>
      </file>
      <file name="medicalConsultation.js" path="C:\Users\khi_h\Desktop\Projets\JoudEnglishApp\src\data\conversation\C1\scenarios\medicalConsultation.js">
        <metrics statements="1" coveredstatements="1" conditionals="0" coveredconditionals="0" methods="0" coveredmethods="0"/>
        <line num="3" count="1" type="stmt"/>
      </file>
      <file name="programmingParadigmDebate.js" path="C:\Users\khi_h\Desktop\Projets\JoudEnglishApp\src\data\conversation\C1\scenarios\programmingParadigmDebate.js">
        <metrics statements="1" coveredstatements="1" conditionals="0" coveredconditionals="0" methods="0" coveredmethods="0"/>
        <line num="3" count="2" type="stmt"/>
      </file>
      <file name="psychotherapySession.js" path="C:\Users\khi_h\Desktop\Projets\JoudEnglishApp\src\data\conversation\C1\scenarios\psychotherapySession.js">
        <metrics statements="1" coveredstatements="1" conditionals="0" coveredconditionals="0" methods="0" coveredmethods="0"/>
        <line num="3" count="1" type="stmt"/>
      </file>
      <file name="researchMethodology.js" path="C:\Users\khi_h\Desktop\Projets\JoudEnglishApp\src\data\conversation\C1\scenarios\researchMethodology.js">
        <metrics statements="1" coveredstatements="1" conditionals="0" coveredconditionals="0" methods="0" coveredmethods="0"/>
        <line num="3" count="1" type="stmt"/>
      </file>
      <file name="socialPolicyDebate.js" path="C:\Users\khi_h\Desktop\Projets\JoudEnglishApp\src\data\conversation\C1\scenarios\socialPolicyDebate.js">
        <metrics statements="1" coveredstatements="1" conditionals="0" coveredconditionals="0" methods="0" coveredmethods="0"/>
        <line num="3" count="1" type="stmt"/>
      </file>
    </package>
    <package name="data.conversation.C2">
      <metrics statements="1" coveredstatements="1" conditionals="0" coveredconditionals="0" methods="0" coveredmethods="0"/>
      <file name="index.js" path="C:\Users\khi_h\Desktop\Projets\JoudEnglishApp\src\data\conversation\C2\index.js">
        <metrics statements="1" coveredstatements="1" conditionals="0" coveredconditionals="0" methods="0" coveredmethods="0"/>
        <line num="16" count="1" type="stmt"/>
      </file>
    </package>
    <package name="data.conversation.C2.scenarios">
      <metrics statements="10" coveredstatements="10" conditionals="0" coveredconditionals="0" methods="0" coveredmethods="0"/>
      <file name="advancedLinguistics.js" path="C:\Users\khi_h\Desktop\Projets\JoudEnglishApp\src\data\conversation\C2\scenarios\advancedLinguistics.js">
        <metrics statements="1" coveredstatements="1" conditionals="0" coveredconditionals="0" methods="0" coveredmethods="0"/>
        <line num="3" count="1" type="stmt"/>
      </file>
      <file name="diplomaticCrisisMediation.js" path="C:\Users\khi_h\Desktop\Projets\JoudEnglishApp\src\data\conversation\C2\scenarios\diplomaticCrisisMediation.js">
        <metrics statements="1" coveredstatements="1" conditionals="0" coveredconditionals="0" methods="0" coveredmethods="0"/>
        <line num="1" count="1" type="stmt"/>
      </file>
      <file name="economicPolicyAnalysis.js" path="C:\Users\khi_h\Desktop\Projets\JoudEnglishApp\src\data\conversation\C2\scenarios\economicPolicyAnalysis.js">
        <metrics statements="1" coveredstatements="1" conditionals="0" coveredconditionals="0" methods="0" coveredmethods="0"/>
        <line num="3" count="1" type="stmt"/>
      </file>
      <file name="internationalRelations.js" path="C:\Users\khi_h\Desktop\Projets\JoudEnglishApp\src\data\conversation\C2\scenarios\internationalRelations.js">
        <metrics statements="1" coveredstatements="1" conditionals="0" coveredconditionals="0" methods="0" coveredmethods="0"/>
        <line num="3" count="1" type="stmt"/>
      </file>
      <file name="judicialReasoning.js" path="C:\Users\khi_h\Desktop\Projets\JoudEnglishApp\src\data\conversation\C2\scenarios\judicialReasoning.js">
        <metrics statements="1" coveredstatements="1" conditionals="0" coveredconditionals="0" methods="0" coveredmethods="0"/>
        <line num="3" count="1" type="stmt"/>
      </file>
      <file name="literaryCriticism.js" path="C:\Users\khi_h\Desktop\Projets\JoudEnglishApp\src\data\conversation\C2\scenarios\literaryCriticism.js">
        <metrics statements="1" coveredstatements="1" conditionals="0" coveredconditionals="0" methods="0" coveredmethods="0"/>
        <line num="3" count="2" type="stmt"/>
      </file>
      <file name="neuroscientificTheories.js" path="C:\Users\khi_h\Desktop\Projets\JoudEnglishApp\src\data\conversation\C2\scenarios\neuroscientificTheories.js">
        <metrics statements="1" coveredstatements="1" conditionals="0" coveredconditionals="0" methods="0" coveredmethods="0"/>
        <line num="3" count="1" type="stmt"/>
      </file>
      <file name="quantumComputingExplanation.js" path="C:\Users\khi_h\Desktop\Projets\JoudEnglishApp\src\data\conversation\C2\scenarios\quantumComputingExplanation.js">
        <metrics statements="1" coveredstatements="1" conditionals="0" coveredconditionals="0" methods="0" coveredmethods="0"/>
        <line num="3" count="1" type="stmt"/>
      </file>
      <file name="silenceCommunication.js" path="C:\Users\khi_h\Desktop\Projets\JoudEnglishApp\src\data\conversation\C2\scenarios\silenceCommunication.js">
        <metrics statements="1" coveredstatements="1" conditionals="0" coveredconditionals="0" methods="0" coveredmethods="0"/>
        <line num="1" count="1" type="stmt"/>
      </file>
      <file name="theoreticalPhysics.js" path="C:\Users\khi_h\Desktop\Projets\JoudEnglishApp\src\data\conversation\C2\scenarios\theoreticalPhysics.js">
        <metrics statements="1" coveredstatements="1" conditionals="0" coveredconditionals="0" methods="0" coveredmethods="0"/>
        <line num="3" count="1" type="stmt"/>
      </file>
    </package>
    <package name="data.errorCorrection.A1">
      <metrics statements="23" coveredstatements="19" conditionals="17" coveredconditionals="14" methods="10" coveredmethods="4"/>
      <file name="index.js" path="C:\Users\khi_h\Desktop\Projets\JoudEnglishApp\src\data\errorCorrection\A1\index.js">
        <metrics statements="23" coveredstatements="19" conditionals="17" coveredconditionals="14" methods="10" coveredmethods="4"/>
        <line num="8" count="1" type="stmt"/>
        <line num="15" count="1" type="stmt"/>
        <line num="16" count="74" type="cond" truecount="2" falsecount="0"/>
        <line num="17" count="45" type="stmt"/>
        <line num="20" count="29" type="stmt"/>
        <line num="21" count="29" type="stmt"/>
        <line num="24" count="1" type="stmt"/>
        <line num="91" count="0" type="stmt"/>
        <line num="95" count="0" type="stmt"/>
        <line num="99" count="0" type="stmt"/>
        <line num="100" count="0" type="cond" truecount="0" falsecount="2"/>
        <line num="106" count="1" type="stmt"/>
        <line num="107" count="1" type="stmt"/>
        <line num="109" count="1" type="stmt"/>
        <line num="111" count="24" type="stmt"/>
        <line num="112" count="144" type="cond" truecount="2" falsecount="0"/>
        <line num="116" count="24" type="stmt"/>
        <line num="119" count="24" type="stmt"/>
        <line num="120" count="24" type="cond" truecount="2" falsecount="0"/>
        <line num="121" count="7" type="cond" truecount="2" falsecount="0"/>
        <line num="123" count="17" type="cond" truecount="2" falsecount="0"/>
        <line num="126" count="24" type="cond" truecount="3" falsecount="0"/>
        <line num="132" count="1" type="cond" truecount="1" falsecount="1"/>
      </file>
    </package>
    <package name="data.errorCorrection.A1.categories">
      <metrics statements="3" coveredstatements="3" conditionals="0" coveredconditionals="0" methods="0" coveredmethods="0"/>
      <file name="errorCorrectionA1Full.js" path="C:\Users\khi_h\Desktop\Projets\JoudEnglishApp\src\data\errorCorrection\A1\categories\errorCorrectionA1Full.js">
        <metrics statements="1" coveredstatements="1" conditionals="0" coveredconditionals="0" methods="0" coveredmethods="0"/>
        <line num="3" count="1" type="stmt"/>
      </file>
      <file name="errorCorrectionA1Identify.js" path="C:\Users\khi_h\Desktop\Projets\JoudEnglishApp\src\data\errorCorrection\A1\categories\errorCorrectionA1Identify.js">
        <metrics statements="1" coveredstatements="1" conditionals="0" coveredconditionals="0" methods="0" coveredmethods="0"/>
        <line num="3" count="1" type="stmt"/>
      </file>
      <file name="errorCorrectionA1MultipleChoice.js" path="C:\Users\khi_h\Desktop\Projets\JoudEnglishApp\src\data\errorCorrection\A1\categories\errorCorrectionA1MultipleChoice.js">
        <metrics statements="1" coveredstatements="1" conditionals="0" coveredconditionals="0" methods="0" coveredmethods="0"/>
        <line num="3" count="1" type="stmt"/>
      </file>
    </package>
    <package name="data.errorCorrection.A2">
      <metrics statements="28" coveredstatements="20" conditionals="24" coveredconditionals="21" methods="14" coveredmethods="4"/>
      <file name="index.js" path="C:\Users\khi_h\Desktop\Projets\JoudEnglishApp\src\data\errorCorrection\A2\index.js">
        <metrics statements="28" coveredstatements="20" conditionals="24" coveredconditionals="21" methods="14" coveredmethods="4"/>
        <line num="8" count="1" type="stmt"/>
        <line num="15" count="1" type="stmt"/>
        <line num="16" count="94" type="cond" truecount="2" falsecount="0"/>
        <line num="17" count="54" type="stmt"/>
        <line num="20" count="40" type="stmt"/>
        <line num="21" count="40" type="stmt"/>
        <line num="24" count="1" type="stmt"/>
        <line num="96" count="0" type="stmt"/>
        <line num="100" count="0" type="stmt"/>
        <line num="104" count="0" type="stmt"/>
        <line num="105" count="0" type="cond" truecount="0" falsecount="2"/>
        <line num="111" count="0" type="stmt"/>
        <line num="112" count="0" type="stmt"/>
        <line num="113" count="0" type="stmt"/>
        <line num="119" count="1" type="stmt"/>
        <line num="120" count="1" type="stmt"/>
        <line num="122" count="1" type="stmt"/>
        <line num="124" count="30" type="stmt"/>
        <line num="125" count="180" type="cond" truecount="2" falsecount="0"/>
        <line num="129" count="30" type="stmt"/>
        <line num="132" count="30" type="cond" truecount="2" falsecount="0"/>
        <line num="135" count="30" type="stmt"/>
        <line num="136" count="30" type="cond" truecount="2" falsecount="0"/>
        <line num="137" count="8" type="cond" truecount="6" falsecount="0"/>
        <line num="144" count="22" type="cond" truecount="2" falsecount="0"/>
        <line num="147" count="30" type="cond" truecount="4" falsecount="0"/>
        <line num="153" count="0" type="stmt"/>
        <line num="169" count="1" type="cond" truecount="1" falsecount="1"/>
      </file>
    </package>
    <package name="data.errorCorrection.A2.categories">
      <metrics statements="3" coveredstatements="3" conditionals="0" coveredconditionals="0" methods="0" coveredmethods="0"/>
      <file name="errorCorrectionA2Full.js" path="C:\Users\khi_h\Desktop\Projets\JoudEnglishApp\src\data\errorCorrection\A2\categories\errorCorrectionA2Full.js">
        <metrics statements="1" coveredstatements="1" conditionals="0" coveredconditionals="0" methods="0" coveredmethods="0"/>
        <line num="3" count="1" type="stmt"/>
      </file>
      <file name="errorCorrectionA2Identify.js" path="C:\Users\khi_h\Desktop\Projets\JoudEnglishApp\src\data\errorCorrection\A2\categories\errorCorrectionA2Identify.js">
        <metrics statements="1" coveredstatements="1" conditionals="0" coveredconditionals="0" methods="0" coveredmethods="0"/>
        <line num="3" count="1" type="stmt"/>
      </file>
      <file name="errorCorrectionA2MultipleChoice.js" path="C:\Users\khi_h\Desktop\Projets\JoudEnglishApp\src\data\errorCorrection\A2\categories\errorCorrectionA2MultipleChoice.js">
        <metrics statements="1" coveredstatements="1" conditionals="0" coveredconditionals="0" methods="0" coveredmethods="0"/>
        <line num="3" count="1" type="stmt"/>
      </file>
    </package>
    <package name="data.errorCorrection.B1">
      <metrics statements="41" coveredstatements="21" conditionals="29" coveredconditionals="22" methods="24" coveredmethods="4"/>
      <file name="index.js" path="C:\Users\khi_h\Desktop\Projets\JoudEnglishApp\src\data\errorCorrection\B1\index.js">
[...]
        <line num="330" count="0" type="stmt"/>
        <line num="331" count="0" type="stmt"/>
        <line num="332" count="0" type="stmt"/>
        <line num="334" count="0" type="stmt"/>
        <line num="335" count="0" type="stmt"/>
        <line num="337" count="0" type="cond" truecount="0" falsecount="2"/>
        <line num="338" count="0" type="stmt"/>
        <line num="339" count="0" type="stmt"/>
        <line num="340" count="0" type="stmt"/>
        <line num="341" count="0" type="cond" truecount="0" falsecount="2"/>
        <line num="344" count="0" type="stmt"/>
        <line num="345" count="0" type="stmt"/>
        <line num="349" count="0" type="stmt"/>
        <line num="350" count="0" type="stmt"/>
        <line num="352" count="0" type="stmt"/>
        <line num="353" count="0" type="stmt"/>
        <line num="359" count="1" type="cond" truecount="1" falsecount="1"/>
        <line num="368" count="1" type="stmt"/>
      </file>
      <file name="timeConstants.js" path="C:\Users\khi_h\Desktop\Projets\JoudEnglishApp\src\utils\timeConstants.js">
        <metrics statements="8" coveredstatements="8" conditionals="0" coveredconditionals="0" methods="1" coveredmethods="1"/>
        <line num="7" count="16" type="stmt"/>
        <line num="14" count="16" type="stmt"/>
        <line num="21" count="16" type="stmt"/>
        <line num="38" count="16" type="stmt"/>
        <line num="51" count="16" type="stmt"/>
        <line num="52" count="144" type="stmt"/>
        <line num="53" count="144" type="stmt"/>
        <line num="57" count="16" type="stmt"/>
      </file>
      <file name="timeUtils.js" path="C:\Users\khi_h\Desktop\Projets\JoudEnglishApp\src\utils\timeUtils.js">
        <metrics statements="64" coveredstatements="64" conditionals="47" coveredconditionals="46" methods="16" coveredmethods="16"/>
        <line num="13" count="16" type="stmt"/>
        <line num="14" count="180" type="stmt"/>
        <line num="28" count="16" type="stmt"/>
        <line num="29" count="7" type="cond" truecount="4" falsecount="0"/>
        <line num="30" count="3" type="stmt"/>
        <line num="33" count="4" type="stmt"/>
        <line num="36" count="4" type="stmt"/>
        <line num="37" count="36" type="stmt"/>
        <line num="39" count="36" type="cond" truecount="2" falsecount="0"/>
        <line num="40" count="12" type="stmt"/>
        <line num="42" count="24" type="stmt"/>
        <line num="46" count="4" type="stmt"/>
        <line num="54" count="16" type="stmt"/>
        <line num="55" count="5" type="cond" truecount="4" falsecount="0"/>
        <line num="56" count="3" type="stmt"/>
        <line num="59" count="2" type="stmt"/>
        <line num="60" count="2" type="stmt"/>
        <line num="68" count="16" type="stmt"/>
        <line num="69" count="8" type="cond" truecount="2" falsecount="0"/>
        <line num="70" count="4" type="stmt"/>
        <line num="73" count="4" type="stmt"/>
        <line num="81" count="16" type="stmt"/>
        <line num="82" count="15" type="cond" truecount="5" falsecount="0"/>
        <line num="83" count="4" type="stmt"/>
        <line num="86" count="11" type="stmt"/>
        <line num="94" count="16" type="stmt"/>
        <line num="95" count="12" type="cond" truecount="2" falsecount="0"/>
        <line num="96" count="4" type="stmt"/>
        <line num="99" count="8" type="stmt"/>
        <line num="100" count="8" type="stmt"/>
        <line num="102" count="8" type="cond" truecount="2" falsecount="0"/>
        <line num="103" count="3" type="stmt"/>
        <line num="106" count="5" type="cond" truecount="2" falsecount="0"/>
        <line num="107" count="3" type="stmt"/>
        <line num="110" count="2" type="stmt"/>
        <line num="118" count="16" type="stmt"/>
        <line num="119" count="9" type="cond" truecount="2" falsecount="0"/>
        <line num="120" count="3" type="stmt"/>
        <line num="123" count="6" type="stmt"/>
        <line num="124" count="6" type="stmt"/>
        <line num="126" count="6" type="stmt"/>
        <line num="134" count="16" type="stmt"/>
        <line num="135" count="24" type="cond" truecount="4" falsecount="0"/>
        <line num="136" count="5" type="stmt"/>
        <line num="140" count="19" type="stmt"/>
        <line num="141" count="19" type="stmt"/>
        <line num="142" count="108" type="cond" truecount="2" falsecount="0"/>
        <line num="145" count="19" type="stmt"/>
        <line num="153" count="16" type="stmt"/>
        <line num="154" count="5" type="cond" truecount="2" falsecount="0"/>
        <line num="155" count="4" type="stmt"/>
        <line num="158" count="9" type="stmt"/>
        <line num="166" count="16" type="stmt"/>
        <line num="167" count="3" type="cond" truecount="2" falsecount="0"/>
        <line num="168" count="2" type="stmt"/>
        <line num="171" count="1" type="stmt"/>
        <line num="172" count="9" type="stmt"/>
        <line num="173" count="20" type="stmt"/>
        <line num="183" count="16" type="cond" truecount="1" falsecount="0"/>
        <line num="184" count="10" type="cond" truecount="4" falsecount="0"/>
        <line num="185" count="3" type="stmt"/>
        <line num="188" count="7" type="cond" truecount="1" falsecount="1"/>
        <line num="189" count="7" type="stmt"/>
        <line num="191" count="7" type="stmt"/>
      </file>
    </package>
    <package name="utils.conversation">
      <metrics statements="21" coveredstatements="5" conditionals="14" coveredconditionals="0" methods="6" coveredmethods="0"/>
      <file name="conversationDataHelper.js" path="C:\Users\khi_h\Desktop\Projets\JoudEnglishApp\src\utils\conversation\conversationDataHelper.js">
        <metrics statements="21" coveredstatements="5" conditionals="14" coveredconditionals="0" methods="6" coveredmethods="0"/>
        <line num="19" count="1" type="stmt"/>
        <line num="20" count="0" type="stmt"/>
        <line num="42" count="0" type="cond" truecount="0" falsecount="2"/>
        <line num="50" count="1" type="stmt"/>
        <line num="51" count="0" type="stmt"/>
        <line num="59" count="0" type="cond" truecount="0" falsecount="2"/>
        <line num="67" count="1" type="stmt"/>
        <line num="68" count="0" type="stmt"/>
        <line num="69" count="0" type="cond" truecount="0" falsecount="2"/>
        <line num="77" count="1" type="stmt"/>
        <line num="78" count="0" type="stmt"/>
        <line num="79" count="0" type="cond" truecount="0" falsecount="2"/>
        <line num="81" count="0" type="stmt"/>
        <line num="82" count="0" type="cond" truecount="0" falsecount="2"/>
        <line num="91" count="1" type="stmt"/>
        <line num="92" count="0" type="stmt"/>
        <line num="94" count="0" type="cond" truecount="0" falsecount="2"/>
        <line num="95" count="0" type="stmt"/>
        <line num="101" count="0" type="stmt"/>
        <line num="102" count="0" type="stmt"/>
        <line num="104" count="0" type="stmt"/>
      </file>
    </package>
    <package name="utils.errorCorrection">
      <metrics statements="127" coveredstatements="14" conditionals="107" coveredconditionals="0" methods="29" coveredmethods="0"/>
      <file name="errorCorrectionDataHelper.js" path="C:\Users\khi_h\Desktop\Projets\JoudEnglishApp\src\utils\errorCorrection\errorCorrectionDataHelper.js">
        <metrics statements="127" coveredstatements="14" conditionals="107" coveredconditionals="0" methods="29" coveredmethods="0"/>
        <line num="27" count="1" type="stmt"/>
        <line num="28" count="0" type="stmt"/>
        <line num="37" count="0" type="cond" truecount="0" falsecount="2"/>
        <line num="45" count="1" type="stmt"/>
        <line num="46" count="0" type="stmt"/>
        <line num="54" count="0" type="cond" truecount="0" falsecount="2"/>
        <line num="62" count="1" type="stmt"/>
        <line num="63" count="0" type="stmt"/>
        <line num="118" count="0" type="cond" truecount="0" falsecount="2"/>
        <line num="126" count="1" type="stmt"/>
        <line num="127" count="0" type="stmt"/>
        <line num="141" count="0" type="stmt"/>
        <line num="142" count="0" type="stmt"/>
        <line num="144" count="0" type="cond" truecount="0" falsecount="2"/>
        <line num="145" count="0" type="stmt"/>
        <line num="146" count="0" type="stmt"/>
        <line num="147" count="0" type="cond" truecount="0" falsecount="2"/>
        <line num="150" count="0" type="cond" truecount="0" falsecount="2"/>
        <line num="151" count="0" type="stmt"/>
        <line num="159" count="0" type="cond" truecount="0" falsecount="2"/>
        <line num="160" count="0" type="stmt"/>
        <line num="169" count="0" type="stmt"/>
        <line num="170" count="0" type="cond" truecount="0" falsecount="2"/>
        <line num="172" count="0" type="stmt"/>
        <line num="175" count="0" type="stmt"/>
        <line num="180" count="0" type="stmt"/>
        <line num="181" count="0" type="stmt"/>
        <line num="182" count="0" type="stmt"/>
        <line num="188" count="0" type="stmt"/>
        <line num="195" count="1" type="stmt"/>
        <line num="196" count="0" type="stmt"/>
        <line num="197" count="0" type="stmt"/>
        <line num="211" count="0" type="stmt"/>
        <line num="212" count="0" type="stmt"/>
        <line num="213" count="0" type="stmt"/>
        <line num="215" count="0" type="cond" truecount="0" falsecount="2"/>
        <line num="216" count="0" type="stmt"/>
        <line num="217" count="0" type="stmt"/>
        <line num="218" count="0" type="stmt"/>
        <line num="221" count="0" type="stmt"/>
        <line num="222" count="0" type="stmt"/>
        <line num="223" count="0" type="stmt"/>
        <line num="227" count="0" type="stmt"/>
        <line num="235" count="0" type="stmt"/>
        <line num="244" count="1" type="stmt"/>
        <line num="245" count="0" type="stmt"/>
        <line num="246" count="0" type="cond" truecount="0" falsecount="2"/>
        <line num="247" count="0" type="stmt"/>
        <line num="249" count="0" type="cond" truecount="0" falsecount="2"/>
        <line num="258" count="1" type="stmt"/>
        <line num="259" count="0" type="stmt"/>
        <line num="260" count="0" type="cond" truecount="0" falsecount="2"/>
        <line num="261" count="0" type="stmt"/>
        <line num="263" count="0" type="cond" truecount="0" falsecount="2"/>
        <line num="273" count="1" type="stmt"/>
        <line num="274" count="0" type="stmt"/>
        <line num="275" count="0" type="cond" truecount="0" falsecount="2"/>
        <line num="276" count="0" type="stmt"/>
        <line num="278" count="0" type="stmt"/>
        <line num="280" count="0" type="cond" truecount="0" falsecount="2"/>
        <line num="290" count="1" type="stmt"/>
        <line num="291" count="0" type="cond" truecount="0" falsecount="4"/>
        <line num="292" count="0" type="stmt"/>
        <line num="296" count="0" type="stmt"/>
        <line num="305" count="0" type="stmt"/>
        <line num="306" count="0" type="cond" truecount="0" falsecount="2"/>
        <line num="308" count="0" type="stmt"/>
        <line num="313" count="0" type="stmt"/>
        <line num="314" count="0" type="cond" truecount="0" falsecount="2"/>
        <line num="316" count="0" type="stmt"/>
        <line num="320" count="0" type="cond" truecount="0" falsecount="2"/>
        <line num="321" count="0" type="cond" truecount="0" falsecount="2"/>
        <line num="327" count="0" type="stmt"/>
        <line num="330" count="0" type="cond" truecount="0" falsecount="2"/>
        <line num="336" count="0" type="stmt"/>
        <line num="340" count="0" type="cond" truecount="0" falsecount="4"/>
        <line num="342" count="0" type="stmt"/>
        <line num="346" count="0" type="stmt"/>
        <line num="354" count="1" type="stmt"/>
        <line num="355" count="0" type="stmt"/>
        <line num="357" count="0" type="cond" truecount="0" falsecount="4"/>
        <line num="358" count="0" type="stmt"/>
        <line num="365" count="0" type="stmt"/>
        <line num="379" count="0" type="stmt"/>
        <line num="380" count="0" type="cond" truecount="0" falsecount="2"/>
        <line num="381" count="0" type="stmt"/>
        <line num="382" count="0" type="stmt"/>
        <line num="383" count="0" type="stmt"/>
        <line num="390" count="0" type="cond" truecount="0" falsecount="2"/>
        <line num="391" count="0" type="stmt"/>
        <line num="397" count="0" type="cond" truecount="0" falsecount="4"/>
        <line num="398" count="0" type="stmt"/>
        <line num="399" count="0" type="stmt"/>
        <line num="402" count="0" type="stmt"/>
        <line num="412" count="1" type="stmt"/>
        <line num="417" count="0" type="stmt"/>
        <line num="419" count="0" type="cond" truecount="0" falsecount="5"/>
        <line num="420" count="0" type="stmt"/>
        <line num="423" count="0" type="stmt"/>
        <line num="426" count="0" type="cond" truecount="0" falsecount="2"/>
        <line num="427" count="0" type="stmt"/>
        <line num="431" count="0" type="cond" truecount="0" falsecount="2"/>
        <line num="432" count="0" type="stmt"/>
        <line num="433" count="0" type="stmt"/>
        <line num="437" count="0" type="cond" truecount="0" falsecount="2"/>
        <line num="438" count="0" type="stmt"/>
        <line num="441" count="0" type="stmt"/>
        <line num="442" count="0" type="stmt"/>
        <line num="455" count="1" type="stmt"/>
        <line num="456" count="0" type="stmt"/>
        <line num="480" count="0" type="cond" truecount="0" falsecount="2"/>
        <line num="490" count="1" type="stmt"/>
        <line num="495" count="0" type="stmt"/>
        <line num="497" count="0" type="cond" truecount="0" falsecount="4"/>
        <line num="498" count="0" type="stmt"/>
        <line num="502" count="0" type="stmt"/>
        <line num="503" count="0" type="stmt"/>
        <line num="507" count="0" type="cond" truecount="0" falsecount="2"/>
        <line num="508" count="0" type="stmt"/>
        <line num="512" count="0" type="stmt"/>
        <line num="514" count="0" type="stmt"/>
        <line num="515" count="0" type="stmt"/>
        <line num="516" count="0" type="stmt"/>
        <line num="518" count="0" type="stmt"/>
        <line num="521" count="0" type="stmt"/>
        <line num="527" count="1" type="stmt"/>
        <line num="528" count="0" type="stmt"/>
      </file>
    </package>
    <package name="utils.grammar">
      <metrics statements="36" coveredstatements="24" conditionals="26" coveredconditionals="8" methods="13" coveredmethods="8"/>
      <file name="grammarDataHelper.js" path="C:\Users\khi_h\Desktop\Projets\JoudEnglishApp\src\utils\grammar\grammarDataHelper.js">
        <metrics statements="20" coveredstatements="9" conditionals="14" coveredconditionals="2" methods="6" coveredmethods="2"/>
        <line num="16" count="1" type="stmt"/>
        <line num="17" count="4" type="stmt"/>
        <line num="26" count="4" type="cond" truecount="1" falsecount="1"/>
        <line num="34" count="1" type="stmt"/>
        <line num="35" count="4" type="stmt"/>
        <line num="43" count="4" type="cond" truecount="1" falsecount="1"/>
        <line num="51" count="1" type="stmt"/>
        <line num="52" count="0" type="stmt"/>
        <line num="53" count="0" type="cond" truecount="0" falsecount="2"/>
        <line num="61" count="1" type="stmt"/>
        <line num="62" count="0" type="stmt"/>
        <line num="63" count="0" type="cond" truecount="0" falsecount="2"/>
        <line num="65" count="0" type="stmt"/>
        <line num="66" count="0" type="cond" truecount="0" falsecount="2"/>
        <line num="75" count="1" type="stmt"/>
        <line num="76" count="0" type="stmt"/>
        <line num="78" count="0" type="cond" truecount="0" falsecount="2"/>
        <line num="84" count="0" type="stmt"/>
        <line num="85" count="0" type="stmt"/>
        <line num="87" count="0" type="stmt"/>
      </file>
      <file name="grammarStats.js" path="C:\Users\khi_h\Desktop\Projets\JoudEnglishApp\src\utils\grammar\grammarStats.js">
        <metrics statements="16" coveredstatements="15" conditionals="12" coveredconditionals="6" methods="7" coveredmethods="6"/>
        <line num="14" count="1" type="stmt"/>
        <line num="15" count="6" type="stmt"/>
        <line num="16" count="120" type="cond" truecount="1" falsecount="1"/>
        <line num="25" count="1" type="stmt"/>
        <line num="26" count="6" type="stmt"/>
        <line num="27" count="0" type="cond" truecount="0" falsecount="2"/>
        <line num="37" count="1" type="stmt"/>
        <line num="38" count="3" type="stmt"/>
        <line num="39" count="3" type="stmt"/>
        <line num="41" count="3" type="cond" truecount="1" falsecount="1"/>
        <line num="50" count="1" type="stmt"/>
        <line num="51" count="3" type="stmt"/>
        <line num="52" count="60" type="cond" truecount="1" falsecount="1"/>
        <line num="53" count="60" type="cond" truecount="2" falsecount="0"/>
        <line num="54" count="60" type="cond" truecount="1" falsecount="1"/>
        <line num="56" count="60" type="stmt"/>
      </file>
    </package>
    <package name="utils.vocabulary">
      <metrics statements="36" coveredstatements="10" conditionals="31" coveredconditionals="0" methods="12" coveredmethods="0"/>
      <file name="vocabularyDataHelper.js" path="C:\Users\khi_h\Desktop\Projets\JoudEnglishApp\src\utils\vocabulary\vocabularyDataHelper.js">
        <metrics statements="36" coveredstatements="10" conditionals="31" coveredconditionals="0" methods="12" coveredmethods="0"/>
        <line num="6" count="2" type="cond" truecount="0" falsecount="1"/>
        <line num="7" count="0" type="stmt"/>
        <line num="37" count="2" type="stmt"/>
        <line num="38" count="0" type="cond" truecount="0" falsecount="4"/>
        <line num="39" count="0" type="stmt"/>
        <line num="42" count="0" type="stmt"/>
        <line num="58" count="2" type="cond" truecount="0" falsecount="1"/>
        <line num="59" count="0" type="cond" truecount="0" falsecount="2"/>
        <line num="60" count="0" type="stmt"/>
        <line num="70" count="0" type="cond" truecount="0" falsecount="2"/>
        <line num="74" count="0" type="stmt"/>
        <line num="84" count="0" type="cond" truecount="0" falsecount="2"/>
        <line num="92" count="2" type="stmt"/>
        <line num="93" count="0" type="stmt"/>
        <line num="101" count="2" type="stmt"/>
        <line num="102" count="0" type="stmt"/>
        <line num="111" count="0" type="cond" truecount="0" falsecount="2"/>
        <line num="119" count="2" type="stmt"/>
        <line num="120" count="0" type="stmt"/>
        <line num="129" count="0" type="cond" truecount="0" falsecount="2"/>
        <line num="137" count="2" type="stmt"/>
        <line num="138" count="0" type="stmt"/>
        <line num="147" count="0" type="cond" truecount="0" falsecount="2"/>
        <line num="155" count="2" type="stmt"/>
        <line num="156" count="0" type="stmt"/>
        <line num="165" count="0" type="cond" truecount="0" falsecount="2"/>
        <line num="173" count="2" type="stmt"/>
        <line num="174" count="0" type="stmt"/>
        <line num="183" count="2" type="cond" truecount="0" falsecount="1"/>
        <line num="184" count="0" type="stmt"/>
        <line num="186" count="0" type="cond" truecount="0" falsecount="4"/>
        <line num="187" count="0" type="stmt"/>
        <line num="190" count="0" type="stmt"/>
        <line num="191" count="0" type="stmt"/>
        <line num="192" count="0" type="cond" truecount="0" falsecount="2"/>
        <line num="195" count="0" type="stmt"/>
      </file>
    </package>
  </project>
</coverage>
