{"C:\\Users\\khi_h\\Desktop\\Projets\\JoudEnglishApp\\src\\components\\exercise-common\\CategorySelector\\index.js": {"path":"C:\\Users\\khi_h\\Desktop\\Projets\\JoudEnglishApp\\src\\components\\exercise-common\\CategorySelector\\index.js","statementMap":{"0":{"start":{"line":8,"column":25},"end":{"line":245,"column":1}},"1":{"start":{"line":14,"column":17},"end":{"line":14,"column":43}},"2":{"start":{"line":15,"column":24},"end":{"line":15,"column":36}},"3":{"start":{"line":17,"column":24},"end":{"line":17,"column":34}},"4":{"start":{"line":18,"column":29},"end":{"line":18,"column":39}},"5":{"start":{"line":19,"column":25},"end":{"line":19,"column":35}},"6":{"start":{"line":23,"column":25},"end":{"line":23,"column":38}},"7":{"start":{"line":25,"column":34},"end":{"line":25,"column":58}},"8":{"start":{"line":27,"column":2},"end":{"line":44,"column":37}},"9":{"start":{"line":28,"column":26},"end":{"line":28,"column":28}},"10":{"start":{"line":29,"column":31},"end":{"line":29,"column":33}},"11":{"start":{"line":30,"column":27},"end":{"line":30,"column":29}},"12":{"start":{"line":32,"column":4},"end":{"line":38,"column":7}},"13":{"start":{"line":33,"column":6},"end":{"line":35,"column":8}},"14":{"start":{"line":36,"column":6},"end":{"line":36,"column":105}},"15":{"start":{"line":37,"column":6},"end":{"line":37,"column":80}},"16":{"start":{"line":40,"column":4},"end":{"line":40,"column":42}},"17":{"start":{"line":41,"column":4},"end":{"line":41,"column":52}},"18":{"start":{"line":42,"column":4},"end":{"line":42,"column":44}},"19":{"start":{"line":46,"column":24},"end":{"line":55,"column":8}},"20":{"start":{"line":47,"column":27},"end":{"line":47,"column":65}},"21":{"start":{"line":48,"column":4},"end":{"line":54,"column":5}},"22":{"start":{"line":49,"column":6},"end":{"line":53,"column":17}},"23":{"start":{"line":57,"column":25},"end":{"line":66,"column":8}},"24":{"start":{"line":58,"column":27},"end":{"line":58,"column":65}},"25":{"start":{"line":59,"column":4},"end":{"line":65,"column":5}},"26":{"start":{"line":60,"column":6},"end":{"line":64,"column":17}},"27":{"start":{"line":68,"column":27},"end":{"line":102,"column":24}},"28":{"start":{"line":69,"column":25},"end":{"line":69,"column":56}},"29":{"start":{"line":70,"column":23},"end":{"line":70,"column":39}},"30":{"start":{"line":72,"column":4},"end":{"line":74,"column":5}},"31":{"start":{"line":73,"column":6},"end":{"line":73,"column":13}},"32":{"start":{"line":77,"column":4},"end":{"line":77,"column":34}},"33":{"start":{"line":78,"column":28},"end":{"line":78,"column":30}},"34":{"start":{"line":79,"column":21},"end":{"line":79,"column":56}},"35":{"start":{"line":80,"column":19},"end":{"line":80,"column":52}},"36":{"start":{"line":82,"column":4},"end":{"line":86,"column":5}},"37":{"start":{"line":83,"column":6},"end":{"line":85,"column":8}},"38":{"start":{"line":88,"column":4},"end":{"line":92,"column":5}},"39":{"start":{"line":89,"column":6},"end":{"line":91,"column":8}},"40":{"start":{"line":94,"column":4},"end":{"line":101,"column":5}},"41":{"start":{"line":95,"column":6},"end":{"line":98,"column":9}},"42":{"start":{"line":97,"column":8},"end":{"line":97,"column":39}},"43":{"start":{"line":100,"column":6},"end":{"line":100,"column":37}},"44":{"start":{"line":104,"column":2},"end":{"line":107,"column":43}},"45":{"start":{"line":105,"column":4},"end":{"line":105,"column":23}},"46":{"start":{"line":106,"column":4},"end":{"line":106,"column":55}},"47":{"start":{"line":109,"column":2},"end":{"line":118,"column":25}},"48":{"start":{"line":110,"column":4},"end":{"line":117,"column":5}},"49":{"start":{"line":111,"column":21},"end":{"line":111,"column":61}},"50":{"start":{"line":112,"column":6},"end":{"line":116,"column":9}},"51":{"start":{"line":120,"column":30},"end":{"line":125,"column":42}},"52":{"start":{"line":122,"column":4},"end":{"line":124,"column":5}},"53":{"start":{"line":123,"column":6},"end":{"line":123,"column":37}},"54":{"start":{"line":127,"column":29},"end":{"line":223,"column":4}},"55":{"start":{"line":128,"column":23},"end":{"line":128,"column":55}},"56":{"start":{"line":129,"column":22},"end":{"line":129,"column":56}},"57":{"start":{"line":130,"column":27},"end":{"line":130,"column":66}},"58":{"start":{"line":132,"column":18},"end":{"line":136,"column":11}},"59":{"start":{"line":138,"column":23},"end":{"line":142,"column":11}},"60":{"start":{"line":144,"column":26},"end":{"line":148,"column":13}},"61":{"start":{"line":150,"column":24},"end":{"line":154,"column":11}},"62":{"start":{"line":156,"column":4},"end":{"line":215,"column":6}},"63":{"start":{"line":160,"column":10},"end":{"line":160,"column":73}},"64":{"start":{"line":171,"column":25},"end":{"line":171,"column":57}},"65":{"start":{"line":172,"column":27},"end":{"line":172,"column":53}},"66":{"start":{"line":173,"column":28},"end":{"line":173,"column":55}},"67":{"start":{"line":225,"column":2},"end":{"line":244,"column":4}},"68":{"start":{"line":247,"column":0},"end":{"line":255,"column":2}},"69":{"start":{"line":258,"column":2},"end":{"line":264,"column":3}},"70":{"start":{"line":263,"column":4},"end":{"line":263,"column":17}},"71":{"start":{"line":266,"column":2},"end":{"line":268,"column":3}},"72":{"start":{"line":267,"column":4},"end":{"line":267,"column":16}},"73":{"start":{"line":270,"column":2},"end":{"line":273,"column":5}},"74":{"start":{"line":271,"column":20},"end":{"line":271,"column":47}},"75":{"start":{"line":272,"column":4},"end":{"line":272,"column":73}}},"fnMap":{"0":{"name":"(anonymous_0)","decl":{"start":{"line":8,"column":25},"end":{"line":8,"column":26}},"loc":{"start":{"line":13,"column":6},"end":{"line":245,"column":1}},"line":13},"1":{"name":"(anonymous_1)","decl":{"start":{"line":27,"column":12},"end":{"line":27,"column":13}},"loc":{"start":{"line":27,"column":18},"end":{"line":44,"column":3}},"line":27},"2":{"name":"(anonymous_2)","decl":{"start":{"line":32,"column":23},"end":{"line":32,"column":24}},"loc":{"start":{"line":32,"column":35},"end":{"line":38,"column":5}},"line":32},"3":{"name":"(anonymous_3)","decl":{"start":{"line":46,"column":36},"end":{"line":46,"column":37}},"loc":{"start":{"line":46,"column":52},"end":{"line":55,"column":3}},"line":46},"4":{"name":"(anonymous_4)","decl":{"start":{"line":57,"column":37},"end":{"line":57,"column":38}},"loc":{"start":{"line":57,"column":53},"end":{"line":66,"column":3}},"line":57},"5":{"name":"(anonymous_5)","decl":{"start":{"line":68,"column":39},"end":{"line":68,"column":40}},"loc":{"start":{"line":68,"column":45},"end":{"line":102,"column":3}},"line":68},"6":{"name":"(anonymous_6)","decl":{"start":{"line":95,"column":47},"end":{"line":95,"column":48}},"loc":{"start":{"line":95,"column":53},"end":{"line":98,"column":7}},"line":95},"7":{"name":"(anonymous_7)","decl":{"start":{"line":104,"column":12},"end":{"line":104,"column":13}},"loc":{"start":{"line":104,"column":18},"end":{"line":107,"column":3}},"line":104},"8":{"name":"(anonymous_8)","decl":{"start":{"line":109,"column":12},"end":{"line":109,"column":13}},"loc":{"start":{"line":109,"column":18},"end":{"line":118,"column":3}},"line":109},"9":{"name":"(anonymous_9)","decl":{"start":{"line":120,"column":42},"end":{"line":120,"column":43}},"loc":{"start":{"line":120,"column":58},"end":{"line":125,"column":3}},"line":120},"10":{"name":"(anonymous_10)","decl":{"start":{"line":127,"column":41},"end":{"line":127,"column":42}},"loc":{"start":{"line":127,"column":55},"end":{"line":216,"column":3}},"line":127},"11":{"name":"(anonymous_11)","decl":{"start":{"line":159,"column":18},"end":{"line":159,"column":19}},"loc":{"start":{"line":159,"column":29},"end":{"line":161,"column":9}},"line":159},"12":{"name":"(anonymous_12)","decl":{"start":{"line":171,"column":19},"end":{"line":171,"column":20}},"loc":{"start":{"line":171,"column":25},"end":{"line":171,"column":57}},"line":171},"13":{"name":"(anonymous_13)","decl":{"start":{"line":172,"column":21},"end":{"line":172,"column":22}},"loc":{"start":{"line":172,"column":27},"end":{"line":172,"column":53}},"line":172},"14":{"name":"(anonymous_14)","decl":{"start":{"line":173,"column":22},"end":{"line":173,"column":23}},"loc":{"start":{"line":173,"column":28},"end":{"line":173,"column":55}},"line":173},"15":{"name":"areEqual","decl":{"start":{"line":257,"column":16},"end":{"line":257,"column":24}},"loc":{"start":{"line":257,"column":47},"end":{"line":274,"column":1}},"line":257},"16":{"name":"(anonymous_16)","decl":{"start":{"line":270,"column":36},"end":{"line":270,"column":37}},"loc":{"start":{"line":270,"column":52},"end":{"line":273,"column":3}},"line":270}},"branchMap":{"0":{"loc":{"start":{"line":9,"column":2},"end":{"line":9,"column":17}},"type":"default-arg","locations":[{"start":{"line":9,"column":15},"end":{"line":9,"column":17}}],"line":9},"1":{"loc":{"start":{"line":12,"column":2},"end":{"line":12,"column":26}},"type":"default-arg","locations":[{"start":{"line":12,"column":17},"end":{"line":12,"column":26}}],"line":12},"2":{"loc":{"start":{"line":33,"column":35},"end":{"line":35,"column":7}},"type":"binary-expr","locations":[{"start":{"line":33,"column":35},"end":{"line":33,"column":69}},{"start":{"line":33,"column":73},"end":{"line":35,"column":7}}],"line":33},"3":{"loc":{"start":{"line":34,"column":8},"end":{"line":34,"column":48}},"type":"cond-expr","locations":[{"start":{"line":34,"column":43},"end":{"line":34,"column":44}},{"start":{"line":34,"column":47},"end":{"line":34,"column":48}}],"line":34},"4":{"loc":{"start":{"line":36,"column":40},"end":{"line":36,"column":104}},"type":"binary-expr","locations":[{"start":{"line":36,"column":40},"end":{"line":36,"column":79}},{"start":{"line":36,"column":83},"end":{"line":36,"column":104}}],"line":36},"5":{"loc":{"start":{"line":37,"column":36},"end":{"line":37,"column":79}},"type":"binary-expr","locations":[{"start":{"line":37,"column":36},"end":{"line":37,"column":71}},{"start":{"line":37,"column":75},"end":{"line":37,"column":79}}],"line":37},"6":{"loc":{"start":{"line":48,"column":4},"end":{"line":54,"column":5}},"type":"if","locations":[{"start":{"line":48,"column":4},"end":{"line":54,"column":5}},{"start":{},"end":{}}],"line":48},"7":{"loc":{"start":{"line":59,"column":4},"end":{"line":65,"column":5}},"type":"if","locations":[{"start":{"line":59,"column":4},"end":{"line":65,"column":5}},{"start":{},"end":{}}],"line":59},"8":{"loc":{"start":{"line":72,"column":4},"end":{"line":74,"column":5}},"type":"if","locations":[{"start":{"line":72,"column":4},"end":{"line":74,"column":5}},{"start":{},"end":{}}],"line":72},"9":{"loc":{"start":{"line":82,"column":4},"end":{"line":86,"column":5}},"type":"if","locations":[{"start":{"line":82,"column":4},"end":{"line":86,"column":5}},{"start":{},"end":{}}],"line":82},"10":{"loc":{"start":{"line":88,"column":4},"end":{"line":92,"column":5}},"type":"if","locations":[{"start":{"line":88,"column":4},"end":{"line":92,"column":5}},{"start":{},"end":{}}],"line":88},"11":{"loc":{"start":{"line":94,"column":4},"end":{"line":101,"column":5}},"type":"if","locations":[{"start":{"line":94,"column":4},"end":{"line":101,"column":5}},{"start":{"line":99,"column":11},"end":{"line":101,"column":5}}],"line":94},"12":{"loc":{"start":{"line":110,"column":4},"end":{"line":117,"column":5}},"type":"if","locations":[{"start":{"line":110,"column":4},"end":{"line":117,"column":5}},{"start":{},"end":{}}],"line":110},"13":{"loc":{"start":{"line":110,"column":8},"end":{"line":110,"column":93}},"type":"binary-expr","locations":[{"start":{"line":110,"column":8},"end":{"line":110,"column":29}},{"start":{"line":110,"column":33},"end":{"line":110,"column":49}},{"start":{"line":110,"column":53},"end":{"line":110,"column":93}}],"line":110},"14":{"loc":{"start":{"line":122,"column":4},"end":{"line":124,"column":5}},"type":"if","locations":[{"start":{"line":122,"column":4},"end":{"line":124,"column":5}},{"start":{},"end":{}}],"line":122},"15":{"loc":{"start":{"line":122,"column":8},"end":{"line":122,"column":66}},"type":"binary-expr","locations":[{"start":{"line":122,"column":8},"end":{"line":122,"column":39}},{"start":{"line":122,"column":43},"end":{"line":122,"column":66}}],"line":122},"16":{"loc":{"start":{"line":132,"column":18},"end":{"line":136,"column":11}},"type":"binary-expr","locations":[{"start":{"line":132,"column":18},"end":{"line":136,"column":6}},{"start":{"line":136,"column":10},"end":{"line":136,"column":11}}],"line":132},"17":{"loc":{"start":{"line":138,"column":23},"end":{"line":142,"column":11}},"type":"binary-expr","locations":[{"start":{"line":138,"column":23},"end":{"line":142,"column":6}},{"start":{"line":142,"column":10},"end":{"line":142,"column":11}}],"line":138},"18":{"loc":{"start":{"line":144,"column":26},"end":{"line":148,"column":13}},"type":"binary-expr","locations":[{"start":{"line":144,"column":26},"end":{"line":148,"column":6}},{"start":{"line":148,"column":10},"end":{"line":148,"column":13}}],"line":144},"19":{"loc":{"start":{"line":150,"column":24},"end":{"line":154,"column":11}},"type":"binary-expr","locations":[{"start":{"line":150,"column":24},"end":{"line":154,"column":6}},{"start":{"line":154,"column":10},"end":{"line":154,"column":11}}],"line":150},"20":{"loc":{"start":{"line":179,"column":11},"end":{"line":212,"column":11}},"type":"cond-expr","locations":[{"start":{"line":180,"column":12},"end":{"line":194,"column":29}},{"start":{"line":196,"column":12},"end":{"line":211,"column":28}}],"line":179},"21":{"loc":{"start":{"line":258,"column":2},"end":{"line":264,"column":3}},"type":"if","locations":[{"start":{"line":258,"column":2},"end":{"line":264,"column":3}},{"start":{},"end":{}}],"line":258},"22":{"loc":{"start":{"line":259,"column":4},"end":{"line":261,"column":63}},"type":"binary-expr","locations":[{"start":{"line":259,"column":4},"end":{"line":259,"column":61}},{"start":{"line":260,"column":4},"end":{"line":260,"column":53}},{"start":{"line":261,"column":4},"end":{"line":261,"column":63}}],"line":259},"23":{"loc":{"start":{"line":266,"column":2},"end":{"line":268,"column":3}},"type":"if","locations":[{"start":{"line":266,"column":2},"end":{"line":268,"column":3}},{"start":{},"end":{}}],"line":266},"24":{"loc":{"start":{"line":272,"column":11},"end":{"line":272,"column":72}},"type":"binary-expr","locations":[{"start":{"line":272,"column":11},"end":{"line":272,"column":18}},{"start":{"line":272,"column":22},"end":{"line":272,"column":43}},{"start":{"line":272,"column":47},"end":{"line":272,"column":72}}],"line":272}},"s":{"0":1,"1":39,"2":39,"3":39,"4":39,"5":39,"6":39,"7":39,"8":39,"9":38,"10":38,"11":38,"12":38,"13":258,"14":258,"15":258,"16":38,"17":38,"18":38,"19":39,"20":3,"21":3,"22":3,"23":39,"24":3,"25":3,"26":3,"27":39,"28":36,"29":36,"30":36,"31":30,"32":6,"33":6,"34":6,"35":6,"36":6,"37":3,"38":6,"39":4,"40":6,"41":5,"42":1,"43":1,"44":39,"45":36,"46":36,"47":39,"48":36,"49":28,"50":28,"51":39,"52":10,"53":9,"54":39,"55":263,"56":263,"57":263,"58":263,"59":263,"60":263,"61":263,"62":263,"63":263,"64":10,"65":3,"66":3,"67":39,"68":1,"69":10,"70":8,"71":2,"72":0,"73":2,"74":6,"75":6},"f":{"0":39,"1":38,"2":258,"3":3,"4":3,"5":36,"6":1,"7":36,"8":36,"9":10,"10":263,"11":263,"12":10,"13":3,"14":3,"15":10,"16":6},"b":{"0":[0],"1":[37],"2":[258,228],"3":[25,203],"4":[258,228],"5":[258,0],"6":[3,0],"7":[3,0],"8":[30,6],"9":[3,3],"10":[4,2],"11":[5,1],"12":[28,8],"13":[36,36,32],"14":[9,1],"15":[10,9],"16":[263,228],"17":[263,228],"18":[263,228],"19":[263,228],"20":[31,232],"21":[8,2],"22":[10,4,3],"23":[0,2],"24":[6,6,6]},"_coverageSchema":"1a1c01bbd47fc00a2c39e90264f33305004495a9","hash":"f922f486540f23b50af2bbc9e57837130daec428"}
,"C:\\Users\\khi_h\\Desktop\\Projets\\JoudEnglishApp\\src\\components\\exercise-common\\CategorySelector\\style.js": {"path":"C:\\Users\\khi_h\\Desktop\\Projets\\JoudEnglishApp\\src\\components\\exercise-common\\CategorySelector\\style.js","statementMap":{"0":{"start":{"line":12,"column":21},"end":{"line":142,"column":4}},"1":{"start":{"line":13,"column":2},"end":{"line":142,"column":4}}},"fnMap":{"0":{"name":"(anonymous_0)","decl":{"start":{"line":12,"column":21},"end":{"line":12,"column":22}},"loc":{"start":{"line":13,"column":2},"end":{"line":142,"column":4}},"line":13}},"branchMap":{"0":{"loc":{"start":{"line":12,"column":22},"end":{"line":12,"column":46}},"type":"default-arg","locations":[{"start":{"line":12,"column":37},"end":{"line":12,"column":46}}],"line":12}},"s":{"0":1,"1":39},"f":{"0":39},"b":{"0":[0]},"_coverageSchema":"1a1c01bbd47fc00a2c39e90264f33305004495a9","hash":"ffa05ca4fbf6eae61961cb3ff5968f6e5390967d"}
,"C:\\Users\\khi_h\\Desktop\\Projets\\JoudEnglishApp\\src\\components\\exercise-common\\ExerciseCard\\index.js": {"path":"C:\\Users\\khi_h\\Desktop\\Projets\\JoudEnglishApp\\src\\components\\exercise-common\\ExerciseCard\\index.js","statementMap":{"0":{"start":{"line":18,"column":21},"end":{"line":92,"column":1}},"1":{"start":{"line":28,"column":29},"end":{"line":28,"column":41}},"2":{"start":{"line":29,"column":29},"end":{"line":29,"column":57}},"3":{"start":{"line":32,"column":30},"end":{"line":61,"column":3}},"4":{"start":{"line":33,"column":4},"end":{"line":48,"column":5}},"5":{"start":{"line":34,"column":6},"end":{"line":47,"column":8}},"6":{"start":{"line":50,"column":4},"end":{"line":58,"column":5}},"7":{"start":{"line":51,"column":6},"end":{"line":57,"column":8}},"8":{"start":{"line":60,"column":4},"end":{"line":60,"column":16}},"9":{"start":{"line":63,"column":2},"end":{"line":91,"column":4}},"10":{"start":{"line":95,"column":0},"end":{"line":103,"column":2}},"11":{"start":{"line":106,"column":0},"end":{"line":109,"column":2}}},"fnMap":{"0":{"name":"(anonymous_0)","decl":{"start":{"line":18,"column":21},"end":{"line":18,"column":22}},"loc":{"start":{"line":26,"column":6},"end":{"line":92,"column":1}},"line":26},"1":{"name":"(anonymous_1)","decl":{"start":{"line":32,"column":30},"end":{"line":32,"column":31}},"loc":{"start":{"line":32,"column":36},"end":{"line":61,"column":3}},"line":32}},"branchMap":{"0":{"loc":{"start":{"line":23,"column":2},"end":{"line":23,"column":19}},"type":"default-arg","locations":[{"start":{"line":23,"column":10},"end":{"line":23,"column":19}}],"line":23},"1":{"loc":{"start":{"line":25,"column":2},"end":{"line":25,"column":15}},"type":"default-arg","locations":[{"start":{"line":25,"column":10},"end":{"line":25,"column":15}}],"line":25},"2":{"loc":{"start":{"line":29,"column":29},"end":{"line":29,"column":57}},"type":"binary-expr","locations":[{"start":{"line":29,"column":29},"end":{"line":29,"column":48}},{"start":{"line":29,"column":52},"end":{"line":29,"column":57}}],"line":29},"3":{"loc":{"start":{"line":33,"column":4},"end":{"line":48,"column":5}},"type":"if","locations":[{"start":{"line":33,"column":4},"end":{"line":48,"column":5}},{"start":{},"end":{}}],"line":33},"4":{"loc":{"start":{"line":40,"column":68},"end":{"line":40,"column":89}},"type":"binary-expr","locations":[{"start":{"line":40,"column":68},"end":{"line":40,"column":84}},{"start":{"line":40,"column":88},"end":{"line":40,"column":89}}],"line":40},"5":{"loc":{"start":{"line":50,"column":4},"end":{"line":58,"column":5}},"type":"if","locations":[{"start":{"line":50,"column":4},"end":{"line":58,"column":5}},{"start":{},"end":{}}],"line":50}},"s":{"0":1,"1":13,"2":13,"3":13,"4":13,"5":4,"6":9,"7":2,"8":7,"9":13,"10":1,"11":1},"f":{"0":13,"1":13},"b":{"0":[0],"1":[0],"2":[13,9],"3":[4,9],"4":[4,0],"5":[2,7]},"_coverageSchema":"1a1c01bbd47fc00a2c39e90264f33305004495a9","hash":"821c6a81c5d9e46f4efc4381e6c235c609469f9a"}
,"C:\\Users\\khi_h\\Desktop\\Projets\\JoudEnglishApp\\src\\components\\exercise-common\\ExerciseCard\\style.js": {"path":"C:\\Users\\khi_h\\Desktop\\Projets\\JoudEnglishApp\\src\\components\\exercise-common\\ExerciseCard\\style.js","statementMap":{"0":{"start":{"line":4,"column":15},"end":{"line":108,"column":2}}},"fnMap":{},"branchMap":{},"s":{"0":1},"f":{},"b":{},"_coverageSchema":"1a1c01bbd47fc00a2c39e90264f33305004495a9","hash":"59295da6378d6874e9111be619af0bf9ecb15fbf"}
,"C:\\Users\\khi_h\\Desktop\\Projets\\JoudEnglishApp\\src\\components\\exercise-common\\ExerciseFeedback\\index.js": {"path":"C:\\Users\\khi_h\\Desktop\\Projets\\JoudEnglishApp\\src\\components\\exercise-common\\ExerciseFeedback\\index.js","statementMap":{"0":{"start":{"line":20,"column":25},"end":{"line":127,"column":1}},"1":{"start":{"line":29,"column":19},"end":{"line":29,"column":62}},"2":{"start":{"line":31,"column":2},"end":{"line":55,"column":9}},"3":{"start":{"line":33,"column":4},"end":{"line":37,"column":15}},"4":{"start":{"line":40,"column":4},"end":{"line":54,"column":5}},"5":{"start":{"line":41,"column":20},"end":{"line":51,"column":26}},"6":{"start":{"line":42,"column":8},"end":{"line":50,"column":11}},"7":{"start":{"line":47,"column":10},"end":{"line":49,"column":11}},"8":{"start":{"line":48,"column":12},"end":{"line":48,"column":24}},"9":{"start":{"line":53,"column":6},"end":{"line":53,"column":39}},"10":{"start":{"line":53,"column":19},"end":{"line":53,"column":38}},"11":{"start":{"line":58,"column":24},"end":{"line":80,"column":3}},"12":{"start":{"line":59,"column":4},"end":{"line":79,"column":5}},"13":{"start":{"line":61,"column":8},"end":{"line":65,"column":10}},"14":{"start":{"line":67,"column":8},"end":{"line":71,"column":10}},"15":{"start":{"line":74,"column":8},"end":{"line":78,"column":10}},"16":{"start":{"line":82,"column":46},"end":{"line":82,"column":61}},"17":{"start":{"line":85,"column":24},"end":{"line":99,"column":27}},"18":{"start":{"line":86,"column":4},"end":{"line":89,"column":5}},"19":{"start":{"line":87,"column":6},"end":{"line":87,"column":33}},"20":{"start":{"line":87,"column":21},"end":{"line":87,"column":33}},"21":{"start":{"line":88,"column":6},"end":{"line":88,"column":13}},"22":{"start":{"line":90,"column":4},"end":{"line":98,"column":7}},"23":{"start":{"line":95,"column":6},"end":{"line":97,"column":7}},"24":{"start":{"line":96,"column":8},"end":{"line":96,"column":20}},"25":{"start":{"line":102,"column":2},"end":{"line":126,"column":4}},"26":{"start":{"line":130,"column":0},"end":{"line":138,"column":2}},"27":{"start":{"line":141,"column":0},"end":{"line":148,"column":2}}},"fnMap":{"0":{"name":"(anonymous_0)","decl":{"start":{"line":20,"column":25},"end":{"line":20,"column":26}},"loc":{"start":{"line":28,"column":6},"end":{"line":127,"column":1}},"line":28},"1":{"name":"(anonymous_1)","decl":{"start":{"line":31,"column":18},"end":{"line":31,"column":19}},"loc":{"start":{"line":31,"column":24},"end":{"line":55,"column":3}},"line":31},"2":{"name":"(anonymous_2)","decl":{"start":{"line":41,"column":31},"end":{"line":41,"column":32}},"loc":{"start":{"line":41,"column":37},"end":{"line":51,"column":7}},"line":41},"3":{"name":"(anonymous_3)","decl":{"start":{"line":46,"column":17},"end":{"line":46,"column":18}},"loc":{"start":{"line":46,"column":35},"end":{"line":50,"column":9}},"line":46},"4":{"name":"(anonymous_4)","decl":{"start":{"line":53,"column":13},"end":{"line":53,"column":14}},"loc":{"start":{"line":53,"column":19},"end":{"line":53,"column":38}},"line":53},"5":{"name":"(anonymous_5)","decl":{"start":{"line":58,"column":24},"end":{"line":58,"column":25}},"loc":{"start":{"line":58,"column":30},"end":{"line":80,"column":3}},"line":58},"6":{"name":"(anonymous_6)","decl":{"start":{"line":85,"column":36},"end":{"line":85,"column":37}},"loc":{"start":{"line":85,"column":42},"end":{"line":99,"column":3}},"line":85},"7":{"name":"(anonymous_7)","decl":{"start":{"line":94,"column":13},"end":{"line":94,"column":14}},"loc":{"start":{"line":94,"column":31},"end":{"line":98,"column":5}},"line":94}},"branchMap":{"0":{"loc":{"start":{"line":21,"column":2},"end":{"line":21,"column":18}},"type":"default-arg","locations":[{"start":{"line":21,"column":9},"end":{"line":21,"column":18}}],"line":21},"1":{"loc":{"start":{"line":25,"column":2},"end":{"line":25,"column":18}},"type":"default-arg","locations":[{"start":{"line":25,"column":13},"end":{"line":25,"column":18}}],"line":25},"2":{"loc":{"start":{"line":26,"column":2},"end":{"line":26,"column":25}},"type":"default-arg","locations":[{"start":{"line":26,"column":21},"end":{"line":26,"column":25}}],"line":26},"3":{"loc":{"start":{"line":27,"column":2},"end":{"line":27,"column":26}},"type":"default-arg","locations":[{"start":{"line":27,"column":22},"end":{"line":27,"column":26}}],"line":27},"4":{"loc":{"start":{"line":40,"column":4},"end":{"line":54,"column":5}},"type":"if","locations":[{"start":{"line":40,"column":4},"end":{"line":54,"column":5}},{"start":{},"end":{}}],"line":40},"5":{"loc":{"start":{"line":47,"column":10},"end":{"line":49,"column":11}},"type":"if","locations":[{"start":{"line":47,"column":10},"end":{"line":49,"column":11}},{"start":{},"end":{}}],"line":47},"6":{"loc":{"start":{"line":47,"column":14},"end":{"line":47,"column":35}},"type":"binary-expr","locations":[{"start":{"line":47,"column":14},"end":{"line":47,"column":22}},{"start":{"line":47,"column":26},"end":{"line":47,"column":35}}],"line":47},"7":{"loc":{"start":{"line":59,"column":4},"end":{"line":79,"column":5}},"type":"switch","locations":[{"start":{"line":60,"column":6},"end":{"line":65,"column":10}},{"start":{"line":66,"column":6},"end":{"line":71,"column":10}},{"start":{"line":72,"column":6},"end":{"line":72,"column":18}},{"start":{"line":73,"column":6},"end":{"line":78,"column":10}}],"line":59},"8":{"loc":{"start":{"line":86,"column":4},"end":{"line":89,"column":5}},"type":"if","locations":[{"start":{"line":86,"column":4},"end":{"line":89,"column":5}},{"start":{},"end":{}}],"line":86},"9":{"loc":{"start":{"line":87,"column":6},"end":{"line":87,"column":33}},"type":"if","locations":[{"start":{"line":87,"column":6},"end":{"line":87,"column":33}},{"start":{},"end":{}}],"line":87},"10":{"loc":{"start":{"line":95,"column":6},"end":{"line":97,"column":7}},"type":"if","locations":[{"start":{"line":95,"column":6},"end":{"line":97,"column":7}},{"start":{},"end":{}}],"line":95},"11":{"loc":{"start":{"line":95,"column":10},"end":{"line":95,"column":31}},"type":"binary-expr","locations":[{"start":{"line":95,"column":10},"end":{"line":95,"column":18}},{"start":{"line":95,"column":22},"end":{"line":95,"column":31}}],"line":95},"12":{"loc":{"start":{"line":110,"column":11},"end":{"line":112,"column":18}},"type":"cond-expr","locations":[{"start":{"line":111,"column":12},"end":{"line":111,"column":65}},{"start":{"line":112,"column":14},"end":{"line":112,"column":18}}],"line":110},"13":{"loc":{"start":{"line":114,"column":9},"end":{"line":123,"column":9}},"type":"binary-expr","locations":[{"start":{"line":114,"column":9},"end":{"line":114,"column":26}},{"start":{"line":115,"column":10},"end":{"line":122,"column":29}}],"line":114}},"s":{"0":1,"1":10,"2":10,"3":9,"4":9,"5":1,"6":1,"7":1,"8":1,"9":1,"10":1,"11":10,"12":10,"13":7,"14":1,"15":2,"16":10,"17":10,"18":1,"19":1,"20":1,"21":1,"22":0,"23":0,"24":0,"25":10,"26":1,"27":1},"f":{"0":10,"1":9,"2":1,"3":1,"4":1,"5":10,"6":1,"7":0},"b":{"0":[0],"1":[0],"2":[0],"3":[0],"4":[1,8],"5":[1,0],"6":[1,1],"7":[7,1,1,2],"8":[1,0],"9":[1,0],"10":[0,0],"11":[0,0],"12":[1,9],"13":[10,9]},"_coverageSchema":"1a1c01bbd47fc00a2c39e90264f33305004495a9","hash":"f9bc765fe842cbc1aaf0214f103f082eef2d2fc2"}
,"C:\\Users\\khi_h\\Desktop\\Projets\\JoudEnglishApp\\src\\components\\exercise-common\\ExerciseFeedback\\style.js": {"path":"C:\\Users\\khi_h\\Desktop\\Projets\\JoudEnglishApp\\src\\components\\exercise-common\\ExerciseFeedback\\style.js","statementMap":{"0":{"start":{"line":5,"column":15},"end":{"line":52,"column":2}}},"fnMap":{},"branchMap":{},"s":{"0":1},"f":{},"b":{},"_coverageSchema":"1a1c01bbd47fc00a2c39e90264f33305004495a9","hash":"73f5598038048c1fa07ce954ccce0d60ce9f78bd"}
,"C:\\Users\\khi_h\\Desktop\\Projets\\JoudEnglishApp\\src\\components\\exercise-common\\ExerciseFooter\\index.js": {"path":"C:\\Users\\khi_h\\Desktop\\Projets\\JoudEnglishApp\\src\\components\\exercise-common\\ExerciseFooter\\index.js","statementMap":{"0":{"start":{"line":11,"column":23},"end":{"line":71,"column":1}},"1":{"start":{"line":26,"column":28},"end":{"line":26,"column":70}},"2":{"start":{"line":28,"column":2},"end":{"line":70,"column":4}},"3":{"start":{"line":76,"column":0},"end":{"line":89,"column":2}}},"fnMap":{"0":{"name":"(anonymous_0)","decl":{"start":{"line":11,"column":23},"end":{"line":11,"column":24}},"loc":{"start":{"line":24,"column":6},"end":{"line":71,"column":1}},"line":24}},"branchMap":{"0":{"loc":{"start":{"line":12,"column":2},"end":{"line":12,"column":28}},"type":"default-arg","locations":[{"start":{"line":12,"column":17},"end":{"line":12,"column":28}}],"line":12},"1":{"loc":{"start":{"line":13,"column":2},"end":{"line":13,"column":30}},"type":"default-arg","locations":[{"start":{"line":13,"column":19},"end":{"line":13,"column":30}}],"line":13},"2":{"loc":{"start":{"line":16,"column":2},"end":{"line":16,"column":22}},"type":"default-arg","locations":[{"start":{"line":16,"column":18},"end":{"line":16,"column":22}}],"line":16},"3":{"loc":{"start":{"line":17,"column":2},"end":{"line":17,"column":19}},"type":"default-arg","locations":[{"start":{"line":17,"column":14},"end":{"line":17,"column":19}}],"line":17},"4":{"loc":{"start":{"line":18,"column":2},"end":{"line":18,"column":20}},"type":"default-arg","locations":[{"start":{"line":18,"column":15},"end":{"line":18,"column":20}}],"line":18},"5":{"loc":{"start":{"line":19,"column":2},"end":{"line":19,"column":19}},"type":"default-arg","locations":[{"start":{"line":19,"column":10},"end":{"line":19,"column":19}}],"line":19},"6":{"loc":{"start":{"line":20,"column":2},"end":{"line":20,"column":24}},"type":"default-arg","locations":[{"start":{"line":20,"column":19},"end":{"line":20,"column":24}}],"line":20},"7":{"loc":{"start":{"line":21,"column":2},"end":{"line":21,"column":18}},"type":"default-arg","locations":[{"start":{"line":21,"column":13},"end":{"line":21,"column":18}}],"line":21},"8":{"loc":{"start":{"line":23,"column":2},"end":{"line":23,"column":22}},"type":"default-arg","locations":[{"start":{"line":23,"column":14},"end":{"line":23,"column":22}}],"line":23},"9":{"loc":{"start":{"line":26,"column":28},"end":{"line":26,"column":70}},"type":"cond-expr","locations":[{"start":{"line":26,"column":45},"end":{"line":26,"column":55}},{"start":{"line":26,"column":58},"end":{"line":26,"column":70}}],"line":26},"10":{"loc":{"start":{"line":31,"column":9},"end":{"line":41,"column":9}},"type":"cond-expr","locations":[{"start":{"line":32,"column":10},"end":{"line":38,"column":29}},{"start":{"line":40,"column":10},"end":{"line":40,"column":38}}],"line":31},"11":{"loc":{"start":{"line":43,"column":9},"end":{"line":50,"column":9}},"type":"binary-expr","locations":[{"start":{"line":43,"column":9},"end":{"line":43,"column":18}},{"start":{"line":43,"column":22},"end":{"line":43,"column":28}},{"start":{"line":44,"column":10},"end":{"line":49,"column":29}}],"line":43},"12":{"loc":{"start":{"line":56,"column":12},"end":{"line":56,"column":47}},"type":"binary-expr","locations":[{"start":{"line":56,"column":12},"end":{"line":56,"column":22}},{"start":{"line":56,"column":26},"end":{"line":56,"column":47}}],"line":56},"13":{"loc":{"start":{"line":62,"column":11},"end":{"line":66,"column":11}},"type":"cond-expr","locations":[{"start":{"line":63,"column":12},"end":{"line":63,"column":65}},{"start":{"line":65,"column":12},"end":{"line":65,"column":71}}],"line":62}},"s":{"0":1,"1":12,"2":12,"3":1},"f":{"0":12},"b":{"0":[12],"1":[12],"2":[11],"3":[11],"4":[11],"5":[12],"6":[11],"7":[11],"8":[12],"9":[1,11],"10":[11,1],"11":[12,11,2],"12":[12,1],"13":[1,11]},"_coverageSchema":"1a1c01bbd47fc00a2c39e90264f33305004495a9","hash":"f93e987a8ab893d265f8929d7c52a859bb4b33bb"}
,"C:\\Users\\khi_h\\Desktop\\Projets\\JoudEnglishApp\\src\\components\\exercise-common\\ExerciseFooter\\style.js": {"path":"C:\\Users\\khi_h\\Desktop\\Projets\\JoudEnglishApp\\src\\components\\exercise-common\\ExerciseFooter\\style.js","statementMap":{"0":{"start":{"line":5,"column":15},"end":{"line":65,"column":2}}},"fnMap":{},"branchMap":{},"s":{"0":1},"f":{},"b":{},"_coverageSchema":"1a1c01bbd47fc00a2c39e90264f33305004495a9","hash":"933e86c7a32b3a33d984d4e0db079457cb251377"}
,"C:\\Users\\khi_h\\Desktop\\Projets\\JoudEnglishApp\\src\\components\\exercise-common\\InstructionBox\\index.js": {"path":"C:\\Users\\khi_h\\Desktop\\Projets\\JoudEnglishApp\\src\\components\\exercise-common\\InstructionBox\\index.js","statementMap":{"0":{"start":{"line":20,"column":23},"end":{"line":132,"column":1}},"1":{"start":{"line":30,"column":34},"end":{"line":30,"column":61}},"2":{"start":{"line":33,"column":22},"end":{"line":33,"column":77}},"3":{"start":{"line":36,"column":25},"end":{"line":46,"column":27}},"4":{"start":{"line":37,"column":20},"end":{"line":37,"column":36}},"5":{"start":{"line":39,"column":4},"end":{"line":43,"column":15}},"6":{"start":{"line":45,"column":4},"end":{"line":45,"column":33}},"7":{"start":{"line":45,"column":26},"end":{"line":45,"column":31}},"8":{"start":{"line":49,"column":26},"end":{"line":59,"column":3}},"9":{"start":{"line":50,"column":4},"end":{"line":58,"column":5}},"10":{"start":{"line":52,"column":8},"end":{"line":52,"column":41}},"11":{"start":{"line":54,"column":8},"end":{"line":54,"column":76}},"12":{"start":{"line":57,"column":8},"end":{"line":57,"column":42}},"13":{"start":{"line":62,"column":20},"end":{"line":65,"column":4}},"14":{"start":{"line":68,"column":21},"end":{"line":71,"column":4}},"15":{"start":{"line":73,"column":2},"end":{"line":131,"column":4}},"16":{"start":{"line":105,"column":16},"end":{"line":107,"column":23}},"17":{"start":{"line":116,"column":16},"end":{"line":124,"column":23}},"18":{"start":{"line":135,"column":0},"end":{"line":143,"column":2}},"19":{"start":{"line":146,"column":0},"end":{"line":154,"column":2}}},"fnMap":{"0":{"name":"(anonymous_0)","decl":{"start":{"line":20,"column":23},"end":{"line":20,"column":24}},"loc":{"start":{"line":28,"column":6},"end":{"line":132,"column":1}},"line":28},"1":{"name":"(anonymous_1)","decl":{"start":{"line":36,"column":37},"end":{"line":36,"column":38}},"loc":{"start":{"line":36,"column":43},"end":{"line":46,"column":3}},"line":36},"2":{"name":"(anonymous_2)","decl":{"start":{"line":45,"column":16},"end":{"line":45,"column":17}},"loc":{"start":{"line":45,"column":26},"end":{"line":45,"column":31}},"line":45},"3":{"name":"(anonymous_3)","decl":{"start":{"line":49,"column":26},"end":{"line":49,"column":27}},"loc":{"start":{"line":49,"column":32},"end":{"line":59,"column":3}},"line":49},"4":{"name":"(anonymous_4)","decl":{"start":{"line":104,"column":28},"end":{"line":104,"column":29}},"loc":{"start":{"line":105,"column":16},"end":{"line":107,"column":23}},"line":105},"5":{"name":"(anonymous_5)","decl":{"start":{"line":115,"column":24},"end":{"line":115,"column":25}},"loc":{"start":{"line":116,"column":16},"end":{"line":124,"column":23}},"line":116}},"branchMap":{"0":{"loc":{"start":{"line":21,"column":2},"end":{"line":21,"column":24}},"type":"default-arg","locations":[{"start":{"line":21,"column":10},"end":{"line":21,"column":24}}],"line":21},"1":{"loc":{"start":{"line":23,"column":2},"end":{"line":23,"column":15}},"type":"default-arg","locations":[{"start":{"line":23,"column":13},"end":{"line":23,"column":15}}],"line":23},"2":{"loc":{"start":{"line":24,"column":2},"end":{"line":24,"column":11}},"type":"default-arg","locations":[{"start":{"line":24,"column":9},"end":{"line":24,"column":11}}],"line":24},"3":{"loc":{"start":{"line":25,"column":2},"end":{"line":25,"column":26}},"type":"default-arg","locations":[{"start":{"line":25,"column":22},"end":{"line":25,"column":26}}],"line":25},"4":{"loc":{"start":{"line":26,"column":2},"end":{"line":26,"column":22}},"type":"default-arg","locations":[{"start":{"line":26,"column":12},"end":{"line":26,"column":22}}],"line":26},"5":{"loc":{"start":{"line":27,"column":2},"end":{"line":27,"column":26}},"type":"default-arg","locations":[{"start":{"line":27,"column":17},"end":{"line":27,"column":26}}],"line":27},"6":{"loc":{"start":{"line":33,"column":50},"end":{"line":33,"column":75}},"type":"cond-expr","locations":[{"start":{"line":33,"column":70},"end":{"line":33,"column":71}},{"start":{"line":33,"column":74},"end":{"line":33,"column":75}}],"line":33},"7":{"loc":{"start":{"line":37,"column":20},"end":{"line":37,"column":36}},"type":"cond-expr","locations":[{"start":{"line":37,"column":31},"end":{"line":37,"column":32}},{"start":{"line":37,"column":35},"end":{"line":37,"column":36}}],"line":37},"8":{"loc":{"start":{"line":50,"column":4},"end":{"line":58,"column":5}},"type":"switch","locations":[{"start":{"line":51,"column":6},"end":{"line":52,"column":41}},{"start":{"line":53,"column":6},"end":{"line":54,"column":76}},{"start":{"line":55,"column":6},"end":{"line":55,"column":22}},{"start":{"line":56,"column":6},"end":{"line":57,"column":42}}],"line":50},"9":{"loc":{"start":{"line":95,"column":7},"end":{"line":129,"column":7}},"type":"binary-expr","locations":[{"start":{"line":95,"column":7},"end":{"line":95,"column":15}},{"start":{"line":96,"column":8},"end":{"line":128,"column":15}}],"line":95},"10":{"loc":{"start":{"line":97,"column":11},"end":{"line":99,"column":11}},"type":"binary-expr","locations":[{"start":{"line":97,"column":11},"end":{"line":97,"column":23}},{"start":{"line":98,"column":12},"end":{"line":98,"column":67}}],"line":97},"11":{"loc":{"start":{"line":101,"column":11},"end":{"line":110,"column":11}},"type":"binary-expr","locations":[{"start":{"line":101,"column":11},"end":{"line":101,"column":30}},{"start":{"line":102,"column":12},"end":{"line":109,"column":19}}],"line":101},"12":{"loc":{"start":{"line":112,"column":11},"end":{"line":127,"column":11}},"type":"binary-expr","locations":[{"start":{"line":112,"column":11},"end":{"line":112,"column":26}},{"start":{"line":113,"column":12},"end":{"line":126,"column":19}}],"line":112}},"s":{"0":1,"1":13,"2":13,"3":13,"4":2,"5":2,"6":2,"7":2,"8":13,"9":13,"10":1,"11":1,"12":11,"13":13,"14":13,"15":13,"16":16,"17":16,"18":1,"19":1},"f":{"0":13,"1":2,"2":2,"3":13,"4":16,"5":16},"b":{"0":[0],"1":[0],"2":[0],"3":[0],"4":[0],"5":[0],"6":[9,4],"7":[1,1],"8":[1,1,11,11],"9":[13,10],"10":[10,8],"11":[10,8],"12":[10,8]},"_coverageSchema":"1a1c01bbd47fc00a2c39e90264f33305004495a9","hash":"fa7297a43025867bea99109cdc9a7da61df6516e"}
,"C:\\Users\\khi_h\\Desktop\\Projets\\JoudEnglishApp\\src\\components\\exercise-common\\NavigationButtons\\index.js": {"path":"C:\\Users\\khi_h\\Desktop\\Projets\\JoudEnglishApp\\src\\components\\exercise-common\\NavigationButtons\\index.js","statementMap":{"0":{"start":{"line":8,"column":26},"end":{"line":112,"column":1}},"1":{"start":{"line":21,"column":19},"end":{"line":21,"column":45}},"2":{"start":{"line":24,"column":22},"end":{"line":24,"column":59}},"3":{"start":{"line":25,"column":22},"end":{"line":25,"column":59}},"4":{"start":{"line":27,"column":28},"end":{"line":36,"column":48}},"5":{"start":{"line":28,"column":8},"end":{"line":28,"column":36}},"6":{"start":{"line":28,"column":29},"end":{"line":28,"column":36}},"7":{"start":{"line":30,"column":8},"end":{"line":33,"column":19}},"8":{"start":{"line":35,"column":8},"end":{"line":35,"column":43}},"9":{"start":{"line":35,"column":25},"end":{"line":35,"column":37}},"10":{"start":{"line":38,"column":28},"end":{"line":47,"column":40}},"11":{"start":{"line":39,"column":8},"end":{"line":39,"column":32}},"12":{"start":{"line":39,"column":25},"end":{"line":39,"column":32}},"13":{"start":{"line":41,"column":8},"end":{"line":44,"column":19}},"14":{"start":{"line":46,"column":8},"end":{"line":46,"column":39}},"15":{"start":{"line":46,"column":25},"end":{"line":46,"column":33}},"16":{"start":{"line":49,"column":4},"end":{"line":111,"column":6}},"17":{"start":{"line":115,"column":0},"end":{"line":127,"column":2}}},"fnMap":{"0":{"name":"(anonymous_0)","decl":{"start":{"line":8,"column":26},"end":{"line":8,"column":27}},"loc":{"start":{"line":20,"column":6},"end":{"line":112,"column":1}},"line":20},"1":{"name":"(anonymous_1)","decl":{"start":{"line":27,"column":40},"end":{"line":27,"column":41}},"loc":{"start":{"line":27,"column":46},"end":{"line":36,"column":5}},"line":27},"2":{"name":"(anonymous_2)","decl":{"start":{"line":35,"column":19},"end":{"line":35,"column":20}},"loc":{"start":{"line":35,"column":25},"end":{"line":35,"column":37}},"line":35},"3":{"name":"(anonymous_3)","decl":{"start":{"line":38,"column":40},"end":{"line":38,"column":41}},"loc":{"start":{"line":38,"column":46},"end":{"line":47,"column":5}},"line":38},"4":{"name":"(anonymous_4)","decl":{"start":{"line":46,"column":19},"end":{"line":46,"column":20}},"loc":{"start":{"line":46,"column":25},"end":{"line":46,"column":33}},"line":46}},"branchMap":{"0":{"loc":{"start":{"line":11,"column":4},"end":{"line":11,"column":27}},"type":"default-arg","locations":[{"start":{"line":11,"column":22},"end":{"line":11,"column":27}}],"line":11},"1":{"loc":{"start":{"line":12,"column":4},"end":{"line":12,"column":23}},"type":"default-arg","locations":[{"start":{"line":12,"column":18},"end":{"line":12,"column":23}}],"line":12},"2":{"loc":{"start":{"line":13,"column":4},"end":{"line":13,"column":28}},"type":"default-arg","locations":[{"start":{"line":13,"column":19},"end":{"line":13,"column":28}}],"line":13},"3":{"loc":{"start":{"line":14,"column":4},"end":{"line":18,"column":5}},"type":"default-arg","locations":[{"start":{"line":14,"column":19},"end":{"line":18,"column":5}}],"line":14},"4":{"loc":{"start":{"line":19,"column":4},"end":{"line":19,"column":18}},"type":"default-arg","locations":[{"start":{"line":19,"column":13},"end":{"line":19,"column":18}}],"line":19},"5":{"loc":{"start":{"line":28,"column":8},"end":{"line":28,"column":36}},"type":"if","locations":[{"start":{"line":28,"column":8},"end":{"line":28,"column":36}},{"start":{},"end":{}}],"line":28},"6":{"loc":{"start":{"line":39,"column":8},"end":{"line":39,"column":32}},"type":"if","locations":[{"start":{"line":39,"column":8},"end":{"line":39,"column":32}},{"start":{},"end":{}}],"line":39},"7":{"loc":{"start":{"line":54,"column":17},"end":{"line":71,"column":17}},"type":"binary-expr","locations":[{"start":{"line":54,"column":17},"end":{"line":54,"column":33}},{"start":{"line":55,"column":20},"end":{"line":70,"column":36}}],"line":54},"8":{"loc":{"start":{"line":57,"column":59},"end":{"line":57,"column":93}},"type":"binary-expr","locations":[{"start":{"line":57,"column":59},"end":{"line":57,"column":74}},{"start":{"line":57,"column":78},"end":{"line":57,"column":93}}],"line":57},"9":{"loc":{"start":{"line":74,"column":17},"end":{"line":108,"column":17}},"type":"binary-expr","locations":[{"start":{"line":74,"column":17},"end":{"line":74,"column":29}},{"start":{"line":75,"column":20},"end":{"line":107,"column":36}}],"line":74},"10":{"loc":{"start":{"line":78,"column":64},"end":{"line":78,"column":94}},"type":"binary-expr","locations":[{"start":{"line":78,"column":64},"end":{"line":78,"column":75}},{"start":{"line":78,"column":79},"end":{"line":78,"column":94}}],"line":78},"11":{"loc":{"start":{"line":83,"column":48},"end":{"line":83,"column":96}},"type":"cond-expr","locations":[{"start":{"line":83,"column":57},"end":{"line":83,"column":76}},{"start":{"line":83,"column":79},"end":{"line":83,"column":96}}],"line":83},"12":{"loc":{"start":{"line":88,"column":36},"end":{"line":90,"column":77}},"type":"cond-expr","locations":[{"start":{"line":89,"column":42},"end":{"line":89,"column":64}},{"start":{"line":90,"column":42},"end":{"line":90,"column":77}}],"line":88},"13":{"loc":{"start":{"line":97,"column":37},"end":{"line":97,"column":85}},"type":"cond-expr","locations":[{"start":{"line":97,"column":46},"end":{"line":97,"column":65}},{"start":{"line":97,"column":68},"end":{"line":97,"column":85}}],"line":97},"14":{"loc":{"start":{"line":100,"column":42},"end":{"line":100,"column":82}},"type":"cond-expr","locations":[{"start":{"line":100,"column":51},"end":{"line":100,"column":62}},{"start":{"line":100,"column":65},"end":{"line":100,"column":82}}],"line":100}},"s":{"0":1,"1":10,"2":10,"3":10,"4":10,"5":1,"6":0,"7":1,"8":1,"9":1,"10":10,"11":1,"12":0,"13":1,"14":1,"15":1,"16":10,"17":1},"f":{"0":10,"1":1,"2":1,"3":1,"4":1},"b":{"0":[7],"1":[7],"2":[10],"3":[9],"4":[9],"5":[0,1],"6":[0,1],"7":[10,7],"8":[7,0],"9":[10,7],"10":[7,0],"11":[1,6],"12":[1,6],"13":[1,6],"14":[1,6]},"_coverageSchema":"1a1c01bbd47fc00a2c39e90264f33305004495a9","hash":"2395c88cfb33c8cc9694b44119918e0ece4008dd"}
,"C:\\Users\\khi_h\\Desktop\\Projets\\JoudEnglishApp\\src\\components\\exercise-common\\NavigationButtons\\style.js": {"path":"C:\\Users\\khi_h\\Desktop\\Projets\\JoudEnglishApp\\src\\components\\exercise-common\\NavigationButtons\\style.js","statementMap":{"0":{"start":{"line":11,"column":21},"end":{"line":103,"column":4}},"1":{"start":{"line":12,"column":2},"end":{"line":103,"column":4}}},"fnMap":{"0":{"name":"(anonymous_0)","decl":{"start":{"line":11,"column":21},"end":{"line":11,"column":22}},"loc":{"start":{"line":12,"column":2},"end":{"line":103,"column":4}},"line":12}},"branchMap":{"0":{"loc":{"start":{"line":11,"column":22},"end":{"line":11,"column":46}},"type":"default-arg","locations":[{"start":{"line":11,"column":37},"end":{"line":11,"column":46}}],"line":11}},"s":{"0":1,"1":12},"f":{"0":12},"b":{"0":[0]},"_coverageSchema":"1a1c01bbd47fc00a2c39e90264f33305004495a9","hash":"da87ca71a326b0842628543cbdf897752f6ca6ff"}
,"C:\\Users\\khi_h\\Desktop\\Projets\\JoudEnglishApp\\src\\components\\exercise-common\\OptionsList\\index.js": {"path":"C:\\Users\\khi_h\\Desktop\\Projets\\JoudEnglishApp\\src\\components\\exercise-common\\OptionsList\\index.js","statementMap":{"0":{"start":{"line":10,"column":20},"end":{"line":154,"column":1}},"1":{"start":{"line":21,"column":26},"end":{"line":23,"column":3}},"2":{"start":{"line":22,"column":4},"end":{"line":22,"column":61}},"3":{"start":{"line":26,"column":31},"end":{"line":32,"column":3}},"4":{"start":{"line":27,"column":4},"end":{"line":31,"column":6}},"5":{"start":{"line":35,"column":25},"end":{"line":49,"column":3}},"6":{"start":{"line":36,"column":4},"end":{"line":38,"column":5}},"7":{"start":{"line":37,"column":6},"end":{"line":37,"column":34}},"8":{"start":{"line":39,"column":4},"end":{"line":41,"column":5}},"9":{"start":{"line":40,"column":6},"end":{"line":40,"column":36}},"10":{"start":{"line":42,"column":4},"end":{"line":47,"column":5}},"11":{"start":{"line":43,"column":6},"end":{"line":46,"column":8}},"12":{"start":{"line":48,"column":4},"end":{"line":48,"column":25}},"13":{"start":{"line":52,"column":29},"end":{"line":66,"column":3}},"14":{"start":{"line":53,"column":4},"end":{"line":55,"column":5}},"15":{"start":{"line":54,"column":6},"end":{"line":54,"column":38}},"16":{"start":{"line":56,"column":4},"end":{"line":58,"column":5}},"17":{"start":{"line":57,"column":6},"end":{"line":57,"column":40}},"18":{"start":{"line":59,"column":4},"end":{"line":64,"column":5}},"19":{"start":{"line":60,"column":6},"end":{"line":63,"column":8}},"20":{"start":{"line":65,"column":4},"end":{"line":65,"column":29}},"21":{"start":{"line":69,"column":28},"end":{"line":71,"column":32}},"22":{"start":{"line":69,"column":54},"end":{"line":71,"column":3}},"23":{"start":{"line":70,"column":4},"end":{"line":70,"column":44}},"24":{"start":{"line":70,"column":19},"end":{"line":70,"column":44}},"25":{"start":{"line":74,"column":32},"end":{"line":114,"column":3}},"26":{"start":{"line":75,"column":4},"end":{"line":113,"column":11}},"27":{"start":{"line":77,"column":8},"end":{"line":111,"column":27}},"28":{"start":{"line":117,"column":28},"end":{"line":151,"column":3}},"29":{"start":{"line":118,"column":4},"end":{"line":150,"column":11}},"30":{"start":{"line":120,"column":8},"end":{"line":148,"column":27}},"31":{"start":{"line":153,"column":2},"end":{"line":153,"column":79}},"32":{"start":{"line":157,"column":2},"end":{"line":165,"column":4}}},"fnMap":{"0":{"name":"(anonymous_0)","decl":{"start":{"line":10,"column":20},"end":{"line":10,"column":21}},"loc":{"start":{"line":19,"column":6},"end":{"line":154,"column":1}},"line":19},"1":{"name":"(anonymous_1)","decl":{"start":{"line":21,"column":26},"end":{"line":21,"column":27}},"loc":{"start":{"line":21,"column":40},"end":{"line":23,"column":3}},"line":21},"2":{"name":"(anonymous_2)","decl":{"start":{"line":26,"column":31},"end":{"line":26,"column":32}},"loc":{"start":{"line":26,"column":45},"end":{"line":32,"column":3}},"line":26},"3":{"name":"(anonymous_3)","decl":{"start":{"line":35,"column":25},"end":{"line":35,"column":26}},"loc":{"start":{"line":35,"column":39},"end":{"line":49,"column":3}},"line":35},"4":{"name":"(anonymous_4)","decl":{"start":{"line":52,"column":29},"end":{"line":52,"column":30}},"loc":{"start":{"line":52,"column":43},"end":{"line":66,"column":3}},"line":52},"5":{"name":"(anonymous_5)","decl":{"start":{"line":69,"column":40},"end":{"line":69,"column":41}},"loc":{"start":{"line":69,"column":54},"end":{"line":71,"column":3}},"line":69},"6":{"name":"(anonymous_6)","decl":{"start":{"line":69,"column":54},"end":{"line":69,"column":55}},"loc":{"start":{"line":69,"column":60},"end":{"line":71,"column":3}},"line":69},"7":{"name":"(anonymous_7)","decl":{"start":{"line":74,"column":32},"end":{"line":74,"column":33}},"loc":{"start":{"line":75,"column":4},"end":{"line":113,"column":11}},"line":75},"8":{"name":"(anonymous_8)","decl":{"start":{"line":76,"column":19},"end":{"line":76,"column":20}},"loc":{"start":{"line":77,"column":8},"end":{"line":111,"column":27}},"line":77},"9":{"name":"(anonymous_9)","decl":{"start":{"line":117,"column":28},"end":{"line":117,"column":29}},"loc":{"start":{"line":118,"column":4},"end":{"line":150,"column":11}},"line":118},"10":{"name":"(anonymous_10)","decl":{"start":{"line":119,"column":19},"end":{"line":119,"column":20}},"loc":{"start":{"line":120,"column":8},"end":{"line":148,"column":27}},"line":120},"11":{"name":"areEqual","decl":{"start":{"line":156,"column":9},"end":{"line":156,"column":17}},"loc":{"start":{"line":156,"column":40},"end":{"line":166,"column":1}},"line":156}},"branchMap":{"0":{"loc":{"start":{"line":11,"column":2},"end":{"line":11,"column":14}},"type":"default-arg","locations":[{"start":{"line":11,"column":12},"end":{"line":11,"column":14}}],"line":11},"1":{"loc":{"start":{"line":12,"column":2},"end":{"line":12,"column":25}},"type":"default-arg","locations":[{"start":{"line":12,"column":21},"end":{"line":12,"column":25}}],"line":12},"2":{"loc":{"start":{"line":14,"column":2},"end":{"line":14,"column":24}},"type":"default-arg","locations":[{"start":{"line":14,"column":20},"end":{"line":14,"column":24}}],"line":14},"3":{"loc":{"start":{"line":15,"column":2},"end":{"line":15,"column":27}},"type":"default-arg","locations":[{"start":{"line":15,"column":22},"end":{"line":15,"column":27}}],"line":15},"4":{"loc":{"start":{"line":16,"column":2},"end":{"line":16,"column":18}},"type":"default-arg","locations":[{"start":{"line":16,"column":13},"end":{"line":16,"column":18}}],"line":16},"5":{"loc":{"start":{"line":17,"column":2},"end":{"line":17,"column":26}},"type":"default-arg","locations":[{"start":{"line":17,"column":17},"end":{"line":17,"column":26}}],"line":17},"6":{"loc":{"start":{"line":18,"column":2},"end":{"line":18,"column":21}},"type":"default-arg","locations":[{"start":{"line":18,"column":11},"end":{"line":18,"column":21}}],"line":18},"7":{"loc":{"start":{"line":22,"column":11},"end":{"line":22,"column":60}},"type":"binary-expr","locations":[{"start":{"line":22,"column":11},"end":{"line":22,"column":28}},{"start":{"line":22,"column":32},"end":{"line":22,"column":60}}],"line":22},"8":{"loc":{"start":{"line":28,"column":6},"end":{"line":30,"column":34}},"type":"binary-expr","locations":[{"start":{"line":28,"column":6},"end":{"line":28,"column":23}},{"start":{"line":29,"column":6},"end":{"line":29,"column":35}},{"start":{"line":30,"column":6},"end":{"line":30,"column":34}}],"line":28},"9":{"loc":{"start":{"line":36,"column":4},"end":{"line":38,"column":5}},"type":"if","locations":[{"start":{"line":36,"column":4},"end":{"line":38,"column":5}},{"start":{},"end":{}}],"line":36},"10":{"loc":{"start":{"line":39,"column":4},"end":{"line":41,"column":5}},"type":"if","locations":[{"start":{"line":39,"column":4},"end":{"line":41,"column":5}},{"start":{},"end":{}}],"line":39},"11":{"loc":{"start":{"line":42,"column":4},"end":{"line":47,"column":5}},"type":"if","locations":[{"start":{"line":42,"column":4},"end":{"line":47,"column":5}},{"start":{},"end":{}}],"line":42},"12":{"loc":{"start":{"line":53,"column":4},"end":{"line":55,"column":5}},"type":"if","locations":[{"start":{"line":53,"column":4},"end":{"line":55,"column":5}},{"start":{},"end":{}}],"line":53},"13":{"loc":{"start":{"line":56,"column":4},"end":{"line":58,"column":5}},"type":"if","locations":[{"start":{"line":56,"column":4},"end":{"line":58,"column":5}},{"start":{},"end":{}}],"line":56},"14":{"loc":{"start":{"line":59,"column":4},"end":{"line":64,"column":5}},"type":"if","locations":[{"start":{"line":59,"column":4},"end":{"line":64,"column":5}},{"start":{},"end":{}}],"line":59},"15":{"loc":{"start":{"line":70,"column":4},"end":{"line":70,"column":44}},"type":"if","locations":[{"start":{"line":70,"column":4},"end":{"line":70,"column":44}},{"start":{},"end":{}}],"line":70},"16":{"loc":{"start":{"line":94,"column":11},"end":{"line":96,"column":11}},"type":"binary-expr","locations":[{"start":{"line":94,"column":11},"end":{"line":94,"column":37}},{"start":{"line":95,"column":12},"end":{"line":95,"column":74}}],"line":94},"17":{"loc":{"start":{"line":98,"column":11},"end":{"line":100,"column":11}},"type":"binary-expr","locations":[{"start":{"line":98,"column":11},"end":{"line":98,"column":42}},{"start":{"line":99,"column":12},"end":{"line":99,"column":70}}],"line":98},"18":{"loc":{"start":{"line":102,"column":11},"end":{"line":110,"column":11}},"type":"binary-expr","locations":[{"start":{"line":102,"column":11},"end":{"line":102,"column":41}},{"start":{"line":102,"column":45},"end":{"line":102,"column":63}},{"start":{"line":103,"column":12},"end":{"line":109,"column":14}}],"line":102},"19":{"loc":{"start":{"line":141,"column":11},"end":{"line":143,"column":11}},"type":"binary-expr","locations":[{"start":{"line":141,"column":11},"end":{"line":141,"column":37}},{"start":{"line":142,"column":12},"end":{"line":142,"column":74}}],"line":141},"20":{"loc":{"start":{"line":145,"column":11},"end":{"line":147,"column":11}},"type":"binary-expr","locations":[{"start":{"line":145,"column":11},"end":{"line":145,"column":42}},{"start":{"line":146,"column":12},"end":{"line":146,"column":70}}],"line":145},"21":{"loc":{"start":{"line":153,"column":9},"end":{"line":153,"column":78}},"type":"cond-expr","locations":[{"start":{"line":153,"column":33},"end":{"line":153,"column":56}},{"start":{"line":153,"column":59},"end":{"line":153,"column":78}}],"line":153},"22":{"loc":{"start":{"line":158,"column":4},"end":{"line":164,"column":43}},"type":"binary-expr","locations":[{"start":{"line":158,"column":4},"end":{"line":158,"column":61}},{"start":{"line":159,"column":4},"end":{"line":159,"column":59}},{"start":{"line":160,"column":4},"end":{"line":160,"column":63}},{"start":{"line":161,"column":4},"end":{"line":161,"column":45}},{"start":{"line":162,"column":4},"end":{"line":162,"column":53}},{"start":{"line":163,"column":4},"end":{"line":163,"column":41}},{"start":{"line":164,"column":4},"end":{"line":164,"column":43}}],"line":158}},"s":{"0":1,"1":15,"2":99,"3":15,"4":93,"5":15,"6":33,"7":3,"8":30,"9":2,"10":28,"11":2,"12":26,"13":15,"14":33,"15":3,"16":30,"17":2,"18":28,"19":2,"20":26,"21":15,"22":33,"23":1,"24":1,"25":15,"26":11,"27":23,"28":15,"29":4,"30":10,"31":15,"32":2},"f":{"0":15,"1":99,"2":93,"3":33,"4":33,"5":33,"6":1,"7":11,"8":23,"9":4,"10":10,"11":2},"b":{"0":[0],"1":[8],"2":[12],"3":[12],"4":[14],"5":[15],"6":[11],"7":[99,27],"8":[93,21,7],"9":[3,30],"10":[2,28],"11":[2,26],"12":[3,30],"13":[2,28],"14":[2,26],"15":[1,0],"16":[23,2],"17":[23,1],"18":[23,4,2],"19":[10,1],"20":[10,1],"21":[11,4],"22":[2,1,1,1,1,1,1]},"_coverageSchema":"1a1c01bbd47fc00a2c39e90264f33305004495a9","hash":"d109b1d0e2c3b775fd000d56b5ffe424f30df6c5"}
,"C:\\Users\\khi_h\\Desktop\\Projets\\JoudEnglishApp\\src\\components\\exercise-common\\OptionsList\\style.js": {"path":"C:\\Users\\khi_h\\Desktop\\Projets\\JoudEnglishApp\\src\\components\\exercise-common\\OptionsList\\style.js","statementMap":{"0":{"start":{"line":4,"column":15},"end":{"line":90,"column":2}}},"fnMap":{},"branchMap":{},"s":{"0":1},"f":{},"b":{},"_coverageSchema":"1a1c01bbd47fc00a2c39e90264f33305004495a9","hash":"9bff84872ea0662ad1445d96074e9ee8814cd0ed"}
,"C:\\Users\\khi_h\\Desktop\\Projets\\JoudEnglishApp\\src\\components\\exercise-common\\ResultsScreen\\index.js": {"path":"C:\\Users\\khi_h\\Desktop\\Projets\\JoudEnglishApp\\src\\components\\exercise-common\\ResultsScreen\\index.js","statementMap":{"0":{"start":{"line":20,"column":22},"end":{"line":27,"column":1}},"1":{"start":{"line":21,"column":2},"end":{"line":26,"column":9}},"2":{"start":{"line":30,"column":0},"end":{"line":35,"column":2}},"3":{"start":{"line":38,"column":21},"end":{"line":50,"column":1}},"4":{"start":{"line":39,"column":2},"end":{"line":49,"column":9}},"5":{"start":{"line":53,"column":0},"end":{"line":62,"column":2}},"6":{"start":{"line":65,"column":24},"end":{"line":72,"column":1}},"7":{"start":{"line":66,"column":2},"end":{"line":71,"column":10}},"8":{"start":{"line":75,"column":0},"end":{"line":78,"column":2}},"9":{"start":{"line":81,"column":23},"end":{"line":99,"column":1}},"10":{"start":{"line":82,"column":2},"end":{"line":98,"column":5}},"11":{"start":{"line":102,"column":0},"end":{"line":108,"column":2}},"12":{"start":{"line":111,"column":22},"end":{"line":217,"column":1}},"13":{"start":{"line":127,"column":19},"end":{"line":127,"column":56}},"14":{"start":{"line":128,"column":20},"end":{"line":128,"column":59}},"15":{"start":{"line":132,"column":4},"end":{"line":132,"column":60}},"16":{"start":{"line":135,"column":29},"end":{"line":165,"column":3}},"17":{"start":{"line":136,"column":4},"end":{"line":164,"column":5}},"18":{"start":{"line":137,"column":6},"end":{"line":142,"column":8}},"19":{"start":{"line":143,"column":11},"end":{"line":164,"column":5}},"20":{"start":{"line":144,"column":6},"end":{"line":149,"column":8}},"21":{"start":{"line":150,"column":11},"end":{"line":164,"column":5}},"22":{"start":{"line":151,"column":6},"end":{"line":156,"column":8}},"23":{"start":{"line":158,"column":6},"end":{"line":163,"column":8}},"24":{"start":{"line":167,"column":42},"end":{"line":167,"column":62}},"25":{"start":{"line":170,"column":23},"end":{"line":181,"column":78}},"26":{"start":{"line":171,"column":4},"end":{"line":180,"column":5}},"27":{"start":{"line":172,"column":6},"end":{"line":175,"column":9}},"28":{"start":{"line":178,"column":6},"end":{"line":178,"column":52}},"29":{"start":{"line":184,"column":2},"end":{"line":198,"column":9}},"30":{"start":{"line":185,"column":4},"end":{"line":197,"column":15}},"31":{"start":{"line":200,"column":2},"end":{"line":216,"column":4}},"32":{"start":{"line":220,"column":0},"end":{"line":240,"column":2}},"33":{"start":{"line":242,"column":21},"end":{"line":284,"column":1}},"34":{"start":{"line":243,"column":2},"end":{"line":283,"column":9}},"35":{"start":{"line":287,"column":0},"end":{"line":293,"column":2}},"36":{"start":{"line":295,"column":31},"end":{"line":369,"column":1}},"37":{"start":{"line":298,"column":22},"end":{"line":302,"column":3}},"38":{"start":{"line":299,"column":4},"end":{"line":299,"column":52}},"39":{"start":{"line":299,"column":26},"end":{"line":299,"column":52}},"40":{"start":{"line":300,"column":4},"end":{"line":300,"column":53}},"41":{"start":{"line":300,"column":26},"end":{"line":300,"column":53}},"42":{"start":{"line":301,"column":4},"end":{"line":301,"column":26}},"43":{"start":{"line":304,"column":23},"end":{"line":308,"column":3}},"44":{"start":{"line":305,"column":4},"end":{"line":305,"column":43}},"45":{"start":{"line":305,"column":26},"end":{"line":305,"column":43}},"46":{"start":{"line":306,"column":4},"end":{"line":306,"column":43}},"47":{"start":{"line":306,"column":26},"end":{"line":306,"column":43}},"48":{"start":{"line":307,"column":4},"end":{"line":307,"column":21}},"49":{"start":{"line":310,"column":25},"end":{"line":314,"column":3}},"50":{"start":{"line":311,"column":4},"end":{"line":311,"column":59}},"51":{"start":{"line":311,"column":26},"end":{"line":311,"column":59}},"52":{"start":{"line":312,"column":4},"end":{"line":312,"column":59}},"53":{"start":{"line":312,"column":26},"end":{"line":312,"column":59}},"54":{"start":{"line":313,"column":4},"end":{"line":313,"column":39}},"55":{"start":{"line":316,"column":24},"end":{"line":318,"column":3}},"56":{"start":{"line":317,"column":4},"end":{"line":317,"column":59}},"57":{"start":{"line":320,"column":2},"end":{"line":322,"column":3}},"58":{"start":{"line":321,"column":4},"end":{"line":321,"column":16}},"59":{"start":{"line":324,"column":2},"end":{"line":368,"column":4}},"60":{"start":{"line":329,"column":8},"end":{"line":365,"column":15}},"61":{"start":{"line":372,"column":0},"end":{"line":376,"column":2}}},"fnMap":{"0":{"name":"(anonymous_0)","decl":{"start":{"line":20,"column":22},"end":{"line":20,"column":23}},"loc":{"start":{"line":21,"column":2},"end":{"line":26,"column":9}},"line":21},"1":{"name":"(anonymous_1)","decl":{"start":{"line":38,"column":21},"end":{"line":38,"column":22}},"loc":{"start":{"line":39,"column":2},"end":{"line":49,"column":9}},"line":39},"2":{"name":"(anonymous_2)","decl":{"start":{"line":65,"column":24},"end":{"line":65,"column":25}},"loc":{"start":{"line":66,"column":2},"end":{"line":71,"column":10}},"line":66},"3":{"name":"(anonymous_3)","decl":{"start":{"line":81,"column":23},"end":{"line":81,"column":24}},"loc":{"start":{"line":82,"column":2},"end":{"line":98,"column":5}},"line":82},"4":{"name":"(anonymous_4)","decl":{"start":{"line":111,"column":22},"end":{"line":111,"column":23}},"loc":{"start":{"line":125,"column":6},"end":{"line":217,"column":1}},"line":125},"5":{"name":"(anonymous_5)","decl":{"start":{"line":121,"column":12},"end":{"line":121,"column":13}},"loc":{"start":{"line":121,"column":18},"end":{"line":121,"column":94}},"line":121},"6":{"name":"(anonymous_6)","decl":{"start":{"line":122,"column":15},"end":{"line":122,"column":16}},"loc":{"start":{"line":122,"column":21},"end":{"line":122,"column":97}},"line":122},"7":{"name":"(anonymous_7)","decl":{"start":{"line":135,"column":29},"end":{"line":135,"column":30}},"loc":{"start":{"line":135,"column":35},"end":{"line":165,"column":3}},"line":135},"8":{"name":"(anonymous_8)","decl":{"start":{"line":170,"column":35},"end":{"line":170,"column":36}},"loc":{"start":{"line":170,"column":47},"end":{"line":181,"column":3}},"line":170},"9":{"name":"(anonymous_9)","decl":{"start":{"line":184,"column":12},"end":{"line":184,"column":13}},"loc":{"start":{"line":184,"column":18},"end":{"line":198,"column":3}},"line":184},"10":{"name":"(anonymous_10)","decl":{"start":{"line":242,"column":21},"end":{"line":242,"column":22}},"loc":{"start":{"line":243,"column":2},"end":{"line":283,"column":9}},"line":243},"11":{"name":"(anonymous_11)","decl":{"start":{"line":295,"column":31},"end":{"line":295,"column":32}},"loc":{"start":{"line":295,"column":90},"end":{"line":369,"column":1}},"line":295},"12":{"name":"(anonymous_12)","decl":{"start":{"line":298,"column":22},"end":{"line":298,"column":23}},"loc":{"start":{"line":298,"column":34},"end":{"line":302,"column":3}},"line":298},"13":{"name":"(anonymous_13)","decl":{"start":{"line":304,"column":23},"end":{"line":304,"column":24}},"loc":{"start":{"line":304,"column":35},"end":{"line":308,"column":3}},"line":304},"14":{"name":"(anonymous_14)","decl":{"start":{"line":310,"column":25},"end":{"line":310,"column":26}},"loc":{"start":{"line":310,"column":37},"end":{"line":314,"column":3}},"line":310},"15":{"name":"(anonymous_15)","decl":{"start":{"line":316,"column":24},"end":{"line":316,"column":25}},"loc":{"start":{"line":316,"column":36},"end":{"line":318,"column":3}},"line":316},"16":{"name":"(anonymous_16)","decl":{"start":{"line":328,"column":27},"end":{"line":328,"column":28}},"loc":{"start":{"line":329,"column":8},"end":{"line":365,"column":15}},"line":329}},"branchMap":{"0":{"loc":{"start":{"line":66,"column":2},"end":{"line":71,"column":10}},"type":"cond-expr","locations":[{"start":{"line":67,"column":4},"end":{"line":70,"column":11}},{"start":{"line":71,"column":6},"end":{"line":71,"column":10}}],"line":66},"1":{"loc":{"start":{"line":112,"column":2},"end":{"line":112,"column":20}},"type":"default-arg","locations":[{"start":{"line":112,"column":19},"end":{"line":112,"column":20}}],"line":112},"2":{"loc":{"start":{"line":113,"column":2},"end":{"line":113,"column":20}},"type":"default-arg","locations":[{"start":{"line":113,"column":19},"end":{"line":113,"column":20}}],"line":113},"3":{"loc":{"start":{"line":114,"column":2},"end":{"line":114,"column":22}},"type":"default-arg","locations":[{"start":{"line":114,"column":21},"end":{"line":114,"column":22}}],"line":114},"4":{"loc":{"start":{"line":115,"column":2},"end":{"line":115,"column":20}},"type":"default-arg","locations":[{"start":{"line":115,"column":19},"end":{"line":115,"column":20}}],"line":115},"5":{"loc":{"start":{"line":116,"column":2},"end":{"line":116,"column":21}},"type":"default-arg","locations":[{"start":{"line":116,"column":14},"end":{"line":116,"column":21}}],"line":116},"6":{"loc":{"start":{"line":117,"column":2},"end":{"line":117,"column":27}},"type":"default-arg","locations":[{"start":{"line":117,"column":17},"end":{"line":117,"column":27}}],"line":117},"7":{"loc":{"start":{"line":118,"column":2},"end":{"line":118,"column":14}},"type":"default-arg","locations":[{"start":{"line":118,"column":10},"end":{"line":118,"column":14}}],"line":118},"8":{"loc":{"start":{"line":119,"column":2},"end":{"line":119,"column":24}},"type":"default-arg","locations":[{"start":{"line":119,"column":15},"end":{"line":119,"column":24}}],"line":119},"9":{"loc":{"start":{"line":120,"column":2},"end":{"line":120,"column":15}},"type":"default-arg","locations":[{"start":{"line":120,"column":13},"end":{"line":120,"column":15}}],"line":120},"10":{"loc":{"start":{"line":121,"column":2},"end":{"line":121,"column":94}},"type":"default-arg","locations":[{"start":{"line":121,"column":12},"end":{"line":121,"column":94}}],"line":121},"11":{"loc":{"start":{"line":122,"column":2},"end":{"line":122,"column":97}},"type":"default-arg","locations":[{"start":{"line":122,"column":15},"end":{"line":122,"column":97}}],"line":122},"12":{"loc":{"start":{"line":123,"column":2},"end":{"line":123,"column":29}},"type":"default-arg","locations":[{"start":{"line":123,"column":24},"end":{"line":123,"column":29}}],"line":123},"13":{"loc":{"start":{"line":124,"column":2},"end":{"line":124,"column":22}},"type":"default-arg","locations":[{"start":{"line":124,"column":20},"end":{"line":124,"column":22}}],"line":124},"14":{"loc":{"start":{"line":132,"column":4},"end":{"line":132,"column":60}},"type":"binary-expr","locations":[{"start":{"line":132,"column":4},"end":{"line":132,"column":55}},{"start":{"line":132,"column":59},"end":{"line":132,"column":60}}],"line":132},"15":{"loc":{"start":{"line":136,"column":4},"end":{"line":164,"column":5}},"type":"if","locations":[{"start":{"line":136,"column":4},"end":{"line":164,"column":5}},{"start":{"line":143,"column":11},"end":{"line":164,"column":5}}],"line":136},"16":{"loc":{"start":{"line":143,"column":11},"end":{"line":164,"column":5}},"type":"if","locations":[{"start":{"line":143,"column":11},"end":{"line":164,"column":5}},{"start":{"line":150,"column":11},"end":{"line":164,"column":5}}],"line":143},"17":{"loc":{"start":{"line":150,"column":11},"end":{"line":164,"column":5}},"type":"if","locations":[{"start":{"line":150,"column":11},"end":{"line":164,"column":5}},{"start":{"line":157,"column":11},"end":{"line":164,"column":5}}],"line":150},"18":{"loc":{"start":{"line":299,"column":4},"end":{"line":299,"column":52}},"type":"if","locations":[{"start":{"line":299,"column":4},"end":{"line":299,"column":52}},{"start":{},"end":{}}],"line":299},"19":{"loc":{"start":{"line":300,"column":4},"end":{"line":300,"column":53}},"type":"if","locations":[{"start":{"line":300,"column":4},"end":{"line":300,"column":53}},{"start":{},"end":{}}],"line":300},"20":{"loc":{"start":{"line":305,"column":4},"end":{"line":305,"column":43}},"type":"if","locations":[{"start":{"line":305,"column":4},"end":{"line":305,"column":43}},{"start":{},"end":{}}],"line":305},"21":{"loc":{"start":{"line":306,"column":4},"end":{"line":306,"column":43}},"type":"if","locations":[{"start":{"line":306,"column":4},"end":{"line":306,"column":43}},{"start":{},"end":{}}],"line":306},"22":{"loc":{"start":{"line":311,"column":4},"end":{"line":311,"column":59}},"type":"if","locations":[{"start":{"line":311,"column":4},"end":{"line":311,"column":59}},{"start":{},"end":{}}],"line":311},"23":{"loc":{"start":{"line":312,"column":4},"end":{"line":312,"column":59}},"type":"if","locations":[{"start":{"line":312,"column":4},"end":{"line":312,"column":59}},{"start":{},"end":{}}],"line":312},"24":{"loc":{"start":{"line":317,"column":11},"end":{"line":317,"column":58}},"type":"cond-expr","locations":[{"start":{"line":317,"column":30},"end":{"line":317,"column":38}},{"start":{"line":317,"column":41},"end":{"line":317,"column":58}}],"line":317},"25":{"loc":{"start":{"line":320,"column":2},"end":{"line":322,"column":3}},"type":"if","locations":[{"start":{"line":320,"column":2},"end":{"line":322,"column":3}},{"start":{},"end":{}}],"line":320},"26":{"loc":{"start":{"line":320,"column":6},"end":{"line":320,"column":58}},"type":"binary-expr","locations":[{"start":{"line":320,"column":6},"end":{"line":320,"column":26}},{"start":{"line":320,"column":30},"end":{"line":320,"column":58}}],"line":320},"27":{"loc":{"start":{"line":356,"column":13},"end":{"line":363,"column":13}},"type":"binary-expr","locations":[{"start":{"line":356,"column":13},"end":{"line":356,"column":30}},{"start":{"line":356,"column":34},"end":{"line":356,"column":51}},{"start":{"line":357,"column":14},"end":{"line":362,"column":21}}],"line":356}},"s":{"0":1,"1":26,"2":1,"3":1,"4":26,"5":1,"6":1,"7":26,"8":1,"9":1,"10":26,"11":1,"12":1,"13":26,"14":26,"15":26,"16":26,"17":26,"18":18,"19":8,"20":2,"21":6,"22":2,"23":4,"24":26,"25":26,"26":2,"27":2,"28":1,"29":26,"30":26,"31":26,"32":1,"33":1,"34":26,"35":1,"36":1,"37":26,"38":6,"39":2,"40":4,"41":2,"42":2,"43":26,"44":6,"45":2,"46":4,"47":2,"48":2,"49":26,"50":6,"51":2,"52":4,"53":2,"54":2,"55":26,"56":6,"57":26,"58":22,"59":4,"60":6,"61":1},"f":{"0":26,"1":26,"2":26,"3":26,"4":26,"5":1,"6":1,"7":26,"8":2,"9":26,"10":26,"11":26,"12":6,"13":6,"14":6,"15":6,"16":6},"b":{"0":[1,25],"1":[0],"2":[0],"3":[0],"4":[0],"5":[0],"6":[0],"7":[0],"8":[0],"9":[0],"10":[1],"11":[1],"12":[0],"13":[0],"14":[26,1],"15":[18,8],"16":[2,6],"17":[2,4],"18":[2,4],"19":[2,2],"20":[2,4],"21":[2,2],"22":[2,4],"23":[2,2],"24":[2,4],"25":[22,4],"26":[26,5],"27":[6,4,2]},"_coverageSchema":"1a1c01bbd47fc00a2c39e90264f33305004495a9","hash":"80cbe8a8a1b9cabbb77646efa2163bf7d75fc235"}
,"C:\\Users\\khi_h\\Desktop\\Projets\\JoudEnglishApp\\src\\components\\exercise-common\\ResultsScreen\\style.js": {"path":"C:\\Users\\khi_h\\Desktop\\Projets\\JoudEnglishApp\\src\\components\\exercise-common\\ResultsScreen\\style.js","statementMap":{"0":{"start":{"line":4,"column":15},"end":{"line":248,"column":2}}},"fnMap":{},"branchMap":{},"s":{"0":1},"f":{},"b":{},"_coverageSchema":"1a1c01bbd47fc00a2c39e90264f33305004495a9","hash":"9872686f4777357f7cdb2dc1a0098e2f5d52706a"}
}
