{"C:\\Users\\khi_h\\Desktop\\Projets\\JoudEnglishApp\\src\\components\\exercise-common\\CategorySelector\\index.js": {"path":"C:\\Users\\khi_h\\Desktop\\Projets\\JoudEnglishApp\\src\\components\\exercise-common\\CategorySelector\\index.js","statementMap":{"0":{"start":{"line":17,"column":25},"end":{"line":256,"column":1}},"1":{"start":{"line":23,"column":17},"end":{"line":23,"column":43}},"2":{"start":{"line":24,"column":24},"end":{"line":24,"column":36}},"3":{"start":{"line":27,"column":24},"end":{"line":27,"column":34}},"4":{"start":{"line":28,"column":29},"end":{"line":28,"column":39}},"5":{"start":{"line":29,"column":25},"end":{"line":29,"column":35}},"6":{"start":{"line":30,"column":25},"end":{"line":30,"column":38}},"7":{"start":{"line":31,"column":58},"end":{"line":31,"column":84}},"8":{"start":{"line":34,"column":2},"end":{"line":53,"column":37}},"9":{"start":{"line":35,"column":26},"end":{"line":35,"column":28}},"10":{"start":{"line":36,"column":31},"end":{"line":36,"column":33}},"11":{"start":{"line":37,"column":27},"end":{"line":37,"column":29}},"12":{"start":{"line":39,"column":4},"end":{"line":46,"column":7}},"13":{"start":{"line":41,"column":6},"end":{"line":43,"column":8}},"14":{"start":{"line":44,"column":6},"end":{"line":44,"column":105}},"15":{"start":{"line":45,"column":6},"end":{"line":45,"column":80}},"16":{"start":{"line":49,"column":4},"end":{"line":49,"column":42}},"17":{"start":{"line":50,"column":4},"end":{"line":50,"column":52}},"18":{"start":{"line":51,"column":4},"end":{"line":51,"column":44}},"19":{"start":{"line":56,"column":24},"end":{"line":65,"column":8}},"20":{"start":{"line":57,"column":27},"end":{"line":57,"column":65}},"21":{"start":{"line":58,"column":4},"end":{"line":64,"column":5}},"22":{"start":{"line":59,"column":6},"end":{"line":63,"column":17}},"23":{"start":{"line":67,"column":25},"end":{"line":76,"column":8}},"24":{"start":{"line":68,"column":27},"end":{"line":68,"column":65}},"25":{"start":{"line":69,"column":4},"end":{"line":75,"column":5}},"26":{"start":{"line":70,"column":6},"end":{"line":74,"column":17}},"27":{"start":{"line":79,"column":27},"end":{"line":107,"column":8}},"28":{"start":{"line":80,"column":4},"end":{"line":80,"column":39}},"29":{"start":{"line":80,"column":32},"end":{"line":80,"column":39}},"30":{"start":{"line":82,"column":4},"end":{"line":82,"column":34}},"31":{"start":{"line":83,"column":28},"end":{"line":83,"column":30}},"32":{"start":{"line":84,"column":21},"end":{"line":84,"column":56}},"33":{"start":{"line":85,"column":19},"end":{"line":85,"column":52}},"34":{"start":{"line":88,"column":4},"end":{"line":92,"column":5}},"35":{"start":{"line":89,"column":6},"end":{"line":91,"column":8}},"36":{"start":{"line":94,"column":4},"end":{"line":98,"column":5}},"37":{"start":{"line":95,"column":6},"end":{"line":97,"column":8}},"38":{"start":{"line":100,"column":4},"end":{"line":106,"column":5}},"39":{"start":{"line":101,"column":6},"end":{"line":103,"column":9}},"40":{"start":{"line":102,"column":8},"end":{"line":102,"column":39}},"41":{"start":{"line":105,"column":6},"end":{"line":105,"column":37}},"42":{"start":{"line":110,"column":2},"end":{"line":115,"column":65}},"43":{"start":{"line":111,"column":4},"end":{"line":114,"column":5}},"44":{"start":{"line":112,"column":6},"end":{"line":112,"column":63}},"45":{"start":{"line":113,"column":6},"end":{"line":113,"column":48}},"46":{"start":{"line":118,"column":2},"end":{"line":127,"column":25}},"47":{"start":{"line":119,"column":4},"end":{"line":126,"column":5}},"48":{"start":{"line":120,"column":21},"end":{"line":120,"column":61}},"49":{"start":{"line":121,"column":6},"end":{"line":125,"column":9}},"50":{"start":{"line":130,"column":30},"end":{"line":134,"column":42}},"51":{"start":{"line":131,"column":4},"end":{"line":133,"column":5}},"52":{"start":{"line":132,"column":6},"end":{"line":132,"column":35}},"53":{"start":{"line":137,"column":29},"end":{"line":234,"column":4}},"54":{"start":{"line":138,"column":23},"end":{"line":138,"column":55}},"55":{"start":{"line":139,"column":22},"end":{"line":139,"column":56}},"56":{"start":{"line":140,"column":27},"end":{"line":140,"column":66}},"57":{"start":{"line":143,"column":18},"end":{"line":147,"column":11}},"58":{"start":{"line":149,"column":23},"end":{"line":153,"column":11}},"59":{"start":{"line":155,"column":26},"end":{"line":159,"column":13}},"60":{"start":{"line":161,"column":24},"end":{"line":165,"column":11}},"61":{"start":{"line":167,"column":4},"end":{"line":226,"column":6}},"62":{"start":{"line":171,"column":10},"end":{"line":171,"column":73}},"63":{"start":{"line":182,"column":25},"end":{"line":182,"column":57}},"64":{"start":{"line":183,"column":27},"end":{"line":183,"column":53}},"65":{"start":{"line":184,"column":28},"end":{"line":184,"column":55}},"66":{"start":{"line":236,"column":2},"end":{"line":255,"column":4}},"67":{"start":{"line":258,"column":0},"end":{"line":266,"column":2}},"68":{"start":{"line":271,"column":2},"end":{"line":277,"column":3}},"69":{"start":{"line":276,"column":4},"end":{"line":276,"column":17}},"70":{"start":{"line":280,"column":2},"end":{"line":282,"column":3}},"71":{"start":{"line":281,"column":4},"end":{"line":281,"column":16}},"72":{"start":{"line":285,"column":2},"end":{"line":288,"column":5}},"73":{"start":{"line":286,"column":20},"end":{"line":286,"column":47}},"74":{"start":{"line":287,"column":4},"end":{"line":287,"column":73}}},"fnMap":{"0":{"name":"(anonymous_0)","decl":{"start":{"line":17,"column":25},"end":{"line":17,"column":26}},"loc":{"start":{"line":22,"column":6},"end":{"line":256,"column":1}},"line":22},"1":{"name":"(anonymous_1)","decl":{"start":{"line":34,"column":12},"end":{"line":34,"column":13}},"loc":{"start":{"line":34,"column":18},"end":{"line":53,"column":3}},"line":34},"2":{"name":"(anonymous_2)","decl":{"start":{"line":39,"column":23},"end":{"line":39,"column":24}},"loc":{"start":{"line":39,"column":35},"end":{"line":46,"column":5}},"line":39},"3":{"name":"(anonymous_3)","decl":{"start":{"line":56,"column":36},"end":{"line":56,"column":37}},"loc":{"start":{"line":56,"column":52},"end":{"line":65,"column":3}},"line":56},"4":{"name":"(anonymous_4)","decl":{"start":{"line":67,"column":37},"end":{"line":67,"column":38}},"loc":{"start":{"line":67,"column":53},"end":{"line":76,"column":3}},"line":67},"5":{"name":"(anonymous_5)","decl":{"start":{"line":79,"column":39},"end":{"line":79,"column":40}},"loc":{"start":{"line":79,"column":69},"end":{"line":107,"column":3}},"line":79},"6":{"name":"(anonymous_6)","decl":{"start":{"line":101,"column":47},"end":{"line":101,"column":48}},"loc":{"start":{"line":101,"column":53},"end":{"line":103,"column":7}},"line":101},"7":{"name":"(anonymous_7)","decl":{"start":{"line":110,"column":12},"end":{"line":110,"column":13}},"loc":{"start":{"line":110,"column":18},"end":{"line":115,"column":3}},"line":110},"8":{"name":"(anonymous_8)","decl":{"start":{"line":118,"column":12},"end":{"line":118,"column":13}},"loc":{"start":{"line":118,"column":18},"end":{"line":127,"column":3}},"line":118},"9":{"name":"(anonymous_9)","decl":{"start":{"line":130,"column":42},"end":{"line":130,"column":43}},"loc":{"start":{"line":130,"column":58},"end":{"line":134,"column":3}},"line":130},"10":{"name":"(anonymous_10)","decl":{"start":{"line":137,"column":41},"end":{"line":137,"column":42}},"loc":{"start":{"line":137,"column":55},"end":{"line":227,"column":3}},"line":137},"11":{"name":"(anonymous_11)","decl":{"start":{"line":170,"column":18},"end":{"line":170,"column":19}},"loc":{"start":{"line":170,"column":29},"end":{"line":172,"column":9}},"line":170},"12":{"name":"(anonymous_12)","decl":{"start":{"line":182,"column":19},"end":{"line":182,"column":20}},"loc":{"start":{"line":182,"column":25},"end":{"line":182,"column":57}},"line":182},"13":{"name":"(anonymous_13)","decl":{"start":{"line":183,"column":21},"end":{"line":183,"column":22}},"loc":{"start":{"line":183,"column":27},"end":{"line":183,"column":53}},"line":183},"14":{"name":"(anonymous_14)","decl":{"start":{"line":184,"column":22},"end":{"line":184,"column":23}},"loc":{"start":{"line":184,"column":28},"end":{"line":184,"column":55}},"line":184},"15":{"name":"areEqual","decl":{"start":{"line":269,"column":16},"end":{"line":269,"column":24}},"loc":{"start":{"line":269,"column":47},"end":{"line":289,"column":1}},"line":269},"16":{"name":"(anonymous_16)","decl":{"start":{"line":285,"column":36},"end":{"line":285,"column":37}},"loc":{"start":{"line":285,"column":52},"end":{"line":288,"column":3}},"line":285}},"branchMap":{"0":{"loc":{"start":{"line":18,"column":2},"end":{"line":18,"column":17}},"type":"default-arg","locations":[{"start":{"line":18,"column":15},"end":{"line":18,"column":17}}],"line":18},"1":{"loc":{"start":{"line":21,"column":2},"end":{"line":21,"column":26}},"type":"default-arg","locations":[{"start":{"line":21,"column":17},"end":{"line":21,"column":26}}],"line":21},"2":{"loc":{"start":{"line":41,"column":35},"end":{"line":43,"column":7}},"type":"binary-expr","locations":[{"start":{"line":41,"column":35},"end":{"line":41,"column":69}},{"start":{"line":41,"column":73},"end":{"line":43,"column":7}}],"line":41},"3":{"loc":{"start":{"line":42,"column":8},"end":{"line":42,"column":48}},"type":"cond-expr","locations":[{"start":{"line":42,"column":43},"end":{"line":42,"column":44}},{"start":{"line":42,"column":47},"end":{"line":42,"column":48}}],"line":42},"4":{"loc":{"start":{"line":44,"column":40},"end":{"line":44,"column":104}},"type":"binary-expr","locations":[{"start":{"line":44,"column":40},"end":{"line":44,"column":79}},{"start":{"line":44,"column":83},"end":{"line":44,"column":104}}],"line":44},"5":{"loc":{"start":{"line":45,"column":36},"end":{"line":45,"column":79}},"type":"binary-expr","locations":[{"start":{"line":45,"column":36},"end":{"line":45,"column":71}},{"start":{"line":45,"column":75},"end":{"line":45,"column":79}}],"line":45},"6":{"loc":{"start":{"line":58,"column":4},"end":{"line":64,"column":5}},"type":"if","locations":[{"start":{"line":58,"column":4},"end":{"line":64,"column":5}},{"start":{},"end":{}}],"line":58},"7":{"loc":{"start":{"line":69,"column":4},"end":{"line":75,"column":5}},"type":"if","locations":[{"start":{"line":69,"column":4},"end":{"line":75,"column":5}},{"start":{},"end":{}}],"line":69},"8":{"loc":{"start":{"line":80,"column":4},"end":{"line":80,"column":39}},"type":"if","locations":[{"start":{"line":80,"column":4},"end":{"line":80,"column":39}},{"start":{},"end":{}}],"line":80},"9":{"loc":{"start":{"line":88,"column":4},"end":{"line":92,"column":5}},"type":"if","locations":[{"start":{"line":88,"column":4},"end":{"line":92,"column":5}},{"start":{},"end":{}}],"line":88},"10":{"loc":{"start":{"line":94,"column":4},"end":{"line":98,"column":5}},"type":"if","locations":[{"start":{"line":94,"column":4},"end":{"line":98,"column":5}},{"start":{},"end":{}}],"line":94},"11":{"loc":{"start":{"line":100,"column":4},"end":{"line":106,"column":5}},"type":"if","locations":[{"start":{"line":100,"column":4},"end":{"line":106,"column":5}},{"start":{"line":104,"column":11},"end":{"line":106,"column":5}}],"line":100},"12":{"loc":{"start":{"line":111,"column":4},"end":{"line":114,"column":5}},"type":"if","locations":[{"start":{"line":111,"column":4},"end":{"line":114,"column":5}},{"start":{},"end":{}}],"line":111},"13":{"loc":{"start":{"line":119,"column":4},"end":{"line":126,"column":5}},"type":"if","locations":[{"start":{"line":119,"column":4},"end":{"line":126,"column":5}},{"start":{},"end":{}}],"line":119},"14":{"loc":{"start":{"line":119,"column":8},"end":{"line":119,"column":93}},"type":"binary-expr","locations":[{"start":{"line":119,"column":8},"end":{"line":119,"column":29}},{"start":{"line":119,"column":33},"end":{"line":119,"column":49}},{"start":{"line":119,"column":53},"end":{"line":119,"column":93}}],"line":119},"15":{"loc":{"start":{"line":131,"column":4},"end":{"line":133,"column":5}},"type":"if","locations":[{"start":{"line":131,"column":4},"end":{"line":133,"column":5}},{"start":{},"end":{}}],"line":131},"16":{"loc":{"start":{"line":131,"column":8},"end":{"line":131,"column":66}},"type":"binary-expr","locations":[{"start":{"line":131,"column":8},"end":{"line":131,"column":39}},{"start":{"line":131,"column":43},"end":{"line":131,"column":66}}],"line":131},"17":{"loc":{"start":{"line":143,"column":18},"end":{"line":147,"column":11}},"type":"binary-expr","locations":[{"start":{"line":143,"column":18},"end":{"line":147,"column":6}},{"start":{"line":147,"column":10},"end":{"line":147,"column":11}}],"line":143},"18":{"loc":{"start":{"line":149,"column":23},"end":{"line":153,"column":11}},"type":"binary-expr","locations":[{"start":{"line":149,"column":23},"end":{"line":153,"column":6}},{"start":{"line":153,"column":10},"end":{"line":153,"column":11}}],"line":149},"19":{"loc":{"start":{"line":155,"column":26},"end":{"line":159,"column":13}},"type":"binary-expr","locations":[{"start":{"line":155,"column":26},"end":{"line":159,"column":6}},{"start":{"line":159,"column":10},"end":{"line":159,"column":13}}],"line":155},"20":{"loc":{"start":{"line":161,"column":24},"end":{"line":165,"column":11}},"type":"binary-expr","locations":[{"start":{"line":161,"column":24},"end":{"line":165,"column":6}},{"start":{"line":165,"column":10},"end":{"line":165,"column":11}}],"line":161},"21":{"loc":{"start":{"line":190,"column":11},"end":{"line":223,"column":11}},"type":"cond-expr","locations":[{"start":{"line":191,"column":12},"end":{"line":205,"column":29}},{"start":{"line":207,"column":12},"end":{"line":222,"column":28}}],"line":190},"22":{"loc":{"start":{"line":271,"column":2},"end":{"line":277,"column":3}},"type":"if","locations":[{"start":{"line":271,"column":2},"end":{"line":277,"column":3}},{"start":{},"end":{}}],"line":271},"23":{"loc":{"start":{"line":272,"column":4},"end":{"line":274,"column":63}},"type":"binary-expr","locations":[{"start":{"line":272,"column":4},"end":{"line":272,"column":61}},{"start":{"line":273,"column":4},"end":{"line":273,"column":53}},{"start":{"line":274,"column":4},"end":{"line":274,"column":63}}],"line":272},"24":{"loc":{"start":{"line":280,"column":2},"end":{"line":282,"column":3}},"type":"if","locations":[{"start":{"line":280,"column":2},"end":{"line":282,"column":3}},{"start":{},"end":{}}],"line":280},"25":{"loc":{"start":{"line":287,"column":11},"end":{"line":287,"column":72}},"type":"binary-expr","locations":[{"start":{"line":287,"column":11},"end":{"line":287,"column":18}},{"start":{"line":287,"column":22},"end":{"line":287,"column":43}},{"start":{"line":287,"column":47},"end":{"line":287,"column":72}}],"line":287}},"s":{"0":1,"1":16,"2":16,"3":16,"4":16,"5":16,"6":16,"7":16,"8":16,"9":8,"10":8,"11":8,"12":8,"13":24,"14":24,"15":24,"16":8,"17":8,"18":8,"19":16,"20":0,"21":0,"22":0,"23":16,"24":0,"25":0,"26":0,"27":16,"28":0,"29":0,"30":0,"31":0,"32":0,"33":0,"34":0,"35":0,"36":0,"37":0,"38":0,"39":0,"40":0,"41":0,"42":16,"43":8,"44":0,"45":0,"46":16,"47":8,"48":0,"49":0,"50":16,"51":2,"52":1,"53":16,"54":46,"55":46,"56":46,"57":46,"58":46,"59":46,"60":46,"61":46,"62":0,"63":2,"64":0,"65":0,"66":16,"67":1,"68":8,"69":8,"70":0,"71":0,"72":0,"73":0,"74":0},"f":{"0":16,"1":8,"2":24,"3":0,"4":0,"5":0,"6":0,"7":8,"8":8,"9":2,"10":46,"11":0,"12":2,"13":0,"14":0,"15":8,"16":0},"b":{"0":[0],"1":[16],"2":[24,24],"3":[6,18],"4":[24,24],"5":[24,24],"6":[0,0],"7":[0,0],"8":[0,0],"9":[0,0],"10":[0,0],"11":[0,0],"12":[0,8],"13":[0,8],"14":[8,8,6],"15":[1,1],"16":[2,1],"17":[46,26],"18":[46,26],"19":[46,26],"20":[46,26],"21":[14,32],"22":[8,0],"23":[8,4,4],"24":[0,0],"25":[0,0,0]},"_coverageSchema":"1a1c01bbd47fc00a2c39e90264f33305004495a9","hash":"e765086bac80b6570f71e831b2c2fbb2ba25071c"}
,"C:\\Users\\khi_h\\Desktop\\Projets\\JoudEnglishApp\\src\\components\\exercise-common\\CategorySelector\\style.js": {"path":"C:\\Users\\khi_h\\Desktop\\Projets\\JoudEnglishApp\\src\\components\\exercise-common\\CategorySelector\\style.js","statementMap":{"0":{"start":{"line":12,"column":21},"end":{"line":142,"column":4}},"1":{"start":{"line":13,"column":2},"end":{"line":142,"column":4}}},"fnMap":{"0":{"name":"(anonymous_0)","decl":{"start":{"line":12,"column":21},"end":{"line":12,"column":22}},"loc":{"start":{"line":13,"column":2},"end":{"line":142,"column":4}},"line":13}},"branchMap":{"0":{"loc":{"start":{"line":12,"column":22},"end":{"line":12,"column":46}},"type":"default-arg","locations":[{"start":{"line":12,"column":37},"end":{"line":12,"column":46}}],"line":12}},"s":{"0":1,"1":16},"f":{"0":16},"b":{"0":[0]},"_coverageSchema":"1a1c01bbd47fc00a2c39e90264f33305004495a9","hash":"ffa05ca4fbf6eae61961cb3ff5968f6e5390967d"}
}
