TN:
SF:src\components\exercise-common\CategorySelector\index.js
FN:16,(anonymous_0)
FN:23,(anonymous_1)
FN:24,(anonymous_2)
FN:31,(anonymous_3)
FN:54,(anonymous_4)
FN:54,(anonymous_5)
FN:57,(anonymous_6)
FN:153,(anonymous_7)
FN:175,areEqual
FNF:9
FNH:9
FNDA:27,(anonymous_0)
FNDA:19,(anonymous_1)
FNDA:81,(anonymous_2)
FNDA:2,(anonymous_3)
FNDA:89,(anonymous_4)
FNDA:2,(anonymous_5)
FNDA:89,(anonymous_6)
FNDA:89,(anonymous_7)
FNDA:8,areEqual
DA:16,10
DA:22,27
DA:23,27
DA:24,19
DA:25,81
DA:26,81
DA:31,27
DA:33,2
DA:34,1
DA:42,2
DA:43,2
DA:50,2
DA:54,89
DA:57,27
DA:58,89
DA:59,89
DA:62,89
DA:67,89
DA:72,89
DA:77,89
DA:138,27
DA:153,89
DA:161,10
DA:176,8
LF:24
LH:24
BRDA:17,0,0,0
BRDA:20,1,0,5
BRDA:25,2,0,15
BRDA:25,2,1,66
BRDA:33,3,0,1
BRDA:33,3,1,1
BRDA:33,4,0,2
BRDA:33,4,1,1
BRDA:42,5,0,2
BRDA:42,5,1,0
BRDA:59,6,0,89
BRDA:59,6,1,0
BRDA:95,7,0,23
BRDA:95,7,1,66
BRDA:177,8,0,8
BRDA:177,8,1,8
BRDA:177,8,2,8
BRF:17
BRH:14
end_of_record
TN:
SF:src\components\exercise-common\CategorySelector\style.js
FN:12,(anonymous_0)
FNF:1
FNH:1
FNDA:27,(anonymous_0)
DA:12,10
DA:13,27
LF:2
LH:2
BRDA:12,0,0,0
BRF:1
BRH:0
end_of_record
TN:
SF:src\components\exercise-common\ExerciseCard\index.js
FN:18,(anonymous_0)
FN:32,(anonymous_1)
FNF:2
FNH:2
FNDA:8,(anonymous_0)
FNDA:8,(anonymous_1)
DA:18,1
DA:28,8
DA:29,8
DA:32,8
DA:33,8
DA:34,2
DA:50,6
DA:51,1
DA:60,5
DA:63,8
DA:95,1
DA:106,1
LF:12
LH:12
BRDA:23,0,0,0
BRDA:25,1,0,0
BRDA:29,2,0,8
BRDA:29,2,1,6
BRDA:33,3,0,2
BRDA:33,3,1,6
BRDA:40,4,0,2
BRDA:40,4,1,0
BRDA:50,5,0,1
BRDA:50,5,1,5
BRF:10
BRH:7
end_of_record
TN:
SF:src\components\exercise-common\ExerciseCard\style.js
FNF:0
FNH:0
DA:4,1
LF:1
LH:1
BRF:0
BRH:0
end_of_record
TN:
SF:src\components\exercise-common\ExerciseFeedback\index.js
FN:20,(anonymous_0)
FN:31,(anonymous_1)
FN:41,(anonymous_2)
FN:46,(anonymous_3)
FN:53,(anonymous_4)
FN:58,(anonymous_5)
FN:85,(anonymous_6)
FN:94,(anonymous_7)
FNF:8
FNH:7
FNDA:9,(anonymous_0)
FNDA:9,(anonymous_1)
FNDA:1,(anonymous_2)
FNDA:1,(anonymous_3)
FNDA:1,(anonymous_4)
FNDA:9,(anonymous_5)
FNDA:1,(anonymous_6)
FNDA:0,(anonymous_7)
DA:20,2
DA:29,9
DA:31,9
DA:33,9
DA:40,9
DA:41,1
DA:42,1
DA:47,1
DA:48,1
DA:53,1
DA:58,9
DA:59,9
DA:61,7
DA:67,1
DA:74,1
DA:82,9
DA:85,9
DA:86,1
DA:87,1
DA:88,1
DA:90,0
DA:95,0
DA:96,0
DA:102,9
DA:130,2
DA:141,2
LF:26
LH:23
BRDA:21,0,0,0
BRDA:25,1,0,0
BRDA:26,2,0,0
BRDA:27,3,0,0
BRDA:40,4,0,1
BRDA:40,4,1,8
BRDA:47,5,0,1
BRDA:47,5,1,0
BRDA:47,6,0,1
BRDA:47,6,1,1
BRDA:59,7,0,7
BRDA:59,7,1,1
BRDA:59,7,2,1
BRDA:59,7,3,1
BRDA:86,8,0,1
BRDA:86,8,1,0
BRDA:87,9,0,1
BRDA:87,9,1,0
BRDA:95,10,0,0
BRDA:95,10,1,0
BRDA:95,11,0,0
BRDA:95,11,1,0
BRDA:110,12,0,1
BRDA:110,12,1,8
BRDA:114,13,0,9
BRDA:114,13,1,8
BRF:26
BRH:15
end_of_record
TN:
SF:src\components\exercise-common\ExerciseFeedback\style.js
FNF:0
FNH:0
DA:5,2
LF:1
LH:1
BRF:0
BRH:0
end_of_record
TN:
SF:src\components\exercise-common\ExerciseFooter\index.js
FN:11,(anonymous_0)
FNF:1
FNH:1
FNDA:12,(anonymous_0)
DA:11,1
DA:26,12
DA:28,12
DA:76,1
LF:4
LH:4
BRDA:12,0,0,12
BRDA:13,1,0,12
BRDA:16,2,0,11
BRDA:17,3,0,11
BRDA:18,4,0,11
BRDA:19,5,0,12
BRDA:20,6,0,11
BRDA:21,7,0,11
BRDA:23,8,0,12
BRDA:26,9,0,1
BRDA:26,9,1,11
BRDA:31,10,0,11
BRDA:31,10,1,1
BRDA:43,11,0,12
BRDA:43,11,1,11
BRDA:43,11,2,2
BRDA:56,12,0,12
BRDA:56,12,1,1
BRDA:62,13,0,1
BRDA:62,13,1,11
BRF:20
BRH:20
end_of_record
TN:
SF:src\components\exercise-common\ExerciseFooter\style.js
FNF:0
FNH:0
DA:5,1
LF:1
LH:1
BRF:0
BRH:0
end_of_record
TN:
SF:src\components\exercise-common\ExerciseHeader\index.js
FN:18,(anonymous_0)
FN:39,(anonymous_1)
FN:71,(anonymous_2)
FN:100,(anonymous_3)
FNF:4
FNH:3
FNDA:22,(anonymous_0)
FNDA:0,(anonymous_1)
FNDA:22,(anonymous_2)
FNDA:22,(anonymous_3)
DA:18,8
DA:25,22
DA:28,22
DA:29,22
DA:30,22
DA:33,22
DA:34,22
DA:37,22
DA:39,22
DA:40,0
DA:41,0
DA:43,0
DA:47,22
DA:71,8
DA:72,22
DA:91,8
DA:100,8
DA:101,22
DA:107,8
DA:114,8
LF:20
LH:17
BRDA:21,0,0,0
BRDA:23,1,0,0
BRDA:28,2,0,22
BRDA:28,2,1,0
BRDA:33,3,0,22
BRDA:33,3,1,11
BRDA:37,4,0,0
BRDA:37,4,1,22
BRDA:40,5,0,0
BRDA:40,5,1,0
BRF:10
BRH:4
end_of_record
TN:
SF:src\components\exercise-common\ExerciseHeader\style.js
FNF:0
FNH:0
DA:12,8
LF:1
LH:1
BRDA:17,0,0,8
BRDA:17,0,1,0
BRF:2
BRH:1
end_of_record
TN:
SF:src\components\exercise-common\InstructionBox\index.js
FN:20,(anonymous_0)
FN:36,(anonymous_1)
FN:45,(anonymous_2)
FN:49,(anonymous_3)
FN:104,(anonymous_4)
FN:115,(anonymous_5)
FNF:6
FNH:2
FNDA:3,(anonymous_0)
FNDA:0,(anonymous_1)
FNDA:0,(anonymous_2)
FNDA:3,(anonymous_3)
FNDA:0,(anonymous_4)
FNDA:0,(anonymous_5)
DA:20,1
DA:30,3
DA:33,3
DA:36,3
DA:37,0
DA:39,0
DA:45,0
DA:49,3
DA:50,3
DA:52,3
DA:54,0
DA:57,0
DA:62,3
DA:68,3
DA:73,3
DA:105,0
DA:116,0
DA:135,1
DA:146,1
LF:19
LH:12
BRDA:21,0,0,0
BRDA:23,1,0,0
BRDA:24,2,0,0
BRDA:25,3,0,0
BRDA:26,4,0,0
BRDA:27,5,0,0
BRDA:33,6,0,0
BRDA:33,6,1,3
BRDA:37,7,0,0
BRDA:37,7,1,0
BRDA:50,8,0,3
BRDA:50,8,1,0
BRDA:50,8,2,0
BRDA:50,8,3,0
BRDA:95,9,0,3
BRDA:95,9,1,0
BRDA:97,10,0,0
BRDA:97,10,1,0
BRDA:101,11,0,0
BRDA:101,11,1,0
BRDA:112,12,0,0
BRDA:112,12,1,0
BRF:22
BRH:3
end_of_record
TN:
SF:src\components\exercise-common\InstructionBox\style.js
FNF:0
FNH:0
DA:4,1
LF:1
LH:1
BRF:0
BRH:0
end_of_record
TN:
SF:src\components\exercise-common\NavigationButtons\index.js
FN:16,(anonymous_0)
FN:36,(anonymous_1)
FN:54,(anonymous_2)
FN:58,(anonymous_3)
FN:76,(anonymous_4)
FN:108,(anonymous_5)
FN:129,(anonymous_6)
FNF:7
FNH:7
FNDA:26,(anonymous_0)
FNDA:1,(anonymous_1)
FNDA:1,(anonymous_2)
FNDA:2,(anonymous_3)
FNDA:2,(anonymous_4)
FNDA:26,(anonymous_5)
FNDA:26,(anonymous_6)
DA:16,9
DA:29,26
DA:32,26
DA:33,26
DA:36,26
DA:37,1
DA:39,1
DA:54,1
DA:58,26
DA:59,2
DA:61,2
DA:76,2
DA:79,26
DA:108,9
DA:109,26
DA:129,9
DA:130,26
DA:166,9
DA:176,9
DA:187,9
LF:20
LH:20
BRDA:19,0,0,5
BRDA:20,1,0,5
BRDA:21,2,0,6
BRDA:22,3,0,6
BRDA:27,4,0,9
BRDA:37,5,0,0
BRDA:37,5,1,1
BRDA:59,6,0,0
BRDA:59,6,1,2
BRDA:109,7,0,26
BRDA:109,7,1,5
BRDA:138,8,0,12
BRDA:138,8,1,14
BRDA:143,9,0,12
BRDA:143,9,1,14
BRDA:152,10,0,12
BRDA:152,10,1,14
BRDA:155,11,0,12
BRDA:155,11,1,14
BRF:19
BRH:17
end_of_record
TN:
SF:src\components\exercise-common\NavigationButtons\style.js
FN:11,(anonymous_0)
FNF:1
FNH:1
FNDA:26,(anonymous_0)
DA:11,9
DA:12,26
LF:2
LH:2
BRDA:11,0,0,0
BRF:1
BRH:0
end_of_record
TN:
SF:src\components\exercise-common\OptionsList\index.js
FN:10,(anonymous_0)
FN:21,(anonymous_1)
FN:26,(anonymous_2)
FN:35,(anonymous_3)
FN:52,(anonymous_4)
FN:69,(anonymous_5)
FN:69,(anonymous_6)
FN:74,(anonymous_7)
FN:76,(anonymous_8)
FN:115,(anonymous_9)
FN:117,(anonymous_10)
FN:153,areEqual
FNF:12
FNH:9
FNDA:7,(anonymous_0)
FNDA:60,(anonymous_1)
FNDA:56,(anonymous_2)
FNDA:20,(anonymous_3)
FNDA:20,(anonymous_4)
FNDA:20,(anonymous_5)
FNDA:1,(anonymous_6)
FNDA:7,(anonymous_7)
FNDA:20,(anonymous_8)
FNDA:0,(anonymous_9)
FNDA:0,(anonymous_10)
FNDA:0,areEqual
DA:10,2
DA:21,7
DA:22,60
DA:26,7
DA:27,56
DA:35,7
DA:36,20
DA:37,2
DA:39,18
DA:40,1
DA:42,17
DA:43,2
DA:48,15
DA:52,7
DA:53,20
DA:54,2
DA:56,18
DA:57,1
DA:59,17
DA:60,2
DA:65,15
DA:69,20
DA:70,1
DA:74,7
DA:75,7
DA:77,20
DA:115,7
DA:116,0
DA:118,0
DA:150,7
DA:154,0
LF:31
LH:28
BRDA:11,0,0,0
BRDA:12,1,0,3
BRDA:14,2,0,5
BRDA:15,3,0,5
BRDA:16,4,0,6
BRDA:17,5,0,7
BRDA:18,6,0,7
BRDA:22,7,0,60
BRDA:22,7,1,18
BRDA:28,8,0,56
BRDA:28,8,1,14
BRDA:28,8,2,4
BRDA:36,9,0,2
BRDA:36,9,1,18
BRDA:39,10,0,1
BRDA:39,10,1,17
BRDA:42,11,0,2
BRDA:42,11,1,15
BRDA:53,12,0,2
BRDA:53,12,1,18
BRDA:56,13,0,1
BRDA:56,13,1,17
BRDA:59,14,0,2
BRDA:59,14,1,15
BRDA:70,15,0,1
BRDA:70,15,1,0
BRDA:93,16,0,20
BRDA:93,16,1,2
BRDA:97,17,0,20
BRDA:97,17,1,1
BRDA:101,18,0,20
BRDA:101,18,1,4
BRDA:101,18,2,2
BRDA:138,19,0,0
BRDA:138,19,1,0
BRDA:142,20,0,0
BRDA:142,20,1,0
BRDA:150,21,0,7
BRDA:150,21,1,0
BRDA:155,22,0,0
BRDA:155,22,1,0
BRDA:155,22,2,0
BRDA:155,22,3,0
BRDA:155,22,4,0
BRDA:155,22,5,0
BRDA:155,22,6,0
BRF:46
BRH:32
end_of_record
TN:
SF:src\components\exercise-common\OptionsList\style.js
FNF:0
FNH:0
DA:4,2
LF:1
LH:1
BRF:0
BRH:0
end_of_record
TN:
SF:src\components\exercise-common\ResultsScreen\index.js
FN:20,(anonymous_0)
FN:38,(anonymous_1)
FN:65,(anonymous_2)
FN:81,(anonymous_3)
FN:111,(anonymous_4)
FN:121,(anonymous_5)
FN:122,(anonymous_6)
FN:135,(anonymous_7)
FN:170,(anonymous_8)
FN:184,(anonymous_9)
FN:242,(anonymous_10)
FN:295,(anonymous_11)
FN:298,(anonymous_12)
FN:304,(anonymous_13)
FN:310,(anonymous_14)
FN:316,(anonymous_15)
FN:328,(anonymous_16)
FNF:17
FNH:15
FNDA:12,(anonymous_0)
FNDA:12,(anonymous_1)
FNDA:12,(anonymous_2)
FNDA:12,(anonymous_3)
FNDA:12,(anonymous_4)
FNDA:0,(anonymous_5)
FNDA:0,(anonymous_6)
FNDA:12,(anonymous_7)
FNDA:1,(anonymous_8)
FNDA:12,(anonymous_9)
FNDA:12,(anonymous_10)
FNDA:12,(anonymous_11)
FNDA:1,(anonymous_12)
FNDA:1,(anonymous_13)
FNDA:1,(anonymous_14)
FNDA:1,(anonymous_15)
FNDA:1,(anonymous_16)
DA:20,1
DA:21,12
DA:30,1
DA:38,1
DA:39,12
DA:53,1
DA:65,1
DA:66,12
DA:75,1
DA:81,1
DA:82,12
DA:102,1
DA:111,1
DA:127,12
DA:128,12
DA:132,12
DA:135,12
DA:136,12
DA:137,9
DA:143,3
DA:144,1
DA:150,2
DA:151,1
DA:158,1
DA:167,12
DA:170,12
DA:171,1
DA:172,1
DA:178,0
DA:184,12
DA:185,12
DA:200,12
DA:220,1
DA:242,1
DA:243,12
DA:287,1
DA:295,1
DA:298,12
DA:299,1
DA:300,1
DA:301,1
DA:304,12
DA:305,1
DA:306,1
DA:307,1
DA:310,12
DA:311,1
DA:312,1
DA:313,1
DA:316,12
DA:317,1
DA:320,12
DA:321,11
DA:324,1
DA:329,1
DA:372,1
LF:56
LH:55
BRDA:66,0,0,1
BRDA:66,0,1,11
BRDA:112,1,0,0
BRDA:113,2,0,0
BRDA:114,3,0,0
BRDA:115,4,0,0
BRDA:116,5,0,0
BRDA:117,6,0,0
BRDA:118,7,0,0
BRDA:119,8,0,0
BRDA:120,9,0,0
BRDA:121,10,0,0
BRDA:122,11,0,0
BRDA:123,12,0,0
BRDA:124,13,0,0
BRDA:132,14,0,12
BRDA:132,14,1,0
BRDA:136,15,0,9
BRDA:136,15,1,3
BRDA:143,16,0,1
BRDA:143,16,1,2
BRDA:150,17,0,1
BRDA:150,17,1,1
BRDA:299,18,0,0
BRDA:299,18,1,1
BRDA:300,19,0,0
BRDA:300,19,1,1
BRDA:305,20,0,0
BRDA:305,20,1,1
BRDA:306,21,0,0
BRDA:306,21,1,1
BRDA:311,22,0,0
BRDA:311,22,1,1
BRDA:312,23,0,0
BRDA:312,23,1,1
BRDA:317,24,0,0
BRDA:317,24,1,1
BRDA:320,25,0,11
BRDA:320,25,1,1
BRDA:320,26,0,12
BRDA:320,26,1,1
BRDA:356,27,0,1
BRDA:356,27,1,1
BRDA:356,27,2,1
BRF:44
BRH:23
end_of_record
TN:
SF:src\components\exercise-common\ResultsScreen\style.js
FNF:0
FNH:0
DA:4,1
LF:1
LH:1
BRF:0
BRH:0
end_of_record
TN:
SF:src\components\layout\Container\index.js
FN:12,(anonymous_0)
FNF:1
FNH:1
FNDA:93,(anonymous_0)
DA:12,18
DA:26,93
DA:28,93
DA:35,93
DA:41,93
DA:64,93
DA:75,18
DA:101,18
LF:8
LH:8
BRDA:15,0,0,39
BRDA:16,1,0,10
BRDA:17,2,0,77
BRDA:18,3,0,9
BRDA:19,4,0,92
BRDA:20,5,0,32
BRDA:21,6,0,9
BRDA:22,7,0,70
BRDA:23,8,0,10
BRDA:26,9,0,93
BRDA:26,9,1,0
BRDA:31,10,0,93
BRDA:31,10,1,32
BRDA:35,11,0,93
BRDA:35,11,1,0
BRDA:42,12,0,93
BRDA:42,12,1,92
BRDA:46,13,0,24
BRDA:46,13,1,69
BRDA:51,14,0,24
BRDA:51,14,1,0
BRF:21
BRH:18
end_of_record
TN:
SF:src\components\layout\Container\style.js
FNF:0
FNH:0
DA:4,18
LF:1
LH:1
BRF:0
BRH:0
end_of_record
TN:
SF:src\components\layout\Header\index.js
FN:18,(anonymous_0)
FN:51,(anonymous_1)
FN:62,(anonymous_2)
FN:81,(anonymous_3)
FN:98,(anonymous_4)
FN:116,(anonymous_5)
FN:140,(anonymous_6)
FN:167,(anonymous_7)
FNF:8
FNH:6
FNDA:19,(anonymous_0)
FNDA:1,(anonymous_1)
FNDA:19,(anonymous_2)
FNDA:19,(anonymous_3)
FNDA:0,(anonymous_4)
FNDA:19,(anonymous_5)
FNDA:0,(anonymous_6)
FNDA:19,(anonymous_7)
DA:18,7
DA:48,19
DA:51,19
DA:52,1
DA:53,1
DA:54,0
DA:55,0
DA:62,19
DA:63,19
DA:64,19
DA:65,18
DA:77,1
DA:81,19
DA:82,19
DA:83,19
DA:84,0
DA:94,19
DA:98,19
DA:99,0
DA:100,0
DA:102,0
DA:103,0
DA:112,0
DA:116,19
DA:117,19
DA:140,19
DA:141,0
DA:167,19
DA:168,19
DA:169,0
DA:171,19
DA:172,0
DA:174,19
DA:177,19
DA:201,7
LF:35
LH:24
BRDA:21,0,0,1
BRDA:28,1,0,4
BRDA:29,2,0,4
BRDA:30,3,0,4
BRDA:31,4,0,19
BRDA:32,5,0,4
BRDA:33,6,0,19
BRDA:34,7,0,19
BRDA:35,8,0,19
BRDA:38,9,0,19
BRDA:52,10,0,1
BRDA:52,10,1,0
BRDA:54,11,0,0
BRDA:54,11,1,0
BRDA:63,12,0,0
BRDA:63,12,1,19
BRDA:64,13,0,18
BRDA:64,13,1,1
BRDA:82,14,0,0
BRDA:82,14,1,19
BRDA:83,15,0,0
BRDA:83,15,1,19
BRDA:99,16,0,0
BRDA:99,16,1,0
BRDA:102,17,0,0
BRDA:102,17,1,0
BRDA:126,18,0,19
BRDA:126,18,1,0
BRDA:156,19,0,0
BRDA:156,19,1,0
BRDA:160,20,0,0
BRDA:160,20,1,0
BRDA:168,21,0,0
BRDA:168,21,1,19
BRDA:171,22,0,0
BRDA:171,22,1,19
BRDA:182,23,0,19
BRDA:182,23,1,4
BRDA:183,24,0,19
BRDA:183,24,1,0
BRDA:184,25,0,19
BRDA:184,25,1,0
BRDA:185,26,0,19
BRDA:185,26,1,0
BRDA:190,27,0,19
BRDA:190,27,1,4
BRF:46
BRH:26
end_of_record
TN:
SF:src\components\layout\Header\style.js
FNF:0
FNH:0
DA:4,7
DA:5,7
DA:7,7
LF:3
LH:3
BRDA:4,0,0,7
BRDA:4,0,1,0
BRDA:5,1,0,7
BRDA:5,1,1,0
BRDA:11,2,0,7
BRDA:11,2,1,0
BRDA:38,3,0,7
BRDA:38,3,1,0
BRF:8
BRH:4
end_of_record
TN:
SF:src\components\setting\RevisionSettings\index.js
FN:7,(anonymous_0)
FN:16,(anonymous_1)
FN:26,(anonymous_2)
FN:26,(anonymous_3)
FN:65,(anonymous_4)
FNF:5
FNH:5
FNDA:7,(anonymous_0)
FNDA:2,(anonymous_1)
FNDA:12,(anonymous_2)
FNDA:2,(anonymous_3)
FNDA:12,(anonymous_4)
DA:7,1
DA:14,7
DA:16,7
DA:17,2
DA:19,1
DA:22,1
DA:26,12
DA:28,7
DA:34,7
DA:35,1
DA:42,6
DA:66,12
LF:12
LH:12
BRDA:17,0,0,1
BRDA:17,0,1,1
BRDA:34,1,0,1
BRDA:34,1,1,6
BRDA:59,2,0,6
BRDA:59,2,1,4
BRDA:71,3,0,4
BRDA:71,3,1,8
BRDA:79,4,0,4
BRDA:79,4,1,8
BRDA:85,5,0,12
BRDA:85,5,1,4
BRDA:98,6,0,6
BRDA:98,6,1,2
BRF:14
BRH:14
end_of_record
TN:
SF:src\components\setting\RevisionSettings\style.js
FNF:0
FNH:0
LF:0
LH:0
BRF:0
BRH:0
end_of_record
TN:
SF:src\components\setting\SecuritySettings\index.js
FN:7,(anonymous_0)
FN:15,(anonymous_1)
FN:16,(anonymous_2)
FN:24,(anonymous_3)
FN:30,(anonymous_4)
FN:32,(anonymous_5)
FN:43,(anonymous_6)
FN:51,(anonymous_7)
FN:56,(anonymous_8)
FN:63,(anonymous_9)
FNF:10
FNH:7
FNDA:11,(anonymous_0)
FNDA:4,(anonymous_1)
FNDA:4,(anonymous_2)
FNDA:1,(anonymous_3)
FNDA:0,(anonymous_4)
FNDA:0,(anonymous_5)
FNDA:1,(anonymous_6)
FNDA:1,(anonymous_7)
FNDA:1,(anonymous_8)
FNDA:0,(anonymous_9)
DA:7,2
DA:8,11
DA:9,10
DA:10,10
DA:11,10
DA:12,10
DA:13,10
DA:15,10
DA:16,4
DA:17,4
DA:18,4
DA:19,4
DA:20,4
DA:24,10
DA:25,1
DA:26,1
DA:27,1
DA:30,10
DA:32,10
DA:33,0
DA:35,0
DA:36,0
DA:38,0
DA:39,0
DA:43,10
DA:44,1
DA:45,1
DA:46,1
DA:47,1
DA:48,1
DA:51,10
DA:52,1
DA:53,1
DA:56,10
DA:58,1
DA:59,1
DA:60,1
DA:63,10
DA:65,0
DA:66,0
DA:69,10
LF:41
LH:34
BRDA:33,0,0,0
BRDA:33,0,1,0
BRDA:44,1,0,0
BRDA:44,1,1,1
BRDA:44,2,0,1
BRDA:44,2,1,1
BRDA:44,2,2,1
BRDA:83,3,0,1
BRDA:83,3,1,9
BRDA:98,4,0,1
BRDA:98,4,1,9
BRF:11
BRH:8
end_of_record
TN:
SF:src\components\setting\SecuritySettings\style.js
FNF:0
FNH:0
LF:0
LH:0
BRF:0
BRH:0
end_of_record
TN:
SF:src\components\ui\Button\BasePressable.js
FN:5,BasePressable
FNF:1
FNH:1
FNDA:128,BasePressable
DA:14,128
DA:30,7
LF:2
LH:2
BRF:0
BRH:0
end_of_record
TN:
SF:src\components\ui\Button\ButtonIcon.js
FN:7,LeftIcon
FN:22,RightIcon
FN:37,IconOnly
FNF:3
FNH:1
FNDA:0,LeftIcon
FNDA:123,RightIcon
FNDA:0,IconOnly
DA:8,0
DA:9,0
DA:16,7
DA:23,123
DA:24,123
DA:31,7
DA:38,0
DA:39,0
DA:42,7
LF:9
LH:5
BRDA:8,0,0,0
BRDA:8,0,1,0
BRDA:23,1,0,0
BRDA:23,1,1,123
BRDA:38,2,0,0
BRDA:38,2,1,0
BRF:6
BRH:1
end_of_record
TN:
SF:src\components\ui\Button\ButtonLabel.js
FN:6,ButtonLabel
FNF:1
FNH:1
FNDA:127,ButtonLabel
DA:13,127
DA:14,127
DA:30,7
LF:3
LH:3
BRDA:13,0,0,0
BRDA:13,0,1,127
BRDA:20,1,0,127
BRDA:20,1,1,0
BRF:4
BRH:2
end_of_record
TN:
SF:src\components\ui\Button\ButtonSpinner.js
FN:5,ButtonSpinner
FNF:1
FNH:1
FNDA:1,ButtonSpinner
DA:6,1
DA:11,7
LF:2
LH:2
BRF:0
BRH:0
end_of_record
TN:
SF:src\components\ui\Button\index.js
FN:14,(anonymous_0)
FN:41,(anonymous_1)
FNF:2
FNH:2
FNDA:128,(anonymous_0)
FNDA:128,(anonymous_1)
DA:14,7
DA:35,128
DA:36,128
DA:39,128
DA:41,128
DA:90,7
LF:6
LH:6
BRDA:17,0,0,5
BRDA:18,1,0,128
BRDA:19,2,0,5
BRDA:20,3,0,5
BRDA:21,4,0,127
BRDA:22,5,0,126
BRDA:29,6,0,128
BRDA:30,7,0,128
BRDA:31,8,0,128
BRDA:46,9,0,128
BRDA:46,9,1,0
BRDA:53,10,0,128
BRDA:53,10,1,127
BRDA:55,11,0,128
BRDA:55,11,1,0
BRDA:55,12,0,128
BRDA:55,12,1,128
BRDA:61,13,0,1
BRDA:61,13,1,127
BRDA:65,14,0,127
BRDA:65,14,1,0
BRDA:65,14,2,0
BRDA:68,15,0,127
BRDA:68,15,1,0
BRDA:71,16,0,127
BRDA:71,16,1,127
BRDA:80,17,0,127
BRDA:80,17,1,123
BRDA:80,17,2,123
BRF:29
BRH:24
end_of_record
TN:
SF:src\components\ui\Button\style.js
FNF:0
FNH:0
DA:4,8
LF:1
LH:1
BRF:0
BRH:0
end_of_record
TN:
SF:src\components\ui\Button\useButtonStyles.js
FN:43,(anonymous_0)
FN:58,(anonymous_1)
FN:73,(anonymous_2)
FN:87,(anonymous_3)
FN:101,(anonymous_4)
FN:115,(anonymous_5)
FN:119,(anonymous_6)
FN:121,(anonymous_7)
FN:122,(anonymous_8)
FN:123,(anonymous_9)
FN:124,(anonymous_10)
FN:125,(anonymous_11)
FN:131,useButtonStyles
FNF:13
FNH:13
FNDA:4,(anonymous_0)
FNDA:2,(anonymous_1)
FNDA:2,(anonymous_2)
FNDA:5,(anonymous_3)
FNDA:148,(anonymous_4)
FNDA:161,(anonymous_5)
FNDA:161,(anonymous_6)
FNDA:4,(anonymous_7)
FNDA:2,(anonymous_8)
FNDA:2,(anonymous_9)
FNDA:5,(anonymous_10)
FNDA:148,(anonymous_11)
FNDA:161,useButtonStyles
DA:4,8
DA:14,8
DA:21,8
DA:43,8
DA:58,8
DA:73,8
DA:87,8
DA:101,148
DA:115,8
DA:116,161
DA:119,8
DA:120,161
DA:121,4
DA:122,2
DA:123,2
DA:124,5
DA:125,148
DA:128,161
DA:140,161
DA:141,161
DA:142,161
DA:144,161
DA:145,161
DA:147,161
LF:24
LH:24
BRDA:47,0,0,1
BRDA:47,0,1,3
BRDA:50,1,0,1
BRDA:50,1,1,3
BRDA:52,2,0,1
BRDA:52,2,1,3
BRDA:65,3,0,1
BRDA:65,3,1,1
BRDA:67,4,0,1
BRDA:67,4,1,1
BRDA:75,5,0,1
BRDA:75,5,1,1
BRDA:79,6,0,1
BRDA:79,6,1,1
BRDA:81,7,0,1
BRDA:81,7,1,1
BRDA:89,8,0,1
BRDA:89,8,1,4
BRDA:97,9,0,1
BRDA:97,9,1,4
BRDA:103,10,0,3
BRDA:103,10,1,145
BRDA:111,11,0,3
BRDA:111,11,1,145
BRDA:116,12,0,161
BRDA:116,12,1,1
BRDA:124,13,0,5
BRDA:124,13,1,0
BRDA:128,14,0,161
BRDA:128,14,1,0
BRDA:132,15,0,8
BRDA:133,16,0,25
BRDA:134,17,0,15
BRDA:135,18,0,26
BRDA:136,19,0,28
BRDA:137,20,0,30
BRDA:138,21,0,30
BRDA:140,22,0,161
BRDA:140,22,1,124
BRDA:144,23,0,144
BRDA:144,23,1,17
BRDA:144,24,0,161
BRDA:144,24,1,160
BRDA:144,24,2,147
BRDA:145,25,0,2
BRDA:145,25,1,159
BRDA:153,26,0,125
BRDA:153,26,1,36
BRF:48
BRH:46
end_of_record
TN:
SF:src\components\ui\Card\index.js
FN:11,(anonymous_0)
FN:35,(anonymous_1)
FN:92,(anonymous_2)
FN:104,(anonymous_3)
FN:117,(anonymous_4)
FN:151,(anonymous_5)
FN:199,(anonymous_6)
FN:223,(anonymous_7)
FN:281,(anonymous_8)
FN:316,(anonymous_9)
FNF:10
FNH:10
FNDA:84,(anonymous_0)
FNDA:84,(anonymous_1)
FNDA:84,(anonymous_2)
FNDA:84,(anonymous_3)
FNDA:13,(anonymous_4)
FNDA:13,(anonymous_5)
FNDA:13,(anonymous_6)
FNDA:84,(anonymous_7)
FNDA:84,(anonymous_8)
FNDA:1,(anonymous_9)
DA:11,14
DA:12,84
DA:13,1
DA:27,14
DA:35,14
DA:48,84
DA:77,14
DA:92,14
DA:93,84
DA:94,1
DA:98,14
DA:104,14
DA:105,84
DA:106,1
DA:110,14
DA:117,14
DA:118,13
DA:120,1
DA:121,1
DA:132,0
DA:143,14
DA:151,14
DA:152,13
DA:154,13
DA:186,14
DA:199,14
DA:200,13
DA:215,14
DA:223,14
DA:224,84
DA:226,84
DA:228,13
DA:281,14
DA:316,1
DA:338,84
DA:339,84
DA:342,84
DA:345,84
DA:348,84
DA:351,84
DA:352,84
DA:353,84
DA:356,84
DA:359,84
DA:362,84
DA:382,84
DA:422,14
LF:47
LH:46
BRDA:12,0,0,83
BRDA:12,0,1,1
BRDA:50,1,0,84
BRDA:50,1,1,84
BRDA:51,2,0,84
BRDA:51,2,1,1
BRDA:55,3,0,84
BRDA:55,3,1,2
BRDA:66,4,0,0
BRDA:66,4,1,2
BRDA:67,5,0,0
BRDA:67,5,1,2
BRDA:93,6,0,83
BRDA:93,6,1,1
BRDA:105,7,0,83
BRDA:105,7,1,1
BRDA:118,8,0,12
BRDA:118,8,1,1
BRDA:120,9,0,1
BRDA:120,9,1,0
BRDA:125,10,0,1
BRDA:125,10,1,0
BRDA:127,11,0,0
BRDA:127,11,1,1
BRDA:135,12,0,0
BRDA:135,12,1,0
BRDA:152,13,0,0
BRDA:152,13,1,13
BRDA:158,14,0,13
BRDA:158,14,1,13
BRDA:159,15,0,13
BRDA:159,15,1,1
BRDA:165,16,0,13
BRDA:165,16,1,1
BRDA:169,17,0,1
BRDA:169,17,1,0
BRDA:174,18,0,1
BRDA:174,18,1,0
BRDA:201,19,0,13
BRDA:201,19,1,1
BRDA:204,20,0,1
BRDA:204,20,1,0
BRDA:226,21,0,71
BRDA:226,21,1,13
BRDA:231,22,0,13
BRDA:231,22,1,0
BRDA:232,23,0,13
BRDA:232,23,1,1
BRDA:236,24,0,13
BRDA:236,24,1,0
BRDA:256,25,0,13
BRDA:256,25,1,1
BRDA:259,26,0,1
BRDA:259,26,1,0
BRDA:288,27,0,84
BRDA:296,28,0,41
BRDA:297,29,0,84
BRDA:298,30,0,84
BRDA:299,31,0,84
BRDA:300,32,0,84
BRDA:301,33,0,84
BRDA:305,34,0,84
BRDA:306,35,0,84
BRDA:307,36,0,41
BRDA:311,37,0,82
BRDA:313,38,0,84
BRDA:315,39,0,83
BRDA:316,40,0,84
BRDA:323,41,0,84
BRDA:330,42,0,83
BRDA:333,43,0,83
BRDA:339,44,0,84
BRDA:339,44,1,41
BRDA:342,45,0,84
BRDA:342,45,1,84
BRDA:345,46,0,84
BRDA:345,46,1,84
BRDA:348,47,0,84
BRDA:348,47,1,84
BRDA:352,48,0,1
BRDA:352,48,1,83
BRDA:353,49,0,1
BRDA:353,49,1,83
BRDA:356,50,0,84
BRDA:356,50,1,71
BRDA:356,50,2,71
BRDA:356,50,3,71
BRDA:356,50,4,71
BRDA:386,51,0,84
BRDA:386,51,1,84
BRDA:387,52,0,84
BRDA:387,52,1,0
BRDA:388,53,0,84
BRDA:388,53,1,0
BRDA:389,54,0,84
BRDA:389,54,1,84
BRDA:390,55,0,84
BRDA:390,55,1,84
BRDA:391,56,0,84
BRDA:391,56,1,0
BRDA:392,57,0,84
BRDA:392,57,1,1
BRF:102
BRH:85
end_of_record
TN:
SF:src\components\ui\Card\style.js
FNF:0
FNH:0
DA:4,13
LF:1
LH:1
BRF:0
BRH:0
end_of_record
TN:
SF:src\components\ui\ContentSection\index.js
FN:20,(anonymous_0)
FNF:1
FNH:1
FNDA:22,(anonymous_0)
DA:20,8
DA:30,22
DA:33,22
DA:35,18
DA:63,8
DA:75,8
LF:6
LH:6
BRDA:21,0,0,0
BRDA:23,1,0,0
BRDA:25,2,0,0
BRDA:26,3,0,0
BRDA:27,4,0,0
BRDA:33,5,0,4
BRDA:33,5,1,18
BRDA:33,6,0,22
BRDA:33,6,1,5
BRDA:44,7,0,18
BRDA:44,7,1,17
BRDA:52,8,0,17
BRDA:52,8,1,1
BRDA:53,9,0,17
BRDA:53,9,1,10
BRF:15
BRH:10
end_of_record
TN:
SF:src\components\ui\ContentSection\style.js
FN:8,(anonymous_0)
FNF:1
FNH:1
FNDA:22,(anonymous_0)
DA:8,8
DA:9,22
LF:2
LH:2
BRDA:12,0,0,22
BRDA:12,0,1,6
BRDA:42,1,0,22
BRDA:42,1,1,0
BRF:4
BRH:3
end_of_record
TN:
SF:src\components\ui\HeroCard\index.js
FN:23,(anonymous_0)
FNF:1
FNH:1
FNDA:34,(anonymous_0)
DA:23,9
DA:33,34
DA:36,34
DA:38,34
DA:83,9
DA:95,9
LF:6
LH:6
BRDA:25,0,0,0
BRDA:26,1,0,0
BRDA:28,2,0,0
BRDA:29,3,0,0
BRDA:30,4,0,0
BRDA:36,5,0,34
BRDA:36,5,1,31
BRDA:56,6,0,27
BRDA:56,6,1,7
BRDA:56,7,0,34
BRDA:56,7,1,27
BRDA:56,7,2,27
BRDA:73,8,0,34
BRDA:73,8,1,27
BRF:14
BRH:9
end_of_record
TN:
SF:src\components\ui\HeroCard\style.js
FN:11,(anonymous_0)
FNF:1
FNH:1
FNDA:34,(anonymous_0)
DA:11,9
DA:12,34
LF:2
LH:2
BRDA:11,0,0,0
BRF:1
BRH:0
end_of_record
TN:
SF:src\components\ui\Modal\ModalBackdrop.js
FN:7,ModalBackdrop
FNF:1
FNH:1
FNDA:10,ModalBackdrop
DA:8,10
DA:15,2
LF:2
LH:2
BRF:0
BRH:0
end_of_record
TN:
SF:src\components\ui\Modal\ModalBody.js
FN:7,ModalBody
FNF:1
FNH:1
FNDA:10,ModalBody
DA:8,10
DA:9,1
DA:20,9
DA:23,2
LF:4
LH:4
BRDA:8,0,0,1
BRDA:8,0,1,9
BRF:2
BRH:2
end_of_record
TN:
SF:src\components\ui\Modal\ModalFooter.js
FN:7,ModalFooter
FNF:1
FNH:1
FNDA:10,ModalFooter
DA:8,10
DA:9,1
DA:12,2
LF:3
LH:3
BRDA:8,0,0,9
BRDA:8,0,1,1
BRF:2
BRH:2
end_of_record
TN:
SF:src\components\ui\Modal\ModalHeader.js
FN:8,ModalHeader
FNF:1
FNH:1
FNDA:10,ModalHeader
DA:9,10
DA:10,10
DA:28,2
LF:3
LH:3
BRDA:9,0,0,0
BRDA:9,0,1,10
BRDA:9,1,0,10
BRDA:9,1,1,5
BRDA:13,2,0,10
BRDA:13,2,1,9
BRF:6
BRH:5
end_of_record
TN:
SF:src\components\ui\Modal\index.js
FN:22,(anonymous_0)
FN:49,(anonymous_1)
FN:56,(anonymous_2)
FN:72,(anonymous_3)
FN:79,(anonymous_4)
FN:92,(anonymous_5)
FN:95,(anonymous_6)
FNF:7
FNH:6
FNDA:11,(anonymous_0)
FNDA:2,(anonymous_1)
FNDA:11,(anonymous_2)
FNDA:11,(anonymous_3)
FNDA:11,(anonymous_4)
FNDA:0,(anonymous_5)
FNDA:11,(anonymous_6)
DA:22,2
DA:46,11
DA:49,11
DA:50,2
DA:51,1
DA:56,11
DA:57,11
DA:58,11
DA:60,11
DA:61,11
DA:64,0
DA:67,11
DA:72,11
DA:73,11
DA:74,11
DA:75,11
DA:79,11
DA:80,11
DA:82,0
DA:84,0
DA:87,11
DA:92,11
DA:95,11
DA:97,11
DA:119,11
DA:131,11
DA:149,2
LF:27
LH:24
BRDA:23,0,0,0
BRDA:28,1,0,11
BRDA:29,2,0,11
BRDA:30,3,0,9
BRDA:31,4,0,10
BRDA:35,5,0,11
BRDA:36,6,0,11
BRDA:37,7,0,11
BRDA:42,8,0,11
BRDA:43,9,0,10
BRDA:50,10,0,1
BRDA:50,10,1,1
BRDA:50,11,0,2
BRDA:50,11,1,1
BRDA:57,12,0,0
BRDA:57,12,1,11
BRDA:58,13,0,0
BRDA:58,13,1,11
BRDA:61,14,0,0
BRDA:61,14,1,0
BRDA:61,14,2,11
BRDA:61,14,3,11
BRDA:73,15,0,0
BRDA:73,15,1,11
BRDA:74,16,0,0
BRDA:74,16,1,11
BRDA:80,17,0,0
BRDA:80,17,1,0
BRDA:80,17,2,11
BRDA:80,17,3,11
BRDA:106,18,0,11
BRDA:106,18,1,0
BRDA:119,19,0,11
BRDA:119,19,1,0
BRDA:121,20,0,11
BRDA:121,20,1,0
BRDA:136,21,0,0
BRDA:136,21,1,11
BRF:38
BRH:25
end_of_record
TN:
SF:src\components\ui\Modal\style.js
FNF:0
FNH:0
DA:3,1
DA:5,1
LF:2
LH:2
BRDA:51,0,0,1
BRDA:51,0,1,0
BRDA:63,1,0,1
BRDA:63,1,1,0
BRF:4
BRH:2
end_of_record
TN:
SF:src\components\ui\Modal\useModalAnimation.js
FN:5,useModalAnimation
FN:8,(anonymous_1)
FN:18,(anonymous_2)
FNF:3
FNH:3
FNDA:11,useModalAnimation
FNDA:11,(anonymous_1)
FNDA:11,(anonymous_2)
DA:6,11
DA:8,11
DA:9,11
DA:10,0
DA:18,11
DA:19,11
DA:21,0
DA:23,0
DA:31,0
DA:40,0
DA:51,11
LF:11
LH:6
BRDA:9,0,0,0
BRDA:9,0,1,11
BRDA:9,1,0,11
BRDA:9,1,1,0
BRDA:11,2,0,0
BRDA:11,2,1,0
BRDA:19,3,0,11
BRDA:19,3,1,0
BRDA:19,4,0,11
BRDA:19,4,1,0
BRDA:21,5,0,0
BRDA:21,5,1,0
BRDA:21,5,2,0
BRDA:21,5,3,0
BRF:14
BRH:4
end_of_record
TN:
SF:src\components\ui\ProgressBar\ProgressFill.js
FN:5,ProgressFill
FNF:1
FNH:1
FNDA:46,ProgressFill
DA:6,46
DA:20,16
LF:2
LH:2
BRF:0
BRH:0
end_of_record
TN:
SF:src\components\ui\ProgressBar\ProgressTrack.js
FN:5,ProgressTrack
FNF:1
FNH:1
FNDA:46,ProgressTrack
DA:6,46
DA:9,16
LF:2
LH:2
BRF:0
BRH:0
end_of_record
TN:
SF:src\components\ui\ProgressBar\index.js
FN:16,(anonymous_0)
FN:30,(anonymous_1)
FN:31,(anonymous_2)
FN:44,(anonymous_3)
FN:50,(anonymous_4)
FN:59,(anonymous_5)
FN:69,(anonymous_6)
FNF:7
FNH:7
FNDA:46,(anonymous_0)
FNDA:1,(anonymous_1)
FNDA:47,(anonymous_2)
FNDA:46,(anonymous_3)
FNDA:46,(anonymous_4)
FNDA:46,(anonymous_5)
FNDA:46,(anonymous_6)
DA:16,16
DA:30,1
DA:31,47
DA:34,46
DA:36,46
DA:37,46
DA:44,46
DA:45,46
DA:46,2
DA:50,46
DA:51,46
DA:52,2
DA:53,2
DA:59,46
DA:60,46
DA:61,3
DA:69,46
DA:70,46
DA:71,46
DA:82,46
DA:111,16
LF:21
LH:21
BRDA:17,0,0,5
BRDA:18,1,0,11
BRDA:19,2,0,43
BRDA:20,3,0,43
BRDA:21,4,0,14
BRDA:22,5,0,14
BRDA:23,6,0,14
BRDA:24,7,0,14
BRDA:25,8,0,14
BRDA:26,9,0,46
BRDA:28,10,0,46
BRDA:30,11,0,45
BRDA:31,12,0,45
BRDA:36,13,0,46
BRDA:36,13,1,33
BRDA:45,14,0,44
BRDA:45,14,1,2
BRDA:51,15,0,44
BRDA:51,15,1,2
BRDA:60,16,0,43
BRDA:60,16,1,3
BRDA:70,17,0,0
BRDA:70,17,1,46
BRDA:89,18,0,46
BRDA:89,18,1,44
BRDA:101,19,0,46
BRDA:101,19,1,0
BRDA:101,19,2,0
BRF:28
BRH:25
end_of_record
TN:
SF:src\components\ui\ProgressBar\style.js
FN:9,(anonymous_0)
FNF:1
FNH:1
FNDA:46,(anonymous_0)
DA:9,16
DA:10,46
LF:2
LH:2
BRDA:9,0,0,0
BRDA:9,1,0,0
BRF:2
BRH:0
end_of_record
TN:
SF:src\components\ui\ProgressBar\useProgressAnimation.js
FN:5,useProgressAnimation
FN:13,(anonymous_1)
FNF:2
FNH:2
FNDA:46,useProgressAnimation
FNDA:46,(anonymous_1)
DA:10,46
DA:11,46
DA:13,46
DA:14,46
DA:15,45
DA:21,1
DA:25,46
DA:30,46
LF:8
LH:8
BRDA:6,0,0,0
BRDA:7,1,0,0
BRDA:8,2,0,0
BRDA:14,3,0,45
BRDA:14,3,1,1
BRF:5
BRH:2
end_of_record
TN:
SF:src\components\ui\ProgressCard\index.js
FN:16,(anonymous_0)
FN:32,(anonymous_1)
FN:55,(anonymous_2)
FN:61,(anonymous_3)
FN:61,(anonymous_4)
FN:64,(anonymous_5)
FN:90,(anonymous_6)
FN:105,(anonymous_7)
FN:155,(anonymous_8)
FN:160,(anonymous_9)
FNF:10
FNH:10
FNDA:29,(anonymous_0)
FNDA:1,(anonymous_1)
FNDA:2,(anonymous_2)
FNDA:2,(anonymous_3)
FNDA:1,(anonymous_4)
FNDA:29,(anonymous_5)
FNDA:29,(anonymous_6)
FNDA:29,(anonymous_7)
FNDA:2,(anonymous_8)
FNDA:2,(anonymous_9)
DA:16,9
DA:29,29
DA:32,29
DA:33,1
DA:34,1
DA:50,0
DA:55,29
DA:56,2
DA:57,1
DA:58,1
DA:61,29
DA:64,29
DA:65,29
DA:90,29
DA:91,29
DA:105,29
DA:106,29
DA:121,29
DA:155,9
DA:156,2
DA:158,2
DA:161,2
DA:163,2
DA:201,9
DA:222,9
LF:25
LH:24
BRDA:17,0,0,6
BRDA:18,1,0,28
BRDA:19,2,0,6
BRDA:20,3,0,6
BRDA:21,4,0,6
BRDA:22,5,0,7
BRDA:23,6,0,3
BRDA:24,7,0,4
BRDA:26,8,0,3
BRDA:33,9,0,1
BRDA:33,9,1,0
BRDA:56,10,0,1
BRDA:56,10,1,1
BRDA:68,11,0,24
BRDA:68,11,1,5
BRDA:71,12,0,29
BRDA:71,12,1,0
BRDA:72,13,0,29
BRDA:72,13,1,1
BRDA:76,14,0,29
BRDA:76,14,1,28
BRDA:77,15,0,29
BRDA:77,15,1,8
BRDA:79,16,0,29
BRDA:79,16,1,28
BRDA:80,17,0,29
BRDA:80,17,1,24
BRDA:81,18,0,24
BRDA:81,18,1,2
BRDA:106,19,0,29
BRDA:106,19,1,24
BRDA:106,19,2,2
BRDA:106,19,3,2
BRDA:112,20,0,0
BRDA:112,20,1,2
BRDA:156,21,0,0
BRDA:156,21,1,2
BRDA:156,22,0,2
BRDA:156,22,1,2
BRDA:161,23,0,0
BRDA:161,23,1,2
BRDA:161,24,0,2
BRDA:161,24,1,2
BRDA:165,25,0,2
BRDA:165,25,1,0
BRDA:165,25,2,0
BRDA:167,26,0,2
BRDA:167,26,1,0
BRDA:174,27,0,2
BRDA:174,27,1,0
BRDA:178,28,0,2
BRDA:178,28,1,0
BRDA:178,29,0,2
BRDA:178,29,1,0
BRDA:184,30,0,2
BRDA:184,30,1,0
BRF:56
BRH:44
end_of_record
TN:
SF:src\components\ui\ProgressCard\style.js
FN:10,(anonymous_0)
FNF:1
FNH:1
FNDA:29,(anonymous_0)
DA:10,9
DA:11,29
LF:2
LH:2
BRDA:10,0,0,0
BRF:1
BRH:0
end_of_record
TN:
SF:src\components\ui\RevealButton\index.js
FN:25,(anonymous_0)
FN:41,(anonymous_1)
FN:54,(anonymous_2)
FN:69,(anonymous_3)
FN:73,(anonymous_4)
FN:88,(anonymous_5)
FNF:6
FNH:6
FNDA:25,(anonymous_0)
FNDA:17,(anonymous_1)
FNDA:2,(anonymous_2)
FNDA:2,(anonymous_3)
FNDA:1,(anonymous_4)
FNDA:1,(anonymous_5)
DA:25,7
DA:34,25
DA:37,25
DA:38,25
DA:41,25
DA:42,17
DA:43,4
DA:49,13
DA:54,25
DA:55,2
DA:69,2
DA:73,25
DA:74,1
DA:88,1
DA:91,25
DA:156,7
DA:167,7
LF:17
LH:17
BRDA:26,0,0,0
BRDA:28,1,0,0
BRDA:29,2,0,0
BRDA:30,3,0,0
BRDA:31,4,0,0
BRDA:32,5,0,0
BRDA:42,6,0,4
BRDA:42,6,1,13
BRDA:98,7,0,4
BRDA:98,7,1,21
BRF:10
BRH:4
end_of_record
TN:
SF:src\components\ui\RevealButton\style.js
FN:11,(anonymous_0)
FNF:1
FNH:1
FNDA:25,(anonymous_0)
DA:11,7
DA:12,25
LF:2
LH:2
BRDA:11,0,0,0
BRF:1
BRH:0
end_of_record
TN:
SF:src\contexts\AppProvider.js
FN:12,(anonymous_0)
FNF:1
FNH:1
FNDA:1,(anonymous_0)
DA:12,1
DA:13,1
DA:27,1
LF:3
LH:3
BRF:0
BRH:0
end_of_record
TN:
SF:src\contexts\CurrentLevelContext.js
FN:8,CurrentLevelProvider
FN:24,useCurrentLevel
FNF:2
FNH:2
FNDA:24,CurrentLevelProvider
FNDA:21,useCurrentLevel
DA:5,8
DA:9,24
DA:11,24
DA:18,8
DA:25,21
DA:26,20
DA:27,2
DA:29,18
LF:8
LH:8
BRDA:8,0,0,21
BRDA:26,1,0,2
BRDA:26,1,1,18
BRF:3
BRH:3
end_of_record
TN:
SF:src\contexts\LockContext.js
FN:8,LockProvider
FN:13,(anonymous_1)
FN:14,(anonymous_2)
FN:25,(anonymous_3)
FN:29,(anonymous_4)
FN:39,(anonymous_5)
FN:45,(anonymous_6)
FN:70,useLock
FNF:8
FNH:6
FNDA:7,LockProvider
FNDA:2,(anonymous_1)
FNDA:2,(anonymous_2)
FNDA:0,(anonymous_3)
FNDA:2,(anonymous_4)
FNDA:1,(anonymous_5)
FNDA:0,(anonymous_6)
FNDA:8,useLock
DA:6,2
DA:9,7
DA:10,7
DA:11,7
DA:13,7
DA:14,2
DA:15,2
DA:16,2
DA:17,2
DA:18,2
DA:20,2
DA:25,7
DA:26,0
DA:29,7
DA:30,2
DA:31,2
DA:32,2
DA:33,2
DA:35,0
DA:36,0
DA:39,7
DA:40,1
DA:41,1
DA:42,1
DA:45,7
DA:46,0
DA:47,0
DA:48,0
DA:51,7
DA:61,7
DA:66,2
DA:71,8
DA:72,8
DA:73,8
LF:34
LH:28
BRDA:26,0,0,0
BRDA:26,0,1,0
BRDA:31,1,0,2
BRDA:31,1,1,0
BRDA:35,2,0,0
BRDA:35,2,1,0
BRDA:72,3,0,0
BRDA:72,3,1,8
BRF:8
BRH:2
end_of_record
TN:
SF:src\contexts\ProgressContext.js
FN:13,(anonymous_0)
FN:75,(anonymous_1)
FN:84,(anonymous_2)
FN:85,(anonymous_3)
FN:104,(anonymous_4)
FN:116,(anonymous_5)
FN:125,(anonymous_6)
FN:136,(anonymous_7)
FN:137,(anonymous_8)
FN:153,(anonymous_9)
FN:155,(anonymous_10)
FN:158,(anonymous_11)
FN:173,(anonymous_12)
FN:174,(anonymous_13)
FN:180,(anonymous_14)
FN:184,(anonymous_15)
FN:188,(anonymous_16)
FN:192,(anonymous_17)
FN:204,(anonymous_18)
FN:223,(anonymous_19)
FN:230,(anonymous_20)
FN:248,(anonymous_21)
FN:256,(anonymous_22)
FN:264,(anonymous_23)
FNF:24
FNH:23
FNDA:84,(anonymous_0)
FNDA:83,(anonymous_1)
FNDA:41,(anonymous_2)
FNDA:41,(anonymous_3)
FNDA:81,(anonymous_4)
FNDA:5,(anonymous_5)
FNDA:40,(anonymous_6)
FNDA:2,(anonymous_7)
FNDA:2,(anonymous_8)
FNDA:6,(anonymous_9)
FNDA:6,(anonymous_10)
FNDA:2,(anonymous_11)
FNDA:2,(anonymous_12)
FNDA:2,(anonymous_13)
FNDA:9,(anonymous_14)
FNDA:57,(anonymous_15)
FNDA:9,(anonymous_16)
FNDA:1,(anonymous_17)
FNDA:81,(anonymous_18)
FNDA:81,(anonymous_19)
FNDA:41,(anonymous_20)
FNDA:16,(anonymous_21)
FNDA:14,(anonymous_22)
FNDA:0,(anonymous_23)
DA:8,8
DA:9,8
DA:10,8
DA:13,84
DA:75,8
DA:76,83
DA:77,83
DA:80,83
DA:81,83
DA:84,83
DA:85,41
DA:86,41
DA:87,41
DA:88,41
DA:89,5
DA:90,5
DA:93,0
DA:95,41
DA:96,41
DA:100,41
DA:104,83
DA:106,81
DA:107,41
DA:111,40
DA:112,5
DA:116,40
DA:117,5
DA:118,5
DA:120,0
DA:125,40
DA:126,40
DA:127,40
DA:136,83
DA:137,2
DA:138,2
DA:141,2
DA:142,0
DA:145,2
DA:146,0
DA:150,2
DA:153,2
DA:154,6
DA:155,6
DA:157,2
DA:158,2
DA:159,2
DA:163,2
DA:169,2
DA:173,83
DA:174,2
DA:180,83
DA:181,9
DA:182,9
DA:184,57
DA:185,9
DA:188,83
DA:189,9
DA:192,83
DA:193,1
DA:194,1
DA:195,1
DA:196,1
DA:198,0
DA:199,0
DA:204,83
DA:223,83
DA:230,83
DA:236,83
DA:248,8
DA:249,16
DA:250,15
DA:251,2
DA:253,13
DA:256,8
DA:257,14
DA:258,14
DA:259,0
DA:261,14
DA:264,8
DA:265,0
DA:266,0
DA:267,0
DA:269,0
DA:272,8
LF:84
LH:73
BRDA:88,0,0,5
BRDA:88,0,1,36
BRDA:106,1,0,41
BRDA:106,1,1,40
BRDA:106,2,0,81
BRDA:106,2,1,40
BRDA:111,3,0,5
BRDA:111,3,1,35
BRDA:126,4,0,40
BRDA:126,4,1,0
BRDA:141,5,0,0
BRDA:141,5,1,2
BRDA:145,6,0,0
BRDA:145,6,1,2
BRDA:154,7,0,6
BRDA:154,7,1,4
BRDA:157,8,0,2
BRDA:157,8,1,0
BRDA:182,9,0,0
BRDA:182,9,1,9
BRDA:189,10,0,9
BRDA:189,10,1,5
BRDA:250,11,0,2
BRDA:250,11,1,13
BRDA:258,12,0,0
BRDA:258,12,1,14
BRDA:266,13,0,0
BRDA:266,13,1,0
BRF:28
BRH:20
end_of_record
TN:
SF:src\contexts\SettingContext.js
FN:13,(anonymous_0)
FN:19,(anonymous_1)
FN:20,(anonymous_2)
FN:45,(anonymous_3)
FN:52,(anonymous_4)
FN:57,(anonymous_5)
FN:64,(anonymous_6)
FN:65,(anonymous_7)
FN:72,(anonymous_8)
FN:77,(anonymous_9)
FN:82,(anonymous_10)
FN:87,(anonymous_11)
FN:92,(anonymous_12)
FNF:13
FNH:7
FNDA:27,(anonymous_0)
FNDA:9,(anonymous_1)
FNDA:9,(anonymous_2)
FNDA:9,(anonymous_3)
FNDA:0,(anonymous_4)
FNDA:0,(anonymous_5)
FNDA:0,(anonymous_6)
FNDA:0,(anonymous_7)
FNDA:0,(anonymous_8)
FNDA:13,(anonymous_9)
FNDA:13,(anonymous_10)
FNDA:0,(anonymous_11)
FNDA:27,(anonymous_12)
DA:8,1
DA:13,1
DA:15,27
DA:16,27
DA:19,27
DA:20,9
DA:21,9
DA:22,9
DA:23,9
DA:25,9
DA:27,2
DA:30,7
DA:34,0
DA:35,0
DA:37,9
DA:41,9
DA:45,27
DA:46,9
DA:47,0
DA:52,27
DA:53,0
DA:54,0
DA:57,0
DA:64,27
DA:65,0
DA:72,27
DA:73,0
DA:77,27
DA:78,13
DA:82,27
DA:83,13
DA:87,27
DA:88,0
DA:92,27
DA:112,27
DA:120,1
LF:36
LH:27
BRDA:25,0,0,2
BRDA:25,0,1,7
BRDA:46,1,0,0
BRDA:46,1,1,9
BRDA:53,2,0,0
BRDA:53,2,1,0
BRF:6
BRH:3
end_of_record
TN:
SF:src\contexts\ThemeContext.js
FN:14,(anonymous_0)
FN:21,(anonymous_1)
FN:28,(anonymous_2)
FN:31,(anonymous_3)
FN:50,(anonymous_4)
FN:56,(anonymous_5)
FN:61,(anonymous_6)
FN:66,(anonymous_7)
FN:74,(anonymous_8)
FN:78,(anonymous_9)
FN:86,(anonymous_10)
FN:91,(anonymous_11)
FN:136,(anonymous_12)
FN:146,(anonymous_13)
FN:171,(anonymous_14)
FN:180,(anonymous_15)
FN:231,(anonymous_16)
FNF:17
FNH:17
FNDA:95,(anonymous_0)
FNDA:59,(anonymous_1)
FNDA:45,(anonymous_2)
FNDA:45,(anonymous_3)
FNDA:45,(anonymous_4)
FNDA:93,(anonymous_5)
FNDA:11,(anonymous_6)
FNDA:93,(anonymous_7)
FNDA:5,(anonymous_8)
FNDA:3,(anonymous_9)
FNDA:1,(anonymous_10)
FNDA:53,(anonymous_11)
FNDA:45,(anonymous_12)
FNDA:45,(anonymous_13)
FNDA:45,(anonymous_14)
FNDA:53,(anonymous_15)
FNDA:93,(anonymous_16)
DA:9,28
DA:14,28
DA:16,95
DA:17,95
DA:18,95
DA:21,95
DA:22,59
DA:28,95
DA:29,45
DA:31,45
DA:32,45
DA:33,45
DA:34,45
DA:35,44
DA:36,5
DA:38,44
DA:41,0
DA:42,0
DA:43,0
DA:48,45
DA:50,45
DA:51,45
DA:56,95
DA:57,93
DA:59,93
DA:61,48
DA:62,11
DA:66,93
DA:67,93
DA:68,48
DA:74,95
DA:75,5
DA:78,95
DA:79,3
DA:80,1
DA:82,2
DA:86,95
DA:87,1
DA:91,95
DA:92,53
DA:136,95
DA:146,95
DA:171,95
DA:180,95
DA:181,53
DA:231,95
DA:257,95
DA:266,28
LF:48
LH:45
BRDA:22,0,0,46
BRDA:22,0,1,13
BRDA:34,1,0,44
BRDA:34,1,1,1
BRDA:35,2,0,5
BRDA:35,2,1,39
BRDA:42,3,0,0
BRDA:42,3,1,0
BRDA:59,4,0,48
BRDA:59,4,1,45
BRDA:67,5,0,48
BRDA:67,5,1,45
BRDA:79,6,0,1
BRDA:79,6,1,2
BRDA:80,7,0,1
BRDA:80,7,1,0
BRDA:82,8,0,1
BRDA:82,8,1,1
BRDA:92,9,0,6
BRDA:92,9,1,47
BRDA:181,10,0,6
BRDA:181,10,1,47
BRF:22
BRH:19
end_of_record
TN:
SF:src\data\assessment\assessmentsC1.js
FNF:0
FNH:0
LF:0
LH:0
BRF:0
BRH:0
end_of_record
TN:
SF:src\data\conversation\A1\index.js
FNF:0
FNH:0
DA:16,1
LF:1
LH:1
BRF:0
BRH:0
end_of_record
TN:
SF:src\data\conversation\A1\scenarios\askingDirections.js
FNF:0
FNH:0
DA:3,1
LF:1
LH:1
BRF:0
BRH:0
end_of_record
TN:
SF:src\data\conversation\A1\scenarios\bankBasics.js
FNF:0
FNH:0
DA:3,1
LF:1
LH:1
BRF:0
BRH:0
end_of_record
TN:
SF:src\data\conversation\A1\scenarios\coffeeShop.js
FNF:0
FNH:0
DA:3,1
LF:1
LH:1
BRF:0
BRH:0
end_of_record
TN:
SF:src\data\conversation\A1\scenarios\doctorVisit.js
FNF:0
FNH:0
DA:3,1
LF:1
LH:1
BRF:0
BRH:0
end_of_record
TN:
SF:src\data\conversation\A1\scenarios\greetingsBasics.js
FNF:0
FNH:0
DA:3,1
LF:1
LH:1
BRF:0
BRH:0
end_of_record
TN:
SF:src\data\conversation\A1\scenarios\hotelCheckIn.js
FNF:0
FNH:0
DA:3,1
LF:1
LH:1
BRF:0
BRH:0
end_of_record
TN:
SF:src\data\conversation\A1\scenarios\restaurantReservation.js
FNF:0
FNH:0
DA:3,1
LF:1
LH:1
BRF:0
BRH:0
end_of_record
TN:
SF:src\data\conversation\A1\scenarios\shoppingClothes.js
FNF:0
FNH:0
DA:3,1
LF:1
LH:1
BRF:0
BRH:0
end_of_record
TN:
SF:src\data\conversation\A1\scenarios\supermarketShopping.js
FNF:0
FNH:0
DA:3,1
LF:1
LH:1
BRF:0
BRH:0
end_of_record
TN:
SF:src\data\conversation\A1\scenarios\transportPublic.js
FNF:0
FNH:0
DA:3,1
LF:1
LH:1
BRF:0
BRH:0
end_of_record
TN:
SF:src\data\conversation\A2\index.js
FNF:0
FNH:0
DA:18,1
LF:1
LH:1
BRF:0
BRH:0
end_of_record
TN:
SF:src\data\conversation\A2\scenarios\apartmentViewing.js
FNF:0
FNH:0
DA:3,1
LF:1
LH:1
BRF:0
BRH:0
end_of_record
TN:
SF:src\data\conversation\A2\scenarios\atTheDoctorSpecialist.js
FNF:0
FNH:0
DA:3,1
LF:1
LH:1
BRF:0
BRH:0
end_of_record
TN:
SF:src\data\conversation\A2\scenarios\atTheRestaurant.js
FNF:0
FNH:0
DA:3,1
LF:1
LH:1
BRF:0
BRH:0
end_of_record
TN:
SF:src\data\conversation\A2\scenarios\gettingDirectionsDetailed.js
FNF:0
FNH:0
DA:3,1
LF:1
LH:1
BRF:0
BRH:0
end_of_record
TN:
SF:src\data\conversation\A2\scenarios\jobInterview.js
FNF:0
FNH:0
DA:3,1
LF:1
LH:1
BRF:0
BRH:0
end_of_record
TN:
SF:src\data\conversation\A2\scenarios\makingAppointments.js
FNF:0
FNH:0
DA:3,1
LF:1
LH:1
BRF:0
BRH:0
end_of_record
TN:
SF:src\data\conversation\A2\scenarios\meetingFriendOfFriend.js
FNF:0
FNH:0
DA:3,2
LF:1
LH:1
BRF:0
BRH:0
end_of_record
TN:
SF:src\data\conversation\A2\scenarios\phoneProblems.js
FNF:0
FNH:0
DA:3,1
LF:1
LH:1
BRF:0
BRH:0
end_of_record
TN:
SF:src\data\conversation\A2\scenarios\shoppingClothes.js
FNF:0
FNH:0
DA:3,1
LF:1
LH:1
BRF:0
BRH:0
end_of_record
TN:
SF:src\data\conversation\A2\scenarios\talkingAboutHobbies.js
FNF:0
FNH:0
DA:3,1
LF:1
LH:1
BRF:0
BRH:0
end_of_record
TN:
SF:src\data\conversation\A2\scenarios\travelPlanning.js
FNF:0
FNH:0
DA:3,1
LF:1
LH:1
BRF:0
BRH:0
end_of_record
TN:
SF:src\data\conversation\A2\scenarios\weatherAndSeasons.js
FNF:0
FNH:0
DA:3,1
LF:1
LH:1
BRF:0
BRH:0
end_of_record
TN:
SF:src\data\conversation\B1\index.js
FNF:0
FNH:0
DA:21,1
LF:1
LH:1
BRF:0
BRH:0
end_of_record
TN:
SF:src\data\conversation\B1\scenarios\businessMeeting.js
FNF:0
FNH:0
DA:3,2
LF:1
LH:1
BRF:0
BRH:0
end_of_record
TN:
SF:src\data\conversation\B1\scenarios\complainingService.js
FNF:0
FNH:0
DA:3,1
LF:1
LH:1
BRF:0
BRH:0
end_of_record
TN:
SF:src\data\conversation\B1\scenarios\culturalDifferences.js
FNF:0
FNH:0
DA:3,1
LF:1
LH:1
BRF:0
BRH:0
end_of_record
TN:
SF:src\data\conversation\B1\scenarios\describingIllness.js
FNF:0
FNH:0
LF:0
LH:0
BRF:0
BRH:0
end_of_record
TN:
SF:src\data\conversation\B1\scenarios\discussingMovies.js
FNF:0
FNH:0
DA:3,1
LF:1
LH:1
BRF:0
BRH:0
end_of_record
TN:
SF:src\data\conversation\B1\scenarios\discussingNews.js
FNF:0
FNH:0
DA:3,1
LF:1
LH:1
BRF:0
BRH:0
end_of_record
TN:
SF:src\data\conversation\B1\scenarios\educationChoices.js
FNF:0
FNH:0
DA:3,1
LF:1
LH:1
BRF:0
BRH:0
end_of_record
TN:
SF:src\data\conversation\B1\scenarios\environmentalIssues.js
FNF:0
FNH:0
DA:3,1
LF:1
LH:1
BRF:0
BRH:0
end_of_record
TN:
SF:src\data\conversation\B1\scenarios\explainProblemIT.js
FNF:0
FNH:0
DA:3,2
LF:1
LH:1
BRF:0
BRH:0
end_of_record
TN:
SF:src\data\conversation\B1\scenarios\healthAndFitness.js
FNF:0
FNH:0
DA:3,1
LF:1
LH:1
BRF:0
BRH:0
end_of_record
TN:
SF:src\data\conversation\B1\scenarios\jobApplicationCall.js
FNF:0
FNH:0
DA:3,1
LF:1
LH:1
BRF:0
BRH:0
end_of_record
TN:
SF:src\data\conversation\B1\scenarios\makingComplaint.js
FNF:0
FNH:0
DA:3,1
LF:1
LH:1
BRF:0
BRH:0
end_of_record
TN:
SF:src\data\conversation\B1\scenarios\planningEvent.js
FNF:0
FNH:0
DA:3,1
LF:1
LH:1
BRF:0
BRH:0
end_of_record
TN:
SF:src\data\conversation\B1\scenarios\rentingCar.js
FNF:0
FNH:0
DA:3,1
LF:1
LH:1
BRF:0
BRH:0
end_of_record
TN:
SF:src\data\conversation\B1\scenarios\travelExperiences.js
FNF:0
FNH:0
DA:3,1
LF:1
LH:1
BRF:0
BRH:0
end_of_record
TN:
SF:src\data\conversation\B2\index.js
FNF:0
FNH:0
DA:21,1
LF:1
LH:1
BRF:0
BRH:0
end_of_record
TN:
SF:src\data\conversation\B2\scenarios\academicDiscussion.js
FNF:0
FNH:0
DA:3,1
LF:1
LH:1
BRF:0
BRH:0
end_of_record
TN:
SF:src\data\conversation\B2\scenarios\artCriticism.js
FNF:0
FNH:0
DA:3,1
LF:1
LH:1
BRF:0
BRH:0
end_of_record
TN:
SF:src\data\conversation\B2\scenarios\culturalIntegration.js
FNF:0
FNH:0
DA:3,1
LF:1
LH:1
BRF:0
BRH:0
end_of_record
TN:
SF:src\data\conversation\B2\scenarios\debateCurrentTopic.js
FNF:0
FNH:0
DA:3,1
LF:1
LH:1
BRF:0
BRH:0
end_of_record
TN:
SF:src\data\conversation\B2\scenarios\diplomacyDisagreement.js
FNF:0
FNH:0
DA:3,1
LF:1
LH:1
BRF:0
BRH:0
end_of_record
TN:
SF:src\data\conversation\B2\scenarios\economicDiscussion.js
FNF:0
FNH:0
DA:3,1
LF:1
LH:1
BRF:0
BRH:0
end_of_record
TN:
SF:src\data\conversation\B2\scenarios\jobPerformanceReview.js
FNF:0
FNH:0
DA:3,1
LF:1
LH:1
BRF:0
BRH:0
end_of_record
TN:
SF:src\data\conversation\B2\scenarios\mediationConflict.js
FNF:0
FNH:0
DA:3,1
LF:1
LH:1
BRF:0
BRH:0
end_of_record
TN:
SF:src\data\conversation\B2\scenarios\moralDilemma.js
FNF:0
FNH:0
DA:3,1
LF:1
LH:1
BRF:0
BRH:0
end_of_record
TN:
SF:src\data\conversation\B2\scenarios\negotiatingContract.js
FNF:0
FNH:0
DA:3,1
LF:1
LH:1
BRF:0
BRH:0
end_of_record
TN:
SF:src\data\conversation\B2\scenarios\persuasiveArgument.js
FNF:0
FNH:0
DA:3,1
LF:1
LH:1
BRF:0
BRH:0
end_of_record
TN:
SF:src\data\conversation\B2\scenarios\presentingIdeas.js
FNF:0
FNH:0
DA:3,1
LF:1
LH:1
BRF:0
BRH:0
end_of_record
TN:
SF:src\data\conversation\B2\scenarios\psychologicalAnalysis.js
FNF:0
FNH:0
DA:3,1
LF:1
LH:1
BRF:0
BRH:0
end_of_record
TN:
SF:src\data\conversation\B2\scenarios\scientificResearch.js
FNF:0
FNH:0
DA:3,1
LF:1
LH:1
BRF:0
BRH:0
end_of_record
TN:
SF:src\data\conversation\B2\scenarios\technicalExplanation.js
FNF:0
FNH:0
DA:3,1
LF:1
LH:1
BRF:0
BRH:0
end_of_record
TN:
SF:src\data\conversation\C1\index.js
FNF:0
FNH:0
DA:18,1
LF:1
LH:1
BRF:0
BRH:0
end_of_record
TN:
SF:src\data\conversation\C1\scenarios\academicPresentation.js
FNF:0
FNH:0
LF:0
LH:0
BRF:0
BRH:0
end_of_record
TN:
SF:src\data\conversation\C1\scenarios\corporateStrategy.js
FNF:0
FNH:0
DA:3,1
LF:1
LH:1
BRF:0
BRH:0
end_of_record
TN:
SF:src\data\conversation\C1\scenarios\culturalDiplomacy.js
FNF:0
FNH:0
DA:3,1
LF:1
LH:1
BRF:0
BRH:0
end_of_record
TN:
SF:src\data\conversation\C1\scenarios\diplomaticNegotiation.js
FNF:0
FNH:0
DA:3,1
LF:1
LH:1
BRF:0
BRH:0
end_of_record
TN:
SF:src\data\conversation\C1\scenarios\ethicalDilemma.js
FNF:0
FNH:0
DA:3,1
LF:1
LH:1
BRF:0
BRH:0
end_of_record
TN:
SF:src\data\conversation\C1\scenarios\financialConsulting.js
FNF:0
FNH:0
DA:3,1
LF:1
LH:1
BRF:0
BRH:0
end_of_record
TN:
SF:src\data\conversation\C1\scenarios\literaryAnalysis.js
FNF:0
FNH:0
DA:3,1
LF:1
LH:1
BRF:0
BRH:0
end_of_record
TN:
SF:src\data\conversation\C1\scenarios\medicalConsultation.js
FNF:0
FNH:0
DA:3,1
LF:1
LH:1
BRF:0
BRH:0
end_of_record
TN:
SF:src\data\conversation\C1\scenarios\programmingParadigmDebate.js
FNF:0
FNH:0
DA:3,2
LF:1
LH:1
BRF:0
BRH:0
end_of_record
TN:
SF:src\data\conversation\C1\scenarios\psychotherapySession.js
FNF:0
FNH:0
DA:3,1
LF:1
LH:1
BRF:0
BRH:0
end_of_record
TN:
SF:src\data\conversation\C1\scenarios\researchMethodology.js
FNF:0
FNH:0
DA:3,1
LF:1
LH:1
BRF:0
BRH:0
end_of_record
TN:
SF:src\data\conversation\C1\scenarios\socialPolicyDebate.js
FNF:0
FNH:0
DA:3,1
LF:1
LH:1
BRF:0
BRH:0
end_of_record
TN:
SF:src\data\conversation\C2\index.js
FNF:0
FNH:0
DA:16,1
LF:1
LH:1
BRF:0
BRH:0
end_of_record
TN:
SF:src\data\conversation\C2\scenarios\advancedLinguistics.js
FNF:0
FNH:0
DA:3,1
LF:1
LH:1
BRF:0
BRH:0
end_of_record
TN:
SF:src\data\conversation\C2\scenarios\diplomaticCrisisMediation.js
FNF:0
FNH:0
DA:1,1
LF:1
LH:1
BRF:0
BRH:0
end_of_record
TN:
SF:src\data\conversation\C2\scenarios\economicPolicyAnalysis.js
FNF:0
FNH:0
DA:3,1
LF:1
LH:1
BRF:0
BRH:0
end_of_record
TN:
SF:src\data\conversation\C2\scenarios\internationalRelations.js
FNF:0
FNH:0
DA:3,1
LF:1
LH:1
BRF:0
BRH:0
end_of_record
TN:
SF:src\data\conversation\C2\scenarios\judicialReasoning.js
FNF:0
FNH:0
DA:3,1
LF:1
LH:1
BRF:0
BRH:0
end_of_record
TN:
SF:src\data\conversation\C2\scenarios\literaryCriticism.js
FNF:0
FNH:0
DA:3,2
LF:1
LH:1
BRF:0
BRH:0
end_of_record
TN:
SF:src\data\conversation\C2\scenarios\neuroscientificTheories.js
FNF:0
FNH:0
DA:3,1
LF:1
LH:1
BRF:0
BRH:0
end_of_record
TN:
SF:src\data\conversation\C2\scenarios\quantumComputingExplanation.js
FNF:0
FNH:0
DA:3,1
LF:1
LH:1
BRF:0
BRH:0
end_of_record
TN:
SF:src\data\conversation\C2\scenarios\silenceCommunication.js
FNF:0
FNH:0
DA:1,1
LF:1
LH:1
BRF:0
BRH:0
end_of_record
TN:
SF:src\data\conversation\C2\scenarios\theoreticalPhysics.js
FNF:0
FNH:0
DA:3,1
LF:1
LH:1
BRF:0
BRH:0
end_of_record
TN:
SF:src\data\errorCorrection\A1\index.js
FN:15,(anonymous_0)
FN:90,(anonymous_1)
FN:91,(anonymous_2)
FN:94,(anonymous_3)
FN:95,(anonymous_4)
FN:98,(anonymous_5)
FN:99,(anonymous_6)
FN:105,(anonymous_7)
FN:109,(anonymous_8)
FN:111,(anonymous_9)
FNF:10
FNH:4
FNDA:74,(anonymous_0)
FNDA:0,(anonymous_1)
FNDA:0,(anonymous_2)
FNDA:0,(anonymous_3)
FNDA:0,(anonymous_4)
FNDA:0,(anonymous_5)
FNDA:0,(anonymous_6)
FNDA:1,(anonymous_7)
FNDA:24,(anonymous_8)
FNDA:144,(anonymous_9)
DA:8,1
DA:15,1
DA:16,74
DA:17,45
DA:20,29
DA:21,29
DA:24,1
DA:91,0
DA:95,0
DA:99,0
DA:100,0
DA:106,1
DA:107,1
DA:109,1
DA:111,24
DA:112,144
DA:116,24
DA:119,24
DA:120,24
DA:121,7
DA:123,17
DA:126,24
DA:132,1
LF:23
LH:19
BRDA:16,0,0,45
BRDA:16,0,1,29
BRDA:100,1,0,0
BRDA:100,1,1,0
BRDA:112,2,0,144
BRDA:112,2,1,144
BRDA:120,3,0,7
BRDA:120,3,1,17
BRDA:121,4,0,7
BRDA:121,4,1,7
BRDA:123,5,0,17
BRDA:123,5,1,17
BRDA:126,6,0,24
BRDA:126,6,1,24
BRDA:126,6,2,24
BRDA:132,7,0,0
BRDA:132,7,1,1
BRF:17
BRH:14
end_of_record
TN:
SF:src\data\errorCorrection\A1\categories\errorCorrectionA1Full.js
FNF:0
FNH:0
DA:3,1
LF:1
LH:1
BRF:0
BRH:0
end_of_record
TN:
SF:src\data\errorCorrection\A1\categories\errorCorrectionA1Identify.js
FNF:0
FNH:0
DA:3,1
LF:1
LH:1
BRF:0
BRH:0
end_of_record
TN:
SF:src\data\errorCorrection\A1\categories\errorCorrectionA1MultipleChoice.js
FNF:0
FNH:0
DA:3,1
LF:1
LH:1
BRF:0
BRH:0
end_of_record
TN:
SF:src\data\errorCorrection\A2\index.js
FN:15,(anonymous_0)
FN:95,(anonymous_1)
FN:96,(anonymous_2)
FN:99,(anonymous_3)
FN:100,(anonymous_4)
FN:103,(anonymous_5)
FN:104,(anonymous_6)
FN:110,(anonymous_7)
FN:111,(anonymous_8)
FN:112,(anonymous_9)
FN:118,(anonymous_10)
FN:122,(anonymous_11)
FN:124,(anonymous_12)
FN:152,(anonymous_13)
FNF:14
FNH:4
FNDA:94,(anonymous_0)
FNDA:0,(anonymous_1)
FNDA:0,(anonymous_2)
FNDA:0,(anonymous_3)
FNDA:0,(anonymous_4)
FNDA:0,(anonymous_5)
FNDA:0,(anonymous_6)
FNDA:0,(anonymous_7)
FNDA:0,(anonymous_8)
FNDA:0,(anonymous_9)
FNDA:1,(anonymous_10)
FNDA:30,(anonymous_11)
FNDA:180,(anonymous_12)
FNDA:0,(anonymous_13)
DA:8,1
DA:15,1
DA:16,94
DA:17,54
DA:20,40
DA:21,40
DA:24,1
DA:96,0
DA:100,0
DA:104,0
DA:105,0
DA:111,0
DA:112,0
DA:113,0
DA:119,1
DA:120,1
DA:122,1
DA:124,30
DA:125,180
DA:129,30
DA:132,30
DA:135,30
DA:136,30
DA:137,8
DA:144,22
DA:147,30
DA:153,0
DA:169,1
LF:28
LH:20
BRDA:16,0,0,54
BRDA:16,0,1,40
BRDA:105,1,0,0
BRDA:105,1,1,0
BRDA:125,2,0,180
BRDA:125,2,1,180
BRDA:132,3,0,30
BRDA:132,3,1,30
BRDA:136,4,0,8
BRDA:136,4,1,22
BRDA:137,5,0,8
BRDA:137,5,1,8
BRDA:137,5,2,8
BRDA:137,5,3,8
BRDA:137,5,4,8
BRDA:137,5,5,8
BRDA:144,6,0,22
BRDA:144,6,1,22
BRDA:147,7,0,30
BRDA:147,7,1,30
BRDA:147,7,2,30
BRDA:147,7,3,30
BRDA:169,8,0,0
BRDA:169,8,1,1
BRF:24
BRH:21
end_of_record
TN:
SF:src\data\errorCorrection\A2\categories\errorCorrectionA2Full.js
FNF:0
FNH:0
DA:3,1
LF:1
LH:1
BRF:0
BRH:0
end_of_record
TN:
SF:src\data\errorCorrection\A2\categories\errorCorrectionA2Identify.js
FNF:0
FNH:0
DA:3,1
LF:1
LH:1
BRF:0
BRH:0
end_of_record
TN:
SF:src\data\errorCorrection\A2\categories\errorCorrectionA2MultipleChoice.js
FNF:0
FNH:0
DA:3,1
LF:1
LH:1
BRF:0
BRH:0
end_of_record
TN:
SF:src\data\errorCorrection\B1\index.js
FN:15,(anonymous_0)
FN:100,(anonymous_1)
FN:101,(anonymous_2)
FN:104,(anonymous_3)
FN:105,(anonymous_4)
FN:108,(anonymous_5)
FN:109,(anonymous_6)
FN:115,(anonymous_7)
FN:116,(anonymous_8)
FN:117,(anonymous_9)
FN:123,(anonymous_10)
FN:124,(anonymous_11)
FN:125,(anonymous_12)
FN:126,(anonymous_13)
FN:131,(anonymous_14)
FN:133,(anonymous_15)
FN:141,(anonymous_16)
FN:145,(anonymous_17)
FN:147,(anonymous_18)
FN:179,(anonymous_19)
FN:181,(anonymous_20)
FN:182,(anonymous_21)
FN:197,(anonymous_22)
FN:199,(anonymous_23)
FNF:24
FNH:4
FNDA:119,(anonymous_0)
FNDA:0,(anonymous_1)
FNDA:0,(anonymous_2)
FNDA:0,(anonymous_3)
FNDA:0,(anonymous_4)
FNDA:0,(anonymous_5)
FNDA:0,(anonymous_6)
FNDA:0,(anonymous_7)
FNDA:0,(anonymous_8)
FNDA:0,(anonymous_9)
FNDA:0,(anonymous_10)
FNDA:0,(anonymous_11)
FNDA:0,(anonymous_12)
FNDA:0,(anonymous_13)
FNDA:0,(anonymous_14)
FNDA:0,(anonymous_15)
FNDA:1,(anonymous_16)
FNDA:36,(anonymous_17)
FNDA:216,(anonymous_18)
FNDA:0,(anonymous_19)
FNDA:0,(anonymous_20)
FNDA:0,(anonymous_21)
FNDA:0,(anonymous_22)
FNDA:0,(anonymous_23)
DA:8,1
DA:15,1
DA:16,119
DA:17,66
DA:20,53
DA:21,53
DA:24,1
DA:101,0
DA:105,0
DA:109,0
DA:110,0
DA:116,0
DA:117,0
DA:118,0
DA:124,0
DA:125,0
DA:126,0
DA:133,0
DA:134,0
DA:135,0
DA:136,0
DA:142,1
DA:143,1
DA:145,1
DA:147,36
DA:148,216
DA:152,36
DA:155,36
DA:158,36
DA:161,36
DA:162,36
DA:163,9
DA:170,27
DA:173,36
DA:180,0
DA:181,0
DA:182,0
DA:184,0
DA:197,0
DA:199,0
DA:206,1
LF:41
LH:21
BRDA:16,0,0,66
BRDA:16,0,1,53
BRDA:110,1,0,0
BRDA:110,1,1,0
BRDA:135,2,0,0
BRDA:135,2,1,0
BRDA:136,3,0,0
BRDA:136,3,1,0
BRDA:148,4,0,216
BRDA:148,4,1,216
BRDA:155,5,0,36
BRDA:155,5,1,36
BRDA:162,6,0,9
BRDA:162,6,1,27
BRDA:163,7,0,9
BRDA:163,7,1,9
BRDA:163,7,2,9
BRDA:163,7,3,9
BRDA:163,7,4,9
BRDA:163,7,5,9
BRDA:170,8,0,27
BRDA:170,8,1,27
BRDA:173,9,0,36
BRDA:173,9,1,36
BRDA:173,9,2,36
BRDA:173,9,3,36
BRDA:173,9,4,36
BRDA:206,10,0,0
BRDA:206,10,1,1
BRF:29
BRH:22
end_of_record
TN:
SF:src\data\errorCorrection\B1\categories\errorCorrectionB1Full.js
FNF:0
FNH:0
DA:3,1
LF:1
LH:1
BRF:0
BRH:0
end_of_record
TN:
SF:src\data\errorCorrection\B1\categories\errorCorrectionB1Identify.js
FNF:0
FNH:0
DA:3,1
LF:1
LH:1
BRF:0
BRH:0
end_of_record
TN:
SF:src\data\errorCorrection\B1\categories\errorCorrectionB1MultipleChoice.js
FNF:0
FNH:0
DA:3,1
LF:1
LH:1
BRF:0
BRH:0
end_of_record
TN:
SF:src\data\errorCorrection\B2\index.js
FN:15,(anonymous_0)
FN:105,(anonymous_1)
FN:106,(anonymous_2)
FN:109,(anonymous_3)
FN:110,(anonymous_4)
FN:113,(anonymous_5)
FN:114,(anonymous_6)
FN:120,(anonymous_7)
FN:121,(anonymous_8)
FN:122,(anonymous_9)
FN:128,(anonymous_10)
FN:129,(anonymous_11)
FN:138,(anonymous_12)
FN:139,(anonymous_13)
FN:146,(anonymous_14)
FN:147,(anonymous_15)
FN:149,(anonymous_16)
FN:157,(anonymous_17)
FN:161,(anonymous_18)
FN:163,(anonymous_19)
FN:196,(anonymous_20)
FN:198,(anonymous_21)
FN:199,(anonymous_22)
FN:201,(anonymous_23)
FN:219,(anonymous_24)
FN:221,(anonymous_25)
FNF:26
FNH:4
FNDA:145,(anonymous_0)
FNDA:0,(anonymous_1)
FNDA:0,(anonymous_2)
FNDA:0,(anonymous_3)
FNDA:0,(anonymous_4)
FNDA:0,(anonymous_5)
FNDA:0,(anonymous_6)
FNDA:0,(anonymous_7)
FNDA:0,(anonymous_8)
FNDA:0,(anonymous_9)
FNDA:0,(anonymous_10)
FNDA:0,(anonymous_11)
FNDA:0,(anonymous_12)
FNDA:0,(anonymous_13)
FNDA:0,(anonymous_14)
FNDA:0,(anonymous_15)
FNDA:0,(anonymous_16)
FNDA:1,(anonymous_17)
FNDA:19,(anonymous_18)
FNDA:114,(anonymous_19)
FNDA:0,(anonymous_20)
FNDA:0,(anonymous_21)
FNDA:0,(anonymous_22)
FNDA:0,(anonymous_23)
FNDA:0,(anonymous_24)
FNDA:0,(anonymous_25)
DA:8,1
DA:15,1
DA:16,145
DA:17,82
DA:20,63
DA:21,63
DA:24,1
DA:106,0
DA:110,0
DA:114,0
DA:115,0
DA:121,0
DA:122,0
DA:123,0
DA:129,0
DA:130,0
DA:131,0
DA:133,0
DA:139,0
DA:140,0
DA:147,0
DA:148,0
DA:149,0
DA:150,0
DA:158,1
DA:159,1
DA:161,1
DA:163,19
DA:164,114
DA:168,19
DA:171,19
DA:174,19
DA:175,19
DA:178,19
DA:179,19
DA:180,4
DA:187,15
DA:190,19
DA:197,0
DA:198,0
DA:199,0
DA:201,0
DA:202,0
DA:203,0
DA:205,0
DA:219,0
DA:221,0
DA:237,1
LF:48
LH:22
BRDA:16,0,0,82
BRDA:16,0,1,63
BRDA:115,1,0,0
BRDA:115,1,1,0
BRDA:131,2,0,0
BRDA:131,2,1,0
BRDA:133,3,0,0
BRDA:133,3,1,0
BRDA:140,4,0,0
BRDA:140,4,1,0
BRDA:140,4,2,0
BRDA:150,5,0,0
BRDA:150,5,1,0
BRDA:164,6,0,114
BRDA:164,6,1,114
BRDA:171,7,0,19
BRDA:171,7,1,19
BRDA:179,8,0,4
BRDA:179,8,1,15
BRDA:180,9,0,4
BRDA:180,9,1,4
BRDA:180,9,2,4
BRDA:180,9,3,4
BRDA:180,9,4,4
BRDA:180,9,5,4
BRDA:187,10,0,15
BRDA:187,10,1,15
BRDA:190,11,0,19
BRDA:190,11,1,19
BRDA:190,11,2,19
BRDA:190,11,3,19
BRDA:190,11,4,19
BRDA:190,11,5,18
BRDA:237,12,0,1
BRDA:237,12,1,0
BRF:35
BRH:23
end_of_record
TN:
SF:src\data\errorCorrection\B2\categories\errorCorrectionB2Full.js
FNF:0
FNH:0
DA:3,1
LF:1
LH:1
BRF:0
BRH:0
end_of_record
TN:
SF:src\data\errorCorrection\B2\categories\errorCorrectionB2Identify.js
FNF:0
FNH:0
DA:3,1
LF:1
LH:1
BRF:0
BRH:0
end_of_record
TN:
SF:src\data\errorCorrection\B2\categories\errorCorrectionB2MultipleChoice.js
FNF:0
FNH:0
DA:3,1
LF:1
LH:1
BRF:0
BRH:0
end_of_record
TN:
SF:src\data\errorCorrection\C1\index.js
FN:15,(anonymous_0)
FN:105,(anonymous_1)
FN:106,(anonymous_2)
FN:109,(anonymous_3)
FN:110,(anonymous_4)
FN:113,(anonymous_5)
FN:114,(anonymous_6)
FN:120,(anonymous_7)
FN:121,(anonymous_8)
FN:129,(anonymous_9)
FN:130,(anonymous_10)
FN:132,(anonymous_11)
FN:139,(anonymous_12)
FN:140,(anonymous_13)
FN:142,(anonymous_14)
FN:149,(anonymous_15)
FN:150,(anonymous_16)
FN:158,(anonymous_17)
FN:162,(anonymous_18)
FN:164,(anonymous_19)
FN:197,(anonymous_20)
FN:199,(anonymous_21)
FN:200,(anonymous_22)
FN:202,(anonymous_23)
FN:221,(anonymous_24)
FN:223,(anonymous_25)
FNF:26
FNH:4
FNDA:176,(anonymous_0)
FNDA:0,(anonymous_1)
FNDA:0,(anonymous_2)
FNDA:0,(anonymous_3)
FNDA:0,(anonymous_4)
FNDA:0,(anonymous_5)
FNDA:0,(anonymous_6)
FNDA:0,(anonymous_7)
FNDA:0,(anonymous_8)
FNDA:0,(anonymous_9)
FNDA:0,(anonymous_10)
FNDA:0,(anonymous_11)
FNDA:0,(anonymous_12)
FNDA:0,(anonymous_13)
FNDA:0,(anonymous_14)
FNDA:0,(anonymous_15)
FNDA:0,(anonymous_16)
FNDA:1,(anonymous_17)
FNDA:9,(anonymous_18)
FNDA:54,(anonymous_19)
FNDA:0,(anonymous_20)
FNDA:0,(anonymous_21)
FNDA:0,(anonymous_22)
FNDA:0,(anonymous_23)
FNDA:0,(anonymous_24)
FNDA:0,(anonymous_25)
DA:8,1
DA:15,1
DA:16,176
DA:17,92
DA:20,84
DA:21,84
DA:24,1
DA:106,0
DA:110,0
DA:114,0
DA:115,0
DA:121,0
DA:122,0
DA:123,0
DA:124,0
DA:130,0
DA:131,0
DA:132,0
DA:133,0
DA:140,0
DA:141,0
DA:142,0
DA:143,0
DA:150,0
DA:151,0
DA:159,1
DA:160,1
DA:162,1
DA:164,9
DA:165,54
DA:169,9
DA:172,9
DA:175,9
DA:176,9
DA:179,9
DA:180,9
DA:181,2
DA:188,7
DA:191,9
DA:198,0
DA:199,0
DA:200,0
DA:202,0
DA:203,0
DA:204,0
DA:205,0
DA:207,0
DA:221,0
DA:223,0
DA:240,1
LF:50
LH:22
BRDA:16,0,0,92
BRDA:16,0,1,84
BRDA:115,1,0,0
BRDA:115,1,1,0
BRDA:124,2,0,0
BRDA:124,2,1,0
BRDA:151,3,0,0
BRDA:151,3,1,0
BRDA:151,3,2,0
BRDA:151,3,3,0
BRDA:165,4,0,54
BRDA:165,4,1,54
BRDA:172,5,0,9
BRDA:172,5,1,9
BRDA:180,6,0,2
BRDA:180,6,1,7
BRDA:181,7,0,2
BRDA:181,7,1,2
BRDA:181,7,2,2
BRDA:181,7,3,2
BRDA:181,7,4,2
BRDA:181,7,5,2
BRDA:188,8,0,7
BRDA:188,8,1,7
BRDA:191,9,0,9
BRDA:191,9,1,9
BRDA:191,9,2,9
BRDA:191,9,3,9
BRDA:191,9,4,8
BRDA:191,9,5,8
BRDA:240,10,0,1
BRDA:240,10,1,0
BRF:32
BRH:23
end_of_record
TN:
SF:src\data\errorCorrection\C1\categories\errorCorrectionC1Full.js
FNF:0
FNH:0
DA:3,1
LF:1
LH:1
BRF:0
BRH:0
end_of_record
TN:
SF:src\data\errorCorrection\C1\categories\errorCorrectionC1Identify.js
FNF:0
FNH:0
DA:3,1
LF:1
LH:1
BRF:0
BRH:0
end_of_record
TN:
SF:src\data\errorCorrection\C1\categories\errorCorrectionC1MultipleChoice.js
FNF:0
FNH:0
DA:3,1
LF:1
LH:1
BRF:0
BRH:0
end_of_record
TN:
SF:src\data\errorCorrection\C2\index.js
FN:15,(anonymous_0)
FN:105,(anonymous_1)
FN:106,(anonymous_2)
FN:109,(anonymous_3)
FN:110,(anonymous_4)
FN:113,(anonymous_5)
FN:114,(anonymous_6)
FN:120,(anonymous_7)
FN:121,(anonymous_8)
FN:125,(anonymous_9)
FN:131,(anonymous_10)
FN:132,(anonymous_11)
FN:134,(anonymous_12)
FN:140,(anonymous_13)
FN:141,(anonymous_14)
FN:143,(anonymous_15)
FN:150,(anonymous_16)
FN:151,(anonymous_17)
FN:159,(anonymous_18)
FN:160,(anonymous_19)
FN:162,(anonymous_20)
FN:169,(anonymous_21)
FN:173,(anonymous_22)
FN:175,(anonymous_23)
FN:199,(anonymous_24)
FN:210,(anonymous_25)
FN:212,(anonymous_26)
FN:213,(anonymous_27)
FN:215,(anonymous_28)
FN:235,(anonymous_29)
FN:237,(anonymous_30)
FNF:31
FNH:5
FNDA:194,(anonymous_0)
FNDA:0,(anonymous_1)
FNDA:0,(anonymous_2)
FNDA:0,(anonymous_3)
FNDA:0,(anonymous_4)
FNDA:0,(anonymous_5)
FNDA:0,(anonymous_6)
FNDA:0,(anonymous_7)
FNDA:0,(anonymous_8)
FNDA:0,(anonymous_9)
FNDA:0,(anonymous_10)
FNDA:0,(anonymous_11)
FNDA:0,(anonymous_12)
FNDA:0,(anonymous_13)
FNDA:0,(anonymous_14)
FNDA:0,(anonymous_15)
FNDA:0,(anonymous_16)
FNDA:0,(anonymous_17)
FNDA:0,(anonymous_18)
FNDA:0,(anonymous_19)
FNDA:0,(anonymous_20)
FNDA:1,(anonymous_21)
FNDA:11,(anonymous_22)
FNDA:66,(anonymous_23)
FNDA:8,(anonymous_24)
FNDA:0,(anonymous_25)
FNDA:0,(anonymous_26)
FNDA:0,(anonymous_27)
FNDA:0,(anonymous_28)
FNDA:0,(anonymous_29)
FNDA:0,(anonymous_30)
DA:8,1
DA:15,1
DA:16,194
DA:17,98
DA:20,96
DA:21,96
DA:24,1
DA:106,0
DA:110,0
DA:114,0
DA:115,0
DA:121,0
DA:122,0
DA:123,0
DA:124,0
DA:125,0
DA:126,0
DA:132,0
DA:133,0
DA:134,0
DA:135,0
DA:141,0
DA:142,0
DA:143,0
DA:144,0
DA:151,0
DA:152,0
DA:160,0
DA:161,0
DA:162,0
DA:163,0
DA:170,1
DA:171,1
DA:173,1
DA:175,11
DA:176,66
DA:180,11
DA:183,11
DA:186,11
DA:187,11
DA:188,11
DA:191,11
DA:192,11
DA:193,2
DA:199,8
DA:201,9
DA:204,11
DA:211,0
DA:212,0
DA:213,0
DA:215,0
DA:216,0
DA:217,0
DA:218,0
DA:219,0
DA:221,0
DA:235,0
DA:237,0
DA:264,1
LF:59
LH:24
BRDA:16,0,0,98
BRDA:16,0,1,96
BRDA:115,1,0,0
BRDA:115,1,1,0
BRDA:126,2,0,0
BRDA:126,2,1,0
BRDA:126,2,2,0
BRDA:144,3,0,0
BRDA:144,3,1,0
BRDA:152,4,0,0
BRDA:152,4,1,0
BRDA:152,4,2,0
BRDA:152,4,3,0
BRDA:176,5,0,66
BRDA:176,5,1,66
BRDA:183,6,0,11
BRDA:183,6,1,11
BRDA:192,7,0,2
BRDA:192,7,1,9
BRDA:193,8,0,2
BRDA:193,8,1,2
BRDA:193,8,2,2
BRDA:193,8,3,2
BRDA:193,8,4,2
BRDA:193,8,5,2
BRDA:193,8,6,2
BRDA:201,9,0,9
BRDA:201,9,1,9
BRDA:204,10,0,11
BRDA:204,10,1,11
BRDA:204,10,2,11
BRDA:204,10,3,11
BRDA:204,10,4,10
BRDA:204,10,5,10
BRDA:204,10,6,10
BRDA:264,11,0,1
BRDA:264,11,1,0
BRF:37
BRH:25
end_of_record
TN:
SF:src\data\errorCorrection\C2\categories\errorCorrectionC2Full.js
FNF:0
FNH:0
DA:3,1
LF:1
LH:1
BRF:0
BRH:0
end_of_record
TN:
SF:src\data\errorCorrection\C2\categories\errorCorrectionC2Identify.js
FNF:0
FNH:0
DA:3,1
LF:1
LH:1
BRF:0
BRH:0
end_of_record
TN:
SF:src\data\errorCorrection\C2\categories\errorCorrectionC2MultipleChoice.js
FNF:0
FNH:0
DA:3,1
LF:1
LH:1
BRF:0
BRH:0
end_of_record
TN:
SF:src\data\fastVocabulary\1.js
FNF:0
FNH:0
DA:1,5
LF:1
LH:1
BRF:0
BRH:0
end_of_record
TN:
SF:src\data\fastVocabulary\2.js
FNF:0
FNH:0
DA:1,4
LF:1
LH:1
BRF:0
BRH:0
end_of_record
TN:
SF:src\data\fastVocabulary\3.js
FNF:0
FNH:0
DA:1,4
LF:1
LH:1
BRF:0
BRH:0
end_of_record
TN:
SF:src\data\fastVocabulary\4.js
FNF:0
FNH:0
DA:1,4
LF:1
LH:1
BRF:0
BRH:0
end_of_record
TN:
SF:src\data\fastVocabulary\5.js
FNF:0
FNH:0
DA:1,4
LF:1
LH:1
BRF:0
BRH:0
end_of_record
TN:
SF:src\data\fastVocabulary\6.js
FNF:0
FNH:0
DA:1,4
LF:1
LH:1
BRF:0
BRH:0
end_of_record
TN:
SF:src\data\fastVocabulary\bonus.js
FNF:0
FNH:0
DA:1,4
LF:1
LH:1
BRF:0
BRH:0
end_of_record
TN:
SF:src\data\grammar\A1\index.js
FN:8,(anonymous_0)
FNF:1
FNH:1
FNDA:20,(anonymous_0)
DA:8,20
LF:1
LH:1
BRDA:10,0,0,20
BRDA:10,0,1,0
BRF:2
BRH:1
end_of_record
TN:
SF:src\data\grammar\A1\exercices\grammarExercisesA1.js
FNF:0
FNH:0
DA:4,1
LF:1
LH:1
BRF:0
BRH:0
end_of_record
TN:
SF:src\data\grammar\A1\rules\grammarRulesA1.js
FNF:0
FNH:0
DA:4,1
LF:1
LH:1
BRF:0
BRH:0
end_of_record
TN:
SF:src\data\grammar\A2\index.js
FN:8,(anonymous_0)
FNF:1
FNH:1
FNDA:23,(anonymous_0)
DA:8,23
LF:1
LH:1
BRDA:10,0,0,23
BRDA:10,0,1,0
BRF:2
BRH:1
end_of_record
TN:
SF:src\data\grammar\A2\exercices\grammarExercisesA2.js
FNF:0
FNH:0
DA:4,1
LF:1
LH:1
BRF:0
BRH:0
end_of_record
TN:
SF:src\data\grammar\A2\rules\grammarRulesA2.js
FNF:0
FNH:0
DA:4,1
LF:1
LH:1
BRF:0
BRH:0
end_of_record
TN:
SF:src\data\grammar\B1\index.js
FN:8,(anonymous_0)
FNF:1
FNH:1
FNDA:29,(anonymous_0)
DA:8,29
LF:1
LH:1
BRDA:10,0,0,29
BRDA:10,0,1,0
BRF:2
BRH:1
end_of_record
TN:
SF:src\data\grammar\B1\exercices\grammarExercisesB1.js
FNF:0
FNH:0
DA:4,1
LF:1
LH:1
BRF:0
BRH:0
end_of_record
TN:
SF:src\data\grammar\B1\rules\grammarRulesB1.js
FNF:0
FNH:0
DA:4,2
LF:1
LH:1
BRF:0
BRH:0
end_of_record
TN:
SF:src\data\grammar\B2\index.js
FN:8,(anonymous_0)
FNF:1
FNH:1
FNDA:26,(anonymous_0)
DA:8,26
LF:1
LH:1
BRDA:10,0,0,26
BRDA:10,0,1,0
BRF:2
BRH:1
end_of_record
TN:
SF:src\data\grammar\B2\exercices\grammarExercisesB2.js
FNF:0
FNH:0
DA:4,1
LF:1
LH:1
BRF:0
BRH:0
end_of_record
TN:
SF:src\data\grammar\B2\rules\grammarRulesB2.js
FNF:0
FNH:0
DA:4,2
LF:1
LH:1
BRF:0
BRH:0
end_of_record
TN:
SF:src\data\grammar\C1\index.js
FN:8,(anonymous_0)
FNF:1
FNH:1
FNDA:28,(anonymous_0)
DA:8,28
LF:1
LH:1
BRDA:10,0,0,28
BRDA:10,0,1,0
BRF:2
BRH:1
end_of_record
TN:
SF:src\data\grammar\C1\exercices\grammarExercisesC1.js
FNF:0
FNH:0
DA:4,1
LF:1
LH:1
BRF:0
BRH:0
end_of_record
TN:
SF:src\data\grammar\C1\rules\grammarRulesC1.js
FNF:0
FNH:0
DA:4,2
LF:1
LH:1
BRF:0
BRH:0
end_of_record
TN:
SF:src\data\grammar\C2\index.js
FN:8,(anonymous_0)
FNF:1
FNH:1
FNDA:28,(anonymous_0)
DA:8,28
LF:1
LH:1
BRDA:10,0,0,28
BRDA:10,0,1,0
BRF:2
BRH:1
end_of_record
TN:
SF:src\data\grammar\C2\exercices\grammarExercisesC2.js
FNF:0
FNH:0
DA:4,1
LF:1
LH:1
BRF:0
BRH:0
end_of_record
TN:
SF:src\data\grammar\C2\rules\grammarRulesC2.js
FNF:0
FNH:0
DA:4,1
LF:1
LH:1
BRF:0
BRH:0
end_of_record
TN:
SF:src\data\phrases\4\categories\idiomatic-expressions.js
FNF:0
FNH:0
DA:3,1
LF:1
LH:1
BRF:0
BRH:0
end_of_record
TN:
SF:src\data\phrases\5\categories\formal-informal-discourse.js
FNF:0
FNH:0
DA:3,1
LF:1
LH:1
BRF:0
BRH:0
end_of_record
TN:
SF:src\data\phrases\6\categories\stylistic-mastery-variations.js
FNF:0
FNH:0
DA:3,1
LF:1
LH:1
BRF:0
BRH:0
end_of_record
TN:
SF:src\data\phrases\bonus\categories\food-restaurant.js
FNF:0
FNH:0
DA:3,1
LF:1
LH:1
BRF:0
BRH:0
end_of_record
TN:
SF:src\data\phrases\bonus\categories\modern-life-situations.js
FNF:0
FNH:0
DA:3,1
LF:1
LH:1
BRF:0
BRH:0
end_of_record
TN:
SF:src\data\phrases\bonus\categories\phrasal-verbs-context.js
FNF:0
FNH:0
DA:3,1
LF:1
LH:1
BRF:0
BRH:0
end_of_record
TN:
SF:src\data\phrases\bonus\categories\problems-complaints.js
FNF:0
FNH:0
DA:3,1
LF:1
LH:1
BRF:0
BRH:0
end_of_record
TN:
SF:src\data\phrases\bonus\categories\relationship-dynamics.js
FNF:0
FNH:0
DA:3,1
LF:1
LH:1
BRF:0
BRH:0
end_of_record
TN:
SF:src\data\phrases\bonus\categories\slang-conversations.js
FNF:0
FNH:0
DA:3,1
LF:1
LH:1
BRF:0
BRH:0
end_of_record
TN:
SF:src\data\phrases\bonus\categories\small-talk-social.js
FNF:0
FNH:0
DA:3,1
LF:1
LH:1
BRF:0
BRH:0
end_of_record
TN:
SF:src\data\phrases\bonus\categories\workplace-casual.js
FNF:0
FNH:0
DA:3,1
LF:1
LH:1
BRF:0
BRH:0
end_of_record
TN:
SF:src\data\vocabulary\1\index.js
FNF:0
FNH:0
LF:0
LH:0
BRF:0
BRH:0
end_of_record
TN:
SF:src\data\vocabulary\1\categories\01_identite.js
FNF:0
FNH:0
DA:1,4
LF:1
LH:1
BRF:0
BRH:0
end_of_record
TN:
SF:src\data\vocabulary\1\categories\02_famille.js
FNF:0
FNH:0
DA:1,4
LF:1
LH:1
BRF:0
BRH:0
end_of_record
TN:
SF:src\data\vocabulary\1\categories\03_chiffres.js
FNF:0
FNH:0
DA:1,4
LF:1
LH:1
BRF:0
BRH:0
end_of_record
TN:
SF:src\data\vocabulary\1\categories\04_temps.js
FNF:0
FNH:0
DA:1,4
LF:1
LH:1
BRF:0
BRH:0
end_of_record
TN:
SF:src\data\vocabulary\1\categories\05_maison.js
FNF:0
FNH:0
DA:1,4
LF:1
LH:1
BRF:0
BRH:0
end_of_record
TN:
SF:src\data\vocabulary\1\categories\06_nourriture.js
FNF:0
FNH:0
DA:1,4
LF:1
LH:1
BRF:0
BRH:0
end_of_record
TN:
SF:src\data\vocabulary\1\categories\07_vetements.js
FNF:0
FNH:0
DA:1,4
LF:1
LH:1
BRF:0
BRH:0
end_of_record
TN:
SF:src\data\vocabulary\1\categories\08_activites.js
FNF:0
FNH:0
DA:1,4
LF:1
LH:1
BRF:0
BRH:0
end_of_record
TN:
SF:src\data\vocabulary\1\categories\09_lieux.js
FNF:0
FNH:0
DA:1,4
LF:1
LH:1
BRF:0
BRH:0
end_of_record
TN:
SF:src\data\vocabulary\1\categories\10_transports.js
FNF:0
FNH:0
DA:1,4
LF:1
LH:1
BRF:0
BRH:0
end_of_record
TN:
SF:src\data\vocabulary\1\categories\11_meteo.js
FNF:0
FNH:0
DA:1,4
LF:1
LH:1
BRF:0
BRH:0
end_of_record
TN:
SF:src\data\vocabulary\1\categories\12_achats.js
FNF:0
FNH:0
DA:1,4
LF:1
LH:1
BRF:0
BRH:0
end_of_record
TN:
SF:src\data\vocabulary\1\categories\13_communication.js
FNF:0
FNH:0
DA:1,4
LF:1
LH:1
BRF:0
BRH:0
end_of_record
TN:
SF:src\data\vocabulary\1\categories\14_loisirs.js
FNF:0
FNH:0
DA:1,4
LF:1
LH:1
BRF:0
BRH:0
end_of_record
TN:
SF:src\data\vocabulary\1\categories\15_emotions.js
FNF:0
FNH:0
DA:1,4
LF:1
LH:1
BRF:0
BRH:0
end_of_record
TN:
SF:src\data\vocabulary\1\categories\16_animals.js
FNF:0
FNH:0
DA:1,4
LF:1
LH:1
BRF:0
BRH:0
end_of_record
TN:
SF:src\data\vocabulary\1\categories\17_couleurs_et_formes.js
FNF:0
FNH:0
DA:1,4
LF:1
LH:1
BRF:0
BRH:0
end_of_record
TN:
SF:src\data\vocabulary\2\index.js
FNF:0
FNH:0
LF:0
LH:0
BRF:0
BRH:0
end_of_record
TN:
SF:src\data\vocabulary\2\categories\01_identite_elargie.js
FNF:0
FNH:0
DA:1,4
LF:1
LH:1
BRF:0
BRH:0
end_of_record
TN:
SF:src\data\vocabulary\2\categories\02_famille_relations.js
FNF:0
FNH:0
DA:1,4
LF:1
LH:1
BRF:0
BRH:0
end_of_record
TN:
SF:src\data\vocabulary\2\categories\03_logement_environnement.js
FNF:0
FNH:0
DA:1,4
LF:1
LH:1
BRF:0
BRH:0
end_of_record
TN:
SF:src\data\vocabulary\2\categories\04_urbain_rural.js
FNF:0
FNH:0
DA:1,4
LF:1
LH:1
BRF:0
BRH:0
end_of_record
TN:
SF:src\data\vocabulary\2\categories\05_travail_professionnel.js
FNF:0
FNH:0
DA:1,4
LF:1
LH:1
BRF:0
BRH:0
end_of_record
TN:
SF:src\data\vocabulary\2\categories\06_alimentation_elargie.js
FNF:0
FNH:0
DA:1,4
LF:1
LH:1
BRF:0
BRH:0
end_of_record
TN:
SF:src\data\vocabulary\2\categories\07_sante_corps.js
FNF:0
FNH:0
DA:1,4
LF:1
LH:1
BRF:0
BRH:0
end_of_record
TN:
SF:src\data\vocabulary\2\categories\08_achats_services.js
FNF:0
FNH:0
DA:1,4
LF:1
LH:1
BRF:0
BRH:0
end_of_record
TN:
SF:src\data\vocabulary\2\categories\09_transports_voyages.js
FNF:0
FNH:0
DA:1,4
LF:1
LH:1
BRF:0
BRH:0
end_of_record
TN:
SF:src\data\vocabulary\2\categories\10_education_apprentissage.js
FNF:0
FNH:0
DA:1,4
LF:1
LH:1
BRF:0
BRH:0
end_of_record
TN:
SF:src\data\vocabulary\2\categories\11_loisirs_culture.js
FNF:0
FNH:0
DA:1,4
LF:1
LH:1
BRF:0
BRH:0
end_of_record
TN:
SF:src\data\vocabulary\2\categories\12_temps_meteo.js
FNF:0
FNH:0
DA:1,4
LF:1
LH:1
BRF:0
BRH:0
end_of_record
TN:
SF:src\data\vocabulary\2\categories\13_communications.js
FNF:0
FNH:0
DA:1,4
LF:1
LH:1
BRF:0
BRH:0
end_of_record
TN:
SF:src\data\vocabulary\2\categories\14_nature_environnement.js
FNF:0
FNH:0
DA:1,4
LF:1
LH:1
BRF:0
BRH:0
end_of_record
TN:
SF:src\data\vocabulary\2\categories\15_actualites_evenements.js
FNF:0
FNH:0
DA:1,4
LF:1
LH:1
BRF:0
BRH:0
end_of_record
TN:
SF:src\data\vocabulary\3\index.js
FNF:0
FNH:0
LF:0
LH:0
BRF:0
BRH:0
end_of_record
TN:
SF:src\data\vocabulary\3\categories\01_expression.js
FNF:0
FNH:0
DA:1,4
LF:1
LH:1
BRF:0
BRH:0
end_of_record
TN:
SF:src\data\vocabulary\3\categories\02_relations_interpersonnelles.js
FNF:0
FNH:0
DA:1,4
LF:1
LH:1
BRF:0
BRH:0
end_of_record
TN:
SF:src\data\vocabulary\3\categories\03_monde_du_travail.js
FNF:0
FNH:0
DA:1,4
LF:1
LH:1
BRF:0
BRH:0
end_of_record
TN:
SF:src\data\vocabulary\3\categories\04_habitation_style_de_vie.js
FNF:0
FNH:0
DA:1,4
LF:1
LH:1
BRF:0
BRH:0
end_of_record
TN:
SF:src\data\vocabulary\3\categories\05_voyages_decouvertes_culturelles.js
FNF:0
FNH:0
DA:1,4
LF:1
LH:1
BRF:0
BRH:0
end_of_record
TN:
SF:src\data\vocabulary\3\categories\06_alimentation_gastronomie.js
FNF:0
FNH:0
DA:1,4
LF:1
LH:1
BRF:0
BRH:0
end_of_record
TN:
SF:src\data\vocabulary\3\categories\07_sante_bien_etre.js
FNF:0
FNH:0
DA:1,4
LF:1
LH:1
BRF:0
BRH:0
end_of_record
TN:
SF:src\data\vocabulary\3\categories\08_consommation_tendances.js
FNF:0
FNH:0
DA:1,4
LF:1
LH:1
BRF:0
BRH:0
end_of_record
TN:
SF:src\data\vocabulary\3\categories\09_education_formation_continue.js
FNF:0
FNH:0
DA:1,4
LF:1
LH:1
BRF:0
BRH:0
end_of_record
TN:
SF:src\data\vocabulary\3\categories\10_medias_information.js
FNF:0
FNH:0
DA:1,4
LF:1
LH:1
BRF:0
BRH:0
end_of_record
TN:
SF:src\data\vocabulary\3\categories\11_technologie_innovations.js
FNF:0
FNH:0
DA:1,4
LF:1
LH:1
BRF:0
BRH:0
end_of_record
TN:
SF:src\data\vocabulary\3\categories\12_environnement_enjeux_ecologiques.js
FNF:0
FNH:0
DA:1,4
LF:1
LH:1
BRF:0
BRH:0
end_of_record
TN:
SF:src\data\vocabulary\3\categories\13_culture_arts.js
FNF:0
FNH:0
DA:1,4
LF:1
LH:1
BRF:0
BRH:0
end_of_record
TN:
SF:src\data\vocabulary\3\categories\14_sports_activites_physiques.js
FNF:0
FNH:0
DA:1,4
LF:1
LH:1
BRF:0
BRH:0
end_of_record
TN:
SF:src\data\vocabulary\3\categories\15_societe_questions_sociales.js
FNF:0
FNH:0
DA:1,4
LF:1
LH:1
BRF:0
BRH:0
end_of_record
TN:
SF:src\data\vocabulary\4\index.js
FNF:0
FNH:0
LF:0
LH:0
BRF:0
BRH:0
end_of_record
TN:
SF:src\data\vocabulary\4\categories\01_identite_complexe_et_psychologie.js
FNF:0
FNH:0
DA:1,4
LF:1
LH:1
BRF:0
BRH:0
end_of_record
TN:
SF:src\data\vocabulary\4\categories\02_relations_et_dynamiques_sociales.js
FNF:0
FNH:0
DA:1,4
LF:1
LH:1
BRF:0
BRH:0
end_of_record
TN:
SF:src\data\vocabulary\4\categories\03_economie_et_monde_des_affaires.js
FNF:0
FNH:0
DA:1,4
LF:1
LH:1
BRF:0
BRH:0
end_of_record
TN:
SF:src\data\vocabulary\4\categories\04_urbanisme_et_amenagement_du_territoire.js
FNF:0
FNH:0
DA:1,4
LF:1
LH:1
BRF:0
BRH:0
end_of_record
TN:
SF:src\data\vocabulary\4\categories\05_sante_publique_et_systemes_de_sante.js
FNF:0
FNH:0
DA:1,4
LF:1
LH:1
BRF:0
BRH:0
end_of_record
TN:
SF:src\data\vocabulary\4\categories\06_technologies_de_l_information_et_communication.js
FNF:0
FNH:0
DA:1,4
LF:1
LH:1
BRF:0
BRH:0
end_of_record
TN:
SF:src\data\vocabulary\4\categories\07_questions_environnementales_avancees.js
FNF:0
FNH:0
DA:1,4
LF:1
LH:1
BRF:0
BRH:0
end_of_record
TN:
SF:src\data\vocabulary\4\categories\08_politique_et_gouvernance.js
FNF:0
FNH:0
DA:1,4
LF:1
LH:1
BRF:0
BRH:0
end_of_record
TN:
SF:src\data\vocabulary\4\categories\09_justice_et_droit.js
FNF:0
FNH:0
DA:1,4
LF:1
LH:1
BRF:0
BRH:0
end_of_record
TN:
SF:src\data\vocabulary\4\categories\10_education_superieure_et_recherche.js
FNF:0
FNH:0
DA:1,4
LF:1
LH:1
BRF:0
BRH:0
end_of_record
TN:
SF:src\data\vocabulary\4\categories\11_arts_et_critique_culturelle.js
FNF:0
FNH:0
DA:1,4
LF:1
LH:1
BRF:0
BRH:0
end_of_record
TN:
SF:src\data\vocabulary\4\categories\12_medias_avances_et_communication_de_masse.js
FNF:0
FNH:0
DA:1,4
LF:1
LH:1
BRF:0
BRH:0
end_of_record
TN:
SF:src\data\vocabulary\4\categories\13_debats_societaux_contemporains.js
FNF:0
FNH:0
DA:1,4
LF:1
LH:1
BRF:0
BRH:0
end_of_record
TN:
SF:src\data\vocabulary\4\categories\14_economie_globale_et_finances.js
FNF:0
FNH:0
DA:1,4
LF:1
LH:1
BRF:0
BRH:0
end_of_record
TN:
SF:src\data\vocabulary\4\categories\15_sciences_et_applications_technologiques.js
FNF:0
FNH:0
DA:1,4
LF:1
LH:1
BRF:0
BRH:0
end_of_record
TN:
SF:src\data\vocabulary\5\index.js
FNF:0
FNH:0
LF:0
LH:0
BRF:0
BRH:0
end_of_record
TN:
SF:src\data\vocabulary\5\categories\01_analyse_psychosociale_et_comportementale.js
FNF:0
FNH:0
DA:1,4
LF:1
LH:1
BRF:0
BRH:0
end_of_record
TN:
SF:src\data\vocabulary\5\categories\02_communication_strategique_et_rhetorique.js
FNF:0
FNH:0
DA:1,4
LF:1
LH:1
BRF:0
BRH:0
end_of_record
TN:
SF:src\data\vocabulary\5\categories\03_economie_politique_et_systemes_mondiaux.js
FNF:0
FNH:0
DA:1,4
LF:1
LH:1
BRF:0
BRH:0
end_of_record
TN:
SF:src\data\vocabulary\5\categories\04_gouvernance_et_politiques_publiques.js
FNF:0
FNH:0
DA:1,4
LF:1
LH:1
BRF:0
BRH:0
end_of_record
TN:
SF:src\data\vocabulary\5\categories\05_recherche_scientifique_et_methodologie.js
FNF:0
FNH:0
DA:1,4
LF:1
LH:1
BRF:0
BRH:0
end_of_record
TN:
SF:src\data\vocabulary\5\categories\06_systemes_juridiques_compares.js
FNF:0
FNH:0
DA:1,4
LF:1
LH:1
BRF:0
BRH:0
end_of_record
TN:
SF:src\data\vocabulary\5\categories\07_analyse_litteraire_et_critique_textuelle.js
FNF:0
FNH:0
DA:1,4
LF:1
LH:1
BRF:0
BRH:0
end_of_record
TN:
SF:src\data\vocabulary\5\categories\08_technologies_emergentes_et_prospective.js
FNF:0
FNH:0
DA:1,4
LF:1
LH:1
BRF:0
BRH:0
end_of_record
TN:
SF:src\data\vocabulary\5\categories\09_enjeux_environnementaux_systemiques.js
FNF:0
FNH:0
DA:1,4
LF:1
LH:1
BRF:0
BRH:0
end_of_record
TN:
SF:src\data\vocabulary\5\categories\10_expression_idiomatique_et_culturelle.js
FNF:0
FNH:0
DA:1,4
LF:1
LH:1
BRF:0
BRH:0
end_of_record
TN:
SF:src\data\vocabulary\5\categories\11_dynamiques_socioculturelles.js
FNF:0
FNH:0
DA:1,4
LF:1
LH:1
BRF:0
BRH:0
end_of_record
TN:
SF:src\data\vocabulary\5\categories\12_medias_internationaux_et_communication_globale.js
FNF:0
FNH:0
DA:1,4
LF:1
LH:1
BRF:0
BRH:0
end_of_record
TN:
SF:src\data\vocabulary\5\categories\13_arts_contemporains_et_pratiques_creatives.js
FNF:0
FNH:0
DA:1,4
LF:1
LH:1
BRF:0
BRH:0
end_of_record
TN:
SF:src\data\vocabulary\5\categories\14_relations_internationales.js
FNF:0
FNH:0
DA:1,4
LF:1
LH:1
BRF:0
BRH:0
end_of_record
TN:
SF:src\data\vocabulary\5\categories\15_sante_globale_et_enjeux_biomedical.js
FNF:0
FNH:0
DA:1,4
LF:1
LH:1
BRF:0
BRH:0
end_of_record
TN:
SF:src\data\vocabulary\6\index.js
FNF:0
FNH:0
LF:0
LH:0
BRF:0
BRH:0
end_of_record
TN:
SF:src\data\vocabulary\6\categories\01_finance_corporative.js
FNF:0
FNH:0
DA:1,4
LF:1
LH:1
BRF:0
BRH:0
end_of_record
TN:
SF:src\data\vocabulary\6\categories\02_marches_financiers.js
FNF:0
FNH:0
DA:1,4
LF:1
LH:1
BRF:0
BRH:0
end_of_record
TN:
SF:src\data\vocabulary\6\categories\03_management_strategie.js
FNF:0
FNH:0
DA:1,4
LF:1
LH:1
BRF:0
BRH:0
end_of_record
TN:
SF:src\data\vocabulary\6\categories\04_technologies_emergentes.js
FNF:0
FNH:0
DA:1,4
LF:1
LH:1
BRF:0
BRH:0
end_of_record
TN:
SF:src\data\vocabulary\6\categories\05_sciences_medicales.js
FNF:0
FNH:0
DA:1,4
LF:1
LH:1
BRF:0
BRH:0
end_of_record
TN:
SF:src\data\vocabulary\6\categories\06_environnement_developpement_durable.js
FNF:0
FNH:0
DA:1,4
LF:1
LH:1
BRF:0
BRH:0
end_of_record
TN:
SF:src\data\vocabulary\6\categories\07_droit_commercial_international.js
FNF:0
FNH:0
DA:1,4
LF:1
LH:1
BRF:0
BRH:0
end_of_record
TN:
SF:src\data\vocabulary\6\categories\08_diplomatie_negociations.js
FNF:0
FNH:0
DA:1,4
LF:1
LH:1
BRF:0
BRH:0
end_of_record
TN:
SF:src\data\vocabulary\6\categories\09_organisations_institutions.js
FNF:0
FNH:0
DA:1,4
LF:1
LH:1
BRF:0
BRH:0
end_of_record
TN:
SF:src\data\vocabulary\6\categories\10_litterature_critique.js
FNF:0
FNH:0
DA:1,4
LF:1
LH:1
BRF:0
BRH:0
end_of_record
TN:
SF:src\data\vocabulary\6\categories\11_arts_visuels.js
FNF:0
FNH:0
DA:1,4
LF:1
LH:1
BRF:0
BRH:0
end_of_record
TN:
SF:src\data\vocabulary\6\categories\12_ia_ethique_technologies.js
FNF:0
FNH:0
DA:1,4
LF:1
LH:1
BRF:0
BRH:0
end_of_record
TN:
SF:src\data\vocabulary\6\categories\13_medias_numeriques.js
FNF:0
FNH:0
DA:1,4
LF:1
LH:1
BRF:0
BRH:0
end_of_record
TN:
SF:src\data\vocabulary\6\categories\14_rhetorique_art_oratoire.js
FNF:0
FNH:0
DA:1,4
LF:1
LH:1
BRF:0
BRH:0
end_of_record
TN:
SF:src\data\vocabulary\6\categories\15_communication_interculturelle.js
FNF:0
FNH:0
DA:1,4
LF:1
LH:1
BRF:0
BRH:0
end_of_record
TN:
SF:src\data\vocabulary\6\categories\16_expressions_idiomatiques.js
FNF:0
FNH:0
DA:1,4
LF:1
LH:1
BRF:0
BRH:0
end_of_record
TN:
SF:src\data\vocabulary\6\categories\17_nuances_linguistiques.js
FNF:0
FNH:0
DA:1,4
LF:1
LH:1
BRF:0
BRH:0
end_of_record
TN:
SF:src\data\vocabulary\6\categories\18_geopolitique_contemporaine.js
FNF:0
FNH:0
DA:1,4
LF:1
LH:1
BRF:0
BRH:0
end_of_record
TN:
SF:src\data\vocabulary\6\categories\19_enjeux_sociaux.js
FNF:0
FNH:0
DA:1,4
LF:1
LH:1
BRF:0
BRH:0
end_of_record
TN:
SF:src\data\vocabulary\6\categories\20_methodologie_recherche.js
FNF:0
FNH:0
DA:1,4
LF:1
LH:1
BRF:0
BRH:0
end_of_record
TN:
SF:src\data\vocabulary\6\categories\21_redaction_academique.js
FNF:0
FNH:0
DA:1,4
LF:1
LH:1
BRF:0
BRH:0
end_of_record
TN:
SF:src\data\vocabulary\6\categories\22_cybersecurite.js
FNF:0
FNH:0
DA:1,4
LF:1
LH:1
BRF:0
BRH:0
end_of_record
TN:
SF:src\data\vocabulary\6\categories\23_intelligence_artificielle.js
FNF:0
FNH:0
DA:1,4
LF:1
LH:1
BRF:0
BRH:0
end_of_record
TN:
SF:src\data\vocabulary\6\categories\24_sante_publique.js
FNF:0
FNH:0
DA:1,4
LF:1
LH:1
BRF:0
BRH:0
end_of_record
TN:
SF:src\data\vocabulary\6\categories\25_psychologie_sante_mentale.js
FNF:0
FNH:0
DA:1,4
LF:1
LH:1
BRF:0
BRH:0
end_of_record
TN:
SF:src\data\vocabulary\bonus\index.js
FNF:0
FNH:0
LF:0
LH:0
BRF:0
BRH:0
end_of_record
TN:
SF:src\data\vocabulary\bonus\categories\01_american_slang.js
FNF:0
FNH:0
DA:1,4
LF:1
LH:1
BRF:0
BRH:0
end_of_record
TN:
SF:src\data\vocabulary\bonus\categories\02_british_slang.js
FNF:0
FNH:0
DA:1,4
LF:1
LH:1
BRF:0
BRH:0
end_of_record
TN:
SF:src\data\vocabulary\bonus\categories\03_digital.js
FNF:0
FNH:0
DA:1,4
LF:1
LH:1
BRF:0
BRH:0
end_of_record
TN:
SF:src\data\vocabulary\bonus\categories\04_emotions.js
FNF:0
FNH:0
DA:1,4
LF:1
LH:1
BRF:0
BRH:0
end_of_record
TN:
SF:src\data\vocabulary\bonus\categories\05_fillers.js
FNF:0
FNH:0
DA:1,4
LF:1
LH:1
BRF:0
BRH:0
end_of_record
TN:
SF:src\data\vocabulary\bonus\categories\06_foodculture.js
FNF:0
FNH:0
DA:1,4
LF:1
LH:1
BRF:0
BRH:0
end_of_record
TN:
SF:src\data\vocabulary\bonus\categories\07_ice_breakers.js
FNF:0
FNH:0
DA:1,4
LF:1
LH:1
BRF:0
BRH:0
end_of_record
TN:
SF:src\data\vocabulary\bonus\categories\08_idiomes.js
FNF:0
FNH:0
DA:1,4
LF:1
LH:1
BRF:0
BRH:0
end_of_record
TN:
SF:src\data\vocabulary\bonus\categories\09_intensificateurs.js
FNF:0
FNH:0
DA:1,4
LF:1
LH:1
BRF:0
BRH:0
end_of_record
TN:
SF:src\data\vocabulary\bonus\categories\10_internet.js
FNF:0
FNH:0
DA:1,4
LF:1
LH:1
BRF:0
BRH:0
end_of_record
TN:
SF:src\data\vocabulary\bonus\categories\11_neo.js
FNF:0
FNH:0
DA:1,4
LF:1
LH:1
BRF:0
BRH:0
end_of_record
TN:
SF:src\data\vocabulary\bonus\categories\12_outdoor_life.js
FNF:0
FNH:0
DA:1,4
LF:1
LH:1
BRF:0
BRH:0
end_of_record
TN:
SF:src\data\vocabulary\bonus\categories\13_phrasal_verbs.js
FNF:0
FNH:0
DA:1,4
LF:1
LH:1
BRF:0
BRH:0
end_of_record
TN:
SF:src\data\vocabulary\bonus\categories\14_psycho.js
FNF:0
FNH:0
DA:1,4
LF:1
LH:1
BRF:0
BRH:0
end_of_record
TN:
SF:src\data\vocabulary\bonus\categories\15_relations_sociales.js
FNF:0
FNH:0
DA:1,4
LF:1
LH:1
BRF:0
BRH:0
end_of_record
TN:
SF:src\data\vocabulary\bonus\categories\16_sarcasme.js
FNF:0
FNH:0
DA:1,4
LF:1
LH:1
BRF:0
BRH:0
end_of_record
TN:
SF:src\data\vocabulary\bonus\categories\17_situations_quotidien.js
FNF:0
FNH:0
DA:1,4
LF:1
LH:1
BRF:0
BRH:0
end_of_record
TN:
SF:src\data\vocabulary\bonus\categories\18_slang.js
FNF:0
FNH:0
DA:1,5
LF:1
LH:1
BRF:0
BRH:0
end_of_record
TN:
SF:src\data\vocabulary\bonus\categories\19_temporelle.js
FNF:0
FNH:0
DA:1,4
LF:1
LH:1
BRF:0
BRH:0
end_of_record
TN:
SF:src\data\vocabulary\bonus\categories\20_urban.js
FNF:0
FNH:0
DA:1,4
LF:1
LH:1
BRF:0
BRH:0
end_of_record
TN:
SF:src\data\vocabulary\bonus\categories\21_workplace_slang.js
FNF:0
FNH:0
DA:1,4
LF:1
LH:1
BRF:0
BRH:0
end_of_record
TN:
SF:src\hooks\useActivityMetrics.js
FN:6,(anonymous_0)
FN:12,(anonymous_1)
FN:15,(anonymous_2)
FN:21,(anonymous_3)
FN:25,(anonymous_4)
FN:60,(anonymous_5)
FN:64,(anonymous_6)
FN:96,(anonymous_7)
FN:131,(anonymous_8)
FN:138,(anonymous_9)
FNF:10
FNH:8
FNDA:28,(anonymous_0)
FNDA:19,(anonymous_1)
FNDA:0,(anonymous_2)
FNDA:18,(anonymous_3)
FNDA:18,(anonymous_4)
FNDA:1,(anonymous_5)
FNDA:1,(anonymous_6)
FNDA:0,(anonymous_7)
FNDA:28,(anonymous_8)
FNDA:28,(anonymous_9)
DA:6,4
DA:7,28
DA:8,28
DA:9,28
DA:12,28
DA:15,28
DA:16,0
DA:17,0
DA:21,28
DA:22,18
DA:25,28
DA:26,18
DA:27,18
DA:29,18
DA:35,18
DA:38,18
DA:39,18
DA:40,14
DA:43,4
DA:44,4
DA:45,4
DA:46,4
DA:48,0
DA:52,0
DA:54,0
DA:55,0
DA:60,28
DA:61,1
DA:64,28
DA:65,1
DA:67,1
DA:68,1
DA:69,1
DA:71,1
DA:72,1
DA:73,1
DA:75,1
DA:76,1
DA:77,1
DA:82,0
DA:87,1
DA:89,0
DA:91,0
DA:96,28
DA:97,0
DA:98,0
DA:99,0
DA:101,0
DA:102,0
DA:103,0
DA:104,0
DA:107,0
DA:108,0
DA:110,0
DA:113,0
DA:114,0
DA:115,0
DA:120,0
DA:125,0
DA:131,28
DA:132,28
DA:133,27
DA:134,25
DA:135,24
DA:138,28
DA:139,28
DA:140,26
DA:142,2
DA:143,2
DA:144,2
DA:148,28
LF:71
LH:47
BRDA:35,0,0,18
BRDA:35,0,1,8
BRDA:39,1,0,14
BRDA:39,1,1,4
BRDA:40,2,0,14
BRDA:40,2,1,0
BRDA:65,3,0,0
BRDA:65,3,1,1
BRDA:71,4,0,1
BRDA:71,4,1,0
BRDA:101,5,0,0
BRDA:101,5,1,0
BRDA:107,6,0,0
BRDA:107,6,1,0
BRDA:132,7,0,1
BRDA:132,7,1,27
BRDA:133,8,0,2
BRDA:133,8,1,25
BRDA:134,9,0,1
BRDA:134,9,1,24
BRDA:139,10,0,26
BRDA:139,10,1,2
BRDA:144,11,0,1
BRDA:144,11,1,1
BRDA:153,12,0,28
BRDA:153,12,1,24
BRDA:154,13,0,28
BRDA:154,13,1,23
BRDA:157,14,0,28
BRDA:157,14,1,0
BRF:30
BRH:22
end_of_record
TN:
SF:src\hooks\useDailyWords.js
FN:12,(anonymous_0)
FN:17,(anonymous_1)
FN:20,(anonymous_2)
FN:25,(anonymous_3)
FN:44,(anonymous_4)
FN:46,(anonymous_5)
FN:76,(anonymous_6)
FN:81,(anonymous_7)
FN:90,(anonymous_8)
FN:96,(anonymous_9)
FN:99,(anonymous_10)
FN:103,(anonymous_11)
FNF:12
FNH:9
FNDA:14,(anonymous_0)
FNDA:14,(anonymous_1)
FNDA:0,(anonymous_2)
FNDA:14,(anonymous_3)
FNDA:6,(anonymous_4)
FNDA:12,(anonymous_5)
FNDA:10,(anonymous_6)
FNDA:10,(anonymous_7)
FNDA:0,(anonymous_8)
FNDA:0,(anonymous_9)
FNDA:10,(anonymous_10)
FNDA:4,(anonymous_11)
DA:12,4
DA:13,14
DA:14,14
DA:17,14
DA:20,14
DA:21,0
DA:25,14
DA:26,14
DA:27,14
DA:28,14
DA:29,14
DA:32,14
DA:34,14
DA:35,84
DA:37,84
DA:38,84
DA:40,84
DA:41,6
DA:42,6
DA:44,6
DA:45,6
DA:46,6
DA:47,12
DA:48,12
DA:49,12
[...]
DA:126,0
DA:127,0
DA:131,1
DA:132,1
DA:136,1
DA:140,0
DA:141,0
DA:144,2
LF:65
LH:37
BRDA:26,0,0,1
BRDA:66,1,0,0
BRDA:66,1,1,0
BRDA:68,2,0,0
BRDA:68,2,1,0
BRDA:68,3,0,0
BRDA:68,3,1,0
BRDA:74,4,0,0
BRDA:74,4,1,0
BRDA:74,5,0,0
BRDA:74,5,1,0
BRDA:78,6,0,0
BRDA:78,6,1,0
BRDA:79,7,0,0
BRDA:79,7,1,0
BRDA:85,8,0,0
BRDA:85,8,1,0
BRDA:94,9,0,1
BRDA:94,9,1,0
BRDA:106,10,0,0
BRDA:106,10,1,0
BRDA:126,11,0,0
BRDA:126,11,1,0
BRDA:136,12,0,1
BRDA:136,12,1,0
BRF:25
BRH:3
end_of_record
TN:
SF:src\utils\arrayUtils.js
FN:9,(anonymous_0)
FN:33,(anonymous_1)
FN:49,(anonymous_2)
FN:67,(anonymous_3)
FNF:4
FNH:4
FNDA:26,(anonymous_0)
FNDA:15,(anonymous_1)
FNDA:4,(anonymous_2)
FNDA:4,(anonymous_3)
DA:9,3
DA:10,26
DA:11,4
DA:14,22
DA:15,4
DA:18,18
DA:19,18
DA:20,1050
DA:21,1050
DA:24,18
DA:33,3
DA:34,15
DA:35,6
DA:38,9
DA:39,9
DA:49,3
DA:50,4
DA:51,2
DA:54,2
DA:55,1
DA:59,1
DA:60,1
DA:67,3
DA:68,4
DA:69,2
DA:72,2
DA:73,6
DA:74,6
LF:28
LH:28
BRDA:10,0,0,4
BRDA:10,0,1,22
BRDA:14,1,0,4
BRDA:14,1,1,18
BRDA:34,2,0,6
BRDA:34,2,1,9
BRDA:34,3,0,15
BRDA:34,3,1,15
BRDA:34,3,2,11
BRDA:50,4,0,2
BRDA:50,4,1,2
BRDA:50,5,0,4
BRDA:50,5,1,4
BRDA:54,6,0,1
BRDA:54,6,1,1
BRDA:68,7,0,2
BRDA:68,7,1,2
BRDA:68,8,0,4
BRDA:68,8,1,4
BRF:19
BRH:19
end_of_record
TN:
SF:src\utils\constants.js
FNF:0
FNH:0
DA:4,32
DA:15,32
DA:89,32
DA:90,32
DA:93,32
DA:94,32
DA:97,32
DA:99,32
DA:115,32
DA:123,32
LF:10
LH:10
BRF:0
BRH:0
end_of_record
TN:
SF:src\utils\eventBus.js
FN:4,(anonymous_0)
FN:7,(anonymous_1)
FN:8,(anonymous_2)
FN:12,(anonymous_3)
FN:13,(anonymous_4)
FNF:5
FNH:5
FNDA:172,(anonymous_0)
FNDA:5,(anonymous_1)
FNDA:14,(anonymous_2)
FNDA:75,(anonymous_3)
FNDA:210,(anonymous_4)
DA:2,4
DA:4,4
DA:5,172
DA:6,172
DA:7,172
DA:8,14
DA:12,4
DA:13,210
LF:8
LH:8
BRDA:5,0,0,62
BRDA:5,0,1,110
BRDA:13,1,0,75
BRDA:13,1,1,6
BRF:4
BRH:4
end_of_record
TN:
SF:src\utils\scaling.js
FN:15,(anonymous_0)
FN:22,(anonymous_1)
FN:30,(anonymous_2)
FN:40,(anonymous_3)
FNF:4
FNH:4
FNDA:220,(anonymous_0)
FNDA:104,(anonymous_1)
FNDA:109,(anonymous_2)
FNDA:103,(anonymous_3)
DA:4,1
DA:7,1
DA:8,1
DA:15,220
DA:22,104
DA:30,1
DA:31,109
DA:32,109
DA:40,1
DA:41,103
DA:42,103
LF:11
LH:11
BRDA:30,0,0,106
BRF:1
BRH:1
end_of_record
TN:
SF:src\utils\storageUtils.js
FN:17,(anonymous_0)
FN:35,(anonymous_1)
FN:57,(anonymous_2)
FN:72,(anonymous_3)
FN:87,(anonymous_4)
FN:90,(anonymous_5)
FN:104,(anonymous_6)
FN:119,(anonymous_7)
FN:132,(anonymous_8)
FN:146,(anonymous_9)
FN:163,(anonymous_10)
FN:170,(anonymous_11)
FN:209,(anonymous_12)
FN:227,(anonymous_13)
FN:234,(anonymous_14)
FN:241,(anonymous_15)
FN:284,(anonymous_16)
FN:289,(anonymous_17)
FN:294,(anonymous_18)
FN:299,(anonymous_19)
FN:304,(anonymous_20)
FN:323,(anonymous_21)
FN:334,(anonymous_22)
FN:374,(anonymous_23)
FN:393,(anonymous_24)
FNF:25
FNH:15
FNDA:2,(anonymous_0)
FNDA:8,(anonymous_1)
FNDA:50,(anonymous_2)
FNDA:2,(anonymous_3)
FNDA:2,(anonymous_4)
FNDA:3,(anonymous_5)
FNDA:3,(anonymous_6)
FNDA:0,(anonymous_7)
FNDA:0,(anonymous_8)
FNDA:0,(anonymous_9)
FNDA:0,(anonymous_10)
FNDA:0,(anonymous_11)
FNDA:0,(anonymous_12)
FNDA:0,(anonymous_13)
FNDA:0,(anonymous_14)
FNDA:0,(anonymous_15)
FNDA:1,(anonymous_16)
FNDA:1,(anonymous_17)
FNDA:1,(anonymous_18)
FNDA:1,(anonymous_19)
FNDA:1,(anonymous_20)
FNDA:6,(anonymous_21)
FNDA:0,(anonymous_22)
FNDA:1,(anonymous_23)
FNDA:1,(anonymous_24)
DA:17,28
DA:18,2
DA:19,2
DA:20,2
DA:21,1
DA:22,1
DA:24,1
DA:25,1
DA:35,28
DA:36,8
DA:38,8
DA:39,2
DA:40,2
DA:43,6
DA:44,5
DA:45,4
DA:47,2
DA:48,2
DA:57,28
DA:58,50
DA:59,50
DA:60,46
DA:62,5
DA:63,5
DA:72,28
DA:73,2
DA:74,2
DA:75,1
DA:77,1
DA:78,1
DA:87,28
DA:88,2
DA:89,2
DA:90,1
DA:91,3
DA:92,3
DA:95,1
DA:96,1
DA:104,28
DA:105,3
DA:106,3
DA:107,2
DA:109,1
DA:110,1
DA:119,28
DA:120,0
DA:122,0
DA:123,0
DA:124,0
DA:126,0
DA:132,28
DA:133,0
DA:134,0
DA:137,0
DA:139,0
DA:140,0
DA:141,0
DA:142,0
DA:143,0
DA:146,0
DA:147,0
DA:148,0
DA:153,0
DA:163,28
DA:164,0
DA:170,28
DA:171,0
DA:172,0
DA:173,0
DA:176,0
DA:177,0
DA:178,0
DA:179,0
DA:182,0
DA:183,0
DA:185,0
DA:186,0
DA:189,0
DA:192,0
DA:194,0
DA:195,0
DA:196,0
DA:197,0
DA:198,0
DA:202,0
DA:209,28
DA:210,0
DA:211,0
DA:212,0
DA:215,0
DA:216,0
DA:217,0
DA:219,0
DA:220,0
DA:227,28
DA:228,0
DA:234,28
DA:235,0
DA:236,0
DA:237,0
DA:241,0
DA:242,0
DA:245,0
DA:246,0
DA:247,0
DA:248,0
DA:249,0
DA:251,0
DA:260,0
DA:272,28
DA:285,1
DA:290,1
DA:295,1
DA:300,1
DA:305,1
DA:306,1
DA:308,1
DA:314,1
DA:315,1
DA:317,0
DA:318,0
DA:324,6
DA:325,6
DA:326,6
DA:328,0
DA:329,0
DA:335,0
DA:336,0
DA:342,0
DA:343,0
DA:345,0
DA:346,0
DA:347,0
DA:348,0
DA:350,0
DA:351,0
DA:353,0
DA:354,0
DA:355,0
DA:356,0
DA:357,0
DA:360,0
DA:361,0
DA:365,0
DA:366,0
DA:368,0
DA:369,0
DA:375,1
DA:376,1
DA:381,1
DA:383,0
DA:384,0
DA:394,1
LF:153
LH:68
BRDA:38,0,0,2
BRDA:38,0,1,6
BRDA:38,1,0,8
BRDA:38,1,1,7
BRDA:60,2,0,12
BRDA:60,2,1,34
BRDA:91,3,0,2
BRDA:91,3,1,1
BRDA:120,4,0,0
BRDA:120,4,1,0
BRDA:120,5,0,0
BRDA:120,5,1,0
BRDA:123,6,0,0
BRDA:123,6,1,0
BRDA:126,7,0,0
BRDA:126,7,1,0
BRDA:126,7,2,0
BRDA:133,8,0,0
BRDA:133,8,1,0
BRDA:139,9,0,0
BRDA:139,9,1,0
BRDA:139,10,0,0
BRDA:139,10,1,0
BRDA:140,11,0,0
BRDA:140,11,1,0
BRDA:140,12,0,0
BRDA:140,12,1,0
BRDA:141,13,0,0
BRDA:141,13,1,0
BRDA:142,14,0,0
BRDA:142,14,1,0
BRDA:147,15,0,0
BRDA:147,15,1,0
BRDA:147,16,0,0
BRDA:147,16,1,0
BRDA:170,17,0,0
BRDA:172,18,0,0
BRDA:172,18,1,0
BRDA:178,19,0,0
BRDA:178,19,1,0
BRDA:185,20,0,0
BRDA:185,20,1,0
BRDA:194,21,0,0
BRDA:194,21,1,0
BRDA:196,22,0,0
BRDA:196,22,1,0
BRDA:209,23,0,0
BRDA:211,24,0,0
BRDA:211,24,1,0
BRDA:236,25,0,0
BRDA:236,25,1,0
BRDA:242,26,0,0
BRDA:242,26,1,0
BRDA:255,27,0,0
BRDA:255,27,1,0
BRDA:257,28,0,0
BRDA:257,28,1,0
BRDA:306,29,0,1
BRDA:306,29,1,0
BRDA:325,30,0,6
BRDA:325,30,1,4
BRDA:336,31,0,0
BRDA:336,31,1,0
BRDA:345,32,0,0
BRDA:345,32,1,0
BRDA:353,33,0,0
BRDA:353,33,1,0
BRDA:357,34,0,0
BRDA:357,34,1,0
BRDA:376,35,0,1
BRDA:376,35,1,0
BRF:71
BRH:12
end_of_record
TN:
SF:src\utils\timeConstants.js
FN:51,(anonymous_0)
FNF:1
FNH:1
FNDA:261,(anonymous_0)
DA:7,29
DA:14,29
DA:21,29
DA:38,29
DA:51,29
DA:52,261
DA:53,261
DA:57,29
LF:8
LH:8
BRF:0
BRH:0
end_of_record
TN:
SF:src\utils\timeUtils.js
FN:13,(anonymous_0)
FN:28,(anonymous_1)
FN:36,(anonymous_2)
FN:54,(anonymous_3)
FN:68,(anonymous_4)
FN:81,(anonymous_5)
FN:94,(anonymous_6)
FN:118,(anonymous_7)
FN:134,(anonymous_8)
FN:141,(anonymous_9)
FN:153,(anonymous_10)
FN:158,(anonymous_11)
FN:166,(anonymous_12)
FN:172,(anonymous_13)
FN:173,(anonymous_14)
FN:183,(anonymous_15)
FNF:16
FNH:16
FNDA:180,(anonymous_0)
FNDA:7,(anonymous_1)
FNDA:36,(anonymous_2)
FNDA:5,(anonymous_3)
FNDA:8,(anonymous_4)
FNDA:15,(anonymous_5)
FNDA:12,(anonymous_6)
FNDA:9,(anonymous_7)
FNDA:24,(anonymous_8)
FNDA:108,(anonymous_9)
FNDA:5,(anonymous_10)
FNDA:9,(anonymous_11)
FNDA:3,(anonymous_12)
FNDA:9,(anonymous_13)
FNDA:20,(anonymous_14)
FNDA:10,(anonymous_15)
DA:13,29
DA:14,180
DA:28,29
DA:29,7
DA:30,3
DA:33,4
DA:36,4
DA:37,36
DA:39,36
DA:40,12
DA:42,24
DA:46,4
DA:54,29
DA:55,5
DA:56,3
DA:59,2
DA:60,2
DA:68,29
DA:69,8
DA:70,4
DA:73,4
DA:81,29
DA:82,15
DA:83,4
DA:86,11
DA:94,29
DA:95,12
DA:96,4
DA:99,8
DA:100,8
DA:102,8
DA:103,3
DA:106,5
DA:107,3
DA:110,2
DA:118,29
DA:119,9
DA:120,3
DA:123,6
DA:124,6
DA:126,6
DA:134,29
DA:135,24
DA:136,5
DA:140,19
DA:141,19
DA:142,108
DA:145,19
DA:153,29
DA:154,5
DA:155,4
DA:158,9
DA:166,29
DA:167,3
DA:168,2
DA:171,1
DA:172,9
DA:173,20
DA:183,29
DA:184,10
DA:185,3
DA:188,7
DA:189,7
DA:191,7
LF:64
LH:64
BRDA:15,0,0,180
BRDA:15,0,1,150
BRDA:15,0,2,145
BRDA:15,0,3,143
BRDA:15,0,4,138
BRDA:29,1,0,3
BRDA:29,1,1,4
BRDA:29,2,0,7
BRDA:29,2,1,5
BRDA:39,3,0,12
BRDA:39,3,1,24
BRDA:55,4,0,3
BRDA:55,4,1,2
BRDA:55,5,0,5
BRDA:55,5,1,3
BRDA:69,6,0,4
BRDA:69,6,1,4
BRDA:82,7,0,4
BRDA:82,7,1,11
BRDA:82,8,0,15
BRDA:82,8,1,13
BRDA:82,8,2,12
BRDA:95,9,0,4
BRDA:95,9,1,8
BRDA:102,10,0,3
BRDA:102,10,1,5
BRDA:106,11,0,3
BRDA:106,11,1,2
BRDA:119,12,0,3
BRDA:119,12,1,6
BRDA:135,13,0,5
BRDA:135,13,1,19
BRDA:135,14,0,24
BRDA:135,14,1,19
BRDA:142,15,0,108
BRDA:142,15,1,102
BRDA:154,16,0,4
BRDA:154,16,1,1
BRDA:167,17,0,2
BRDA:167,17,1,1
BRDA:183,18,0,5
BRDA:184,19,0,3
BRDA:184,19,1,7
BRDA:184,20,0,10
BRDA:184,20,1,8
BRDA:188,21,0,7
BRDA:188,21,1,0
BRF:47
BRH:46
end_of_record
TN:
SF:src\utils\conversation\conversationDataHelper.js
FN:19,(anonymous_0)
FN:50,(anonymous_1)
FN:67,(anonymous_2)
FN:77,(anonymous_3)
FN:81,(anonymous_4)
FN:91,(anonymous_5)
FNF:6
FNH:0
FNDA:0,(anonymous_0)
FNDA:0,(anonymous_1)
FNDA:0,(anonymous_2)
FNDA:0,(anonymous_3)
FNDA:0,(anonymous_4)
FNDA:0,(anonymous_5)
DA:19,1
DA:20,0
DA:42,0
DA:50,1
DA:51,0
DA:59,0
DA:67,1
DA:68,0
DA:69,0
DA:77,1
DA:78,0
DA:79,0
DA:81,0
DA:82,0
DA:91,1
DA:92,0
DA:94,0
DA:95,0
DA:101,0
DA:102,0
DA:104,0
LF:21
LH:5
BRDA:42,0,0,0
BRDA:42,0,1,0
BRDA:59,1,0,0
BRDA:59,1,1,0
BRDA:69,2,0,0
BRDA:69,2,1,0
BRDA:79,3,0,0
BRDA:79,3,1,0
BRDA:82,4,0,0
BRDA:82,4,1,0
BRDA:94,5,0,0
BRDA:94,5,1,0
BRDA:108,6,0,0
BRDA:108,6,1,0
BRF:14
BRH:0
end_of_record
TN:
SF:src\utils\errorCorrection\errorCorrectionDataHelper.js
FN:27,(anonymous_0)
FN:45,(anonymous_1)
FN:62,(anonymous_2)
FN:126,(anonymous_3)
FN:160,(anonymous_4)
FN:169,(anonymous_5)
FN:175,(anonymous_6)
FN:181,(anonymous_7)
FN:182,(anonymous_8)
FN:197,(anonymous_9)
FN:213,(anonymous_10)
FN:246,(anonymous_11)
FN:251,(anonymous_12)
FN:260,(anonymous_13)
FN:265,(anonymous_14)
FN:275,(anonymous_15)
FN:282,(anonymous_16)
FN:292,(anonymous_17)
FN:356,(anonymous_18)
FN:381,(anonymous_19)
FN:414,(anonymous_20)
FN:429,(anonymous_21)
FN:435,(anonymous_22)
FN:457,(anonymous_23)
FN:492,(anonymous_24)
FN:505,(anonymous_25)
FN:516,(anonymous_26)
FN:518,(anonymous_27)
FN:529,(anonymous_28)
FNF:29
FNH:0
FNDA:0,(anonymous_0)
FNDA:0,(anonymous_1)
FNDA:0,(anonymous_2)
FNDA:0,(anonymous_3)
FNDA:0,(anonymous_4)
FNDA:0,(anonymous_5)
FNDA:0,(anonymous_6)
FNDA:0,(anonymous_7)
FNDA:0,(anonymous_8)
FNDA:0,(anonymous_9)
FNDA:0,(anonymous_10)
FNDA:0,(anonymous_11)
FNDA:0,(anonymous_12)
FNDA:0,(anonymous_13)
FNDA:0,(anonymous_14)
FNDA:0,(anonymous_15)
FNDA:0,(anonymous_16)
FNDA:0,(anonymous_17)
FNDA:0,(anonymous_18)
FNDA:0,(anonymous_19)
FNDA:0,(anonymous_20)
FNDA:0,(anonymous_21)
FNDA:0,(anonymous_22)
FNDA:0,(anonymous_23)
FNDA:0,(anonymous_24)
FNDA:0,(anonymous_25)
FNDA:0,(anonymous_26)
FNDA:0,(anonymous_27)
FNDA:0,(anonymous_28)
DA:27,1
DA:28,0
DA:37,0
DA:45,1
DA:46,0
DA:54,0
DA:62,1
DA:63,0
DA:118,0
DA:126,1
DA:127,0
DA:141,0
DA:142,0
DA:144,0
DA:145,0
DA:146,0
DA:147,0
DA:150,0
DA:151,0
DA:159,0
DA:160,0
DA:169,0
DA:170,0
DA:172,0
DA:175,0
DA:180,0
DA:181,0
DA:182,0
DA:186,0
DA:190,0
DA:197,1
DA:198,0
DA:199,0
DA:213,0
DA:214,0
DA:215,0
DA:217,0
DA:218,0
DA:219,0
DA:220,0
DA:223,0
DA:224,0
DA:225,0
DA:229,0
DA:237,0
DA:246,1
DA:247,0
DA:248,0
DA:249,0
DA:251,0
DA:260,1
DA:261,0
DA:262,0
DA:263,0
DA:265,0
DA:275,1
DA:276,0
DA:277,0
DA:278,0
DA:280,0
DA:282,0
DA:292,1
DA:293,0
DA:294,0
DA:298,0
DA:307,0
DA:308,0
DA:310,0
DA:315,0
DA:316,0
DA:318,0
DA:322,0
DA:323,0
DA:329,0
DA:332,0
DA:338,0
DA:342,0
DA:344,0
DA:348,0
DA:356,1
DA:357,0
DA:359,0
DA:360,0
DA:367,0
DA:381,0
DA:382,0
DA:383,0
DA:384,0
DA:385,0
DA:392,0
DA:393,0
DA:399,0
DA:400,0
DA:401,0
DA:404,0
DA:414,1
DA:419,0
DA:421,0
DA:422,0
DA:425,0
DA:428,0
DA:429,0
DA:433,0
DA:434,0
DA:435,0
DA:439,0
DA:440,0
DA:443,0
DA:444,0
DA:457,1
DA:458,0
DA:482,0
DA:492,1
DA:497,0
DA:499,0
DA:500,0
DA:504,0
DA:505,0
DA:509,0
DA:510,0
DA:514,0
DA:516,0
DA:517,0
DA:518,0
DA:520,0
DA:523,0
DA:529,1
DA:530,0
LF:128
LH:14
BRDA:37,0,0,0
BRDA:37,0,1,0
BRDA:54,1,0,0
BRDA:54,1,1,0
BRDA:118,2,0,0
BRDA:118,2,1,0
BRDA:144,3,0,0
BRDA:144,3,1,0
BRDA:147,4,0,0
BRDA:147,4,1,0
BRDA:150,5,0,0
BRDA:150,5,1,0
BRDA:152,6,0,0
BRDA:152,6,1,0
BRDA:153,7,0,0
BRDA:153,7,1,0
BRDA:154,8,0,0
BRDA:154,8,1,0
BRDA:159,9,0,0
BRDA:159,9,1,0
BRDA:163,10,0,0
BRDA:163,10,1,0
BRDA:164,11,0,0
BRDA:164,11,1,0
BRDA:170,12,0,0
BRDA:170,12,1,0
BRDA:173,13,0,0
BRDA:173,13,1,0
BRDA:217,14,0,0
BRDA:217,14,1,0
BRDA:248,15,0,0
BRDA:248,15,1,0
BRDA:251,16,0,0
BRDA:251,16,1,0
BRDA:262,17,0,0
BRDA:262,17,1,0
BRDA:265,18,0,0
BRDA:265,18,1,0
BRDA:277,19,0,0
BRDA:277,19,1,0
BRDA:281,20,0,0
BRDA:281,20,1,0
BRDA:282,21,0,0
BRDA:282,21,1,0
BRDA:293,22,0,0
BRDA:293,22,1,0
BRDA:293,23,0,0
BRDA:293,23,1,0
BRDA:308,24,0,0
BRDA:308,24,1,0
BRDA:316,25,0,0
BRDA:316,25,1,0
BRDA:322,26,0,0
BRDA:322,26,1,0
BRDA:323,27,0,0
BRDA:323,27,1,0
BRDA:324,28,0,0
BRDA:324,28,1,0
BRDA:324,28,2,0
BRDA:332,29,0,0
BRDA:332,29,1,0
BRDA:333,30,0,0
BRDA:333,30,1,0
BRDA:333,30,2,0
BRDA:342,31,0,0
BRDA:342,31,1,0
BRDA:342,32,0,0
BRDA:342,32,1,0
BRDA:359,33,0,0
BRDA:359,33,1,0
BRDA:359,34,0,0
BRDA:359,34,1,0
BRDA:372,35,0,0
BRDA:372,35,1,0
BRDA:382,36,0,0
BRDA:382,36,1,0
BRDA:387,37,0,0
BRDA:387,37,1,0
BRDA:392,38,0,0
BRDA:392,38,1,0
BRDA:399,39,0,0
BRDA:399,39,1,0
BRDA:399,40,0,0
BRDA:399,40,1,0
BRDA:416,41,0,0
BRDA:417,42,0,0
BRDA:421,43,0,0
BRDA:421,43,1,0
BRDA:421,44,0,0
BRDA:421,44,1,0
BRDA:421,44,2,0
BRDA:428,45,0,0
BRDA:428,45,1,0
BRDA:433,46,0,0
BRDA:433,46,1,0
BRDA:439,47,0,0
BRDA:439,47,1,0
BRDA:482,48,0,0
BRDA:482,48,1,0
BRDA:494,49,0,0
BRDA:495,50,0,0
BRDA:499,51,0,0
BRDA:499,51,1,0
BRDA:499,52,0,0
BRDA:499,52,1,0
BRDA:509,53,0,0
BRDA:509,53,1,0
BRF:107
BRH:0
end_of_record
TN:
SF:src\utils\grammar\grammarDataHelper.js
FN:17,(anonymous_0)
FN:31,(anonymous_1)
FN:34,(anonymous_2)
FN:35,(anonymous_3)
FN:36,(anonymous_4)
FN:37,(anonymous_5)
FN:38,(anonymous_6)
FN:39,(anonymous_7)
FN:57,(anonymous_8)
FN:74,(anonymous_9)
FN:84,(anonymous_10)
FN:88,(anonymous_11)
FN:98,(anonymous_12)
FNF:13
FNH:2
FNDA:4,(anonymous_0)
FNDA:0,(anonymous_1)
FNDA:0,(anonymous_2)
FNDA:0,(anonymous_3)
FNDA:0,(anonymous_4)
FNDA:0,(anonymous_5)
FNDA:0,(anonymous_6)
FNDA:0,(anonymous_7)
FNDA:4,(anonymous_8)
FNDA:0,(anonymous_9)
FNDA:0,(anonymous_10)
FNDA:0,(anonymous_11)
FNDA:0,(anonymous_12)
DA:17,1
DA:18,4
DA:27,4
DA:31,1
DA:32,0
DA:33,0
DA:34,0
DA:35,0
DA:36,0
DA:37,0
DA:38,0
DA:39,0
DA:41,0
DA:42,0
DA:43,0
DA:46,0
DA:48,0
DA:57,1
DA:58,4
DA:66,4
DA:74,1
DA:75,0
DA:76,0
DA:84,1
DA:85,0
DA:86,0
DA:88,0
DA:89,0
DA:98,1
DA:99,0
DA:101,0
DA:107,0
DA:108,0
DA:110,0
LF:34
LH:10
BRDA:27,0,0,4
BRDA:27,0,1,0
BRDA:41,1,0,0
BRDA:41,1,1,0
BRDA:43,2,0,0
BRDA:43,2,1,0
BRDA:66,3,0,4
BRDA:66,3,1,0
BRDA:76,4,0,0
BRDA:76,4,1,0
BRDA:86,5,0,0
BRDA:86,5,1,0
BRDA:89,6,0,0
BRDA:89,6,1,0
BRDA:101,7,0,0
BRDA:101,7,1,0
BRDA:113,8,0,0
BRDA:113,8,1,0
BRF:18
BRH:2
end_of_record
TN:
SF:src\utils\grammar\grammarStats.js
FN:14,(anonymous_0)
FN:15,(anonymous_1)
FN:25,(anonymous_2)
FN:26,(anonymous_3)
FN:37,(anonymous_4)
FN:50,(anonymous_5)
FN:51,(anonymous_6)
FNF:7
FNH:6
FNDA:8,(anonymous_0)
FNDA:122,(anonymous_1)
FNDA:8,(anonymous_2)
FNDA:0,(anonymous_3)
FNDA:4,(anonymous_4)
FNDA:4,(anonymous_5)
FNDA:61,(anonymous_6)
DA:14,2
DA:15,8
DA:16,122
DA:25,2
DA:26,8
DA:27,0
DA:37,2
DA:38,4
DA:39,4
DA:41,4
DA:50,2
DA:51,4
DA:52,61
DA:53,61
DA:54,61
DA:56,61
LF:16
LH:15
BRDA:16,0,0,122
BRDA:16,0,1,0
BRDA:27,1,0,0
BRDA:27,1,1,0
BRDA:41,2,0,4
BRDA:41,2,1,0
BRDA:52,3,0,61
BRDA:52,3,1,0
BRDA:53,4,0,61
BRDA:53,4,1,61
BRDA:54,5,0,61
BRDA:54,5,1,0
BRF:12
BRH:6
end_of_record
TN:
SF:src\utils\phrases\phrasesStats.js
FN:9,(anonymous_0)
FN:17,(anonymous_1)
FN:27,(anonymous_2)
FN:29,(anonymous_3)
FN:40,(anonymous_4)
FN:55,(anonymous_5)
FN:56,(anonymous_6)
FN:58,(anonymous_7)
FN:80,(anonymous_8)
FNF:9
FNH:6
FNDA:6,(anonymous_0)
FNDA:0,(anonymous_1)
FNDA:6,(anonymous_2)
FNDA:0,(anonymous_3)
FNDA:3,(anonymous_4)
FNDA:3,(anonymous_5)
FNDA:2,(anonymous_6)
FNDA:2,(anonymous_7)
FNDA:0,(anonymous_8)
DA:9,1
DA:11,6
DA:12,4
DA:16,2
DA:17,0
DA:27,1
DA:28,6
DA:29,0
DA:40,1
DA:41,3
DA:42,3
DA:43,3
DA:55,1
DA:56,3
DA:58,2
DA:59,2
DA:60,2
DA:61,2
DA:65,2
DA:80,1
DA:81,0
DA:82,0
DA:84,0
DA:85,0
DA:86,0
DA:87,0
DA:89,0
LF:27
LH:18
BRDA:9,0,0,0
BRDA:9,1,0,0
BRDA:11,2,0,4
BRDA:11,2,1,2
BRDA:17,3,0,0
BRDA:17,3,1,0
BRDA:27,4,0,0
BRDA:29,5,0,0
BRDA:29,5,1,0
BRDA:40,6,0,0
BRDA:40,7,0,0
BRDA:40,8,0,0
BRDA:43,9,0,2
BRDA:43,9,1,1
BRDA:55,10,0,0
BRDA:55,11,0,0
BRDA:55,12,0,0
BRDA:60,13,0,2
BRDA:60,13,1,2
BRDA:61,14,0,2
BRDA:61,14,1,0
BRDA:66,15,0,2
BRDA:66,15,1,0
BRDA:80,16,0,0
BRDA:80,17,0,0
BRDA:81,18,0,0
BRDA:81,18,1,0
BRDA:82,19,0,0
BRDA:82,19,1,0
BRDA:95,20,0,0
BRDA:95,20,1,0
BRF:31
BRH:8
end_of_record
TN:
SF:src\utils\reading\readingStats.js
FN:14,(anonymous_0)
FN:15,(anonymous_1)
FN:25,(anonymous_2)
FN:26,(anonymous_3)
FN:37,(anonymous_4)
FN:50,(anonymous_5)
FN:51,(anonymous_6)
FNF:7
FNH:6
FNDA:6,(anonymous_0)
FNDA:6,(anonymous_1)
FNDA:6,(anonymous_2)
FNDA:0,(anonymous_3)
FNDA:3,(anonymous_4)
FNDA:3,(anonymous_5)
FNDA:3,(anonymous_6)
DA:14,1
DA:15,6
DA:16,6
DA:25,1
DA:26,6
DA:27,0
DA:37,1
DA:38,3
DA:39,3
DA:41,3
DA:50,1
DA:51,3
DA:52,3
DA:53,3
DA:54,3
DA:56,3
LF:16
LH:15
BRDA:16,0,0,6
BRDA:16,0,1,0
BRDA:27,1,0,0
BRDA:27,1,1,0
BRDA:41,2,0,3
BRDA:41,2,1,0
BRDA:52,3,0,3
BRDA:52,3,1,0
BRDA:53,4,0,3
BRDA:53,4,1,3
BRDA:54,5,0,3
BRDA:54,5,1,0
BRF:12
BRH:6
end_of_record
TN:
SF:src\utils\vocabulary\vocabularyDataHelper.js
FN:6,(anonymous_0)
FN:7,(anonymous_1)
FN:37,(anonymous_2)
FN:58,(anonymous_3)
FN:92,(anonymous_4)
FN:96,(anonymous_5)
FN:97,(anonymous_6)
FN:98,(anonymous_7)
FN:99,(anonymous_8)
FN:100,(anonymous_9)
FN:101,(anonymous_10)
FN:102,(anonymous_11)
FN:118,(anonymous_12)
FN:119,(anonymous_13)
FN:120,(anonymous_14)
FN:121,(anonymous_15)
FN:122,(anonymous_16)
FN:123,(anonymous_17)
FN:124,(anonymous_18)
FN:143,(anonymous_19)
FN:152,(anonymous_20)
FN:170,(anonymous_21)
FN:188,(anonymous_22)
FN:206,(anonymous_23)
FN:224,(anonymous_24)
FN:234,(anonymous_25)
FN:242,(anonymous_26)
FNF:27
FNH:3
FNDA:0,(anonymous_0)
FNDA:0,(anonymous_1)
FNDA:0,(anonymous_2)
FNDA:0,(anonymous_3)
FNDA:1,(anonymous_4)
FNDA:0,(anonymous_5)
FNDA:0,(anonymous_6)
FNDA:0,(anonymous_7)
FNDA:0,(anonymous_8)
FNDA:0,(anonymous_9)
FNDA:0,(anonymous_10)
FNDA:0,(anonymous_11)
FNDA:1,(anonymous_12)
FNDA:0,(anonymous_13)
FNDA:0,(anonymous_14)
FNDA:0,(anonymous_15)
FNDA:0,(anonymous_16)
FNDA:0,(anonymous_17)
FNDA:0,(anonymous_18)
FNDA:0,(anonymous_19)
FNDA:2,(anonymous_20)
FNDA:0,(anonymous_21)
FNDA:0,(anonymous_22)
FNDA:0,(anonymous_23)
FNDA:0,(anonymous_24)
FNDA:0,(anonymous_25)
FNDA:0,(anonymous_26)
DA:6,4
DA:7,0
DA:37,4
DA:38,0
DA:39,0
DA:42,0
DA:58,4
DA:59,0
DA:60,0
DA:70,0
DA:74,0
DA:84,0
DA:92,4
DA:93,1
DA:94,1
DA:95,0
DA:96,0
DA:97,0
DA:98,0
DA:99,0
DA:100,0
DA:101,0
DA:102,0
DA:104,0
DA:105,0
DA:106,0
DA:107,0
DA:117,1
DA:118,1
DA:119,0
DA:120,0
DA:121,0
DA:122,0
DA:123,0
DA:124,0
DA:127,1
DA:128,1
DA:129,0
DA:132,1
DA:134,1
DA:143,4
DA:144,0
DA:152,4
DA:153,2
DA:162,2
DA:170,4
DA:171,0
DA:180,0
DA:188,4
DA:189,0
DA:198,0
DA:206,4
DA:207,0
DA:216,0
DA:224,4
DA:225,0
DA:234,4
DA:235,0
DA:237,0
DA:238,0
DA:241,0
DA:242,0
DA:243,0
DA:246,0
LF:64
LH:21
BRDA:6,0,0,0
BRDA:38,1,0,0
BRDA:38,1,1,0
BRDA:38,2,0,0
BRDA:38,2,1,0
BRDA:45,3,0,0
BRDA:45,3,1,0
BRDA:58,4,0,0
BRDA:59,5,0,0
BRDA:59,5,1,0
BRDA:70,6,0,0
BRDA:70,6,1,0
BRDA:84,7,0,0
BRDA:84,7,1,0
BRDA:92,8,0,0
BRDA:94,9,0,0
BRDA:94,9,1,1
BRDA:104,10,0,0
BRDA:104,10,1,0
BRDA:106,11,0,0
BRDA:106,11,1,0
BRDA:106,11,2,0
BRDA:110,12,0,0
BRDA:110,12,1,0
BRDA:111,13,0,0
BRDA:111,13,1,0
BRDA:127,14,0,1
BRDA:127,14,1,0
BRDA:129,15,0,0
BRDA:129,15,1,0
BRDA:162,16,0,2
BRDA:162,16,1,0
BRDA:180,17,0,0
BRDA:180,17,1,0
BRDA:198,18,0,0
BRDA:198,18,1,0
BRDA:216,19,0,0
BRDA:216,19,1,0
BRDA:234,20,0,0
BRDA:237,21,0,0
BRDA:237,21,1,0
BRDA:237,22,0,0
BRDA:237,22,1,0
BRDA:243,23,0,0
BRDA:243,23,1,0
BRDA:249,24,0,0
BRDA:249,24,1,0
BRF:47
BRH:3
end_of_record
TN:
SF:src\utils\vocabulary\vocabularyStats.js
FN:3,(anonymous_0)
FN:5,(anonymous_1)
FN:9,(anonymous_2)
FN:11,(anonymous_3)
FN:15,(anonymous_4)
FN:24,(anonymous_5)
FN:25,(anonymous_6)
FNF:7
FNH:7
FNDA:24,(anonymous_0)
FNDA:22,(anonymous_1)
FNDA:24,(anonymous_2)
FNDA:4,(anonymous_3)
FNDA:12,(anonymous_4)
FNDA:12,(anonymous_5)
FNDA:11,(anonymous_6)
DA:3,4
DA:4,24
DA:5,22
DA:9,4
DA:10,24
DA:11,4
DA:15,4
DA:16,12
DA:17,12
DA:18,12
DA:24,4
DA:25,12
DA:26,11
DA:27,11
DA:28,11
DA:32,11
LF:16
LH:16
BRDA:3,0,0,0
BRDA:5,1,0,22
BRDA:5,1,1,0
BRDA:9,2,0,0
BRDA:11,3,0,4
BRDA:11,3,1,4
BRDA:15,4,0,0
BRDA:15,5,0,0
BRDA:18,6,0,11
BRDA:18,6,1,1
BRDA:24,7,0,0
BRDA:24,8,0,0
BRDA:26,9,0,11
BRDA:26,9,1,0
BRDA:27,10,0,11
BRDA:27,10,1,11
BRDA:28,11,0,11
BRDA:28,11,1,0
BRDA:33,12,0,11
BRDA:33,12,1,0
BRF:20
BRH:10
end_of_record
