TN:
SF:src\components\exercise-common\CategorySelector\index.js
FN:17,(anonymous_0)
FN:34,(anonymous_1)
FN:39,(anonymous_2)
FN:56,(anonymous_3)
FN:67,(anonymous_4)
FN:79,(anonymous_5)
FN:101,(anonymous_6)
FN:110,(anonymous_7)
FN:118,(anonymous_8)
FN:130,(anonymous_9)
FN:137,(anonymous_10)
FN:170,(anonymous_11)
FN:182,(anonymous_12)
FN:183,(anonymous_13)
FN:184,(anonymous_14)
FN:269,areEqual
FN:285,(anonymous_16)
FNF:17
FNH:9
FNDA:16,(anonymous_0)
FNDA:8,(anonymous_1)
FNDA:24,(anonymous_2)
FNDA:0,(anonymous_3)
FNDA:0,(anonymous_4)
FNDA:0,(anonymous_5)
FNDA:0,(anonymous_6)
FNDA:8,(anonymous_7)
FNDA:8,(anonymous_8)
FNDA:2,(anonymous_9)
FNDA:46,(anonymous_10)
FNDA:0,(anonymous_11)
FNDA:2,(anonymous_12)
FNDA:0,(anonymous_13)
FNDA:0,(anonymous_14)
FNDA:8,areEqual
FNDA:0,(anonymous_16)
DA:17,1
DA:23,16
DA:24,16
DA:27,16
DA:28,16
DA:29,16
DA:30,16
DA:31,16
DA:34,16
DA:35,8
DA:36,8
DA:37,8
DA:39,8
DA:41,24
DA:44,24
DA:45,24
DA:49,8
DA:50,8
DA:51,8
DA:56,16
DA:57,0
DA:58,0
DA:59,0
DA:67,16
DA:68,0
DA:69,0
DA:70,0
DA:79,16
DA:80,0
DA:82,0
DA:83,0
DA:84,0
DA:85,0
DA:88,0
DA:89,0
DA:94,0
DA:95,0
DA:100,0
DA:101,0
DA:102,0
DA:105,0
DA:110,16
DA:111,8
DA:112,0
DA:113,0
DA:118,16
DA:119,8
DA:120,0
DA:121,0
DA:130,16
DA:131,2
DA:132,1
DA:137,16
DA:138,46
DA:139,46
DA:140,46
DA:143,46
DA:149,46
DA:155,46
DA:161,46
DA:167,46
DA:171,0
DA:182,2
DA:183,0
DA:184,0
DA:236,16
DA:258,1
DA:271,8
DA:276,8
DA:280,0
DA:281,0
DA:285,0
DA:286,0
DA:287,0
LF:74
LH:43
BRDA:18,0,0,0
BRDA:21,1,0,16
BRDA:41,2,0,24
BRDA:41,2,1,24
BRDA:42,3,0,6
BRDA:42,3,1,18
BRDA:44,4,0,24
BRDA:44,4,1,24
BRDA:45,5,0,24
BRDA:45,5,1,24
BRDA:58,6,0,0
BRDA:58,6,1,0
BRDA:69,7,0,0
BRDA:69,7,1,0
BRDA:80,8,0,0
BRDA:80,8,1,0
BRDA:88,9,0,0
BRDA:88,9,1,0
BRDA:94,10,0,0
BRDA:94,10,1,0
BRDA:100,11,0,0
BRDA:100,11,1,0
BRDA:111,12,0,0
BRDA:111,12,1,8
BRDA:119,13,0,0
BRDA:119,13,1,8
BRDA:119,14,0,8
BRDA:119,14,1,8
BRDA:119,14,2,6
BRDA:131,15,0,1
BRDA:131,15,1,1
BRDA:131,16,0,2
BRDA:131,16,1,1
BRDA:143,17,0,46
BRDA:143,17,1,26
BRDA:149,18,0,46
BRDA:149,18,1,26
BRDA:155,19,0,46
BRDA:155,19,1,26
BRDA:161,20,0,46
BRDA:161,20,1,26
BRDA:190,21,0,14
BRDA:190,21,1,32
BRDA:271,22,0,8
BRDA:271,22,1,0
BRDA:272,23,0,8
BRDA:272,23,1,4
BRDA:272,23,2,4
BRDA:280,24,0,0
BRDA:280,24,1,0
BRDA:287,25,0,0
BRDA:287,25,1,0
BRDA:287,25,2,0
BRF:53
BRH:32
end_of_record
TN:
SF:src\components\exercise-common\CategorySelector\style.js
FN:12,(anonymous_0)
FNF:1
FNH:1
FNDA:16,(anonymous_0)
DA:12,1
DA:13,16
LF:2
LH:2
BRDA:12,0,0,0
BRF:1
BRH:0
end_of_record
